MPASM  5.44             LCD-U-C-D-DECODER.ASM   2-22-2014  11:55:25         PAGE  1


LOC  OBJECT CODE     LINE SOURCE TEXT
  VALUE

                      00001 ; * * * * * * * * * * * * * * * * * * * * * * * * * * * * * * * * * * * * * *
                      00002 ; *                                                                         *
                      00003 ; *                               EXEMPLO 0                                 *
                      00004 ; *                           ENGENHARIA MAUÁ                                   *
                      00005 ; *                                       4ºANO ELETRÔNICA                                              
                            *
                      00006 ; *                                                                         *
                      00007 ; * * * * * * * * * * * * * * * * * * * * * * * * * * * * * * * * * * * * * *
                      00008 ; *     DATA : 16/01/2014                                                   *
                      00009 ; *     VERSÃO : 0.52                                                       *
                      00010 ; * * * * * * * * * * * * * * * * * * * * * * * * * * * * * * * * * * * * * *
                      00011 
                      00012 ; * * * * * * * * * * * * * * * * * * * * * * * * * * * * * * * * * * * * * *
                      00013 ; *                             DESCRIÇÃO GERAL                             *
                      00014 ; * * * * * * * * * * * * * * * * * * * * * * * * * * * * * * * * * * * * * *
                      00015 ;
                      00016 ;  LE A TEMPERATURA E A TENSÃO DO POTENCIOMETRO E EXIBE NO LCD
                      00017 ;  
                      00018 ;
                      00019 ;* * * * * * * * * * * * * * * * * * * * * * * * * * * * * * * * * *
                      00020 ;*                     ARQUIVOS DE DEFINIÇÕES                      *
                      00021 ;* * * * * * * * * * * * * * * * * * * * * * * * * * * * * * * * * *
                      00022 #INCLUDE <P16F877A.INC> ; MICROCONTROLADOR UTILIZADO
                      00001         LIST
                      00002 
                      00003 ;==========================================================================
                      00004 ;  MPASM PIC16F877A processor include
                      00005 ; 
                      00006 ;  (c) Copyright 1999-2012 Microchip Technology, All rights reserved
                      00007 ;==========================================================================
                      00008 
                      00566         LIST
                      00023 
2007   3F7A           00024         __CONFIG _BOREN_ON & _CP_OFF & _PWRTE_OFF & _WDT_OFF & _LVP_OFF & _HS_OSC
                      00025         
                      00026 #DEFINE BANK0 BCF STATUS,RP0 ; SETA BANK 0 DE MEMORIA
                      00027 #DEFINE BANK1 BSF STATUS,RP0 ; SETA BANK 1 DE MEMORIA
                      00028  
                      00029   CBLOCK 0X20
  00000020            00030   W_TEMP
  00000021            00031   STATUS_TEMP
  00000022            00032   TEMPO1 ;DELAY
  00000023            00033   TEMPO2 ;DELAY
  00000024            00034   REG
  00000025            00035   PWMH
  00000026            00036   PWML
  00000027            00037   VAR1
  00000028            00038   VAR2
  00000029            00039   TEMPO0
  0000002A            00040   TEMPO3
  0000002B            00041   TEMPO4
  0000002C            00042   TEMPO5
  0000002D            00043   UNIDADE
MPASM  5.44             LCD-U-C-D-DECODER.ASM   2-22-2014  11:55:25         PAGE  2


LOC  OBJECT CODE     LINE SOURCE TEXT
  VALUE

  0000002E            00044   DEZENA
  0000002F            00045   CENTENA
  00000030            00046   RECEBEVOLT
  00000031            00047   ADH ; AUXILIAR AD ALTO AN0
  00000032            00048   ADL ; AUXILIAR AD BAIXO AN0
  00000033            00049   AD8BITS ; RECEBE BIT A BIT OS 8 BITS DO AD
                      00050 
                      00051  ENDC
                      00052  
Warning[205]: Found directive in column 1. (ORG)
0000                  00053 ORG     0X00 ;ENDEREÇO INICIAL DE PROCESSAMENTO
Warning[203]: Found opcode in column 1. (GOTO)
0000   2801           00054 GOTO CONFIGURA
                      00055  
                      00056 ;;;;;;;;;;;;;;;;;;;;;;;;;;;;;;;;;;;;;;;;;;;;;;;;;;;
                      00057 ;
                      00058 ; CONFIGURAÇÃO DOS PORTS DO MICROCONTROLADOR
                      00059 ;
                      00060 ;;;;;;;;;;;;;;;;;;;;;;;;;;;;;;;;;;;;;;;;;;;;;;;;;;;
0001                  00061 CONFIGURA
Warning[203]: Found opcode in column 1. (CLRF)
0001   0185           00062 CLRF  PORTA
Warning[203]: Found opcode in column 1. (CLRF)
0002   0186           00063 CLRF  PORTB
Warning[203]: Found opcode in column 1. (CLRF)
0003   0187           00064 CLRF  PORTC       ; GARANTE TODAS AS SAIDAS EM ZERO
Warning[203]: Found opcode in column 1. (CLRF)
0004   0188           00065 CLRF  PORTD
Warning[203]: Found opcode in column 1. (CLRF)
0005   0189           00066 CLRF  PORTE
                      00067  
Warning[203]: Found opcode in column 1. (BSF)
0006   1683           00068 BANK1       ; ALTERA PARA BANCO 1
Warning[203]: Found opcode in column 1. (MOVLW)
0007   30DF           00069 MOVLW B'11011111'    ; CONFIGURA I/O DO PORTA
Warning[203]: Found opcode in column 1. (MOVWF)
Message[302]: Register in operand not in bank 0.  Ensure that bank bits are correct.
0008   0085           00070 MOVWF TRISA 
Warning[203]: Found opcode in column 1. (MOVLW)
0009   300F           00071 MOVLW B'00001111'    ; CONFIGURA I/O DO PORTB
Warning[203]: Found opcode in column 1. (MOVWF)
Message[302]: Register in operand not in bank 0.  Ensure that bank bits are correct.
000A   0086           00072 MOVWF TRISB 
Warning[203]: Found opcode in column 1. (MOVLW)
000B   30F9           00073 MOVLW B'11111001'    ; CONFIGURA I/O DO PORTC
Warning[203]: Found opcode in column 1. (MOVWF)
Message[302]: Register in operand not in bank 0.  Ensure that bank bits are correct.
000C   0087           00074 MOVWF TRISC 
Warning[203]: Found opcode in column 1. (MOVLW)
000D   3000           00075 MOVLW B'00000000'    ; CONFIGURA I/O DO PORTD
Warning[203]: Found opcode in column 1. (MOVWF)
Message[302]: Register in operand not in bank 0.  Ensure that bank bits are correct.
000E   0088           00076 MOVWF TRISD 
MPASM  5.44             LCD-U-C-D-DECODER.ASM   2-22-2014  11:55:25         PAGE  3


LOC  OBJECT CODE     LINE SOURCE TEXT
  VALUE

Warning[203]: Found opcode in column 1. (MOVLW)
000F   3000           00077 MOVLW B'00000000'    ; CONFIGURA I/O DO PORTE
Warning[203]: Found opcode in column 1. (MOVWF)
Message[302]: Register in operand not in bank 0.  Ensure that bank bits are correct.
0010   0089           00078 MOVWF TRISE 
Warning[203]: Found opcode in column 1. (MOVLW)
0011   3087           00079 MOVLW  B'10000111'    ; CONFIGURA OPTION REG
Warning[203]: Found opcode in column 1. (MOVWF)
Message[302]: Register in operand not in bank 0.  Ensure that bank bits are correct.
0012   0081           00080 MOVWF  OPTION_REG
Warning[203]: Found opcode in column 1. (MOVLW)
0013   3000           00081 MOVLW  B'00000000'    ; CONFIGURA INTCON
Warning[203]: Found opcode in column 1. (MOVWF)
0014   008B           00082 MOVWF  INTCON
Warning[203]: Found opcode in column 1. (MOVLW)
0015   3007           00083 MOVLW  B'00000111'    ; CONFIGURA CMCON
Warning[203]: Found opcode in column 1. (MOVWF)
Message[302]: Register in operand not in bank 0.  Ensure that bank bits are correct.
0016   009C           00084 MOVWF  CMCON
Warning[203]: Found opcode in column 1. (BCF)
0017   1283           00085 BANK0 
                      00086 ;INICIALIZAÇÃO DO PWM
Warning[203]: Found opcode in column 1. (MOVLW)
0018   300F           00087 MOVLW B'00001111'
Warning[203]: Found opcode in column 1. (MOVWF)
0019   0097           00088 MOVWF  CCP1CON   ; HABILITA PWM1
Warning[203]: Found opcode in column 1. (MOVWF)
001A   009D           00089 MOVWF   CCP2CON    ; HOBILITA PWM2
Warning[203]: Found opcode in column 1. (CLRF)
001B   0195           00090 CLRF  CCPR1L    ; ZERA O PWM1 0%
Warning[203]: Found opcode in column 1. (CLRF)
001C   019B           00091 CLRF  CCPR2L    ; ZERA O PWM2 0%
Warning[203]: Found opcode in column 1. (BSF)
001D   1683           00092 BANK1      ; BANCO1
Warning[203]: Found opcode in column 1. (MOVLW)
001E   30FF           00093 MOVLW   0XFF
Warning[203]: Found opcode in column 1. (MOVWF)
Message[302]: Register in operand not in bank 0.  Ensure that bank bits are correct.
001F   0092           00094 MOVWF   PR2      ; RESOLUÇÃO DE 10 BITS
Warning[203]: Found opcode in column 1. (BCF)
0020   1283           00095 BANK0     ; BANCO0
Warning[203]: Found opcode in column 1. (BSF)
0021   1512           00096 BSF  T2CON,TMR2ON  ; TIMER2 LIGADO
                      00097 
                      00098 ;CONFIGURAÇÃO CONVERSOR AD
Warning[203]: Found opcode in column 1. (MOVLW)
0022   3041           00099 MOVLW B'01000001'  ; CANAL 0 
Warning[203]: Found opcode in column 1. (MOVWF)
0023   009F           00100 MOVWF ADCON0   ; AD LIGADO
Warning[203]: Found opcode in column 1. (BSF)
0024   1683           00101 BANK1
Warning[203]: Found opcode in column 1. (MOVWF)
Message[302]: Register in operand not in bank 0.  Ensure that bank bits are correct.
MPASM  5.44             LCD-U-C-D-DECODER.ASM   2-22-2014  11:55:25         PAGE  4


LOC  OBJECT CODE     LINE SOURCE TEXT
  VALUE

0025   00C0           00102 MOVWF B'11000000'  ; 
Warning[203]: Found opcode in column 1. (MOVLW)
0026   309F           00103 MOVLW ADCON1
Warning[203]: Found opcode in column 1. (BCF)
0027   1283           00104 BANK0
Warning[203]: Found opcode in column 1. (GOTO)
0028   290A           00105 GOTO  MAIN
                      00106  
                      00107  
                      00108 ;;;;;;;;;;;;;;;;;;;;;;;;;;;;;;;;;;;;;;;;;;;;;;
                      00109 ;;                                                                                      ;;
                      00110 ;;                              SUB-ROTINAS                                     ;;
                      00111 ;;                                                                                      ;;
                      00112 ;;;;;;;;;;;;;;;;;;;;;;;;;;;;;;;;;;;;;;;;;;;;;;
                      00113 
                      00114 ;-----DELAY USADO PARA O LCD----
                      00115 ;---DELAY DE _1_ms PARA 4MHz
0029                  00116 ATRASO_1ms
0029   3004           00117                 MOVLW   .4                      ;1
002A   00A2           00118                 MOVWF   TEMPO1          ;1
Warning[207]: Found label after column 1. (TEMPO_1)
002B                  00119         TEMPO_1
002B   30FF           00120                 MOVLW   .255            ;1
002C   00A3           00121                 MOVWF   TEMPO2          ;1
Warning[207]: Found label after column 1. (TEMPO_2)
002D                  00122         TEMPO_2
002D   03A3           00123                 DECF    TEMPO2,F        ; 255
002E   1D03           00124                 BTFSS   STATUS,Z        ; 254 + 2
002F   282D           00125                 GOTO    TEMPO_2         ; 508
0030   03A2           00126                 DECF    TEMPO1,F        ;1
0031   1D03           00127                 BTFSS   STATUS,Z        ;1      
0032   282B           00128                 GOTO    TEMPO_1         ;2
Warning[203]: Found opcode in column 1. (RETURN)
0033   0008           00129 RETURN
                      00130  
                      00131 ;------DELAY DE _1s  PARA 4MHz
0034                  00132 ATRASO_1S
0034   3004           00133                 MOVLW   .4                      ;1 SEGUNDO
0035   00AA           00134                 MOVWF   TEMPO3          ;1
Warning[207]: Found label after column 1. (TEMPO_3)
0036                  00135         TEMPO_3
0036   30F5           00136                 MOVLW   .245            ;1
0037   00AB           00137                 MOVWF   TEMPO4          ;1
Warning[207]: Found label after column 1. (TEMPO_4)
0038                  00138         TEMPO_4
0038   30FE           00139                 MOVLW   .254            ;1
0039   00AC           00140                 MOVWF   TEMPO5          ;1
Warning[207]: Found label after column 1. (TEMPO_5)
003A                  00141         TEMPO_5
003A   03AC           00142                 DECF    TEMPO5,F        ; 255
003B   1D03           00143                 BTFSS   STATUS,Z        ; 254 + 2
003C   283A           00144                 GOTO    TEMPO_5         ; 508
003D   03AB           00145                 DECF    TEMPO4,F        ;1
MPASM  5.44             LCD-U-C-D-DECODER.ASM   2-22-2014  11:55:25         PAGE  5


LOC  OBJECT CODE     LINE SOURCE TEXT
  VALUE

003E   1D03           00146                 BTFSS   STATUS,Z        ;1      
003F   2838           00147                 GOTO    TEMPO_4 
0040   03AA           00148                 DECF    TEMPO3,F
0041   1D03           00149                 BTFSS   STATUS,Z
0042   2836           00150                 GOTO    TEMPO_3
Warning[203]: Found opcode in column 1. (RETURN)
0043   0008           00151 RETURN
                      00152 
                      00153  
                      00154 ;;;;;;;;;;;;;;;;;;;;;;;;;;;;;;;;;;;;;;;;;;;;;;
                      00155 ;;                                                                                      ;;
                      00156 ;;              SUB-ROTINAS PARA O LCD                          ;;
                      00157 ;;                                                                                      ;;
                      00158 ;;;;;;;;;;;;;;;;;;;;;;;;;;;;;;;;;;;;;;;;;;;;;;
                      00159 
                      00160 ;----ENVIA COMANDO LCD----
0044                  00161 ESCREVE_COMANDO                 ;ENVIA COMANDO AO LCD
0044   1009           00162         BCF             PORTE,0                 ;SINAL DE COMANDO
0045   0000           00163         NOP
0046   0088           00164         MOVWF   PORTD                   ;INFORMAÇÃO NA PORTA D
0047   0000           00165         NOP
0048   0000           00166         NOP
0049   1489           00167         BSF     PORTE,1                 ;PULSO DE ENABLE
004A   0000           00168         NOP
004B   0000           00169         NOP
004C   1089           00170         BCF             PORTE,1
004D   2029           00171         CALL    ATRASO_1ms      ;ATRASO DE 1mS
Warning[203]: Found opcode in column 1. (RETURN)
004E   0008           00172 RETURN
                      00173 
                      00174 ;----EXIBE NO LCD------
004F                  00175 ESCREVE_DADO                    ;ESCREVE CARACTERES NO LCD
004F   1409           00176         BSF             PORTE,0
0050   0000           00177         NOP
0051   0088           00178         MOVWF   PORTD                   ;INFORMAÇÃO NA PORTA D
0052   0000           00179         NOP
0053   0000           00180         NOP
0054   1489           00181         BSF     PORTE,1                 ;PULSO DE ENABLE
0055   0000           00182         NOP
0056   0000           00183         NOP
0057   1089           00184         BCF     PORTE,1
0058   2029           00185         CALL    ATRASO_1ms      ;ATRASO 1ms
Warning[203]: Found opcode in column 1. (RETURN)
0059   0008           00186 RETURN
                      00187 
                      00188 
                      00189 ;-------INICIALIZAÇÃO DO LCD----
005A                  00190 INICIA_LCD                              ;LCD START
005A   3038           00191         MOVLW   0X38
005B   2044           00192         CALL    ESCREVE_COMANDO
005C   2034           00193         CALL    ATRASO_1S
005D   3038           00194         MOVLW   0X38
005E   2044           00195         CALL    ESCREVE_COMANDO
MPASM  5.44             LCD-U-C-D-DECODER.ASM   2-22-2014  11:55:25         PAGE  6


LOC  OBJECT CODE     LINE SOURCE TEXT
  VALUE

005F   300C           00196         MOVLW   0X0C
0060   2044           00197         CALL    ESCREVE_COMANDO
0061   3006           00198         MOVLW   0X06
0062   2044           00199         CALL    ESCREVE_COMANDO
0063   3001           00200         MOVLW   0X01
0064   2044           00201         CALL    ESCREVE_COMANDO
0065   2034           00202         CALL    ATRASO_1S
Warning[203]: Found opcode in column 1. (RETURN)
0066   0008           00203 RETURN
                      00204 
                      00205 
                      00206 ;-----AMOSTRA CANAL0----------
0067                  00207 CANAL0                                                  ;SELECIONA CANAL 0 (PREPARA O CANAL 0 PARA COLET
                            AR UMA AMOSTRA)
0067   3041           00208         MOVLW           B'01000001'     ; 
0068   009F           00209         MOVWF           ADCON0                  ; CANAL 0 SELECIONADO, AD LIGADO
0069   1683           00210         BANK1                                           ; BANCO1
Message[302]: Register in operand not in bank 0.  Ensure that bank bits are correct.
006A   0080           00211         MOVWF           B'10000000'     ; JUSTIFICADO A DIREITA, TUDO ANALOGICO
006B   309F           00212         MOVLW           ADCON1
006C   1283           00213         BANK0                                           ; BANCO0
006D   2029           00214         CALL            ATRASO_1ms
Warning[203]: Found opcode in column 1. (RETURN)
006E   0008           00215 RETURN
                      00216 ;-------AMOSTRA DO CANAL 1
006F                  00217 CANAL1
006F   3049           00218         MOVLW           B'01001001'     ; SELECIONA CANAL 1 (PREPARA O CANAL 2 PARA COLETAR UMA AMOSTRA)
0070   009F           00219         MOVWF           ADCON0                  ; CANAL 1 SELECIONADO, AD LIGADO
0071   1683           00220         BANK1
Message[302]: Register in operand not in bank 0.  Ensure that bank bits are correct.
0072   0080           00221         MOVWF           B'10000000'     ; JUSTIFICADO A DIREITA, TUDO ANALOGICO
0073   309F           00222         MOVLW           ADCON1
0074   1283           00223         BANK0
0075   2029           00224         CALL            ATRASO_1ms
Warning[203]: Found opcode in column 1. (RETURN)
0076   0008           00225 RETURN
                      00226 ;------COLETA AMOSTRA DO AD---
0077                  00227 COLETAAD
0077   151F           00228         BSF             ADCON0,GO               ; COMEÇA A CONVERSÃO AD
0078   191F           00229         BTFSC           ADCON0,GO               ; TESTA FINAL DE CONVERSÃO      
0079   2878           00230         GOTO            $-1                             ; LOOP ATE TERMINAR DE CONVERTER
007A   081E           00231         MOVF            ADRESH,W                
007B   00B1           00232         MOVWF           ADH                             ; CARREGA O RESULTADO ALTO DA CONVERSÃO NO ADH A
                            UXILIAR
007C   1683           00233         BANK1                                           ; BANCO1        
Message[302]: Register in operand not in bank 0.  Ensure that bank bits are correct.
007D   081E           00234         MOVF            ADRESL,W                ; 
007E   1283           00235         BANK0                                           ; BANCO0
007F   00B2           00236         MOVWF           ADL                             ; CARREGA O RESULTADO BAIXO DA CONVERSÃO NO ADL 
                            AUXILIAR
Warning[203]: Found opcode in column 1. (RETURN)
0080   0008           00237 RETURN
                      00238  
MPASM  5.44             LCD-U-C-D-DECODER.ASM   2-22-2014  11:55:25         PAGE  7


LOC  OBJECT CODE     LINE SOURCE TEXT
  VALUE

                      00239 ;--------CONVERTE PARA BINARIO O VALOR DO AD E EXIBE NO LCD OS 10BITS
0081                  00240 EXIBEBINARIO
0081   18B1           00241         BTFSC           ADH,1
0082   3031           00242         MOVLW           '1'
0083   1CB1           00243         BTFSS           ADH,1
0084   3030           00244         MOVLW           '0'
0085   204F           00245         CALL            ESCREVE_DADO
0086   1831           00246         BTFSC           ADH,0
0087   3031           00247         MOVLW           '1'
0088   1C31           00248         BTFSS           ADH,0
0089   3030           00249         MOVLW           '0'
008A   204F           00250         CALL            ESCREVE_DADO
008B   1BB2           00251         BTFSC           ADL,7
008C   3031           00252         MOVLW           '1'
008D   1FB2           00253         BTFSS           ADL,7
008E   3030           00254         MOVLW           '0'
008F   204F           00255         CALL            ESCREVE_DADO
0090   1B32           00256         BTFSC           ADL,6
0091   3031           00257         MOVLW           '1'
0092   1F32           00258         BTFSS           ADL,6
0093   3030           00259         MOVLW           '0'
0094   204F           00260         CALL            ESCREVE_DADO
0095   1AB2           00261         BTFSC           ADL,5
0096   3031           00262         MOVLW           '1'
0097   1EB2           00263         BTFSS           ADL,5
0098   3030           00264         MOVLW           '0'
0099   204F           00265         CALL            ESCREVE_DADO
009A   1A32           00266         BTFSC           ADL,4
009B   3031           00267         MOVLW           '1'
009C   1E32           00268         BTFSS           ADL,4
009D   3030           00269         MOVLW           '0'
009E   204F           00270         CALL            ESCREVE_DADO
009F   19B2           00271         BTFSC           ADL,3
00A0   3031           00272         MOVLW           '1'
00A1   1DB2           00273         BTFSS           ADL,3
00A2   3030           00274         MOVLW           '0'
00A3   204F           00275         CALL            ESCREVE_DADO
00A4   1932           00276         BTFSC           ADL,2
00A5   3031           00277         MOVLW           '1'
00A6   1D32           00278         BTFSS           ADL,2
00A7   3030           00279         MOVLW           '0'
00A8   204F           00280         CALL            ESCREVE_DADO
00A9   18B2           00281         BTFSC           ADL,1
00AA   3031           00282         MOVLW           '1'
00AB   1CB2           00283         BTFSS           ADL,1
00AC   3030           00284         MOVLW           '0'
00AD   204F           00285         CALL            ESCREVE_DADO
00AE   1832           00286         BTFSC           ADL,0
00AF   3031           00287         MOVLW           '1'
00B0   1C32           00288         BTFSS           ADL,0
00B1   3030           00289         MOVLW           '0'
00B2   204F           00290         CALL            ESCREVE_DADO
Warning[203]: Found opcode in column 1. (RETURN)
MPASM  5.44             LCD-U-C-D-DECODER.ASM   2-22-2014  11:55:25         PAGE  8


LOC  OBJECT CODE     LINE SOURCE TEXT
  VALUE

00B3   0008           00291 RETURN
                      00292 
                      00293 ;-----------------CONVERTE O AD10 BITS E SALVA NO AD8BITS PARA UMA RESOLUÇÃO 256 (0,02V) SÓ OS MAIS SIGN
                            IFICATIVOS
00B4                  00294 CONVERTE_AD
Warning[203]: Found opcode in column 1. (BTFSC)
00B4   18B1           00295 BTFSC ADH,1
Warning[203]: Found opcode in column 1. (BSF)
00B5   17B3           00296 BSF AD8BITS,7
Warning[203]: Found opcode in column 1. (BTFSS)
00B6   1CB1           00297 BTFSS ADH,1
Warning[203]: Found opcode in column 1. (BCF)
00B7   13B3           00298 BCF AD8BITS,7
Warning[203]: Found opcode in column 1. (BTFSC)
00B8   1831           00299 BTFSC ADH,0
Warning[203]: Found opcode in column 1. (BSF)
00B9   1733           00300 BSF AD8BITS,6
Warning[203]: Found opcode in column 1. (BTFSS)
00BA   1C31           00301 BTFSS ADH,0
Warning[203]: Found opcode in column 1. (BCF)
00BB   1333           00302 BCF AD8BITS,6
Warning[203]: Found opcode in column 1. (BTFSC)
00BC   1BB2           00303 BTFSC ADL,7
Warning[203]: Found opcode in column 1. (BSF)
00BD   16B3           00304 BSF AD8BITS,5
Warning[203]: Found opcode in column 1. (BTFSS)
00BE   1FB2           00305 BTFSS ADL,7
Warning[203]: Found opcode in column 1. (BCF)
00BF   12B3           00306 BCF AD8BITS,5
Warning[203]: Found opcode in column 1. (BTFSC)
00C0   1B32           00307 BTFSC ADL,6
Warning[203]: Found opcode in column 1. (BSF)
00C1   1633           00308 BSF AD8BITS,4
Warning[203]: Found opcode in column 1. (BTFSS)
00C2   1F32           00309 BTFSS ADL,6
Warning[203]: Found opcode in column 1. (BCF)
00C3   1233           00310 BCF AD8BITS,4
Warning[203]: Found opcode in column 1. (BTFSC)
00C4   1AB2           00311 BTFSC ADL,5
Warning[203]: Found opcode in column 1. (BSF)
00C5   15B3           00312 BSF AD8BITS,3
Warning[203]: Found opcode in column 1. (BTFSS)
00C6   1EB2           00313 BTFSS ADL,5
Warning[203]: Found opcode in column 1. (BCF)
00C7   11B3           00314 BCF AD8BITS,3
Warning[203]: Found opcode in column 1. (BTFSC)
00C8   1A32           00315 BTFSC ADL,4
Warning[203]: Found opcode in column 1. (BSF)
00C9   1533           00316 BSF AD8BITS,2
Warning[203]: Found opcode in column 1. (BTFSS)
00CA   1E32           00317 BTFSS ADL,4
Warning[203]: Found opcode in column 1. (BCF)
00CB   1133           00318 BCF AD8BITS,2
MPASM  5.44             LCD-U-C-D-DECODER.ASM   2-22-2014  11:55:25         PAGE  9


LOC  OBJECT CODE     LINE SOURCE TEXT
  VALUE

Warning[203]: Found opcode in column 1. (BTFSC)
00CC   19B2           00319 BTFSC ADL,3
Warning[203]: Found opcode in column 1. (BSF)
00CD   14B3           00320 BSF AD8BITS,1
Warning[203]: Found opcode in column 1. (BTFSS)
00CE   1DB2           00321 BTFSS ADL,3
Warning[203]: Found opcode in column 1. (BCF)
00CF   10B3           00322 BCF AD8BITS,1
Warning[203]: Found opcode in column 1. (BTFSC)
00D0   1932           00323 BTFSC ADL,2
Warning[203]: Found opcode in column 1. (BSF)
00D1   1433           00324 BSF AD8BITS,0
Warning[203]: Found opcode in column 1. (BTFSS)
00D2   1D32           00325 BTFSS ADL,2
Warning[203]: Found opcode in column 1. (BCF)
00D3   1033           00326 BCF AD8BITS,0
Warning[203]: Found opcode in column 1. (RETURN)
00D4   0008           00327 RETURN
                      00328  
                      00329 ;---------DECODIFICADOR LCD----
00D5                  00330 DECODIFICADOR
00D5   0782           00331  ADDWF PCL,F ;PC<--PC+W
Warning[203]: Found opcode in column 1. (RETLW)
00D6   3430           00332 RETLW '0'  ;CODIGO ASCII
Warning[203]: Found opcode in column 1. (RETLW)
00D7   3431           00333 RETLW '1'
Warning[203]: Found opcode in column 1. (RETLW)
00D8   3432           00334 RETLW '2'
Warning[203]: Found opcode in column 1. (RETLW)
00D9   3433           00335 RETLW '3'
Warning[203]: Found opcode in column 1. (RETLW)
00DA   3434           00336 RETLW '4'
Warning[203]: Found opcode in column 1. (RETLW)
00DB   3435           00337 RETLW '5'
Warning[203]: Found opcode in column 1. (RETLW)
00DC   3436           00338 RETLW '6'
Warning[203]: Found opcode in column 1. (RETLW)
00DD   3437           00339 RETLW '7'
Warning[203]: Found opcode in column 1. (RETLW)
00DE   3438           00340 RETLW '8'
Warning[203]: Found opcode in column 1. (RETLW)
00DF   3439           00341 RETLW '9'
                      00342 ;----------EXIBEVOLT-----------
00E0                  00343 EXIBEVOLT
Warning[203]: Found opcode in column 1. (MOVLW)
00E0   3000           00344 MOVLW .0
Warning[203]: Found opcode in column 1. (MOVWF)
00E1   00AD           00345 MOVWF UNIDADE
Warning[203]: Found opcode in column 1. (MOVWF)
00E2   00AE           00346 MOVWF DEZENA
Warning[203]: Found opcode in column 1. (MOVWF)
00E3   00AF           00347 MOVWF CENTENA
Warning[203]: Found opcode in column 1. (CALL)
MPASM  5.44             LCD-U-C-D-DECODER.ASM   2-22-2014  11:55:25         PAGE 10


LOC  OBJECT CODE     LINE SOURCE TEXT
  VALUE

00E4   20B4           00348 CALL CONVERTE_AD
Warning[203]: Found opcode in column 1. (MOVLW)
00E5   3000           00349 MOVLW .0
Warning[203]: Found opcode in column 1. (SUBWF)
00E6   0233           00350 SUBWF AD8BITS,W
Warning[203]: Found opcode in column 1. (BTFSS)
00E7   1D03           00351 BTFSS STATUS,Z
Warning[203]: Found opcode in column 1. (CALL)
00E8   20F5           00352 CALL NAOEZERO ; ---SE FOR DIFERENTE DE ZERO
                      00353 
Warning[203]: Found opcode in column 1. (MOVF)
00E9   082D           00354 MOVF UNIDADE,W
Warning[203]: Found opcode in column 1. (CALL)
00EA   20D5           00355 CALL DECODIFICADOR
Warning[203]: Found opcode in column 1. (CALL)
00EB   204F           00356 CALL ESCREVE_DADO
Warning[203]: Found opcode in column 1. (MOVLW)
00EC   302C           00357 MOVLW ','
Warning[203]: Found opcode in column 1. (CALL)
00ED   204F           00358 CALL ESCREVE_DADO
Warning[203]: Found opcode in column 1. (MOVF)
00EE   082E           00359 MOVF DEZENA,W
Warning[203]: Found opcode in column 1. (CALL)
00EF   20D5           00360 CALL DECODIFICADOR
Warning[203]: Found opcode in column 1. (CALL)
00F0   204F           00361 CALL ESCREVE_DADO
Warning[203]: Found opcode in column 1. (MOVF)
00F1   082F           00362 MOVF CENTENA,W
Warning[203]: Found opcode in column 1. (CALL)
00F2   20D5           00363 CALL DECODIFICADOR
Warning[203]: Found opcode in column 1. (CALL)
00F3   204F           00364 CALL ESCREVE_DADO
Warning[203]: Found opcode in column 1. (RETURN)
00F4   0008           00365 RETURN
                      00366 
00F5                  00367 NAOEZERO;CONTINUAR DAQUI
Warning[203]: Found opcode in column 1. (INCF)
00F5   0AAD           00368 INCF UNIDADE,F
Warning[203]: Found opcode in column 1. (INCF)
00F6   0AAD           00369 INCF UNIDADE,F
Warning[203]: Found opcode in column 1. (MOVLW)
00F7   300A           00370 MOVLW .10
Warning[203]: Found opcode in column 1. (SUBWF)
00F8   022D           00371 SUBWF UNIDADE,W
Warning[203]: Found opcode in column 1. (BTFSS)
00F9   1D03           00372 BTFSS STATUS,Z
Warning[203]: Found opcode in column 1. (GOTO)
00FA   28F5           00373 GOTO NAOEZERO
                      00374         
Warning[203]: Found opcode in column 1. (MOVLW)
00FB   3000           00375 MOVLW  .0
Warning[203]: Found opcode in column 1. (MOVWF)
00FC   00AD           00376 MOVWF UNIDADE
MPASM  5.44             LCD-U-C-D-DECODER.ASM   2-22-2014  11:55:25         PAGE 11


LOC  OBJECT CODE     LINE SOURCE TEXT
  VALUE

Warning[203]: Found opcode in column 1. (INCF)
00FD   0AAE           00377 INCF DEZENA,F
Warning[203]: Found opcode in column 1. (MOVLW)
00FE   300A           00378 MOVLW .10
Warning[203]: Found opcode in column 1. (SUBWF)
00FF   022E           00379 SUBWF DEZENA,W
Warning[203]: Found opcode in column 1. (BTFSS)
0100   1D03           00380 BTFSS STATUS,Z
Warning[203]: Found opcode in column 1. (GOTO)
0101   28F5           00381 GOTO NAOEZERO
                      00382 
Warning[203]: Found opcode in column 1. (MOVLW)
0102   3000           00383 MOVLW  .0
Warning[203]: Found opcode in column 1. (MOVWF)
0103   00AE           00384 MOVWF DEZENA
Warning[203]: Found opcode in column 1. (INCF)
0104   0AAF           00385 INCF CENTENA,F
Warning[203]: Found opcode in column 1. (MOVLW)
0105   3001           00386 MOVLW .1
Warning[203]: Found opcode in column 1. (SUBWF)
0106   022F           00387 SUBWF CENTENA,W
Warning[203]: Found opcode in column 1. (BTFSS)
0107   1D03           00388 BTFSS STATUS,Z
Warning[203]: Found opcode in column 1. (GOTO)
0108   28F5           00389 GOTO NAOEZERO
Warning[203]: Found opcode in column 1. (RETURN)
0109   0008           00390 RETURN
                      00391 
                      00392 
010A                  00393 MAIN
010A   3000           00394  MOVLW 0X00
010B   00A4           00395  MOVWF REG
010C   00A7           00396  MOVWF VAR1
010D   00A8           00397  MOVWF VAR2  
010E   2029           00398  CALL ATRASO_1ms
010F   205A           00399  CALL INICIA_LCD
                      00400 
0110                  00401 VOLTA2
0110   3080           00402  MOVLW 0X80    ;PRIMEIRA LINHA
0111   2044           00403  CALL ESCREVE_COMANDO
0112   3054           00404  MOVLW 'T'
0113   204F           00405  CALL ESCREVE_DADO
0114   3045           00406  MOVLW 'E'
0115   204F           00407  CALL ESCREVE_DADO
0116   304D           00408  MOVLW 'M'
0117   204F           00409  CALL ESCREVE_DADO
0118   3050           00410  MOVLW 'P'
0119   204F           00411  CALL ESCREVE_DADO
011A   303A           00412  MOVLW ':'
011B   204F           00413  CALL ESCREVE_DADO
                      00414 
011C                  00415 MAIN2 
                      00416 ; CALL ATRASO_1ms
MPASM  5.44             LCD-U-C-D-DECODER.ASM   2-22-2014  11:55:25         PAGE 12


LOC  OBJECT CODE     LINE SOURCE TEXT
  VALUE

                      00417  ;CALL CANAL0                   ;ESCOLHE O CANAL
                      00418 ; CALL COLETAAD                 ;LE O CANAL
                      00419 ; CALL CONVERTE_AD              ;
                      00420 ; CALL EXIBEVOLT
                      00421 ; CALL ATRASO_1ms
                      00422 
011C                  00423 LOOP2
Warning[203]: Found opcode in column 1. (BTFSC)
011C   1806           00424 BTFSC PORTB,0  ;O BOTÃO 0 ESTÁ PRESSIONADO?
Warning[203]: Found opcode in column 1. (GOTO)
011D   291F           00425 GOTO BOT2  ;NÃO, ENTÃO TRATA BOTÃO LIBERADO
Warning[203]: Found opcode in column 1. (GOTO)
011E   2929           00426 GOTO INCREMENTA
011F                  00427 BOT2
Warning[203]: Found opcode in column 1. (BTFSC)
011F   1886           00428 BTFSC PORTB,1  ; BOTÃO 1 ESTÁ PRESSIONADO?
0120   2922           00429  GOTO BOT3  ;NÃO, ENTÃO TRATA BOTÃO LIBERADO
Warning[203]: Found opcode in column 1. (GOTO)
0121   2930           00430 GOTO DECREMENTA
0122                  00431 BOT3
Warning[203]: Found opcode in column 1. (BTFSC)
0122   1906           00432 BTFSC PORTB,2  ;O BOTÃO 0 ESTÁ PRESSIONADO?
Warning[203]: Found opcode in column 1. (GOTO)
0123   2925           00433 GOTO BOT4  ;NÃO, ENTÃO TRATA BOTÃO LIBERADO
Warning[203]: Found opcode in column 1. (GOTO)
0124   2937           00434 GOTO INCREMENTA_10
0125                  00435 BOT4
Warning[203]: Found opcode in column 1. (BTFSC)
0125   1986           00436 BTFSC   PORTB,3  ; BOTÃO 1 ESTÁ PRESSIONADO?
Warning[203]: Found opcode in column 1. (GOTO)
0126   291C           00437 GOTO    LOOP2  ;NÃO, ENTÃO TRATA BOTÃO LIBERADO
Warning[203]: Found opcode in column 1. (GOTO)
0127   2965           00438 GOTO    DECREMENTA_10
Warning[203]: Found opcode in column 1. (GOTO)
0128   291C           00439 GOTO    MAIN2
                      00440 
                      00441 ;;;;;;;;;;;;;;;;;;;INCREMENTA----------------------
0129                  00442 INCREMENTA
Warning[203]: Found opcode in column 1. (MOVF)
0129   0815           00443 MOVF    CCPR1L,W
Warning[203]: Found opcode in column 1. (MOVWF)
012A   00A5           00444 MOVWF   PWMH
Warning[203]: Found opcode in column 1. (MOVLW)
012B   3019           00445 MOVLW   .25
Warning[203]: Found opcode in column 1. (ADDWF)
012C   0725           00446 ADDWF   PWMH,W
Warning[203]: Found opcode in column 1. (MOVWF)
012D   0095           00447 MOVWF   CCPR1L 
Warning[203]: Found opcode in column 1. (CALL)
012E   2029           00448 CALL    ATRASO_1ms
Warning[203]: Found opcode in column 1. (GOTO)
012F   291C           00449 GOTO    LOOP2
                      00450  
MPASM  5.44             LCD-U-C-D-DECODER.ASM   2-22-2014  11:55:25         PAGE 13


LOC  OBJECT CODE     LINE SOURCE TEXT
  VALUE

                      00451 ;;;;;;;;;;;;;;;DECREMENTA---------------------------------------
                      00452  
0130                  00453 DECREMENTA
Warning[203]: Found opcode in column 1. (MOVF)
0130   0815           00454 MOVF CCPR1L,W
Warning[203]: Found opcode in column 1. (MOVWF)
0131   00A5           00455 MOVWF PWMH
Warning[203]: Found opcode in column 1. (MOVLW)
0132   3019           00456 MOVLW .25
Warning[203]: Found opcode in column 1. (SUBWF)
0133   0225           00457 SUBWF PWMH,W
Warning[203]: Found opcode in column 1. (MOVWF)
0134   0095           00458 MOVWF CCPR1L 
Warning[203]: Found opcode in column 1. (CALL)
0135   2029           00459 CALL ATRASO_1ms
Warning[203]: Found opcode in column 1. (GOTO)
0136   291C           00460 GOTO    LOOP2
                      00461 ;;;;;;;;;;;;;;;;;;;INCREMENTA  10  ----------------------
                      00462  
0137                  00463 INCREMENTA_10
                      00464  
Warning[203]: Found opcode in column 1. (MOVLW)
0137   300A           00465 MOVLW .10
Warning[203]: Found opcode in column 1. (ADDWF)
0138   07A7           00466 ADDWF VAR1,F
Warning[203]: Found opcode in column 1. (BTFSC)
0139   1803           00467 BTFSC STATUS,C
Warning[203]: Found opcode in column 1. (INCF)
013A   0AA8           00468 INCF VAR2,F
                      00469 ;COPIAR O RESULTADO PARA O REGISTRADOR BIT POR BIT
Warning[203]: Found opcode in column 1. (BTFSC)
013B   1827           00470 BTFSC VAR1,0
Warning[203]: Found opcode in column 1. (BSF)
013C   1617           00471 BSF  CCP1CON,4
Warning[203]: Found opcode in column 1. (BTFSS)
013D   1C27           00472 BTFSS VAR1,0
Warning[203]: Found opcode in column 1. (BCF)
013E   1217           00473 BCF  CCP1CON,4
Warning[203]: Found opcode in column 1. (BTFSC)
013F   18A7           00474 BTFSC VAR1,1
Warning[203]: Found opcode in column 1. (BSF)
0140   1697           00475 BSF  CCP1CON,5
Warning[203]: Found opcode in column 1. (BTFSS)
0141   1CA7           00476 BTFSS VAR1,1
Warning[203]: Found opcode in column 1. (BCF)
0142   1297           00477 BCF  CCP1CON,5
Warning[203]: Found opcode in column 1. (BTFSC)
0143   1927           00478 BTFSC VAR1,2
Warning[203]: Found opcode in column 1. (BSF)
0144   1415           00479 BSF  CCPR1L,0
Warning[203]: Found opcode in column 1. (BTFSS)
0145   1D27           00480 BTFSS VAR1,2
Warning[203]: Found opcode in column 1. (BCF)
MPASM  5.44             LCD-U-C-D-DECODER.ASM   2-22-2014  11:55:25         PAGE 14


LOC  OBJECT CODE     LINE SOURCE TEXT
  VALUE

0146   1015           00481 BCF  CCPR1L,0
Warning[203]: Found opcode in column 1. (BTFSC)
0147   19A7           00482 BTFSC VAR1,3
0148   1495           00483  BSF  CCPR1L,1
Warning[203]: Found opcode in column 1. (BTFSS)
0149   1DA7           00484 BTFSS VAR1,3
Warning[203]: Found opcode in column 1. (BCF)
014A   1095           00485 BCF  CCPR1L,1
Warning[203]: Found opcode in column 1. (BTFSC)
014B   1A27           00486 BTFSC VAR1,4
Warning[203]: Found opcode in column 1. (BSF)
014C   1515           00487 BSF  CCPR1L,2
Warning[203]: Found opcode in column 1. (BTFSS)
014D   1E27           00488 BTFSS VAR1,4
Warning[203]: Found opcode in column 1. (BCF)
014E   1115           00489 BCF  CCPR1L,2
Warning[203]: Found opcode in column 1. (BTFSC)
014F   1AA7           00490 BTFSC VAR1,5
Warning[203]: Found opcode in column 1. (BSF)
0150   1595           00491 BSF  CCPR1L,3
Warning[203]: Found opcode in column 1. (BTFSS)
0151   1EA7           00492 BTFSS VAR1,5
Warning[203]: Found opcode in column 1. (BCF)
0152   1195           00493 BCF  CCPR1L,3
Warning[203]: Found opcode in column 1. (BTFSC)
0153   1B27           00494 BTFSC VAR1,6
Warning[203]: Found opcode in column 1. (BSF)
0154   1615           00495 BSF  CCPR1L,4
0155   1F27           00496  BTFSS VAR1,6
Warning[203]: Found opcode in column 1. (BCF)
0156   1215           00497 BCF  CCPR1L,4
Warning[203]: Found opcode in column 1. (BTFSC)
0157   1BA7           00498 BTFSC VAR1,7
Warning[203]: Found opcode in column 1. (BSF)
0158   1695           00499 BSF  CCPR1L,5
Warning[203]: Found opcode in column 1. (BTFSS)
0159   1FA7           00500 BTFSS VAR1,7
Warning[203]: Found opcode in column 1. (BCF)
015A   1295           00501 BCF  CCPR1L,5
Warning[203]: Found opcode in column 1. (BTFSC)
015B   1828           00502 BTFSC VAR2,0
Warning[203]: Found opcode in column 1. (BSF)
015C   1715           00503 BSF  CCPR1L,6
Warning[203]: Found opcode in column 1. (BTFSS)
015D   1C28           00504 BTFSS VAR2,0
Warning[203]: Found opcode in column 1. (BCF)
015E   1315           00505 BCF  CCPR1L,6
Warning[203]: Found opcode in column 1. (BTFSC)
015F   18A8           00506 BTFSC VAR2,1
Warning[203]: Found opcode in column 1. (BSF)
0160   1795           00507 BSF  CCPR1L,7
Warning[203]: Found opcode in column 1. (BTFSS)
0161   1CA8           00508 BTFSS VAR2,1
MPASM  5.44             LCD-U-C-D-DECODER.ASM   2-22-2014  11:55:25         PAGE 15


LOC  OBJECT CODE     LINE SOURCE TEXT
  VALUE

0162   1395           00509  BCF  CCPR1L,7
Warning[203]: Found opcode in column 1. (CALL)
0163   2029           00510 CALL ATRASO_1ms
Warning[203]: Found opcode in column 1. (GOTO)
0164   291C           00511 GOTO    LOOP2
                      00512  
                      00513 ;;;;;;;;;;;;;;;DECREMENTA   10---------------------------------------
                      00514  
0165                  00515 DECREMENTA_10
                      00516  
Warning[203]: Found opcode in column 1. (MOVLW)
0165   300A           00517 MOVLW .10
Warning[203]: Found opcode in column 1. (SUBWF)
0166   02A7           00518 SUBWF VAR1,F
Warning[203]: Found opcode in column 1. (BTFSC)
0167   1903           00519 BTFSC STATUS,Z
Warning[203]: Found opcode in column 1. (DECF)
0168   03A8           00520 DECF VAR2,F
                      00521 ;COPIAR O RESULTADO PARA O REGISTRADOR BIT POR BIT
Warning[203]: Found opcode in column 1. (BTFSC)
0169   1827           00522 BTFSC VAR1,0
Warning[203]: Found opcode in column 1. (BSF)
016A   1617           00523 BSF  CCP1CON,4
Warning[203]: Found opcode in column 1. (BTFSS)
016B   1C27           00524 BTFSS VAR1,0
Warning[203]: Found opcode in column 1. (BCF)
016C   1217           00525 BCF  CCP1CON,4
Warning[203]: Found opcode in column 1. (BTFSC)
016D   18A7           00526 BTFSC VAR1,1
Warning[203]: Found opcode in column 1. (BSF)
016E   1697           00527 BSF  CCP1CON,5
Warning[203]: Found opcode in column 1. (BTFSS)
016F   1CA7           00528 BTFSS VAR1,1
Warning[203]: Found opcode in column 1. (BCF)
0170   1297           00529 BCF  CCP1CON,5
Warning[203]: Found opcode in column 1. (BTFSC)
0171   1927           00530 BTFSC VAR1,2
Warning[203]: Found opcode in column 1. (BSF)
0172   1415           00531 BSF  CCPR1L,0
Warning[203]: Found opcode in column 1. (BTFSS)
0173   1D27           00532 BTFSS VAR1,2
Warning[203]: Found opcode in column 1. (BCF)
0174   1015           00533 BCF  CCPR1L,0
Warning[203]: Found opcode in column 1. (BTFSC)
0175   19A7           00534 BTFSC VAR1,3
Warning[203]: Found opcode in column 1. (BSF)
0176   1495           00535 BSF  CCPR1L,1
Warning[203]: Found opcode in column 1. (BTFSS)
0177   1DA7           00536 BTFSS VAR1,3
Warning[203]: Found opcode in column 1. (BCF)
0178   1095           00537 BCF  CCPR1L,1
Warning[203]: Found opcode in column 1. (BTFSC)
0179   1A27           00538 BTFSC VAR1,4
MPASM  5.44             LCD-U-C-D-DECODER.ASM   2-22-2014  11:55:25         PAGE 16


LOC  OBJECT CODE     LINE SOURCE TEXT
  VALUE

017A   1515           00539  BSF  CCPR1L,2
Warning[203]: Found opcode in column 1. (BTFSS)
017B   1E27           00540 BTFSS VAR1,4
Warning[203]: Found opcode in column 1. (BCF)
017C   1115           00541 BCF  CCPR1L,2
Warning[203]: Found opcode in column 1. (BTFSC)
017D   1AA7           00542 BTFSC VAR1,5
Warning[203]: Found opcode in column 1. (BSF)
017E   1595           00543 BSF  CCPR1L,3
Warning[203]: Found opcode in column 1. (BTFSS)
017F   1EA7           00544 BTFSS VAR1,5
Warning[203]: Found opcode in column 1. (BCF)
0180   1195           00545 BCF  CCPR1L,3
Warning[203]: Found opcode in column 1. (BTFSC)
0181   1B27           00546 BTFSC VAR1,6
Warning[203]: Found opcode in column 1. (BSF)
0182   1615           00547 BSF  CCPR1L,4
Warning[203]: Found opcode in column 1. (BTFSS)
0183   1F27           00548 BTFSS VAR1,6
Warning[203]: Found opcode in column 1. (BCF)
0184   1215           00549 BCF  CCPR1L,4
Warning[203]: Found opcode in column 1. (BTFSC)
0185   1BA7           00550 BTFSC VAR1,7
Warning[203]: Found opcode in column 1. (BSF)
0186   1695           00551 BSF  CCPR1L,5
0187   1FA7           00552  BTFSS VAR1,7
Warning[203]: Found opcode in column 1. (BCF)
0188   1295           00553 BCF  CCPR1L,5
Warning[203]: Found opcode in column 1. (BTFSC)
0189   1828           00554 BTFSC VAR2,0
Warning[203]: Found opcode in column 1. (BSF)
018A   1715           00555 BSF  CCPR1L,6
Warning[203]: Found opcode in column 1. (BTFSS)
018B   1C28           00556 BTFSS VAR2,0
Warning[203]: Found opcode in column 1. (BCF)
018C   1315           00557 BCF  CCPR1L,6
Warning[203]: Found opcode in column 1. (BTFSC)
018D   18A8           00558 BTFSC VAR2,1
Warning[203]: Found opcode in column 1. (BSF)
018E   1795           00559 BSF  CCPR1L,7
Warning[203]: Found opcode in column 1. (BTFSS)
018F   1CA8           00560 BTFSS VAR2,1
Warning[203]: Found opcode in column 1. (BCF)
0190   1395           00561 BCF  CCPR1L,7
Warning[203]: Found opcode in column 1. (CALL)
0191   2029           00562 CALL ATRASO_1ms
Warning[203]: Found opcode in column 1. (GOTO)
0192   291C           00563 GOTO    LOOP2
                      00564  
                      00565  END
MPASM  5.44             LCD-U-C-D-DECODER.ASM   2-22-2014  11:55:25         PAGE 17


SYMBOL TABLE
  LABEL                             VALUE 

ACKDT                             00000005
ACKEN                             00000004
ACKSTAT                           00000006
AD8BITS                           00000033
ADCON0                            0000001F
ADCON1                            0000009F
ADCS0                             00000006
ADCS1                             00000007
ADCS2                             00000006
ADDEN                             00000003
ADFM                              00000007
ADH                               00000031
ADIE                              00000006
ADIF                              00000006
ADL                               00000032
ADON                              00000000
ADRESH                            0000001E
ADRESL                            0000009E
ATRASO_1S                         00000034
ATRASO_1ms                        00000029
BANK0                             BCF STATUS,RP0
BANK1                             BSF STATUS,RP0
BCLIE                             00000003
BCLIF                             00000003
BF                                00000000
BOT2                              0000011F
BOT3                              00000122
BOT4                              00000125
BRGH                              00000002
C                                 00000000
C1INV                             00000004
C1OUT                             00000006
C2INV                             00000005
C2OUT                             00000007
CANAL0                            00000067
CANAL1                            0000006F
CCP1CON                           00000017
CCP1IE                            00000002
CCP1IF                            00000002
CCP1M0                            00000000
CCP1M1                            00000001
CCP1M2                            00000002
CCP1M3                            00000003
CCP1X                             00000005
CCP1Y                             00000004
CCP2CON                           0000001D
CCP2IE                            00000000
CCP2IF                            00000000
CCP2M0                            00000000
CCP2M1                            00000001
CCP2M2                            00000002
CCP2M3                            00000003
CCP2X                             00000005
MPASM  5.44             LCD-U-C-D-DECODER.ASM   2-22-2014  11:55:25         PAGE 18


SYMBOL TABLE
  LABEL                             VALUE 

CCP2Y                             00000004
CCPR1                             00000015
CCPR1H                            00000016
CCPR1L                            00000015
CCPR2                             0000001B
CCPR2H                            0000001C
CCPR2L                            0000001B
CENTENA                           0000002F
CHS0                              00000003
CHS1                              00000004
CHS2                              00000005
CIS                               00000003
CKE                               00000006
CKP                               00000004
CM0                               00000000
CM1                               00000001
CM2                               00000002
CMCON                             0000009C
CMIE                              00000006
CMIF                              00000006
COLETAAD                          00000077
CONFIGURA                         00000001
CONVERTE_AD                       000000B4
CREN                              00000004
CSRC                              00000007
CVR0                              00000000
CVR1                              00000001
CVR2                              00000002
CVR3                              00000003
CVRCON                            0000009D
CVREN                             00000007
CVROE                             00000006
CVRR                              00000005
D                                 00000005
DATA_ADDRESS                      00000005
DC                                00000001
DECODIFICADOR                     000000D5
DECREMENTA                        00000130
DECREMENTA_10                     00000165
DEZENA                            0000002E
D_A                               00000005
D_NOT_A                           00000005
EEADR                             0000010D
EEADRH                            0000010F
EECON1                            0000018C
EECON2                            0000018D
EEDATA                            0000010C
EEDATH                            0000010E
EEIE                              00000004
EEIF                              00000004
EEPGD                             00000007
ESCREVE_COMANDO                   00000044
ESCREVE_DADO                      0000004F
MPASM  5.44             LCD-U-C-D-DECODER.ASM   2-22-2014  11:55:25         PAGE 19


SYMBOL TABLE
  LABEL                             VALUE 

EXIBEBINARIO                      00000081
EXIBEVOLT                         000000E0
F                                 00000001
FERR                              00000002
FSR                               00000004
GCEN                              00000007
GIE                               00000007
GO                                00000002
GO_DONE                           00000002
GO_NOT_DONE                       00000002
I2C_DATA                          00000005
I2C_READ                          00000002
I2C_START                         00000003
I2C_STOP                          00000004
IBF                               00000007
IBOV                              00000005
INCREMENTA                        00000129
INCREMENTA_10                     00000137
INDF                              00000000
INICIA_LCD                        0000005A
INTCON                            0000000B
INTE                              00000004
INTEDG                            00000006
INTF                              00000001
IRP                               00000007
LOOP2                             0000011C
MAIN                              0000010A
MAIN2                             0000011C
NAOEZERO                          000000F5
NOT_A                             00000005
NOT_ADDRESS                       00000005
NOT_BO                            00000000
NOT_BOR                           00000000
NOT_DONE                          00000002
NOT_PD                            00000003
NOT_POR                           00000001
NOT_RBPU                          00000007
NOT_RC8                           00000006
NOT_T1SYNC                        00000002
NOT_TO                            00000004
NOT_TX8                           00000006
NOT_W                             00000002
NOT_WRITE                         00000002
OBF                               00000006
OERR                              00000001
OPTION_REG                        00000081
P                                 00000004
PCFG0                             00000000
PCFG1                             00000001
PCFG2                             00000002
PCFG3                             00000003
PCL                               00000002
PCLATH                            0000000A
MPASM  5.44             LCD-U-C-D-DECODER.ASM   2-22-2014  11:55:25         PAGE 20


SYMBOL TABLE
  LABEL                             VALUE 

PCON                              0000008E
PEIE                              00000006
PEN                               00000002
PIE1                              0000008C
PIE2                              0000008D
PIR1                              0000000C
PIR2                              0000000D
PORTA                             00000005
PORTB                             00000006
PORTC                             00000007
PORTD                             00000008
PORTE                             00000009
PR2                               00000092
PS0                               00000000
PS1                               00000001
PS2                               00000002
PSA                               00000003
PSPIE                             00000007
PSPIF                             00000007
PSPMODE                           00000004
PWMH                              00000025
PWML                              00000026
R                                 00000002
RA0                               00000000
RA1                               00000001
RA2                               00000002
RA3                               00000003
RA4                               00000004
RA5                               00000005
RB0                               00000000
RB1                               00000001
RB2                               00000002
RB3                               00000003
RB4                               00000004
RB5                               00000005
RB6                               00000006
RB7                               00000007
RBIE                              00000003
RBIF                              00000000
RC0                               00000000
RC1                               00000001
RC2                               00000002
RC3                               00000003
RC4                               00000004
RC5                               00000005
RC6                               00000006
RC7                               00000007
RC8_9                             00000006
RC9                               00000006
RCD8                              00000000
RCEN                              00000003
RCIE                              00000005
RCIF                              00000005
MPASM  5.44             LCD-U-C-D-DECODER.ASM   2-22-2014  11:55:25         PAGE 21


SYMBOL TABLE
  LABEL                             VALUE 

RCREG                             0000001A
RCSTA                             00000018
RD                                00000000
RD0                               00000000
RD1                               00000001
RD2                               00000002
RD3                               00000003
RD4                               00000004
RD5                               00000005
RD6                               00000006
RD7                               00000007
RE0                               00000000
RE1                               00000001
RE2                               00000002
READ_WRITE                        00000002
RECEBEVOLT                        00000030
REG                               00000024
RP0                               00000005
RP1                               00000006
RSEN                              00000001
RX9                               00000006
RX9D                              00000000
R_NOT_W                           00000002
R_W                               00000002
S                                 00000003
SEN                               00000000
SMP                               00000007
SPBRG                             00000099
SPEN                              00000007
SREN                              00000005
SSPADD                            00000093
SSPBUF                            00000013
SSPCON                            00000014
SSPCON2                           00000091
SSPEN                             00000005
SSPIE                             00000003
SSPIF                             00000003
SSPM0                             00000000
SSPM1                             00000001
SSPM2                             00000002
SSPM3                             00000003
SSPOV                             00000006
SSPSTAT                           00000094
STATUS                            00000003
STATUS_TEMP                       00000021
SYNC                              00000004
T0CS                              00000005
T0IE                              00000005
T0IF                              00000002
T0SE                              00000004
T1CKPS0                           00000004
T1CKPS1                           00000005
T1CON                             00000010
MPASM  5.44             LCD-U-C-D-DECODER.ASM   2-22-2014  11:55:25         PAGE 22


SYMBOL TABLE
  LABEL                             VALUE 

T1INSYNC                          00000002
T1OSCEN                           00000003
T1SYNC                            00000002
T2CKPS0                           00000000
T2CKPS1                           00000001
T2CON                             00000012
TEMPO0                            00000029
TEMPO1                            00000022
TEMPO2                            00000023
TEMPO3                            0000002A
TEMPO4                            0000002B
TEMPO5                            0000002C
TEMPO_1                           0000002B
TEMPO_2                           0000002D
TEMPO_3                           00000036
TEMPO_4                           00000038
TEMPO_5                           0000003A
TMR0                              00000001
TMR0IE                            00000005
TMR0IF                            00000002
TMR1                              0000000E
TMR1CS                            00000001
TMR1H                             0000000F
TMR1IE                            00000000
TMR1IF                            00000000
TMR1L                             0000000E
TMR1ON                            00000000
TMR2                              00000011
TMR2IE                            00000001
TMR2IF                            00000001
TMR2ON                            00000002
TOUTPS0                           00000003
TOUTPS1                           00000004
TOUTPS2                           00000005
TOUTPS3                           00000006
TRISA                             00000085
TRISA0                            00000000
TRISA1                            00000001
TRISA2                            00000002
TRISA3                            00000003
TRISA4                            00000004
TRISA5                            00000005
TRISB                             00000086
TRISB0                            00000000
TRISB1                            00000001
TRISB2                            00000002
TRISB3                            00000003
TRISB4                            00000004
TRISB5                            00000005
TRISB6                            00000006
TRISB7                            00000007
TRISC                             00000087
TRISC0                            00000000
MPASM  5.44             LCD-U-C-D-DECODER.ASM   2-22-2014  11:55:25         PAGE 23


SYMBOL TABLE
  LABEL                             VALUE 

TRISC1                            00000001
TRISC2                            00000002
TRISC3                            00000003
TRISC4                            00000004
TRISC5                            00000005
TRISC6                            00000006
TRISC7                            00000007
TRISD                             00000088
TRISD0                            00000000
TRISD1                            00000001
TRISD2                            00000002
TRISD3                            00000003
TRISD4                            00000004
TRISD5                            00000005
TRISD6                            00000006
TRISD7                            00000007
TRISE                             00000089
TRISE0                            00000000
TRISE1                            00000001
TRISE2                            00000002
TRMT                              00000001
TX8_9                             00000006
TX9                               00000006
TX9D                              00000000
TXD8                              00000000
TXEN                              00000005
TXIE                              00000004
TXIF                              00000004
TXREG                             00000019
TXSTA                             00000098
UA                                00000001
UNIDADE                           0000002D
VAR1                              00000027
VAR2                              00000028
VOLTA2                            00000110
W                                 00000000
WCOL                              00000007
WR                                00000001
WREN                              00000002
WRERR                             00000003
W_TEMP                            00000020
Z                                 00000002
_BODEN_OFF                        00003FBF
_BODEN_ON                         00003FFF
_BOREN_OFF                        00003FBF
_BOREN_ON                         00003FFF
_CONFIG                           00002007
_CPD_OFF                          00003FFF
_CPD_ON                           00003EFF
_CP_ALL                           00001FFF
_CP_OFF                           00003FFF
_CP_ON                            00001FFF
_DEBUG_OFF                        00003FFF
MPASM  5.44             LCD-U-C-D-DECODER.ASM   2-22-2014  11:55:25         PAGE 24


SYMBOL TABLE
  LABEL                             VALUE 

_DEBUG_ON                         000037FF
_DEVID1                           00002006
_FOSC_EXTRC                       00003FFF
_FOSC_HS                          00003FFE
_FOSC_LP                          00003FFC
_FOSC_XT                          00003FFD
_HS_OSC                           00003FFE
_IDLOC0                           00002000
_IDLOC1                           00002001
_IDLOC2                           00002002
_IDLOC3                           00002003
_LP_OSC                           00003FFC
_LVP_OFF                          00003F7F
_LVP_ON                           00003FFF
_PWRTE_OFF                        00003FFF
_PWRTE_ON                         00003FF7
_RC_OSC                           00003FFF
_WDTE_OFF                         00003FFB
_WDTE_ON                          00003FFF
_WDT_OFF                          00003FFB
_WDT_ON                           00003FFF
_WRT_1FOURTH                      00003BFF
_WRT_256                          00003DFF
_WRT_HALF                         000039FF
_WRT_OFF                          00003FFF
_XT_OSC                           00003FFD
__16F877A                         00000001


MEMORY USAGE MAP ('X' = Used,  '-' = Unused)

0000 : XXXXXXXXXXXXXXXX XXXXXXXXXXXXXXXX XXXXXXXXXXXXXXXX XXXXXXXXXXXXXXXX
0040 : XXXXXXXXXXXXXXXX XXXXXXXXXXXXXXXX XXXXXXXXXXXXXXXX XXXXXXXXXXXXXXXX
0080 : XXXXXXXXXXXXXXXX XXXXXXXXXXXXXXXX XXXXXXXXXXXXXXXX XXXXXXXXXXXXXXXX
00C0 : XXXXXXXXXXXXXXXX XXXXXXXXXXXXXXXX XXXXXXXXXXXXXXXX XXXXXXXXXXXXXXXX
0100 : XXXXXXXXXXXXXXXX XXXXXXXXXXXXXXXX XXXXXXXXXXXXXXXX XXXXXXXXXXXXXXXX
0140 : XXXXXXXXXXXXXXXX XXXXXXXXXXXXXXXX XXXXXXXXXXXXXXXX XXXXXXXXXXXXXXXX
0180 : XXXXXXXXXXXXXXXX XXX------------- ---------------- ----------------
2000 : -------X-------- ---------------- ---------------- ----------------

All other memory blocks unused.

Program Memory Words Used:   403
Program Memory Words Free:  7789


Errors   :     0
Warnings :   254 reported,     0 suppressed
Messages :    12 reported,     0 suppressed

