Warning[205] C:\USERS\JUNIOR\DROPBOX\APLICADA2-PIC\SOFTWARE\LCD-U-C-D-DECODER.ASM 53 : Found directive in column 1. (ORG)
Warning[203] C:\USERS\JUNIOR\DROPBOX\APLICADA2-PIC\SOFTWARE\LCD-U-C-D-DECODER.ASM 54 : Found opcode in column 1. (GOTO)
Warning[203] C:\USERS\JUNIOR\DROPBOX\APLICADA2-PIC\SOFTWARE\LCD-U-C-D-DECODER.ASM 62 : Found opcode in column 1. (CLRF)
Warning[203] C:\USERS\JUNIOR\DROPBOX\APLICADA2-PIC\SOFTWARE\LCD-U-C-D-DECODER.ASM 63 : Found opcode in column 1. (CLRF)
Warning[203] C:\USERS\JUNIOR\DROPBOX\APLICADA2-PIC\SOFTWARE\LCD-U-C-D-DECODER.ASM 64 : Found opcode in column 1. (CLRF)
Warning[203] C:\USERS\JUNIOR\DROPBOX\APLICADA2-PIC\SOFTWARE\LCD-U-C-D-DECODER.ASM 65 : Found opcode in column 1. (CLRF)
Warning[203] C:\USERS\JUNIOR\DROPBOX\APLICADA2-PIC\SOFTWARE\LCD-U-C-D-DECODER.ASM 66 : Found opcode in column 1. (CLRF)
Warning[203] C:\USERS\JUNIOR\DROPBOX\APLICADA2-PIC\SOFTWARE\LCD-U-C-D-DECODER.ASM 68 : Found opcode in column 1. (BSF)
Warning[203] C:\USERS\JUNIOR\DROPBOX\APLICADA2-PIC\SOFTWARE\LCD-U-C-D-DECODER.ASM 69 : Found opcode in column 1. (MOVLW)
Warning[203] C:\USERS\JUNIOR\DROPBOX\APLICADA2-PIC\SOFTWARE\LCD-U-C-D-DECODER.ASM 70 : Found opcode in column 1. (MOVWF)
Message[302] C:\USERS\JUNIOR\DROPBOX\APLICADA2-PIC\SOFTWARE\LCD-U-C-D-DECODER.ASM 70 : Register in operand not in bank 0.  Ensure that bank bits are correct.
Warning[203] C:\USERS\JUNIOR\DROPBOX\APLICADA2-PIC\SOFTWARE\LCD-U-C-D-DECODER.ASM 71 : Found opcode in column 1. (MOVLW)
Warning[203] C:\USERS\JUNIOR\DROPBOX\APLICADA2-PIC\SOFTWARE\LCD-U-C-D-DECODER.ASM 72 : Found opcode in column 1. (MOVWF)
Message[302] C:\USERS\JUNIOR\DROPBOX\APLICADA2-PIC\SOFTWARE\LCD-U-C-D-DECODER.ASM 72 : Register in operand not in bank 0.  Ensure that bank bits are correct.
Warning[203] C:\USERS\JUNIOR\DROPBOX\APLICADA2-PIC\SOFTWARE\LCD-U-C-D-DECODER.ASM 73 : Found opcode in column 1. (MOVLW)
Warning[203] C:\USERS\JUNIOR\DROPBOX\APLICADA2-PIC\SOFTWARE\LCD-U-C-D-DECODER.ASM 74 : Found opcode in column 1. (MOVWF)
Message[302] C:\USERS\JUNIOR\DROPBOX\APLICADA2-PIC\SOFTWARE\LCD-U-C-D-DECODER.ASM 74 : Register in operand not in bank 0.  Ensure that bank bits are correct.
Warning[203] C:\USERS\JUNIOR\DROPBOX\APLICADA2-PIC\SOFTWARE\LCD-U-C-D-DECODER.ASM 75 : Found opcode in column 1. (MOVLW)
Warning[203] C:\USERS\JUNIOR\DROPBOX\APLICADA2-PIC\SOFTWARE\LCD-U-C-D-DECODER.ASM 76 : Found opcode in column 1. (MOVWF)
Message[302] C:\USERS\JUNIOR\DROPBOX\APLICADA2-PIC\SOFTWARE\LCD-U-C-D-DECODER.ASM 76 : Register in operand not in bank 0.  Ensure that bank bits are correct.
Warning[203] C:\USERS\JUNIOR\DROPBOX\APLICADA2-PIC\SOFTWARE\LCD-U-C-D-DECODER.ASM 77 : Found opcode in column 1. (MOVLW)
Warning[203] C:\USERS\JUNIOR\DROPBOX\APLICADA2-PIC\SOFTWARE\LCD-U-C-D-DECODER.ASM 78 : Found opcode in column 1. (MOVWF)
Message[302] C:\USERS\JUNIOR\DROPBOX\APLICADA2-PIC\SOFTWARE\LCD-U-C-D-DECODER.ASM 78 : Register in operand not in bank 0.  Ensure that bank bits are correct.
Warning[203] C:\USERS\JUNIOR\DROPBOX\APLICADA2-PIC\SOFTWARE\LCD-U-C-D-DECODER.ASM 79 : Found opcode in column 1. (MOVLW)
Warning[203] C:\USERS\JUNIOR\DROPBOX\APLICADA2-PIC\SOFTWARE\LCD-U-C-D-DECODER.ASM 80 : Found opcode in column 1. (MOVWF)
Message[302] C:\USERS\JUNIOR\DROPBOX\APLICADA2-PIC\SOFTWARE\LCD-U-C-D-DECODER.ASM 80 : Register in operand not in bank 0.  Ensure that bank bits are correct.
Warning[203] C:\USERS\JUNIOR\DROPBOX\APLICADA2-PIC\SOFTWARE\LCD-U-C-D-DECODER.ASM 81 : Found opcode in column 1. (MOVLW)
Warning[203] C:\USERS\JUNIOR\DROPBOX\APLICADA2-PIC\SOFTWARE\LCD-U-C-D-DECODER.ASM 82 : Found opcode in column 1. (MOVWF)
Warning[203] C:\USERS\JUNIOR\DROPBOX\APLICADA2-PIC\SOFTWARE\LCD-U-C-D-DECODER.ASM 83 : Found opcode in column 1. (MOVLW)
Warning[203] C:\USERS\JUNIOR\DROPBOX\APLICADA2-PIC\SOFTWARE\LCD-U-C-D-DECODER.ASM 84 : Found opcode in column 1. (MOVWF)
Message[302] C:\USERS\JUNIOR\DROPBOX\APLICADA2-PIC\SOFTWARE\LCD-U-C-D-DECODER.ASM 84 : Register in operand not in bank 0.  Ensure that bank bits are correct.
Warning[203] C:\USERS\JUNIOR\DROPBOX\APLICADA2-PIC\SOFTWARE\LCD-U-C-D-DECODER.ASM 85 : Found opcode in column 1. (BCF)
Warning[203] C:\USERS\JUNIOR\DROPBOX\APLICADA2-PIC\SOFTWARE\LCD-U-C-D-DECODER.ASM 87 : Found opcode in column 1. (MOVLW)
Warning[203] C:\USERS\JUNIOR\DROPBOX\APLICADA2-PIC\SOFTWARE\LCD-U-C-D-DECODER.ASM 88 : Found opcode in column 1. (MOVWF)
Warning[203] C:\USERS\JUNIOR\DROPBOX\APLICADA2-PIC\SOFTWARE\LCD-U-C-D-DECODER.ASM 89 : Found opcode in column 1. (MOVWF)
Warning[203] C:\USERS\JUNIOR\DROPBOX\APLICADA2-PIC\SOFTWARE\LCD-U-C-D-DECODER.ASM 90 : Found opcode in column 1. (CLRF)
Warning[203] C:\USERS\JUNIOR\DROPBOX\APLICADA2-PIC\SOFTWARE\LCD-U-C-D-DECODER.ASM 91 : Found opcode in column 1. (CLRF)
Warning[203] C:\USERS\JUNIOR\DROPBOX\APLICADA2-PIC\SOFTWARE\LCD-U-C-D-DECODER.ASM 92 : Found opcode in column 1. (BSF)
Warning[203] C:\USERS\JUNIOR\DROPBOX\APLICADA2-PIC\SOFTWARE\LCD-U-C-D-DECODER.ASM 93 : Found opcode in column 1. (MOVLW)
Warning[203] C:\USERS\JUNIOR\DROPBOX\APLICADA2-PIC\SOFTWARE\LCD-U-C-D-DECODER.ASM 94 : Found opcode in column 1. (MOVWF)
Message[302] C:\USERS\JUNIOR\DROPBOX\APLICADA2-PIC\SOFTWARE\LCD-U-C-D-DECODER.ASM 94 : Register in operand not in bank 0.  Ensure that bank bits are correct.
Warning[203] C:\USERS\JUNIOR\DROPBOX\APLICADA2-PIC\SOFTWARE\LCD-U-C-D-DECODER.ASM 95 : Found opcode in column 1. (BCF)
Warning[203] C:\USERS\JUNIOR\DROPBOX\APLICADA2-PIC\SOFTWARE\LCD-U-C-D-DECODER.ASM 96 : Found opcode in column 1. (BSF)
Warning[203] C:\USERS\JUNIOR\DROPBOX\APLICADA2-PIC\SOFTWARE\LCD-U-C-D-DECODER.ASM 99 : Found opcode in column 1. (MOVLW)
Warning[203] C:\USERS\JUNIOR\DROPBOX\APLICADA2-PIC\SOFTWARE\LCD-U-C-D-DECODER.ASM 100 : Found opcode in column 1. (MOVWF)
Warning[203] C:\USERS\JUNIOR\DROPBOX\APLICADA2-PIC\SOFTWARE\LCD-U-C-D-DECODER.ASM 101 : Found opcode in column 1. (BSF)
Warning[203] C:\USERS\JUNIOR\DROPBOX\APLICADA2-PIC\SOFTWARE\LCD-U-C-D-DECODER.ASM 102 : Found opcode in column 1. (MOVWF)
Message[302] C:\USERS\JUNIOR\DROPBOX\APLICADA2-PIC\SOFTWARE\LCD-U-C-D-DECODER.ASM 102 : Register in operand not in bank 0.  Ensure that bank bits are correct.
Warning[203] C:\USERS\JUNIOR\DROPBOX\APLICADA2-PIC\SOFTWARE\LCD-U-C-D-DECODER.ASM 103 : Found opcode in column 1. (MOVLW)
Warning[203] C:\USERS\JUNIOR\DROPBOX\APLICADA2-PIC\SOFTWARE\LCD-U-C-D-DECODER.ASM 104 : Found opcode in column 1. (BCF)
Warning[203] C:\USERS\JUNIOR\DROPBOX\APLICADA2-PIC\SOFTWARE\LCD-U-C-D-DECODER.ASM 105 : Found opcode in column 1. (GOTO)
Warning[207] C:\USERS\JUNIOR\DROPBOX\APLICADA2-PIC\SOFTWARE\LCD-U-C-D-DECODER.ASM 119 : Found label after column 1. (TEMPO_1)
Warning[207] C:\USERS\JUNIOR\DROPBOX\APLICADA2-PIC\SOFTWARE\LCD-U-C-D-DECODER.ASM 122 : Found label after column 1. (TEMPO_2)
Warning[203] C:\USERS\JUNIOR\DROPBOX\APLICADA2-PIC\SOFTWARE\LCD-U-C-D-DECODER.ASM 129 : Found opcode in column 1. (RETURN)
Warning[207] C:\USERS\JUNIOR\DROPBOX\APLICADA2-PIC\SOFTWARE\LCD-U-C-D-DECODER.ASM 135 : Found label after column 1. (TEMPO_3)
Warning[207] C:\USERS\JUNIOR\DROPBOX\APLICADA2-PIC\SOFTWARE\LCD-U-C-D-DECODER.ASM 138 : Found label after column 1. (TEMPO_4)
Warning[207] C:\USERS\JUNIOR\DROPBOX\APLICADA2-PIC\SOFTWARE\LCD-U-C-D-DECODER.ASM 141 : Found label after column 1. (TEMPO_5)
Warning[203] C:\USERS\JUNIOR\DROPBOX\APLICADA2-PIC\SOFTWARE\LCD-U-C-D-DECODER.ASM 151 : Found opcode in column 1. (RETURN)
Warning[203] C:\USERS\JUNIOR\DROPBOX\APLICADA2-PIC\SOFTWARE\LCD-U-C-D-DECODER.ASM 172 : Found opcode in column 1. (RETURN)
Warning[203] C:\USERS\JUNIOR\DROPBOX\APLICADA2-PIC\SOFTWARE\LCD-U-C-D-DECODER.ASM 186 : Found opcode in column 1. (RETURN)
Warning[203] C:\USERS\JUNIOR\DROPBOX\APLICADA2-PIC\SOFTWARE\LCD-U-C-D-DECODER.ASM 203 : Found opcode in column 1. (RETURN)
Message[302] C:\USERS\JUNIOR\DROPBOX\APLICADA2-PIC\SOFTWARE\LCD-U-C-D-DECODER.ASM 211 : Register in operand not in bank 0.  Ensure that bank bits are correct.
Warning[203] C:\USERS\JUNIOR\DROPBOX\APLICADA2-PIC\SOFTWARE\LCD-U-C-D-DECODER.ASM 215 : Found opcode in column 1. (RETURN)
Message[302] C:\USERS\JUNIOR\DROPBOX\APLICADA2-PIC\SOFTWARE\LCD-U-C-D-DECODER.ASM 221 : Register in operand not in bank 0.  Ensure that bank bits are correct.
Warning[203] C:\USERS\JUNIOR\DROPBOX\APLICADA2-PIC\SOFTWARE\LCD-U-C-D-DECODER.ASM 225 : Found opcode in column 1. (RETURN)
Message[302] C:\USERS\JUNIOR\DROPBOX\APLICADA2-PIC\SOFTWARE\LCD-U-C-D-DECODER.ASM 234 : Register in operand not in bank 0.  Ensure that bank bits are correct.
Warning[203] C:\USERS\JUNIOR\DROPBOX\APLICADA2-PIC\SOFTWARE\LCD-U-C-D-DECODER.ASM 237 : Found opcode in column 1. (RETURN)
Warning[203] C:\USERS\JUNIOR\DROPBOX\APLICADA2-PIC\SOFTWARE\LCD-U-C-D-DECODER.ASM 291 : Found opcode in column 1. (RETURN)
Warning[203] C:\USERS\JUNIOR\DROPBOX\APLICADA2-PIC\SOFTWARE\LCD-U-C-D-DECODER.ASM 295 : Found opcode in column 1. (BTFSC)
Warning[203] C:\USERS\JUNIOR\DROPBOX\APLICADA2-PIC\SOFTWARE\LCD-U-C-D-DECODER.ASM 296 : Found opcode in column 1. (BSF)
Warning[203] C:\USERS\JUNIOR\DROPBOX\APLICADA2-PIC\SOFTWARE\LCD-U-C-D-DECODER.ASM 297 : Found opcode in column 1. (BTFSS)
Warning[203] C:\USERS\JUNIOR\DROPBOX\APLICADA2-PIC\SOFTWARE\LCD-U-C-D-DECODER.ASM 298 : Found opcode in column 1. (BCF)
Warning[203] C:\USERS\JUNIOR\DROPBOX\APLICADA2-PIC\SOFTWARE\LCD-U-C-D-DECODER.ASM 299 : Found opcode in column 1. (BTFSC)
Warning[203] C:\USERS\JUNIOR\DROPBOX\APLICADA2-PIC\SOFTWARE\LCD-U-C-D-DECODER.ASM 300 : Found opcode in column 1. (BSF)
Warning[203] C:\USERS\JUNIOR\DROPBOX\APLICADA2-PIC\SOFTWARE\LCD-U-C-D-DECODER.ASM 301 : Found opcode in column 1. (BTFSS)
Warning[203] C:\USERS\JUNIOR\DROPBOX\APLICADA2-PIC\SOFTWARE\LCD-U-C-D-DECODER.ASM 302 : Found opcode in column 1. (BCF)
Warning[203] C:\USERS\JUNIOR\DROPBOX\APLICADA2-PIC\SOFTWARE\LCD-U-C-D-DECODER.ASM 303 : Found opcode in column 1. (BTFSC)
Warning[203] C:\USERS\JUNIOR\DROPBOX\APLICADA2-PIC\SOFTWARE\LCD-U-C-D-DECODER.ASM 304 : Found opcode in column 1. (BSF)
Warning[203] C:\USERS\JUNIOR\DROPBOX\APLICADA2-PIC\SOFTWARE\LCD-U-C-D-DECODER.ASM 305 : Found opcode in column 1. (BTFSS)
Warning[203] C:\USERS\JUNIOR\DROPBOX\APLICADA2-PIC\SOFTWARE\LCD-U-C-D-DECODER.ASM 306 : Found opcode in column 1. (BCF)
Warning[203] C:\USERS\JUNIOR\DROPBOX\APLICADA2-PIC\SOFTWARE\LCD-U-C-D-DECODER.ASM 307 : Found opcode in column 1. (BTFSC)
Warning[203] C:\USERS\JUNIOR\DROPBOX\APLICADA2-PIC\SOFTWARE\LCD-U-C-D-DECODER.ASM 308 : Found opcode in column 1. (BSF)
Warning[203] C:\USERS\JUNIOR\DROPBOX\APLICADA2-PIC\SOFTWARE\LCD-U-C-D-DECODER.ASM 309 : Found opcode in column 1. (BTFSS)
Warning[203] C:\USERS\JUNIOR\DROPBOX\APLICADA2-PIC\SOFTWARE\LCD-U-C-D-DECODER.ASM 310 : Found opcode in column 1. (BCF)
Warning[203] C:\USERS\JUNIOR\DROPBOX\APLICADA2-PIC\SOFTWARE\LCD-U-C-D-DECODER.ASM 311 : Found opcode in column 1. (BTFSC)
Warning[203] C:\USERS\JUNIOR\DROPBOX\APLICADA2-PIC\SOFTWARE\LCD-U-C-D-DECODER.ASM 312 : Found opcode in column 1. (BSF)
Warning[203] C:\USERS\JUNIOR\DROPBOX\APLICADA2-PIC\SOFTWARE\LCD-U-C-D-DECODER.ASM 313 : Found opcode in column 1. (BTFSS)
Warning[203] C:\USERS\JUNIOR\DROPBOX\APLICADA2-PIC\SOFTWARE\LCD-U-C-D-DECODER.ASM 314 : Found opcode in column 1. (BCF)
Warning[203] C:\USERS\JUNIOR\DROPBOX\APLICADA2-PIC\SOFTWARE\LCD-U-C-D-DECODER.ASM 315 : Found opcode in column 1. (BTFSC)
Warning[203] C:\USERS\JUNIOR\DROPBOX\APLICADA2-PIC\SOFTWARE\LCD-U-C-D-DECODER.ASM 316 : Found opcode in column 1. (BSF)
Warning[203] C:\USERS\JUNIOR\DROPBOX\APLICADA2-PIC\SOFTWARE\LCD-U-C-D-DECODER.ASM 317 : Found opcode in column 1. (BTFSS)
Warning[203] C:\USERS\JUNIOR\DROPBOX\APLICADA2-PIC\SOFTWARE\LCD-U-C-D-DECODER.ASM 318 : Found opcode in column 1. (BCF)
Warning[203] C:\USERS\JUNIOR\DROPBOX\APLICADA2-PIC\SOFTWARE\LCD-U-C-D-DECODER.ASM 319 : Found opcode in column 1. (BTFSC)
Warning[203] C:\USERS\JUNIOR\DROPBOX\APLICADA2-PIC\SOFTWARE\LCD-U-C-D-DECODER.ASM 320 : Found opcode in column 1. (BSF)
Warning[203] C:\USERS\JUNIOR\DROPBOX\APLICADA2-PIC\SOFTWARE\LCD-U-C-D-DECODER.ASM 321 : Found opcode in column 1. (BTFSS)
Warning[203] C:\USERS\JUNIOR\DROPBOX\APLICADA2-PIC\SOFTWARE\LCD-U-C-D-DECODER.ASM 322 : Found opcode in column 1. (BCF)
Warning[203] C:\USERS\JUNIOR\DROPBOX\APLICADA2-PIC\SOFTWARE\LCD-U-C-D-DECODER.ASM 323 : Found opcode in column 1. (BTFSC)
Warning[203] C:\USERS\JUNIOR\DROPBOX\APLICADA2-PIC\SOFTWARE\LCD-U-C-D-DECODER.ASM 324 : Found opcode in column 1. (BSF)
Warning[203] C:\USERS\JUNIOR\DROPBOX\APLICADA2-PIC\SOFTWARE\LCD-U-C-D-DECODER.ASM 325 : Found opcode in column 1. (BTFSS)
Warning[203] C:\USERS\JUNIOR\DROPBOX\APLICADA2-PIC\SOFTWARE\LCD-U-C-D-DECODER.ASM 326 : Found opcode in column 1. (BCF)
Warning[203] C:\USERS\JUNIOR\DROPBOX\APLICADA2-PIC\SOFTWARE\LCD-U-C-D-DECODER.ASM 327 : Found opcode in column 1. (RETURN)
Warning[203] C:\USERS\JUNIOR\DROPBOX\APLICADA2-PIC\SOFTWARE\LCD-U-C-D-DECODER.ASM 332 : Found opcode in column 1. (RETLW)
Warning[203] C:\USERS\JUNIOR\DROPBOX\APLICADA2-PIC\SOFTWARE\LCD-U-C-D-DECODER.ASM 333 : Found opcode in column 1. (RETLW)
Warning[203] C:\USERS\JUNIOR\DROPBOX\APLICADA2-PIC\SOFTWARE\LCD-U-C-D-DECODER.ASM 334 : Found opcode in column 1. (RETLW)
Warning[203] C:\USERS\JUNIOR\DROPBOX\APLICADA2-PIC\SOFTWARE\LCD-U-C-D-DECODER.ASM 335 : Found opcode in column 1. (RETLW)
Warning[203] C:\USERS\JUNIOR\DROPBOX\APLICADA2-PIC\SOFTWARE\LCD-U-C-D-DECODER.ASM 336 : Found opcode in column 1. (RETLW)
Warning[203] C:\USERS\JUNIOR\DROPBOX\APLICADA2-PIC\SOFTWARE\LCD-U-C-D-DECODER.ASM 337 : Found opcode in column 1. (RETLW)
Warning[203] C:\USERS\JUNIOR\DROPBOX\APLICADA2-PIC\SOFTWARE\LCD-U-C-D-DECODER.ASM 338 : Found opcode in column 1. (RETLW)
Warning[203] C:\USERS\JUNIOR\DROPBOX\APLICADA2-PIC\SOFTWARE\LCD-U-C-D-DECODER.ASM 339 : Found opcode in column 1. (RETLW)
Warning[203] C:\USERS\JUNIOR\DROPBOX\APLICADA2-PIC\SOFTWARE\LCD-U-C-D-DECODER.ASM 340 : Found opcode in column 1. (RETLW)
Warning[203] C:\USERS\JUNIOR\DROPBOX\APLICADA2-PIC\SOFTWARE\LCD-U-C-D-DECODER.ASM 341 : Found opcode in column 1. (RETLW)
Warning[203] C:\USERS\JUNIOR\DROPBOX\APLICADA2-PIC\SOFTWARE\LCD-U-C-D-DECODER.ASM 344 : Found opcode in column 1. (MOVLW)
Warning[203] C:\USERS\JUNIOR\DROPBOX\APLICADA2-PIC\SOFTWARE\LCD-U-C-D-DECODER.ASM 345 : Found opcode in column 1. (MOVWF)
Warning[203] C:\USERS\JUNIOR\DROPBOX\APLICADA2-PIC\SOFTWARE\LCD-U-C-D-DECODER.ASM 346 : Found opcode in column 1. (MOVWF)
Warning[203] C:\USERS\JUNIOR\DROPBOX\APLICADA2-PIC\SOFTWARE\LCD-U-C-D-DECODER.ASM 347 : Found opcode in column 1. (MOVWF)
Warning[203] C:\USERS\JUNIOR\DROPBOX\APLICADA2-PIC\SOFTWARE\LCD-U-C-D-DECODER.ASM 348 : Found opcode in column 1. (CALL)
Warning[203] C:\USERS\JUNIOR\DROPBOX\APLICADA2-PIC\SOFTWARE\LCD-U-C-D-DECODER.ASM 349 : Found opcode in column 1. (MOVLW)
Warning[203] C:\USERS\JUNIOR\DROPBOX\APLICADA2-PIC\SOFTWARE\LCD-U-C-D-DECODER.ASM 350 : Found opcode in column 1. (SUBWF)
Warning[203] C:\USERS\JUNIOR\DROPBOX\APLICADA2-PIC\SOFTWARE\LCD-U-C-D-DECODER.ASM 351 : Found opcode in column 1. (BTFSS)
Warning[203] C:\USERS\JUNIOR\DROPBOX\APLICADA2-PIC\SOFTWARE\LCD-U-C-D-DECODER.ASM 352 : Found opcode in column 1. (CALL)
Warning[203] C:\USERS\JUNIOR\DROPBOX\APLICADA2-PIC\SOFTWARE\LCD-U-C-D-DECODER.ASM 354 : Found opcode in column 1. (MOVF)
Warning[203] C:\USERS\JUNIOR\DROPBOX\APLICADA2-PIC\SOFTWARE\LCD-U-C-D-DECODER.ASM 355 : Found opcode in column 1. (CALL)
Warning[203] C:\USERS\JUNIOR\DROPBOX\APLICADA2-PIC\SOFTWARE\LCD-U-C-D-DECODER.ASM 356 : Found opcode in column 1. (CALL)
Warning[203] C:\USERS\JUNIOR\DROPBOX\APLICADA2-PIC\SOFTWARE\LCD-U-C-D-DECODER.ASM 357 : Found opcode in column 1. (MOVLW)
Warning[203] C:\USERS\JUNIOR\DROPBOX\APLICADA2-PIC\SOFTWARE\LCD-U-C-D-DECODER.ASM 358 : Found opcode in column 1. (CALL)
Warning[203] C:\USERS\JUNIOR\DROPBOX\APLICADA2-PIC\SOFTWARE\LCD-U-C-D-DECODER.ASM 359 : Found opcode in column 1. (MOVF)
Warning[203] C:\USERS\JUNIOR\DROPBOX\APLICADA2-PIC\SOFTWARE\LCD-U-C-D-DECODER.ASM 360 : Found opcode in column 1. (CALL)
Warning[203] C:\USERS\JUNIOR\DROPBOX\APLICADA2-PIC\SOFTWARE\LCD-U-C-D-DECODER.ASM 361 : Found opcode in column 1. (CALL)
Warning[203] C:\USERS\JUNIOR\DROPBOX\APLICADA2-PIC\SOFTWARE\LCD-U-C-D-DECODER.ASM 362 : Found opcode in column 1. (MOVF)
Warning[203] C:\USERS\JUNIOR\DROPBOX\APLICADA2-PIC\SOFTWARE\LCD-U-C-D-DECODER.ASM 363 : Found opcode in column 1. (CALL)
Warning[203] C:\USERS\JUNIOR\DROPBOX\APLICADA2-PIC\SOFTWARE\LCD-U-C-D-DECODER.ASM 364 : Found opcode in column 1. (CALL)
Warning[203] C:\USERS\JUNIOR\DROPBOX\APLICADA2-PIC\SOFTWARE\LCD-U-C-D-DECODER.ASM 365 : Found opcode in column 1. (RETURN)
Warning[203] C:\USERS\JUNIOR\DROPBOX\APLICADA2-PIC\SOFTWARE\LCD-U-C-D-DECODER.ASM 368 : Found opcode in column 1. (INCF)
Warning[203] C:\USERS\JUNIOR\DROPBOX\APLICADA2-PIC\SOFTWARE\LCD-U-C-D-DECODER.ASM 369 : Found opcode in column 1. (INCF)
Warning[203] C:\USERS\JUNIOR\DROPBOX\APLICADA2-PIC\SOFTWARE\LCD-U-C-D-DECODER.ASM 370 : Found opcode in column 1. (MOVLW)
Warning[203] C:\USERS\JUNIOR\DROPBOX\APLICADA2-PIC\SOFTWARE\LCD-U-C-D-DECODER.ASM 371 : Found opcode in column 1. (SUBWF)
Warning[203] C:\USERS\JUNIOR\DROPBOX\APLICADA2-PIC\SOFTWARE\LCD-U-C-D-DECODER.ASM 372 : Found opcode in column 1. (BTFSS)
Warning[203] C:\USERS\JUNIOR\DROPBOX\APLICADA2-PIC\SOFTWARE\LCD-U-C-D-DECODER.ASM 373 : Found opcode in column 1. (GOTO)
Warning[203] C:\USERS\JUNIOR\DROPBOX\APLICADA2-PIC\SOFTWARE\LCD-U-C-D-DECODER.ASM 375 : Found opcode in column 1. (MOVLW)
Warning[203] C:\USERS\JUNIOR\DROPBOX\APLICADA2-PIC\SOFTWARE\LCD-U-C-D-DECODER.ASM 376 : Found opcode in column 1. (MOVWF)
Warning[203] C:\USERS\JUNIOR\DROPBOX\APLICADA2-PIC\SOFTWARE\LCD-U-C-D-DECODER.ASM 377 : Found opcode in column 1. (INCF)
Warning[203] C:\USERS\JUNIOR\DROPBOX\APLICADA2-PIC\SOFTWARE\LCD-U-C-D-DECODER.ASM 378 : Found opcode in column 1. (MOVLW)
Warning[203] C:\USERS\JUNIOR\DROPBOX\APLICADA2-PIC\SOFTWARE\LCD-U-C-D-DECODER.ASM 379 : Found opcode in column 1. (SUBWF)
Warning[203] C:\USERS\JUNIOR\DROPBOX\APLICADA2-PIC\SOFTWARE\LCD-U-C-D-DECODER.ASM 380 : Found opcode in column 1. (BTFSS)
Warning[203] C:\USERS\JUNIOR\DROPBOX\APLICADA2-PIC\SOFTWARE\LCD-U-C-D-DECODER.ASM 381 : Found opcode in column 1. (GOTO)
Warning[203] C:\USERS\JUNIOR\DROPBOX\APLICADA2-PIC\SOFTWARE\LCD-U-C-D-DECODER.ASM 383 : Found opcode in column 1. (MOVLW)
Warning[203] C:\USERS\JUNIOR\DROPBOX\APLICADA2-PIC\SOFTWARE\LCD-U-C-D-DECODER.ASM 384 : Found opcode in column 1. (MOVWF)
Warning[203] C:\USERS\JUNIOR\DROPBOX\APLICADA2-PIC\SOFTWARE\LCD-U-C-D-DECODER.ASM 385 : Found opcode in column 1. (INCF)
Warning[203] C:\USERS\JUNIOR\DROPBOX\APLICADA2-PIC\SOFTWARE\LCD-U-C-D-DECODER.ASM 386 : Found opcode in column 1. (MOVLW)
Warning[203] C:\USERS\JUNIOR\DROPBOX\APLICADA2-PIC\SOFTWARE\LCD-U-C-D-DECODER.ASM 387 : Found opcode in column 1. (SUBWF)
Warning[203] C:\USERS\JUNIOR\DROPBOX\APLICADA2-PIC\SOFTWARE\LCD-U-C-D-DECODER.ASM 388 : Found opcode in column 1. (BTFSS)
Warning[203] C:\USERS\JUNIOR\DROPBOX\APLICADA2-PIC\SOFTWARE\LCD-U-C-D-DECODER.ASM 389 : Found opcode in column 1. (GOTO)
Warning[203] C:\USERS\JUNIOR\DROPBOX\APLICADA2-PIC\SOFTWARE\LCD-U-C-D-DECODER.ASM 390 : Found opcode in column 1. (RETURN)
Warning[203] C:\USERS\JUNIOR\DROPBOX\APLICADA2-PIC\SOFTWARE\LCD-U-C-D-DECODER.ASM 424 : Found opcode in column 1. (BTFSC)
Warning[203] C:\USERS\JUNIOR\DROPBOX\APLICADA2-PIC\SOFTWARE\LCD-U-C-D-DECODER.ASM 425 : Found opcode in column 1. (GOTO)
Warning[203] C:\USERS\JUNIOR\DROPBOX\APLICADA2-PIC\SOFTWARE\LCD-U-C-D-DECODER.ASM 426 : Found opcode in column 1. (GOTO)
Warning[203] C:\USERS\JUNIOR\DROPBOX\APLICADA2-PIC\SOFTWARE\LCD-U-C-D-DECODER.ASM 428 : Found opcode in column 1. (BTFSC)
Warning[203] C:\USERS\JUNIOR\DROPBOX\APLICADA2-PIC\SOFTWARE\LCD-U-C-D-DECODER.ASM 430 : Found opcode in column 1. (GOTO)
Warning[203] C:\USERS\JUNIOR\DROPBOX\APLICADA2-PIC\SOFTWARE\LCD-U-C-D-DECODER.ASM 432 : Found opcode in column 1. (BTFSC)
Warning[203] C:\USERS\JUNIOR\DROPBOX\APLICADA2-PIC\SOFTWARE\LCD-U-C-D-DECODER.ASM 433 : Found opcode in column 1. (GOTO)
Warning[203] C:\USERS\JUNIOR\DROPBOX\APLICADA2-PIC\SOFTWARE\LCD-U-C-D-DECODER.ASM 434 : Found opcode in column 1. (GOTO)
Warning[203] C:\USERS\JUNIOR\DROPBOX\APLICADA2-PIC\SOFTWARE\LCD-U-C-D-DECODER.ASM 436 : Found opcode in column 1. (BTFSC)
Warning[203] C:\USERS\JUNIOR\DROPBOX\APLICADA2-PIC\SOFTWARE\LCD-U-C-D-DECODER.ASM 437 : Found opcode in column 1. (GOTO)
Warning[203] C:\USERS\JUNIOR\DROPBOX\APLICADA2-PIC\SOFTWARE\LCD-U-C-D-DECODER.ASM 438 : Found opcode in column 1. (GOTO)
Warning[203] C:\USERS\JUNIOR\DROPBOX\APLICADA2-PIC\SOFTWARE\LCD-U-C-D-DECODER.ASM 439 : Found opcode in column 1. (GOTO)
Warning[203] C:\USERS\JUNIOR\DROPBOX\APLICADA2-PIC\SOFTWARE\LCD-U-C-D-DECODER.ASM 443 : Found opcode in column 1. (MOVF)
Warning[203] C:\USERS\JUNIOR\DROPBOX\APLICADA2-PIC\SOFTWARE\LCD-U-C-D-DECODER.ASM 444 : Found opcode in column 1. (MOVWF)
Warning[203] C:\USERS\JUNIOR\DROPBOX\APLICADA2-PIC\SOFTWARE\LCD-U-C-D-DECODER.ASM 445 : Found opcode in column 1. (MOVLW)
Warning[203] C:\USERS\JUNIOR\DROPBOX\APLICADA2-PIC\SOFTWARE\LCD-U-C-D-DECODER.ASM 446 : Found opcode in column 1. (ADDWF)
Warning[203] C:\USERS\JUNIOR\DROPBOX\APLICADA2-PIC\SOFTWARE\LCD-U-C-D-DECODER.ASM 447 : Found opcode in column 1. (MOVWF)
Warning[203] C:\USERS\JUNIOR\DROPBOX\APLICADA2-PIC\SOFTWARE\LCD-U-C-D-DECODER.ASM 448 : Found opcode in column 1. (CALL)
Warning[203] C:\USERS\JUNIOR\DROPBOX\APLICADA2-PIC\SOFTWARE\LCD-U-C-D-DECODER.ASM 449 : Found opcode in column 1. (GOTO)
Warning[203] C:\USERS\JUNIOR\DROPBOX\APLICADA2-PIC\SOFTWARE\LCD-U-C-D-DECODER.ASM 454 : Found opcode in column 1. (MOVF)
Warning[203] C:\USERS\JUNIOR\DROPBOX\APLICADA2-PIC\SOFTWARE\LCD-U-C-D-DECODER.ASM 455 : Found opcode in column 1. (MOVWF)
Warning[203] C:\USERS\JUNIOR\DROPBOX\APLICADA2-PIC\SOFTWARE\LCD-U-C-D-DECODER.ASM 456 : Found opcode in column 1. (MOVLW)
Warning[203] C:\USERS\JUNIOR\DROPBOX\APLICADA2-PIC\SOFTWARE\LCD-U-C-D-DECODER.ASM 457 : Found opcode in column 1. (SUBWF)
Warning[203] C:\USERS\JUNIOR\DROPBOX\APLICADA2-PIC\SOFTWARE\LCD-U-C-D-DECODER.ASM 458 : Found opcode in column 1. (MOVWF)
Warning[203] C:\USERS\JUNIOR\DROPBOX\APLICADA2-PIC\SOFTWARE\LCD-U-C-D-DECODER.ASM 459 : Found opcode in column 1. (CALL)
Warning[203] C:\USERS\JUNIOR\DROPBOX\APLICADA2-PIC\SOFTWARE\LCD-U-C-D-DECODER.ASM 460 : Found opcode in column 1. (GOTO)
Warning[203] C:\USERS\JUNIOR\DROPBOX\APLICADA2-PIC\SOFTWARE\LCD-U-C-D-DECODER.ASM 465 : Found opcode in column 1. (MOVLW)
Warning[203] C:\USERS\JUNIOR\DROPBOX\APLICADA2-PIC\SOFTWARE\LCD-U-C-D-DECODER.ASM 466 : Found opcode in column 1. (ADDWF)
Warning[203] C:\USERS\JUNIOR\DROPBOX\APLICADA2-PIC\SOFTWARE\LCD-U-C-D-DECODER.ASM 467 : Found opcode in column 1. (BTFSC)
Warning[203] C:\USERS\JUNIOR\DROPBOX\APLICADA2-PIC\SOFTWARE\LCD-U-C-D-DECODER.ASM 468 : Found opcode in column 1. (INCF)
Warning[203] C:\USERS\JUNIOR\DROPBOX\APLICADA2-PIC\SOFTWARE\LCD-U-C-D-DECODER.ASM 470 : Found opcode in column 1. (BTFSC)
Warning[203] C:\USERS\JUNIOR\DROPBOX\APLICADA2-PIC\SOFTWARE\LCD-U-C-D-DECODER.ASM 471 : Found opcode in column 1. (BSF)
Warning[203] C:\USERS\JUNIOR\DROPBOX\APLICADA2-PIC\SOFTWARE\LCD-U-C-D-DECODER.ASM 472 : Found opcode in column 1. (BTFSS)
Warning[203] C:\USERS\JUNIOR\DROPBOX\APLICADA2-PIC\SOFTWARE\LCD-U-C-D-DECODER.ASM 473 : Found opcode in column 1. (BCF)
Warning[203] C:\USERS\JUNIOR\DROPBOX\APLICADA2-PIC\SOFTWARE\LCD-U-C-D-DECODER.ASM 474 : Found opcode in column 1. (BTFSC)
Warning[203] C:\USERS\JUNIOR\DROPBOX\APLICADA2-PIC\SOFTWARE\LCD-U-C-D-DECODER.ASM 475 : Found opcode in column 1. (BSF)
Warning[203] C:\USERS\JUNIOR\DROPBOX\APLICADA2-PIC\SOFTWARE\LCD-U-C-D-DECODER.ASM 476 : Found opcode in column 1. (BTFSS)
Warning[203] C:\USERS\JUNIOR\DROPBOX\APLICADA2-PIC\SOFTWARE\LCD-U-C-D-DECODER.ASM 477 : Found opcode in column 1. (BCF)
Warning[203] C:\USERS\JUNIOR\DROPBOX\APLICADA2-PIC\SOFTWARE\LCD-U-C-D-DECODER.ASM 478 : Found opcode in column 1. (BTFSC)
Warning[203] C:\USERS\JUNIOR\DROPBOX\APLICADA2-PIC\SOFTWARE\LCD-U-C-D-DECODER.ASM 479 : Found opcode in column 1. (BSF)
Warning[203] C:\USERS\JUNIOR\DROPBOX\APLICADA2-PIC\SOFTWARE\LCD-U-C-D-DECODER.ASM 480 : Found opcode in column 1. (BTFSS)
Warning[203] C:\USERS\JUNIOR\DROPBOX\APLICADA2-PIC\SOFTWARE\LCD-U-C-D-DECODER.ASM 481 : Found opcode in column 1. (BCF)
Warning[203] C:\USERS\JUNIOR\DROPBOX\APLICADA2-PIC\SOFTWARE\LCD-U-C-D-DECODER.ASM 482 : Found opcode in column 1. (BTFSC)
Warning[203] C:\USERS\JUNIOR\DROPBOX\APLICADA2-PIC\SOFTWARE\LCD-U-C-D-DECODER.ASM 484 : Found opcode in column 1. (BTFSS)
Warning[203] C:\USERS\JUNIOR\DROPBOX\APLICADA2-PIC\SOFTWARE\LCD-U-C-D-DECODER.ASM 485 : Found opcode in column 1. (BCF)
Warning[203] C:\USERS\JUNIOR\DROPBOX\APLICADA2-PIC\SOFTWARE\LCD-U-C-D-DECODER.ASM 486 : Found opcode in column 1. (BTFSC)
Warning[203] C:\USERS\JUNIOR\DROPBOX\APLICADA2-PIC\SOFTWARE\LCD-U-C-D-DECODER.ASM 487 : Found opcode in column 1. (BSF)
Warning[203] C:\USERS\JUNIOR\DROPBOX\APLICADA2-PIC\SOFTWARE\LCD-U-C-D-DECODER.ASM 488 : Found opcode in column 1. (BTFSS)
Warning[203] C:\USERS\JUNIOR\DROPBOX\APLICADA2-PIC\SOFTWARE\LCD-U-C-D-DECODER.ASM 489 : Found opcode in column 1. (BCF)
Warning[203] C:\USERS\JUNIOR\DROPBOX\APLICADA2-PIC\SOFTWARE\LCD-U-C-D-DECODER.ASM 490 : Found opcode in column 1. (BTFSC)
Warning[203] C:\USERS\JUNIOR\DROPBOX\APLICADA2-PIC\SOFTWARE\LCD-U-C-D-DECODER.ASM 491 : Found opcode in column 1. (BSF)
Warning[203] C:\USERS\JUNIOR\DROPBOX\APLICADA2-PIC\SOFTWARE\LCD-U-C-D-DECODER.ASM 492 : Found opcode in column 1. (BTFSS)
Warning[203] C:\USERS\JUNIOR\DROPBOX\APLICADA2-PIC\SOFTWARE\LCD-U-C-D-DECODER.ASM 493 : Found opcode in column 1. (BCF)
Warning[203] C:\USERS\JUNIOR\DROPBOX\APLICADA2-PIC\SOFTWARE\LCD-U-C-D-DECODER.ASM 494 : Found opcode in column 1. (BTFSC)
Warning[203] C:\USERS\JUNIOR\DROPBOX\APLICADA2-PIC\SOFTWARE\LCD-U-C-D-DECODER.ASM 495 : Found opcode in column 1. (BSF)
Warning[203] C:\USERS\JUNIOR\DROPBOX\APLICADA2-PIC\SOFTWARE\LCD-U-C-D-DECODER.ASM 497 : Found opcode in column 1. (BCF)
Warning[203] C:\USERS\JUNIOR\DROPBOX\APLICADA2-PIC\SOFTWARE\LCD-U-C-D-DECODER.ASM 498 : Found opcode in column 1. (BTFSC)
Warning[203] C:\USERS\JUNIOR\DROPBOX\APLICADA2-PIC\SOFTWARE\LCD-U-C-D-DECODER.ASM 499 : Found opcode in column 1. (BSF)
Warning[203] C:\USERS\JUNIOR\DROPBOX\APLICADA2-PIC\SOFTWARE\LCD-U-C-D-DECODER.ASM 500 : Found opcode in column 1. (BTFSS)
Warning[203] C:\USERS\JUNIOR\DROPBOX\APLICADA2-PIC\SOFTWARE\LCD-U-C-D-DECODER.ASM 501 : Found opcode in column 1. (BCF)
Warning[203] C:\USERS\JUNIOR\DROPBOX\APLICADA2-PIC\SOFTWARE\LCD-U-C-D-DECODER.ASM 502 : Found opcode in column 1. (BTFSC)
Warning[203] C:\USERS\JUNIOR\DROPBOX\APLICADA2-PIC\SOFTWARE\LCD-U-C-D-DECODER.ASM 503 : Found opcode in column 1. (BSF)
Warning[203] C:\USERS\JUNIOR\DROPBOX\APLICADA2-PIC\SOFTWARE\LCD-U-C-D-DECODER.ASM 504 : Found opcode in column 1. (BTFSS)
Warning[203] C:\USERS\JUNIOR\DROPBOX\APLICADA2-PIC\SOFTWARE\LCD-U-C-D-DECODER.ASM 505 : Found opcode in column 1. (BCF)
Warning[203] C:\USERS\JUNIOR\DROPBOX\APLICADA2-PIC\SOFTWARE\LCD-U-C-D-DECODER.ASM 506 : Found opcode in column 1. (BTFSC)
Warning[203] C:\USERS\JUNIOR\DROPBOX\APLICADA2-PIC\SOFTWARE\LCD-U-C-D-DECODER.ASM 507 : Found opcode in column 1. (BSF)
Warning[203] C:\USERS\JUNIOR\DROPBOX\APLICADA2-PIC\SOFTWARE\LCD-U-C-D-DECODER.ASM 508 : Found opcode in column 1. (BTFSS)
Warning[203] C:\USERS\JUNIOR\DROPBOX\APLICADA2-PIC\SOFTWARE\LCD-U-C-D-DECODER.ASM 510 : Found opcode in column 1. (CALL)
Warning[203] C:\USERS\JUNIOR\DROPBOX\APLICADA2-PIC\SOFTWARE\LCD-U-C-D-DECODER.ASM 511 : Found opcode in column 1. (GOTO)
Warning[203] C:\USERS\JUNIOR\DROPBOX\APLICADA2-PIC\SOFTWARE\LCD-U-C-D-DECODER.ASM 517 : Found opcode in column 1. (MOVLW)
Warning[203] C:\USERS\JUNIOR\DROPBOX\APLICADA2-PIC\SOFTWARE\LCD-U-C-D-DECODER.ASM 518 : Found opcode in column 1. (SUBWF)
Warning[203] C:\USERS\JUNIOR\DROPBOX\APLICADA2-PIC\SOFTWARE\LCD-U-C-D-DECODER.ASM 519 : Found opcode in column 1. (BTFSC)
Warning[203] C:\USERS\JUNIOR\DROPBOX\APLICADA2-PIC\SOFTWARE\LCD-U-C-D-DECODER.ASM 520 : Found opcode in column 1. (DECF)
Warning[203] C:\USERS\JUNIOR\DROPBOX\APLICADA2-PIC\SOFTWARE\LCD-U-C-D-DECODER.ASM 522 : Found opcode in column 1. (BTFSC)
Warning[203] C:\USERS\JUNIOR\DROPBOX\APLICADA2-PIC\SOFTWARE\LCD-U-C-D-DECODER.ASM 523 : Found opcode in column 1. (BSF)
Warning[203] C:\USERS\JUNIOR\DROPBOX\APLICADA2-PIC\SOFTWARE\LCD-U-C-D-DECODER.ASM 524 : Found opcode in column 1. (BTFSS)
Warning[203] C:\USERS\JUNIOR\DROPBOX\APLICADA2-PIC\SOFTWARE\LCD-U-C-D-DECODER.ASM 525 : Found opcode in column 1. (BCF)
Warning[203] C:\USERS\JUNIOR\DROPBOX\APLICADA2-PIC\SOFTWARE\LCD-U-C-D-DECODER.ASM 526 : Found opcode in column 1. (BTFSC)
Warning[203] C:\USERS\JUNIOR\DROPBOX\APLICADA2-PIC\SOFTWARE\LCD-U-C-D-DECODER.ASM 527 : Found opcode in column 1. (BSF)
Warning[203] C:\USERS\JUNIOR\DROPBOX\APLICADA2-PIC\SOFTWARE\LCD-U-C-D-DECODER.ASM 528 : Found opcode in column 1. (BTFSS)
Warning[203] C:\USERS\JUNIOR\DROPBOX\APLICADA2-PIC\SOFTWARE\LCD-U-C-D-DECODER.ASM 529 : Found opcode in column 1. (BCF)
Warning[203] C:\USERS\JUNIOR\DROPBOX\APLICADA2-PIC\SOFTWARE\LCD-U-C-D-DECODER.ASM 530 : Found opcode in column 1. (BTFSC)
Warning[203] C:\USERS\JUNIOR\DROPBOX\APLICADA2-PIC\SOFTWARE\LCD-U-C-D-DECODER.ASM 531 : Found opcode in column 1. (BSF)
Warning[203] C:\USERS\JUNIOR\DROPBOX\APLICADA2-PIC\SOFTWARE\LCD-U-C-D-DECODER.ASM 532 : Found opcode in column 1. (BTFSS)
Warning[203] C:\USERS\JUNIOR\DROPBOX\APLICADA2-PIC\SOFTWARE\LCD-U-C-D-DECODER.ASM 533 : Found opcode in column 1. (BCF)
Warning[203] C:\USERS\JUNIOR\DROPBOX\APLICADA2-PIC\SOFTWARE\LCD-U-C-D-DECODER.ASM 534 : Found opcode in column 1. (BTFSC)
Warning[203] C:\USERS\JUNIOR\DROPBOX\APLICADA2-PIC\SOFTWARE\LCD-U-C-D-DECODER.ASM 535 : Found opcode in column 1. (BSF)
Warning[203] C:\USERS\JUNIOR\DROPBOX\APLICADA2-PIC\SOFTWARE\LCD-U-C-D-DECODER.ASM 536 : Found opcode in column 1. (BTFSS)
Warning[203] C:\USERS\JUNIOR\DROPBOX\APLICADA2-PIC\SOFTWARE\LCD-U-C-D-DECODER.ASM 537 : Found opcode in column 1. (BCF)
Warning[203] C:\USERS\JUNIOR\DROPBOX\APLICADA2-PIC\SOFTWARE\LCD-U-C-D-DECODER.ASM 538 : Found opcode in column 1. (BTFSC)
Warning[203] C:\USERS\JUNIOR\DROPBOX\APLICADA2-PIC\SOFTWARE\LCD-U-C-D-DECODER.ASM 540 : Found opcode in column 1. (BTFSS)
Warning[203] C:\USERS\JUNIOR\DROPBOX\APLICADA2-PIC\SOFTWARE\LCD-U-C-D-DECODER.ASM 541 : Found opcode in column 1. (BCF)
Warning[203] C:\USERS\JUNIOR\DROPBOX\APLICADA2-PIC\SOFTWARE\LCD-U-C-D-DECODER.ASM 542 : Found opcode in column 1. (BTFSC)
Warning[203] C:\USERS\JUNIOR\DROPBOX\APLICADA2-PIC\SOFTWARE\LCD-U-C-D-DECODER.ASM 543 : Found opcode in column 1. (BSF)
Warning[203] C:\USERS\JUNIOR\DROPBOX\APLICADA2-PIC\SOFTWARE\LCD-U-C-D-DECODER.ASM 544 : Found opcode in column 1. (BTFSS)
Warning[203] C:\USERS\JUNIOR\DROPBOX\APLICADA2-PIC\SOFTWARE\LCD-U-C-D-DECODER.ASM 545 : Found opcode in column 1. (BCF)
Warning[203] C:\USERS\JUNIOR\DROPBOX\APLICADA2-PIC\SOFTWARE\LCD-U-C-D-DECODER.ASM 546 : Found opcode in column 1. (BTFSC)
Warning[203] C:\USERS\JUNIOR\DROPBOX\APLICADA2-PIC\SOFTWARE\LCD-U-C-D-DECODER.ASM 547 : Found opcode in column 1. (BSF)
Warning[203] C:\USERS\JUNIOR\DROPBOX\APLICADA2-PIC\SOFTWARE\LCD-U-C-D-DECODER.ASM 548 : Found opcode in column 1. (BTFSS)
Warning[203] C:\USERS\JUNIOR\DROPBOX\APLICADA2-PIC\SOFTWARE\LCD-U-C-D-DECODER.ASM 549 : Found opcode in column 1. (BCF)
Warning[203] C:\USERS\JUNIOR\DROPBOX\APLICADA2-PIC\SOFTWARE\LCD-U-C-D-DECODER.ASM 550 : Found opcode in column 1. (BTFSC)
Warning[203] C:\USERS\JUNIOR\DROPBOX\APLICADA2-PIC\SOFTWARE\LCD-U-C-D-DECODER.ASM 551 : Found opcode in column 1. (BSF)
Warning[203] C:\USERS\JUNIOR\DROPBOX\APLICADA2-PIC\SOFTWARE\LCD-U-C-D-DECODER.ASM 553 : Found opcode in column 1. (BCF)
Warning[203] C:\USERS\JUNIOR\DROPBOX\APLICADA2-PIC\SOFTWARE\LCD-U-C-D-DECODER.ASM 554 : Found opcode in column 1. (BTFSC)
Warning[203] C:\USERS\JUNIOR\DROPBOX\APLICADA2-PIC\SOFTWARE\LCD-U-C-D-DECODER.ASM 555 : Found opcode in column 1. (BSF)
Warning[203] C:\USERS\JUNIOR\DROPBOX\APLICADA2-PIC\SOFTWARE\LCD-U-C-D-DECODER.ASM 556 : Found opcode in column 1. (BTFSS)
Warning[203] C:\USERS\JUNIOR\DROPBOX\APLICADA2-PIC\SOFTWARE\LCD-U-C-D-DECODER.ASM 557 : Found opcode in column 1. (BCF)
Warning[203] C:\USERS\JUNIOR\DROPBOX\APLICADA2-PIC\SOFTWARE\LCD-U-C-D-DECODER.ASM 558 : Found opcode in column 1. (BTFSC)
Warning[203] C:\USERS\JUNIOR\DROPBOX\APLICADA2-PIC\SOFTWARE\LCD-U-C-D-DECODER.ASM 559 : Found opcode in column 1. (BSF)
Warning[203] C:\USERS\JUNIOR\DROPBOX\APLICADA2-PIC\SOFTWARE\LCD-U-C-D-DECODER.ASM 560 : Found opcode in column 1. (BTFSS)
Warning[203] C:\USERS\JUNIOR\DROPBOX\APLICADA2-PIC\SOFTWARE\LCD-U-C-D-DECODER.ASM 561 : Found opcode in column 1. (BCF)
Warning[203] C:\USERS\JUNIOR\DROPBOX\APLICADA2-PIC\SOFTWARE\LCD-U-C-D-DECODER.ASM 562 : Found opcode in column 1. (CALL)
Warning[203] C:\USERS\JUNIOR\DROPBOX\APLICADA2-PIC\SOFTWARE\LCD-U-C-D-DECODER.ASM 563 : Found opcode in column 1. (GOTO)
