Warning[205] C:\USERS\ARNALDO\DROPBOX\TIAGAOPIC\LCDPWMAD.ASM 3 : Found directive in column 1. (__CONFIG)
Warning[205] C:\USERS\ARNALDO\DROPBOX\TIAGAOPIC\LCDPWMAD.ASM 25 : Found directive in column 1. (ORG)
Warning[203] C:\USERS\ARNALDO\DROPBOX\TIAGAOPIC\LCDPWMAD.ASM 26 : Found opcode in column 1. (GOTO)
Warning[203] C:\USERS\ARNALDO\DROPBOX\TIAGAOPIC\LCDPWMAD.ASM 36 : Found opcode in column 1. (CLRF)
Warning[203] C:\USERS\ARNALDO\DROPBOX\TIAGAOPIC\LCDPWMAD.ASM 37 : Found opcode in column 1. (CLRF)
Warning[203] C:\USERS\ARNALDO\DROPBOX\TIAGAOPIC\LCDPWMAD.ASM 38 : Found opcode in column 1. (CLRF)
Warning[203] C:\USERS\ARNALDO\DROPBOX\TIAGAOPIC\LCDPWMAD.ASM 39 : Found opcode in column 1. (CLRF)
Warning[203] C:\USERS\ARNALDO\DROPBOX\TIAGAOPIC\LCDPWMAD.ASM 40 : Found opcode in column 1. (CLRF)
Warning[203] C:\USERS\ARNALDO\DROPBOX\TIAGAOPIC\LCDPWMAD.ASM 42 : Found opcode in column 1. (BSF)
Warning[203] C:\USERS\ARNALDO\DROPBOX\TIAGAOPIC\LCDPWMAD.ASM 43 : Found opcode in column 1. (MOVLW)
Warning[203] C:\USERS\ARNALDO\DROPBOX\TIAGAOPIC\LCDPWMAD.ASM 44 : Found opcode in column 1. (MOVWF)
Message[302] C:\USERS\ARNALDO\DROPBOX\TIAGAOPIC\LCDPWMAD.ASM 44 : Register in operand not in bank 0.  Ensure that bank bits are correct.
Warning[203] C:\USERS\ARNALDO\DROPBOX\TIAGAOPIC\LCDPWMAD.ASM 45 : Found opcode in column 1. (MOVLW)
Warning[203] C:\USERS\ARNALDO\DROPBOX\TIAGAOPIC\LCDPWMAD.ASM 46 : Found opcode in column 1. (MOVWF)
Message[302] C:\USERS\ARNALDO\DROPBOX\TIAGAOPIC\LCDPWMAD.ASM 46 : Register in operand not in bank 0.  Ensure that bank bits are correct.
Warning[203] C:\USERS\ARNALDO\DROPBOX\TIAGAOPIC\LCDPWMAD.ASM 47 : Found opcode in column 1. (MOVLW)
Warning[203] C:\USERS\ARNALDO\DROPBOX\TIAGAOPIC\LCDPWMAD.ASM 48 : Found opcode in column 1. (MOVWF)
Message[302] C:\USERS\ARNALDO\DROPBOX\TIAGAOPIC\LCDPWMAD.ASM 48 : Register in operand not in bank 0.  Ensure that bank bits are correct.
Warning[203] C:\USERS\ARNALDO\DROPBOX\TIAGAOPIC\LCDPWMAD.ASM 49 : Found opcode in column 1. (MOVLW)
Warning[203] C:\USERS\ARNALDO\DROPBOX\TIAGAOPIC\LCDPWMAD.ASM 50 : Found opcode in column 1. (MOVWF)
Message[302] C:\USERS\ARNALDO\DROPBOX\TIAGAOPIC\LCDPWMAD.ASM 50 : Register in operand not in bank 0.  Ensure that bank bits are correct.
Warning[203] C:\USERS\ARNALDO\DROPBOX\TIAGAOPIC\LCDPWMAD.ASM 51 : Found opcode in column 1. (MOVLW)
Warning[203] C:\USERS\ARNALDO\DROPBOX\TIAGAOPIC\LCDPWMAD.ASM 52 : Found opcode in column 1. (MOVWF)
Message[302] C:\USERS\ARNALDO\DROPBOX\TIAGAOPIC\LCDPWMAD.ASM 52 : Register in operand not in bank 0.  Ensure that bank bits are correct.
Warning[203] C:\USERS\ARNALDO\DROPBOX\TIAGAOPIC\LCDPWMAD.ASM 53 : Found opcode in column 1. (MOVLW)
Warning[203] C:\USERS\ARNALDO\DROPBOX\TIAGAOPIC\LCDPWMAD.ASM 54 : Found opcode in column 1. (MOVWF)
Message[302] C:\USERS\ARNALDO\DROPBOX\TIAGAOPIC\LCDPWMAD.ASM 54 : Register in operand not in bank 0.  Ensure that bank bits are correct.
Warning[203] C:\USERS\ARNALDO\DROPBOX\TIAGAOPIC\LCDPWMAD.ASM 55 : Found opcode in column 1. (MOVLW)
Warning[203] C:\USERS\ARNALDO\DROPBOX\TIAGAOPIC\LCDPWMAD.ASM 56 : Found opcode in column 1. (MOVWF)
Warning[203] C:\USERS\ARNALDO\DROPBOX\TIAGAOPIC\LCDPWMAD.ASM 57 : Found opcode in column 1. (MOVLW)
Warning[203] C:\USERS\ARNALDO\DROPBOX\TIAGAOPIC\LCDPWMAD.ASM 58 : Found opcode in column 1. (MOVWF)
Message[302] C:\USERS\ARNALDO\DROPBOX\TIAGAOPIC\LCDPWMAD.ASM 58 : Register in operand not in bank 0.  Ensure that bank bits are correct.
Warning[203] C:\USERS\ARNALDO\DROPBOX\TIAGAOPIC\LCDPWMAD.ASM 59 : Found opcode in column 1. (MOVLW)
Warning[203] C:\USERS\ARNALDO\DROPBOX\TIAGAOPIC\LCDPWMAD.ASM 60 : Found opcode in column 1. (MOVWF)
Message[302] C:\USERS\ARNALDO\DROPBOX\TIAGAOPIC\LCDPWMAD.ASM 60 : Register in operand not in bank 0.  Ensure that bank bits are correct.
Warning[203] C:\USERS\ARNALDO\DROPBOX\TIAGAOPIC\LCDPWMAD.ASM 61 : Found opcode in column 1. (BCF)
Warning[203] C:\USERS\ARNALDO\DROPBOX\TIAGAOPIC\LCDPWMAD.ASM 65 : Found opcode in column 1. (MOVLW)
Warning[203] C:\USERS\ARNALDO\DROPBOX\TIAGAOPIC\LCDPWMAD.ASM 66 : Found opcode in column 1. (MOVWF)
Warning[203] C:\USERS\ARNALDO\DROPBOX\TIAGAOPIC\LCDPWMAD.ASM 67 : Found opcode in column 1. (MOVWF)
Warning[203] C:\USERS\ARNALDO\DROPBOX\TIAGAOPIC\LCDPWMAD.ASM 68 : Found opcode in column 1. (CLRF)
Warning[203] C:\USERS\ARNALDO\DROPBOX\TIAGAOPIC\LCDPWMAD.ASM 69 : Found opcode in column 1. (CLRF)
Warning[203] C:\USERS\ARNALDO\DROPBOX\TIAGAOPIC\LCDPWMAD.ASM 70 : Found opcode in column 1. (BSF)
Warning[203] C:\USERS\ARNALDO\DROPBOX\TIAGAOPIC\LCDPWMAD.ASM 71 : Found opcode in column 1. (MOVLW)
Warning[203] C:\USERS\ARNALDO\DROPBOX\TIAGAOPIC\LCDPWMAD.ASM 72 : Found opcode in column 1. (MOVWF)
Message[302] C:\USERS\ARNALDO\DROPBOX\TIAGAOPIC\LCDPWMAD.ASM 72 : Register in operand not in bank 0.  Ensure that bank bits are correct.
Warning[203] C:\USERS\ARNALDO\DROPBOX\TIAGAOPIC\LCDPWMAD.ASM 73 : Found opcode in column 1. (BCF)
Warning[203] C:\USERS\ARNALDO\DROPBOX\TIAGAOPIC\LCDPWMAD.ASM 74 : Found opcode in column 1. (BSF)
Warning[203] C:\USERS\ARNALDO\DROPBOX\TIAGAOPIC\LCDPWMAD.ASM 77 : Found opcode in column 1. (MOVLW)
Warning[203] C:\USERS\ARNALDO\DROPBOX\TIAGAOPIC\LCDPWMAD.ASM 78 : Found opcode in column 1. (MOVWF)
Warning[203] C:\USERS\ARNALDO\DROPBOX\TIAGAOPIC\LCDPWMAD.ASM 79 : Found opcode in column 1. (BSF)
Warning[203] C:\USERS\ARNALDO\DROPBOX\TIAGAOPIC\LCDPWMAD.ASM 80 : Found opcode in column 1. (MOVLW)
Warning[203] C:\USERS\ARNALDO\DROPBOX\TIAGAOPIC\LCDPWMAD.ASM 81 : Found opcode in column 1. (BCF)
Warning[203] C:\USERS\ARNALDO\DROPBOX\TIAGAOPIC\LCDPWMAD.ASM 82 : Found opcode in column 1. (GOTO)
Warning[203] C:\USERS\ARNALDO\DROPBOX\TIAGAOPIC\LCDPWMAD.ASM 89 : Found opcode in column 1. (MOVLW)
Warning[203] C:\USERS\ARNALDO\DROPBOX\TIAGAOPIC\LCDPWMAD.ASM 90 : Found opcode in column 1. (MOVWF)
Warning[203] C:\USERS\ARNALDO\DROPBOX\TIAGAOPIC\LCDPWMAD.ASM 92 : Found opcode in column 1. (MOVLW)
Warning[203] C:\USERS\ARNALDO\DROPBOX\TIAGAOPIC\LCDPWMAD.ASM 93 : Found opcode in column 1. (MOVWF)
Warning[203] C:\USERS\ARNALDO\DROPBOX\TIAGAOPIC\LCDPWMAD.ASM 95 : Found opcode in column 1. (DECF)
Warning[203] C:\USERS\ARNALDO\DROPBOX\TIAGAOPIC\LCDPWMAD.ASM 96 : Found opcode in column 1. (BTFSS)
Warning[203] C:\USERS\ARNALDO\DROPBOX\TIAGAOPIC\LCDPWMAD.ASM 98 : Found opcode in column 1. (DECF)
Warning[203] C:\USERS\ARNALDO\DROPBOX\TIAGAOPIC\LCDPWMAD.ASM 99 : Found opcode in column 1. (BTFSS)
Warning[203] C:\USERS\ARNALDO\DROPBOX\TIAGAOPIC\LCDPWMAD.ASM 100 : Found opcode in column 1. (GOTO)
Warning[203] C:\USERS\ARNALDO\DROPBOX\TIAGAOPIC\LCDPWMAD.ASM 101 : Found opcode in column 1. (RETURN)
Warning[203] C:\USERS\ARNALDO\DROPBOX\TIAGAOPIC\LCDPWMAD.ASM 104 : Found opcode in column 1. (MOVLW)
Warning[203] C:\USERS\ARNALDO\DROPBOX\TIAGAOPIC\LCDPWMAD.ASM 105 : Found opcode in column 1. (MOVWF)
Warning[203] C:\USERS\ARNALDO\DROPBOX\TIAGAOPIC\LCDPWMAD.ASM 107 : Found opcode in column 1. (MOVLW)
Warning[203] C:\USERS\ARNALDO\DROPBOX\TIAGAOPIC\LCDPWMAD.ASM 108 : Found opcode in column 1. (MOVWF)
Warning[203] C:\USERS\ARNALDO\DROPBOX\TIAGAOPIC\LCDPWMAD.ASM 110 : Found opcode in column 1. (DECF)
Warning[203] C:\USERS\ARNALDO\DROPBOX\TIAGAOPIC\LCDPWMAD.ASM 111 : Found opcode in column 1. (BTFSS)
Warning[203] C:\USERS\ARNALDO\DROPBOX\TIAGAOPIC\LCDPWMAD.ASM 113 : Found opcode in column 1. (DECF)
Warning[203] C:\USERS\ARNALDO\DROPBOX\TIAGAOPIC\LCDPWMAD.ASM 114 : Found opcode in column 1. (BTFSS)
Warning[203] C:\USERS\ARNALDO\DROPBOX\TIAGAOPIC\LCDPWMAD.ASM 115 : Found opcode in column 1. (GOTO)
Warning[203] C:\USERS\ARNALDO\DROPBOX\TIAGAOPIC\LCDPWMAD.ASM 116 : Found opcode in column 1. (RETURN)
Warning[203] C:\USERS\ARNALDO\DROPBOX\TIAGAOPIC\LCDPWMAD.ASM 120 : Found opcode in column 1. (BCF)
Warning[203] C:\USERS\ARNALDO\DROPBOX\TIAGAOPIC\LCDPWMAD.ASM 121 : Found opcode in column 1. (NOP)
Warning[203] C:\USERS\ARNALDO\DROPBOX\TIAGAOPIC\LCDPWMAD.ASM 122 : Found opcode in column 1. (MOVWF)
Warning[203] C:\USERS\ARNALDO\DROPBOX\TIAGAOPIC\LCDPWMAD.ASM 123 : Found opcode in column 1. (NOP)
Warning[203] C:\USERS\ARNALDO\DROPBOX\TIAGAOPIC\LCDPWMAD.ASM 125 : Found opcode in column 1. (BSF)
Warning[203] C:\USERS\ARNALDO\DROPBOX\TIAGAOPIC\LCDPWMAD.ASM 126 : Found opcode in column 1. (NOP)
Warning[203] C:\USERS\ARNALDO\DROPBOX\TIAGAOPIC\LCDPWMAD.ASM 127 : Found opcode in column 1. (NOP)
Warning[203] C:\USERS\ARNALDO\DROPBOX\TIAGAOPIC\LCDPWMAD.ASM 128 : Found opcode in column 1. (BCF)
Warning[203] C:\USERS\ARNALDO\DROPBOX\TIAGAOPIC\LCDPWMAD.ASM 129 : Found opcode in column 1. (CALL)
Warning[203] C:\USERS\ARNALDO\DROPBOX\TIAGAOPIC\LCDPWMAD.ASM 130 : Found opcode in column 1. (RETURN)
Warning[203] C:\USERS\ARNALDO\DROPBOX\TIAGAOPIC\LCDPWMAD.ASM 132 : Found opcode in column 1. (BSF)
Warning[203] C:\USERS\ARNALDO\DROPBOX\TIAGAOPIC\LCDPWMAD.ASM 133 : Found opcode in column 1. (NOP)
Warning[203] C:\USERS\ARNALDO\DROPBOX\TIAGAOPIC\LCDPWMAD.ASM 134 : Found opcode in column 1. (MOVWF)
Warning[203] C:\USERS\ARNALDO\DROPBOX\TIAGAOPIC\LCDPWMAD.ASM 136 : Found opcode in column 1. (NOP)
Warning[203] C:\USERS\ARNALDO\DROPBOX\TIAGAOPIC\LCDPWMAD.ASM 137 : Found opcode in column 1. (BSF)
Warning[203] C:\USERS\ARNALDO\DROPBOX\TIAGAOPIC\LCDPWMAD.ASM 138 : Found opcode in column 1. (NOP)
Warning[203] C:\USERS\ARNALDO\DROPBOX\TIAGAOPIC\LCDPWMAD.ASM 139 : Found opcode in column 1. (NOP)
Warning[203] C:\USERS\ARNALDO\DROPBOX\TIAGAOPIC\LCDPWMAD.ASM 140 : Found opcode in column 1. (BCF)
Warning[203] C:\USERS\ARNALDO\DROPBOX\TIAGAOPIC\LCDPWMAD.ASM 141 : Found opcode in column 1. (CALL)
Warning[203] C:\USERS\ARNALDO\DROPBOX\TIAGAOPIC\LCDPWMAD.ASM 142 : Found opcode in column 1. (RETURN)
Warning[203] C:\USERS\ARNALDO\DROPBOX\TIAGAOPIC\LCDPWMAD.ASM 145 : Found opcode in column 1. (MOVLW)
Warning[203] C:\USERS\ARNALDO\DROPBOX\TIAGAOPIC\LCDPWMAD.ASM 146 : Found opcode in column 1. (CALL)
Warning[203] C:\USERS\ARNALDO\DROPBOX\TIAGAOPIC\LCDPWMAD.ASM 147 : Found opcode in column 1. (CALL)
Warning[203] C:\USERS\ARNALDO\DROPBOX\TIAGAOPIC\LCDPWMAD.ASM 149 : Found opcode in column 1. (CALL)
Warning[203] C:\USERS\ARNALDO\DROPBOX\TIAGAOPIC\LCDPWMAD.ASM 150 : Found opcode in column 1. (MOVLW)
Warning[203] C:\USERS\ARNALDO\DROPBOX\TIAGAOPIC\LCDPWMAD.ASM 151 : Found opcode in column 1. (CALL)
Warning[203] C:\USERS\ARNALDO\DROPBOX\TIAGAOPIC\LCDPWMAD.ASM 152 : Found opcode in column 1. (MOVLW)
Warning[203] C:\USERS\ARNALDO\DROPBOX\TIAGAOPIC\LCDPWMAD.ASM 153 : Found opcode in column 1. (CALL)
Warning[203] C:\USERS\ARNALDO\DROPBOX\TIAGAOPIC\LCDPWMAD.ASM 154 : Found opcode in column 1. (MOVLW)
Warning[203] C:\USERS\ARNALDO\DROPBOX\TIAGAOPIC\LCDPWMAD.ASM 155 : Found opcode in column 1. (CALL)
Warning[203] C:\USERS\ARNALDO\DROPBOX\TIAGAOPIC\LCDPWMAD.ASM 156 : Found opcode in column 1. (CALL)
Warning[203] C:\USERS\ARNALDO\DROPBOX\TIAGAOPIC\LCDPWMAD.ASM 157 : Found opcode in column 1. (RETURN)
Warning[203] C:\USERS\ARNALDO\DROPBOX\TIAGAOPIC\LCDPWMAD.ASM 161 : Found opcode in column 1. (RETLW)
Warning[203] C:\USERS\ARNALDO\DROPBOX\TIAGAOPIC\LCDPWMAD.ASM 162 : Found opcode in column 1. (RETLW)
Warning[203] C:\USERS\ARNALDO\DROPBOX\TIAGAOPIC\LCDPWMAD.ASM 163 : Found opcode in column 1. (RETLW)
Warning[203] C:\USERS\ARNALDO\DROPBOX\TIAGAOPIC\LCDPWMAD.ASM 164 : Found opcode in column 1. (RETLW)
Warning[203] C:\USERS\ARNALDO\DROPBOX\TIAGAOPIC\LCDPWMAD.ASM 165 : Found opcode in column 1. (RETLW)
Warning[203] C:\USERS\ARNALDO\DROPBOX\TIAGAOPIC\LCDPWMAD.ASM 166 : Found opcode in column 1. (RETLW)
Warning[203] C:\USERS\ARNALDO\DROPBOX\TIAGAOPIC\LCDPWMAD.ASM 167 : Found opcode in column 1. (RETLW)
Warning[203] C:\USERS\ARNALDO\DROPBOX\TIAGAOPIC\LCDPWMAD.ASM 168 : Found opcode in column 1. (RETLW)
Warning[203] C:\USERS\ARNALDO\DROPBOX\TIAGAOPIC\LCDPWMAD.ASM 169 : Found opcode in column 1. (RETLW)
Warning[203] C:\USERS\ARNALDO\DROPBOX\TIAGAOPIC\LCDPWMAD.ASM 174 : Found opcode in column 1. (INCF)
Warning[203] C:\USERS\ARNALDO\DROPBOX\TIAGAOPIC\LCDPWMAD.ASM 175 : Found opcode in column 1. (MOVLW)
Warning[203] C:\USERS\ARNALDO\DROPBOX\TIAGAOPIC\LCDPWMAD.ASM 176 : Found opcode in column 1. (SUBWF)
Warning[203] C:\USERS\ARNALDO\DROPBOX\TIAGAOPIC\LCDPWMAD.ASM 177 : Found opcode in column 1. (BTFSS)
Warning[203] C:\USERS\ARNALDO\DROPBOX\TIAGAOPIC\LCDPWMAD.ASM 178 : Found opcode in column 1. (RETURN)
Warning[203] C:\USERS\ARNALDO\DROPBOX\TIAGAOPIC\LCDPWMAD.ASM 179 : Found opcode in column 1. (MOVLW)
Warning[203] C:\USERS\ARNALDO\DROPBOX\TIAGAOPIC\LCDPWMAD.ASM 180 : Found opcode in column 1. (MOVWF)
Warning[203] C:\USERS\ARNALDO\DROPBOX\TIAGAOPIC\LCDPWMAD.ASM 181 : Found opcode in column 1. (INCF)
Warning[203] C:\USERS\ARNALDO\DROPBOX\TIAGAOPIC\LCDPWMAD.ASM 182 : Found opcode in column 1. (MOVLW)
Warning[203] C:\USERS\ARNALDO\DROPBOX\TIAGAOPIC\LCDPWMAD.ASM 183 : Found opcode in column 1. (SUBWF)
Warning[203] C:\USERS\ARNALDO\DROPBOX\TIAGAOPIC\LCDPWMAD.ASM 184 : Found opcode in column 1. (BTFSS)
Warning[203] C:\USERS\ARNALDO\DROPBOX\TIAGAOPIC\LCDPWMAD.ASM 185 : Found opcode in column 1. (RETURN)
Warning[203] C:\USERS\ARNALDO\DROPBOX\TIAGAOPIC\LCDPWMAD.ASM 186 : Found opcode in column 1. (MOVLW)
Warning[203] C:\USERS\ARNALDO\DROPBOX\TIAGAOPIC\LCDPWMAD.ASM 187 : Found opcode in column 1. (MOVWF)
Warning[203] C:\USERS\ARNALDO\DROPBOX\TIAGAOPIC\LCDPWMAD.ASM 188 : Found opcode in column 1. (INCF)
Warning[203] C:\USERS\ARNALDO\DROPBOX\TIAGAOPIC\LCDPWMAD.ASM 189 : Found opcode in column 1. (MOVLW)
Warning[203] C:\USERS\ARNALDO\DROPBOX\TIAGAOPIC\LCDPWMAD.ASM 190 : Found opcode in column 1. (SUBWF)
Warning[203] C:\USERS\ARNALDO\DROPBOX\TIAGAOPIC\LCDPWMAD.ASM 191 : Found opcode in column 1. (BTFSS)
Warning[203] C:\USERS\ARNALDO\DROPBOX\TIAGAOPIC\LCDPWMAD.ASM 192 : Found opcode in column 1. (RETURN)
Warning[203] C:\USERS\ARNALDO\DROPBOX\TIAGAOPIC\LCDPWMAD.ASM 193 : Found opcode in column 1. (MOVLW)
Warning[203] C:\USERS\ARNALDO\DROPBOX\TIAGAOPIC\LCDPWMAD.ASM 194 : Found opcode in column 1. (MOVWF)
Warning[203] C:\USERS\ARNALDO\DROPBOX\TIAGAOPIC\LCDPWMAD.ASM 195 : Found opcode in column 1. (MOVWF)
Warning[203] C:\USERS\ARNALDO\DROPBOX\TIAGAOPIC\LCDPWMAD.ASM 196 : Found opcode in column 1. (MOVWF)
Warning[203] C:\USERS\ARNALDO\DROPBOX\TIAGAOPIC\LCDPWMAD.ASM 197 : Found opcode in column 1. (RETURN)
Warning[203] C:\USERS\ARNALDO\DROPBOX\TIAGAOPIC\LCDPWMAD.ASM 204 : Found opcode in column 1. (MOVLW)
Warning[203] C:\USERS\ARNALDO\DROPBOX\TIAGAOPIC\LCDPWMAD.ASM 205 : Found opcode in column 1. (MOVWF)
Warning[203] C:\USERS\ARNALDO\DROPBOX\TIAGAOPIC\LCDPWMAD.ASM 206 : Found opcode in column 1. (MOVLW)
Warning[203] C:\USERS\ARNALDO\DROPBOX\TIAGAOPIC\LCDPWMAD.ASM 207 : Found opcode in column 1. (MOVWF)
Warning[203] C:\USERS\ARNALDO\DROPBOX\TIAGAOPIC\LCDPWMAD.ASM 208 : Found opcode in column 1. (MOVLW)
Warning[203] C:\USERS\ARNALDO\DROPBOX\TIAGAOPIC\LCDPWMAD.ASM 209 : Found opcode in column 1. (MOVWF)
Warning[203] C:\USERS\ARNALDO\DROPBOX\TIAGAOPIC\LCDPWMAD.ASM 210 : Found opcode in column 1. (CALL)
Warning[203] C:\USERS\ARNALDO\DROPBOX\TIAGAOPIC\LCDPWMAD.ASM 211 : Found opcode in column 1. (CALL)
Warning[203] C:\USERS\ARNALDO\DROPBOX\TIAGAOPIC\LCDPWMAD.ASM 213 : Found opcode in column 1. (MOVLW)
Warning[203] C:\USERS\ARNALDO\DROPBOX\TIAGAOPIC\LCDPWMAD.ASM 214 : Found opcode in column 1. (CALL)
Warning[203] C:\USERS\ARNALDO\DROPBOX\TIAGAOPIC\LCDPWMAD.ASM 215 : Found opcode in column 1. (MOVLW)
Warning[203] C:\USERS\ARNALDO\DROPBOX\TIAGAOPIC\LCDPWMAD.ASM 216 : Found opcode in column 1. (CALL)
Warning[203] C:\USERS\ARNALDO\DROPBOX\TIAGAOPIC\LCDPWMAD.ASM 217 : Found opcode in column 1. (MOVLW)
Warning[203] C:\USERS\ARNALDO\DROPBOX\TIAGAOPIC\LCDPWMAD.ASM 218 : Found opcode in column 1. (CALL)
Warning[203] C:\USERS\ARNALDO\DROPBOX\TIAGAOPIC\LCDPWMAD.ASM 219 : Found opcode in column 1. (MOVLW)
Warning[203] C:\USERS\ARNALDO\DROPBOX\TIAGAOPIC\LCDPWMAD.ASM 220 : Found opcode in column 1. (CALL)
Warning[203] C:\USERS\ARNALDO\DROPBOX\TIAGAOPIC\LCDPWMAD.ASM 221 : Found opcode in column 1. (MOVLW)
Warning[203] C:\USERS\ARNALDO\DROPBOX\TIAGAOPIC\LCDPWMAD.ASM 222 : Found opcode in column 1. (CALL)
Warning[203] C:\USERS\ARNALDO\DROPBOX\TIAGAOPIC\LCDPWMAD.ASM 223 : Found opcode in column 1. (MOVLW)
Warning[203] C:\USERS\ARNALDO\DROPBOX\TIAGAOPIC\LCDPWMAD.ASM 224 : Found opcode in column 1. (CALL)
Warning[203] C:\USERS\ARNALDO\DROPBOX\TIAGAOPIC\LCDPWMAD.ASM 227 : Found opcode in column 1. (BSF)
Warning[203] C:\USERS\ARNALDO\DROPBOX\TIAGAOPIC\LCDPWMAD.ASM 228 : Found opcode in column 1. (BTFSC)
Warning[203] C:\USERS\ARNALDO\DROPBOX\TIAGAOPIC\LCDPWMAD.ASM 229 : Found opcode in column 1. (GOTO)
Warning[203] C:\USERS\ARNALDO\DROPBOX\TIAGAOPIC\LCDPWMAD.ASM 230 : Found opcode in column 1. (BTFSC)
Warning[203] C:\USERS\ARNALDO\DROPBOX\TIAGAOPIC\LCDPWMAD.ASM 231 : Found opcode in column 1. (MOVLW)
Warning[203] C:\USERS\ARNALDO\DROPBOX\TIAGAOPIC\LCDPWMAD.ASM 232 : Found opcode in column 1. (BTFSS)
Warning[203] C:\USERS\ARNALDO\DROPBOX\TIAGAOPIC\LCDPWMAD.ASM 233 : Found opcode in column 1. (MOVLW)
Warning[203] C:\USERS\ARNALDO\DROPBOX\TIAGAOPIC\LCDPWMAD.ASM 234 : Found opcode in column 1. (CALL)
Warning[203] C:\USERS\ARNALDO\DROPBOX\TIAGAOPIC\LCDPWMAD.ASM 235 : Found opcode in column 1. (BTFSC)
Warning[203] C:\USERS\ARNALDO\DROPBOX\TIAGAOPIC\LCDPWMAD.ASM 236 : Found opcode in column 1. (MOVLW)
Warning[203] C:\USERS\ARNALDO\DROPBOX\TIAGAOPIC\LCDPWMAD.ASM 237 : Found opcode in column 1. (BTFSS)
Warning[203] C:\USERS\ARNALDO\DROPBOX\TIAGAOPIC\LCDPWMAD.ASM 238 : Found opcode in column 1. (MOVLW)
Warning[203] C:\USERS\ARNALDO\DROPBOX\TIAGAOPIC\LCDPWMAD.ASM 239 : Found opcode in column 1. (CALL)
Warning[203] C:\USERS\ARNALDO\DROPBOX\TIAGAOPIC\LCDPWMAD.ASM 240 : Found opcode in column 1. (BTFSC)
Message[302] C:\USERS\ARNALDO\DROPBOX\TIAGAOPIC\LCDPWMAD.ASM 240 : Register in operand not in bank 0.  Ensure that bank bits are correct.
Warning[203] C:\USERS\ARNALDO\DROPBOX\TIAGAOPIC\LCDPWMAD.ASM 241 : Found opcode in column 1. (MOVLW)
Warning[203] C:\USERS\ARNALDO\DROPBOX\TIAGAOPIC\LCDPWMAD.ASM 242 : Found opcode in column 1. (BTFSS)
Message[302] C:\USERS\ARNALDO\DROPBOX\TIAGAOPIC\LCDPWMAD.ASM 242 : Register in operand not in bank 0.  Ensure that bank bits are correct.
Warning[203] C:\USERS\ARNALDO\DROPBOX\TIAGAOPIC\LCDPWMAD.ASM 243 : Found opcode in column 1. (MOVLW)
Warning[203] C:\USERS\ARNALDO\DROPBOX\TIAGAOPIC\LCDPWMAD.ASM 244 : Found opcode in column 1. (CALL)
Warning[203] C:\USERS\ARNALDO\DROPBOX\TIAGAOPIC\LCDPWMAD.ASM 245 : Found opcode in column 1. (BTFSC)
Message[302] C:\USERS\ARNALDO\DROPBOX\TIAGAOPIC\LCDPWMAD.ASM 245 : Register in operand not in bank 0.  Ensure that bank bits are correct.
Warning[203] C:\USERS\ARNALDO\DROPBOX\TIAGAOPIC\LCDPWMAD.ASM 246 : Found opcode in column 1. (MOVLW)
Warning[203] C:\USERS\ARNALDO\DROPBOX\TIAGAOPIC\LCDPWMAD.ASM 247 : Found opcode in column 1. (BTFSS)
Message[302] C:\USERS\ARNALDO\DROPBOX\TIAGAOPIC\LCDPWMAD.ASM 247 : Register in operand not in bank 0.  Ensure that bank bits are correct.
Warning[203] C:\USERS\ARNALDO\DROPBOX\TIAGAOPIC\LCDPWMAD.ASM 248 : Found opcode in column 1. (MOVLW)
Warning[203] C:\USERS\ARNALDO\DROPBOX\TIAGAOPIC\LCDPWMAD.ASM 249 : Found opcode in column 1. (CALL)
Warning[203] C:\USERS\ARNALDO\DROPBOX\TIAGAOPIC\LCDPWMAD.ASM 250 : Found opcode in column 1. (BTFSC)
Message[302] C:\USERS\ARNALDO\DROPBOX\TIAGAOPIC\LCDPWMAD.ASM 250 : Register in operand not in bank 0.  Ensure that bank bits are correct.
Warning[203] C:\USERS\ARNALDO\DROPBOX\TIAGAOPIC\LCDPWMAD.ASM 251 : Found opcode in column 1. (MOVLW)
Warning[203] C:\USERS\ARNALDO\DROPBOX\TIAGAOPIC\LCDPWMAD.ASM 252 : Found opcode in column 1. (BTFSS)
Message[302] C:\USERS\ARNALDO\DROPBOX\TIAGAOPIC\LCDPWMAD.ASM 252 : Register in operand not in bank 0.  Ensure that bank bits are correct.
Warning[203] C:\USERS\ARNALDO\DROPBOX\TIAGAOPIC\LCDPWMAD.ASM 253 : Found opcode in column 1. (MOVLW)
Warning[203] C:\USERS\ARNALDO\DROPBOX\TIAGAOPIC\LCDPWMAD.ASM 254 : Found opcode in column 1. (CALL)
Warning[203] C:\USERS\ARNALDO\DROPBOX\TIAGAOPIC\LCDPWMAD.ASM 255 : Found opcode in column 1. (BTFSC)
Message[302] C:\USERS\ARNALDO\DROPBOX\TIAGAOPIC\LCDPWMAD.ASM 255 : Register in operand not in bank 0.  Ensure that bank bits are correct.
Warning[203] C:\USERS\ARNALDO\DROPBOX\TIAGAOPIC\LCDPWMAD.ASM 256 : Found opcode in column 1. (MOVLW)
Warning[203] C:\USERS\ARNALDO\DROPBOX\TIAGAOPIC\LCDPWMAD.ASM 257 : Found opcode in column 1. (BTFSS)
Message[302] C:\USERS\ARNALDO\DROPBOX\TIAGAOPIC\LCDPWMAD.ASM 257 : Register in operand not in bank 0.  Ensure that bank bits are correct.
Warning[203] C:\USERS\ARNALDO\DROPBOX\TIAGAOPIC\LCDPWMAD.ASM 258 : Found opcode in column 1. (MOVLW)
Warning[203] C:\USERS\ARNALDO\DROPBOX\TIAGAOPIC\LCDPWMAD.ASM 259 : Found opcode in column 1. (CALL)
Warning[203] C:\USERS\ARNALDO\DROPBOX\TIAGAOPIC\LCDPWMAD.ASM 260 : Found opcode in column 1. (BTFSC)
Message[302] C:\USERS\ARNALDO\DROPBOX\TIAGAOPIC\LCDPWMAD.ASM 260 : Register in operand not in bank 0.  Ensure that bank bits are correct.
Warning[203] C:\USERS\ARNALDO\DROPBOX\TIAGAOPIC\LCDPWMAD.ASM 261 : Found opcode in column 1. (MOVLW)
Warning[203] C:\USERS\ARNALDO\DROPBOX\TIAGAOPIC\LCDPWMAD.ASM 262 : Found opcode in column 1. (BTFSS)
Message[302] C:\USERS\ARNALDO\DROPBOX\TIAGAOPIC\LCDPWMAD.ASM 262 : Register in operand not in bank 0.  Ensure that bank bits are correct.
Warning[203] C:\USERS\ARNALDO\DROPBOX\TIAGAOPIC\LCDPWMAD.ASM 263 : Found opcode in column 1. (MOVLW)
Warning[203] C:\USERS\ARNALDO\DROPBOX\TIAGAOPIC\LCDPWMAD.ASM 264 : Found opcode in column 1. (CALL)
Warning[203] C:\USERS\ARNALDO\DROPBOX\TIAGAOPIC\LCDPWMAD.ASM 265 : Found opcode in column 1. (BTFSC)
Message[302] C:\USERS\ARNALDO\DROPBOX\TIAGAOPIC\LCDPWMAD.ASM 265 : Register in operand not in bank 0.  Ensure that bank bits are correct.
Warning[203] C:\USERS\ARNALDO\DROPBOX\TIAGAOPIC\LCDPWMAD.ASM 266 : Found opcode in column 1. (MOVLW)
Warning[203] C:\USERS\ARNALDO\DROPBOX\TIAGAOPIC\LCDPWMAD.ASM 267 : Found opcode in column 1. (BTFSS)
Message[302] C:\USERS\ARNALDO\DROPBOX\TIAGAOPIC\LCDPWMAD.ASM 267 : Register in operand not in bank 0.  Ensure that bank bits are correct.
Warning[203] C:\USERS\ARNALDO\DROPBOX\TIAGAOPIC\LCDPWMAD.ASM 268 : Found opcode in column 1. (MOVLW)
Warning[203] C:\USERS\ARNALDO\DROPBOX\TIAGAOPIC\LCDPWMAD.ASM 269 : Found opcode in column 1. (CALL)
Warning[203] C:\USERS\ARNALDO\DROPBOX\TIAGAOPIC\LCDPWMAD.ASM 270 : Found opcode in column 1. (BTFSC)
Message[302] C:\USERS\ARNALDO\DROPBOX\TIAGAOPIC\LCDPWMAD.ASM 270 : Register in operand not in bank 0.  Ensure that bank bits are correct.
Warning[203] C:\USERS\ARNALDO\DROPBOX\TIAGAOPIC\LCDPWMAD.ASM 271 : Found opcode in column 1. (MOVLW)
Warning[203] C:\USERS\ARNALDO\DROPBOX\TIAGAOPIC\LCDPWMAD.ASM 272 : Found opcode in column 1. (BTFSS)
Message[302] C:\USERS\ARNALDO\DROPBOX\TIAGAOPIC\LCDPWMAD.ASM 272 : Register in operand not in bank 0.  Ensure that bank bits are correct.
Warning[203] C:\USERS\ARNALDO\DROPBOX\TIAGAOPIC\LCDPWMAD.ASM 273 : Found opcode in column 1. (MOVLW)
Warning[203] C:\USERS\ARNALDO\DROPBOX\TIAGAOPIC\LCDPWMAD.ASM 274 : Found opcode in column 1. (CALL)
Warning[203] C:\USERS\ARNALDO\DROPBOX\TIAGAOPIC\LCDPWMAD.ASM 275 : Found opcode in column 1. (BTFSC)
Message[302] C:\USERS\ARNALDO\DROPBOX\TIAGAOPIC\LCDPWMAD.ASM 275 : Register in operand not in bank 0.  Ensure that bank bits are correct.
Warning[203] C:\USERS\ARNALDO\DROPBOX\TIAGAOPIC\LCDPWMAD.ASM 276 : Found opcode in column 1. (MOVLW)
Warning[203] C:\USERS\ARNALDO\DROPBOX\TIAGAOPIC\LCDPWMAD.ASM 277 : Found opcode in column 1. (BTFSS)
Message[302] C:\USERS\ARNALDO\DROPBOX\TIAGAOPIC\LCDPWMAD.ASM 277 : Register in operand not in bank 0.  Ensure that bank bits are correct.
Warning[203] C:\USERS\ARNALDO\DROPBOX\TIAGAOPIC\LCDPWMAD.ASM 278 : Found opcode in column 1. (MOVLW)
Warning[203] C:\USERS\ARNALDO\DROPBOX\TIAGAOPIC\LCDPWMAD.ASM 279 : Found opcode in column 1. (CALL)
Warning[203] C:\USERS\ARNALDO\DROPBOX\TIAGAOPIC\LCDPWMAD.ASM 283 : Found opcode in column 1. (BTFSC)
Warning[203] C:\USERS\ARNALDO\DROPBOX\TIAGAOPIC\LCDPWMAD.ASM 284 : Found opcode in column 1. (GOTO)
Warning[203] C:\USERS\ARNALDO\DROPBOX\TIAGAOPIC\LCDPWMAD.ASM 285 : Found opcode in column 1. (GOTO)
Warning[203] C:\USERS\ARNALDO\DROPBOX\TIAGAOPIC\LCDPWMAD.ASM 287 : Found opcode in column 1. (BTFSC)
Warning[203] C:\USERS\ARNALDO\DROPBOX\TIAGAOPIC\LCDPWMAD.ASM 289 : Found opcode in column 1. (GOTO)
Warning[203] C:\USERS\ARNALDO\DROPBOX\TIAGAOPIC\LCDPWMAD.ASM 291 : Found opcode in column 1. (BTFSC)
Warning[203] C:\USERS\ARNALDO\DROPBOX\TIAGAOPIC\LCDPWMAD.ASM 292 : Found opcode in column 1. (GOTO)
Warning[203] C:\USERS\ARNALDO\DROPBOX\TIAGAOPIC\LCDPWMAD.ASM 293 : Found opcode in column 1. (GOTO)
Warning[203] C:\USERS\ARNALDO\DROPBOX\TIAGAOPIC\LCDPWMAD.ASM 295 : Found opcode in column 1. (BTFSC)
Warning[203] C:\USERS\ARNALDO\DROPBOX\TIAGAOPIC\LCDPWMAD.ASM 297 : Found opcode in column 1. (GOTO)
Warning[203] C:\USERS\ARNALDO\DROPBOX\TIAGAOPIC\LCDPWMAD.ASM 300 : Found opcode in column 1. (MOVLW)
Warning[203] C:\USERS\ARNALDO\DROPBOX\TIAGAOPIC\LCDPWMAD.ASM 301 : Found opcode in column 1. (CALL)
Warning[203] C:\USERS\ARNALDO\DROPBOX\TIAGAOPIC\LCDPWMAD.ASM 302 : Found opcode in column 1. (CALL)
Warning[203] C:\USERS\ARNALDO\DROPBOX\TIAGAOPIC\LCDPWMAD.ASM 303 : Found opcode in column 1. (MOVLW)
Warning[203] C:\USERS\ARNALDO\DROPBOX\TIAGAOPIC\LCDPWMAD.ASM 304 : Found opcode in column 1. (CALL)
Warning[203] C:\USERS\ARNALDO\DROPBOX\TIAGAOPIC\LCDPWMAD.ASM 306 : Found opcode in column 1. (CALL)
Warning[203] C:\USERS\ARNALDO\DROPBOX\TIAGAOPIC\LCDPWMAD.ASM 307 : Found opcode in column 1. (MOVLW)
Warning[203] C:\USERS\ARNALDO\DROPBOX\TIAGAOPIC\LCDPWMAD.ASM 308 : Found opcode in column 1. (CALL)
Warning[203] C:\USERS\ARNALDO\DROPBOX\TIAGAOPIC\LCDPWMAD.ASM 309 : Found opcode in column 1. (MOVLW)
Warning[203] C:\USERS\ARNALDO\DROPBOX\TIAGAOPIC\LCDPWMAD.ASM 310 : Found opcode in column 1. (CALL)
Warning[203] C:\USERS\ARNALDO\DROPBOX\TIAGAOPIC\LCDPWMAD.ASM 311 : Found opcode in column 1. (MOVLW)
Warning[203] C:\USERS\ARNALDO\DROPBOX\TIAGAOPIC\LCDPWMAD.ASM 312 : Found opcode in column 1. (CALL)
Warning[203] C:\USERS\ARNALDO\DROPBOX\TIAGAOPIC\LCDPWMAD.ASM 313 : Found opcode in column 1. (MOVLW)
Warning[203] C:\USERS\ARNALDO\DROPBOX\TIAGAOPIC\LCDPWMAD.ASM 314 : Found opcode in column 1. (CALL)
Warning[203] C:\USERS\ARNALDO\DROPBOX\TIAGAOPIC\LCDPWMAD.ASM 315 : Found opcode in column 1. (MOVLW)
Warning[203] C:\USERS\ARNALDO\DROPBOX\TIAGAOPIC\LCDPWMAD.ASM 317 : Found opcode in column 1. (MOVLW)
Warning[203] C:\USERS\ARNALDO\DROPBOX\TIAGAOPIC\LCDPWMAD.ASM 318 : Found opcode in column 1. (CALL)
Warning[203] C:\USERS\ARNALDO\DROPBOX\TIAGAOPIC\LCDPWMAD.ASM 319 : Found opcode in column 1. (MOVLW)
Warning[203] C:\USERS\ARNALDO\DROPBOX\TIAGAOPIC\LCDPWMAD.ASM 320 : Found opcode in column 1. (CALL)
Warning[203] C:\USERS\ARNALDO\DROPBOX\TIAGAOPIC\LCDPWMAD.ASM 321 : Found opcode in column 1. (MOVLW)
Warning[203] C:\USERS\ARNALDO\DROPBOX\TIAGAOPIC\LCDPWMAD.ASM 322 : Found opcode in column 1. (CALL)
Warning[203] C:\USERS\ARNALDO\DROPBOX\TIAGAOPIC\LCDPWMAD.ASM 323 : Found opcode in column 1. (MOVLW)
Warning[203] C:\USERS\ARNALDO\DROPBOX\TIAGAOPIC\LCDPWMAD.ASM 324 : Found opcode in column 1. (CALL)
Warning[203] C:\USERS\ARNALDO\DROPBOX\TIAGAOPIC\LCDPWMAD.ASM 326 : Found opcode in column 1. (MOVF)
Warning[203] C:\USERS\ARNALDO\DROPBOX\TIAGAOPIC\LCDPWMAD.ASM 327 : Found opcode in column 1. (MOVWF)
Warning[203] C:\USERS\ARNALDO\DROPBOX\TIAGAOPIC\LCDPWMAD.ASM 329 : Found opcode in column 1. (ADDWF)
Warning[203] C:\USERS\ARNALDO\DROPBOX\TIAGAOPIC\LCDPWMAD.ASM 330 : Found opcode in column 1. (MOVWF)
Warning[203] C:\USERS\ARNALDO\DROPBOX\TIAGAOPIC\LCDPWMAD.ASM 340 : Found opcode in column 1. (CALL)
Warning[203] C:\USERS\ARNALDO\DROPBOX\TIAGAOPIC\LCDPWMAD.ASM 346 : Found opcode in column 1. (MOVLW)
Warning[203] C:\USERS\ARNALDO\DROPBOX\TIAGAOPIC\LCDPWMAD.ASM 347 : Found opcode in column 1. (CALL)
Warning[203] C:\USERS\ARNALDO\DROPBOX\TIAGAOPIC\LCDPWMAD.ASM 348 : Found opcode in column 1. (CALL)
Warning[203] C:\USERS\ARNALDO\DROPBOX\TIAGAOPIC\LCDPWMAD.ASM 349 : Found opcode in column 1. (MOVLW)
Warning[203] C:\USERS\ARNALDO\DROPBOX\TIAGAOPIC\LCDPWMAD.ASM 350 : Found opcode in column 1. (CALL)
Warning[203] C:\USERS\ARNALDO\DROPBOX\TIAGAOPIC\LCDPWMAD.ASM 351 : Found opcode in column 1. (MOVLW)
Warning[203] C:\USERS\ARNALDO\DROPBOX\TIAGAOPIC\LCDPWMAD.ASM 352 : Found opcode in column 1. (CALL)
Warning[203] C:\USERS\ARNALDO\DROPBOX\TIAGAOPIC\LCDPWMAD.ASM 354 : Found opcode in column 1. (CALL)
Warning[203] C:\USERS\ARNALDO\DROPBOX\TIAGAOPIC\LCDPWMAD.ASM 355 : Found opcode in column 1. (MOVLW)
Warning[203] C:\USERS\ARNALDO\DROPBOX\TIAGAOPIC\LCDPWMAD.ASM 356 : Found opcode in column 1. (CALL)
Warning[203] C:\USERS\ARNALDO\DROPBOX\TIAGAOPIC\LCDPWMAD.ASM 357 : Found opcode in column 1. (MOVLW)
Warning[203] C:\USERS\ARNALDO\DROPBOX\TIAGAOPIC\LCDPWMAD.ASM 358 : Found opcode in column 1. (CALL)
Warning[203] C:\USERS\ARNALDO\DROPBOX\TIAGAOPIC\LCDPWMAD.ASM 359 : Found opcode in column 1. (MOVLW)
Warning[203] C:\USERS\ARNALDO\DROPBOX\TIAGAOPIC\LCDPWMAD.ASM 360 : Found opcode in column 1. (CALL)
Warning[203] C:\USERS\ARNALDO\DROPBOX\TIAGAOPIC\LCDPWMAD.ASM 361 : Found opcode in column 1. (MOVLW)
Warning[203] C:\USERS\ARNALDO\DROPBOX\TIAGAOPIC\LCDPWMAD.ASM 362 : Found opcode in column 1. (CALL)
Warning[203] C:\USERS\ARNALDO\DROPBOX\TIAGAOPIC\LCDPWMAD.ASM 363 : Found opcode in column 1. (MOVLW)
Warning[203] C:\USERS\ARNALDO\DROPBOX\TIAGAOPIC\LCDPWMAD.ASM 365 : Found opcode in column 1. (MOVLW)
Warning[203] C:\USERS\ARNALDO\DROPBOX\TIAGAOPIC\LCDPWMAD.ASM 366 : Found opcode in column 1. (CALL)
Warning[203] C:\USERS\ARNALDO\DROPBOX\TIAGAOPIC\LCDPWMAD.ASM 367 : Found opcode in column 1. (MOVLW)
Warning[203] C:\USERS\ARNALDO\DROPBOX\TIAGAOPIC\LCDPWMAD.ASM 368 : Found opcode in column 1. (CALL)
Warning[203] C:\USERS\ARNALDO\DROPBOX\TIAGAOPIC\LCDPWMAD.ASM 369 : Found opcode in column 1. (MOVLW)
Warning[203] C:\USERS\ARNALDO\DROPBOX\TIAGAOPIC\LCDPWMAD.ASM 370 : Found opcode in column 1. (CALL)
Warning[203] C:\USERS\ARNALDO\DROPBOX\TIAGAOPIC\LCDPWMAD.ASM 371 : Found opcode in column 1. (MOVF)
Warning[203] C:\USERS\ARNALDO\DROPBOX\TIAGAOPIC\LCDPWMAD.ASM 372 : Found opcode in column 1. (MOVWF)
Warning[203] C:\USERS\ARNALDO\DROPBOX\TIAGAOPIC\LCDPWMAD.ASM 373 : Found opcode in column 1. (MOVLW)
Warning[203] C:\USERS\ARNALDO\DROPBOX\TIAGAOPIC\LCDPWMAD.ASM 374 : Found opcode in column 1. (SUBWF)
Warning[203] C:\USERS\ARNALDO\DROPBOX\TIAGAOPIC\LCDPWMAD.ASM 375 : Found opcode in column 1. (MOVWF)
Warning[203] C:\USERS\ARNALDO\DROPBOX\TIAGAOPIC\LCDPWMAD.ASM 385 : Found opcode in column 1. (CALL)
Warning[203] C:\USERS\ARNALDO\DROPBOX\TIAGAOPIC\LCDPWMAD.ASM 386 : Found opcode in column 1. (GOTO)
Warning[203] C:\USERS\ARNALDO\DROPBOX\TIAGAOPIC\LCDPWMAD.ASM 391 : Found opcode in column 1. (MOVLW)
Warning[203] C:\USERS\ARNALDO\DROPBOX\TIAGAOPIC\LCDPWMAD.ASM 392 : Found opcode in column 1. (CALL)
Warning[203] C:\USERS\ARNALDO\DROPBOX\TIAGAOPIC\LCDPWMAD.ASM 393 : Found opcode in column 1. (CALL)
Warning[203] C:\USERS\ARNALDO\DROPBOX\TIAGAOPIC\LCDPWMAD.ASM 394 : Found opcode in column 1. (MOVLW)
Warning[203] C:\USERS\ARNALDO\DROPBOX\TIAGAOPIC\LCDPWMAD.ASM 395 : Found opcode in column 1. (CALL)
Warning[203] C:\USERS\ARNALDO\DROPBOX\TIAGAOPIC\LCDPWMAD.ASM 396 : Found opcode in column 1. (MOVLW)
Warning[203] C:\USERS\ARNALDO\DROPBOX\TIAGAOPIC\LCDPWMAD.ASM 397 : Found opcode in column 1. (CALL)
Warning[203] C:\USERS\ARNALDO\DROPBOX\TIAGAOPIC\LCDPWMAD.ASM 398 : Found opcode in column 1. (MOVLW)
Warning[203] C:\USERS\ARNALDO\DROPBOX\TIAGAOPIC\LCDPWMAD.ASM 399 : Found opcode in column 1. (CALL)
Warning[203] C:\USERS\ARNALDO\DROPBOX\TIAGAOPIC\LCDPWMAD.ASM 400 : Found opcode in column 1. (MOVLW)
Warning[203] C:\USERS\ARNALDO\DROPBOX\TIAGAOPIC\LCDPWMAD.ASM 401 : Found opcode in column 1. (CALL)
Warning[203] C:\USERS\ARNALDO\DROPBOX\TIAGAOPIC\LCDPWMAD.ASM 403 : Found opcode in column 1. (CALL)
Warning[203] C:\USERS\ARNALDO\DROPBOX\TIAGAOPIC\LCDPWMAD.ASM 404 : Found opcode in column 1. (MOVLW)
Warning[203] C:\USERS\ARNALDO\DROPBOX\TIAGAOPIC\LCDPWMAD.ASM 405 : Found opcode in column 1. (CALL)
Warning[203] C:\USERS\ARNALDO\DROPBOX\TIAGAOPIC\LCDPWMAD.ASM 406 : Found opcode in column 1. (MOVLW)
Warning[203] C:\USERS\ARNALDO\DROPBOX\TIAGAOPIC\LCDPWMAD.ASM 407 : Found opcode in column 1. (CALL)
Warning[203] C:\USERS\ARNALDO\DROPBOX\TIAGAOPIC\LCDPWMAD.ASM 408 : Found opcode in column 1. (MOVLW)
Warning[203] C:\USERS\ARNALDO\DROPBOX\TIAGAOPIC\LCDPWMAD.ASM 409 : Found opcode in column 1. (CALL)
Warning[203] C:\USERS\ARNALDO\DROPBOX\TIAGAOPIC\LCDPWMAD.ASM 410 : Found opcode in column 1. (MOVLW)
Warning[203] C:\USERS\ARNALDO\DROPBOX\TIAGAOPIC\LCDPWMAD.ASM 411 : Found opcode in column 1. (CALL)
Warning[203] C:\USERS\ARNALDO\DROPBOX\TIAGAOPIC\LCDPWMAD.ASM 412 : Found opcode in column 1. (MOVLW)
Warning[203] C:\USERS\ARNALDO\DROPBOX\TIAGAOPIC\LCDPWMAD.ASM 414 : Found opcode in column 1. (MOVLW)
Warning[203] C:\USERS\ARNALDO\DROPBOX\TIAGAOPIC\LCDPWMAD.ASM 415 : Found opcode in column 1. (CALL)
Warning[203] C:\USERS\ARNALDO\DROPBOX\TIAGAOPIC\LCDPWMAD.ASM 416 : Found opcode in column 1. (MOVLW)
Warning[203] C:\USERS\ARNALDO\DROPBOX\TIAGAOPIC\LCDPWMAD.ASM 417 : Found opcode in column 1. (CALL)
Warning[203] C:\USERS\ARNALDO\DROPBOX\TIAGAOPIC\LCDPWMAD.ASM 418 : Found opcode in column 1. (MOVLW)
Warning[203] C:\USERS\ARNALDO\DROPBOX\TIAGAOPIC\LCDPWMAD.ASM 419 : Found opcode in column 1. (CALL)
Warning[203] C:\USERS\ARNALDO\DROPBOX\TIAGAOPIC\LCDPWMAD.ASM 420 : Found opcode in column 1. (MOVLW)
Warning[203] C:\USERS\ARNALDO\DROPBOX\TIAGAOPIC\LCDPWMAD.ASM 421 : Found opcode in column 1. (ADDWF)
Warning[203] C:\USERS\ARNALDO\DROPBOX\TIAGAOPIC\LCDPWMAD.ASM 422 : Found opcode in column 1. (BTFSC)
Warning[203] C:\USERS\ARNALDO\DROPBOX\TIAGAOPIC\LCDPWMAD.ASM 423 : Found opcode in column 1. (INCF)
Warning[203] C:\USERS\ARNALDO\DROPBOX\TIAGAOPIC\LCDPWMAD.ASM 426 : Found opcode in column 1. (BTFSC)
Warning[203] C:\USERS\ARNALDO\DROPBOX\TIAGAOPIC\LCDPWMAD.ASM 427 : Found opcode in column 1. (BSF)
Warning[203] C:\USERS\ARNALDO\DROPBOX\TIAGAOPIC\LCDPWMAD.ASM 428 : Found opcode in column 1. (BTFSS)
Warning[203] C:\USERS\ARNALDO\DROPBOX\TIAGAOPIC\LCDPWMAD.ASM 429 : Found opcode in column 1. (BCF)
Warning[203] C:\USERS\ARNALDO\DROPBOX\TIAGAOPIC\LCDPWMAD.ASM 430 : Found opcode in column 1. (BTFSC)
Warning[203] C:\USERS\ARNALDO\DROPBOX\TIAGAOPIC\LCDPWMAD.ASM 431 : Found opcode in column 1. (BSF)
Warning[203] C:\USERS\ARNALDO\DROPBOX\TIAGAOPIC\LCDPWMAD.ASM 432 : Found opcode in column 1. (BTFSS)
Warning[203] C:\USERS\ARNALDO\DROPBOX\TIAGAOPIC\LCDPWMAD.ASM 433 : Found opcode in column 1. (BCF)
Warning[203] C:\USERS\ARNALDO\DROPBOX\TIAGAOPIC\LCDPWMAD.ASM 434 : Found opcode in column 1. (BTFSC)
Warning[203] C:\USERS\ARNALDO\DROPBOX\TIAGAOPIC\LCDPWMAD.ASM 435 : Found opcode in column 1. (BSF)
Warning[203] C:\USERS\ARNALDO\DROPBOX\TIAGAOPIC\LCDPWMAD.ASM 436 : Found opcode in column 1. (BTFSS)
Warning[203] C:\USERS\ARNALDO\DROPBOX\TIAGAOPIC\LCDPWMAD.ASM 437 : Found opcode in column 1. (BCF)
Warning[203] C:\USERS\ARNALDO\DROPBOX\TIAGAOPIC\LCDPWMAD.ASM 438 : Found opcode in column 1. (BTFSC)
Warning[203] C:\USERS\ARNALDO\DROPBOX\TIAGAOPIC\LCDPWMAD.ASM 440 : Found opcode in column 1. (BTFSS)
Warning[203] C:\USERS\ARNALDO\DROPBOX\TIAGAOPIC\LCDPWMAD.ASM 441 : Found opcode in column 1. (BCF)
Warning[203] C:\USERS\ARNALDO\DROPBOX\TIAGAOPIC\LCDPWMAD.ASM 442 : Found opcode in column 1. (BTFSC)
Warning[203] C:\USERS\ARNALDO\DROPBOX\TIAGAOPIC\LCDPWMAD.ASM 443 : Found opcode in column 1. (BSF)
Warning[203] C:\USERS\ARNALDO\DROPBOX\TIAGAOPIC\LCDPWMAD.ASM 444 : Found opcode in column 1. (BTFSS)
Warning[203] C:\USERS\ARNALDO\DROPBOX\TIAGAOPIC\LCDPWMAD.ASM 445 : Found opcode in column 1. (BCF)
Warning[203] C:\USERS\ARNALDO\DROPBOX\TIAGAOPIC\LCDPWMAD.ASM 446 : Found opcode in column 1. (BTFSC)
Warning[203] C:\USERS\ARNALDO\DROPBOX\TIAGAOPIC\LCDPWMAD.ASM 447 : Found opcode in column 1. (BSF)
Warning[203] C:\USERS\ARNALDO\DROPBOX\TIAGAOPIC\LCDPWMAD.ASM 448 : Found opcode in column 1. (BTFSS)
Warning[203] C:\USERS\ARNALDO\DROPBOX\TIAGAOPIC\LCDPWMAD.ASM 449 : Found opcode in column 1. (BCF)
Warning[203] C:\USERS\ARNALDO\DROPBOX\TIAGAOPIC\LCDPWMAD.ASM 450 : Found opcode in column 1. (BTFSC)
Warning[203] C:\USERS\ARNALDO\DROPBOX\TIAGAOPIC\LCDPWMAD.ASM 451 : Found opcode in column 1. (BSF)
Warning[203] C:\USERS\ARNALDO\DROPBOX\TIAGAOPIC\LCDPWMAD.ASM 453 : Found opcode in column 1. (BCF)
Warning[203] C:\USERS\ARNALDO\DROPBOX\TIAGAOPIC\LCDPWMAD.ASM 454 : Found opcode in column 1. (BTFSC)
Warning[203] C:\USERS\ARNALDO\DROPBOX\TIAGAOPIC\LCDPWMAD.ASM 455 : Found opcode in column 1. (BSF)
Warning[203] C:\USERS\ARNALDO\DROPBOX\TIAGAOPIC\LCDPWMAD.ASM 456 : Found opcode in column 1. (BTFSS)
Warning[203] C:\USERS\ARNALDO\DROPBOX\TIAGAOPIC\LCDPWMAD.ASM 457 : Found opcode in column 1. (BCF)
Warning[203] C:\USERS\ARNALDO\DROPBOX\TIAGAOPIC\LCDPWMAD.ASM 458 : Found opcode in column 1. (BTFSC)
Warning[203] C:\USERS\ARNALDO\DROPBOX\TIAGAOPIC\LCDPWMAD.ASM 459 : Found opcode in column 1. (BSF)
Warning[203] C:\USERS\ARNALDO\DROPBOX\TIAGAOPIC\LCDPWMAD.ASM 460 : Found opcode in column 1. (BTFSS)
Warning[203] C:\USERS\ARNALDO\DROPBOX\TIAGAOPIC\LCDPWMAD.ASM 461 : Found opcode in column 1. (BCF)
Warning[203] C:\USERS\ARNALDO\DROPBOX\TIAGAOPIC\LCDPWMAD.ASM 462 : Found opcode in column 1. (BTFSC)
Warning[203] C:\USERS\ARNALDO\DROPBOX\TIAGAOPIC\LCDPWMAD.ASM 463 : Found opcode in column 1. (BSF)
Warning[203] C:\USERS\ARNALDO\DROPBOX\TIAGAOPIC\LCDPWMAD.ASM 464 : Found opcode in column 1. (BTFSS)
Warning[203] C:\USERS\ARNALDO\DROPBOX\TIAGAOPIC\LCDPWMAD.ASM 466 : Found opcode in column 1. (CALL)
Warning[203] C:\USERS\ARNALDO\DROPBOX\TIAGAOPIC\LCDPWMAD.ASM 467 : Found opcode in column 1. (GOTO)
Warning[203] C:\USERS\ARNALDO\DROPBOX\TIAGAOPIC\LCDPWMAD.ASM 472 : Found opcode in column 1. (MOVLW)
Warning[203] C:\USERS\ARNALDO\DROPBOX\TIAGAOPIC\LCDPWMAD.ASM 473 : Found opcode in column 1. (CALL)
Warning[203] C:\USERS\ARNALDO\DROPBOX\TIAGAOPIC\LCDPWMAD.ASM 474 : Found opcode in column 1. (CALL)
Warning[203] C:\USERS\ARNALDO\DROPBOX\TIAGAOPIC\LCDPWMAD.ASM 475 : Found opcode in column 1. (MOVLW)
Warning[203] C:\USERS\ARNALDO\DROPBOX\TIAGAOPIC\LCDPWMAD.ASM 476 : Found opcode in column 1. (CALL)
Warning[203] C:\USERS\ARNALDO\DROPBOX\TIAGAOPIC\LCDPWMAD.ASM 478 : Found opcode in column 1. (CALL)
Warning[203] C:\USERS\ARNALDO\DROPBOX\TIAGAOPIC\LCDPWMAD.ASM 479 : Found opcode in column 1. (MOVLW)
Warning[203] C:\USERS\ARNALDO\DROPBOX\TIAGAOPIC\LCDPWMAD.ASM 480 : Found opcode in column 1. (CALL)
Warning[203] C:\USERS\ARNALDO\DROPBOX\TIAGAOPIC\LCDPWMAD.ASM 481 : Found opcode in column 1. (MOVLW)
Warning[203] C:\USERS\ARNALDO\DROPBOX\TIAGAOPIC\LCDPWMAD.ASM 482 : Found opcode in column 1. (CALL)
Warning[203] C:\USERS\ARNALDO\DROPBOX\TIAGAOPIC\LCDPWMAD.ASM 483 : Found opcode in column 1. (MOVLW)
Warning[203] C:\USERS\ARNALDO\DROPBOX\TIAGAOPIC\LCDPWMAD.ASM 484 : Found opcode in column 1. (CALL)
Warning[203] C:\USERS\ARNALDO\DROPBOX\TIAGAOPIC\LCDPWMAD.ASM 485 : Found opcode in column 1. (MOVLW)
Warning[203] C:\USERS\ARNALDO\DROPBOX\TIAGAOPIC\LCDPWMAD.ASM 486 : Found opcode in column 1. (CALL)
Warning[203] C:\USERS\ARNALDO\DROPBOX\TIAGAOPIC\LCDPWMAD.ASM 487 : Found opcode in column 1. (MOVLW)
Warning[203] C:\USERS\ARNALDO\DROPBOX\TIAGAOPIC\LCDPWMAD.ASM 489 : Found opcode in column 1. (MOVLW)
Warning[203] C:\USERS\ARNALDO\DROPBOX\TIAGAOPIC\LCDPWMAD.ASM 490 : Found opcode in column 1. (CALL)
Warning[203] C:\USERS\ARNALDO\DROPBOX\TIAGAOPIC\LCDPWMAD.ASM 491 : Found opcode in column 1. (MOVLW)
Warning[203] C:\USERS\ARNALDO\DROPBOX\TIAGAOPIC\LCDPWMAD.ASM 492 : Found opcode in column 1. (CALL)
Warning[203] C:\USERS\ARNALDO\DROPBOX\TIAGAOPIC\LCDPWMAD.ASM 493 : Found opcode in column 1. (MOVLW)
Warning[203] C:\USERS\ARNALDO\DROPBOX\TIAGAOPIC\LCDPWMAD.ASM 494 : Found opcode in column 1. (CALL)
Warning[203] C:\USERS\ARNALDO\DROPBOX\TIAGAOPIC\LCDPWMAD.ASM 495 : Found opcode in column 1. (MOVLW)
Warning[203] C:\USERS\ARNALDO\DROPBOX\TIAGAOPIC\LCDPWMAD.ASM 496 : Found opcode in column 1. (CALL)
Warning[203] C:\USERS\ARNALDO\DROPBOX\TIAGAOPIC\LCDPWMAD.ASM 497 : Found opcode in column 1. (MOVLW)
Warning[203] C:\USERS\ARNALDO\DROPBOX\TIAGAOPIC\LCDPWMAD.ASM 498 : Found opcode in column 1. (CALL)
Warning[203] C:\USERS\ARNALDO\DROPBOX\TIAGAOPIC\LCDPWMAD.ASM 500 : Found opcode in column 1. (CALL)
Warning[203] C:\USERS\ARNALDO\DROPBOX\TIAGAOPIC\LCDPWMAD.ASM 501 : Found opcode in column 1. (MOVLW)
Warning[203] C:\USERS\ARNALDO\DROPBOX\TIAGAOPIC\LCDPWMAD.ASM 502 : Found opcode in column 1. (SUBWF)
Warning[203] C:\USERS\ARNALDO\DROPBOX\TIAGAOPIC\LCDPWMAD.ASM 503 : Found opcode in column 1. (BTFSC)
Warning[203] C:\USERS\ARNALDO\DROPBOX\TIAGAOPIC\LCDPWMAD.ASM 504 : Found opcode in column 1. (DECF)
Warning[203] C:\USERS\ARNALDO\DROPBOX\TIAGAOPIC\LCDPWMAD.ASM 506 : Found opcode in column 1. (BTFSC)
Warning[203] C:\USERS\ARNALDO\DROPBOX\TIAGAOPIC\LCDPWMAD.ASM 507 : Found opcode in column 1. (BSF)
Warning[203] C:\USERS\ARNALDO\DROPBOX\TIAGAOPIC\LCDPWMAD.ASM 508 : Found opcode in column 1. (BTFSS)
Warning[203] C:\USERS\ARNALDO\DROPBOX\TIAGAOPIC\LCDPWMAD.ASM 509 : Found opcode in column 1. (BCF)
Warning[203] C:\USERS\ARNALDO\DROPBOX\TIAGAOPIC\LCDPWMAD.ASM 511 : Found opcode in column 1. (BTFSC)
Warning[203] C:\USERS\ARNALDO\DROPBOX\TIAGAOPIC\LCDPWMAD.ASM 512 : Found opcode in column 1. (BSF)
Warning[203] C:\USERS\ARNALDO\DROPBOX\TIAGAOPIC\LCDPWMAD.ASM 513 : Found opcode in column 1. (BTFSS)
Warning[203] C:\USERS\ARNALDO\DROPBOX\TIAGAOPIC\LCDPWMAD.ASM 514 : Found opcode in column 1. (BCF)
Warning[203] C:\USERS\ARNALDO\DROPBOX\TIAGAOPIC\LCDPWMAD.ASM 515 : Found opcode in column 1. (BTFSC)
Warning[203] C:\USERS\ARNALDO\DROPBOX\TIAGAOPIC\LCDPWMAD.ASM 516 : Found opcode in column 1. (BSF)
Warning[203] C:\USERS\ARNALDO\DROPBOX\TIAGAOPIC\LCDPWMAD.ASM 517 : Found opcode in column 1. (BTFSS)
Warning[203] C:\USERS\ARNALDO\DROPBOX\TIAGAOPIC\LCDPWMAD.ASM 518 : Found opcode in column 1. (BCF)
Warning[203] C:\USERS\ARNALDO\DROPBOX\TIAGAOPIC\LCDPWMAD.ASM 519 : Found opcode in column 1. (BTFSC)
Warning[203] C:\USERS\ARNALDO\DROPBOX\TIAGAOPIC\LCDPWMAD.ASM 520 : Found opcode in column 1. (BSF)
Warning[203] C:\USERS\ARNALDO\DROPBOX\TIAGAOPIC\LCDPWMAD.ASM 521 : Found opcode in column 1. (BTFSS)
Warning[203] C:\USERS\ARNALDO\DROPBOX\TIAGAOPIC\LCDPWMAD.ASM 522 : Found opcode in column 1. (BCF)
Warning[203] C:\USERS\ARNALDO\DROPBOX\TIAGAOPIC\LCDPWMAD.ASM 523 : Found opcode in column 1. (BTFSC)
Warning[203] C:\USERS\ARNALDO\DROPBOX\TIAGAOPIC\LCDPWMAD.ASM 525 : Found opcode in column 1. (BTFSS)
Warning[203] C:\USERS\ARNALDO\DROPBOX\TIAGAOPIC\LCDPWMAD.ASM 526 : Found opcode in column 1. (BCF)
Warning[203] C:\USERS\ARNALDO\DROPBOX\TIAGAOPIC\LCDPWMAD.ASM 527 : Found opcode in column 1. (BTFSC)
Warning[203] C:\USERS\ARNALDO\DROPBOX\TIAGAOPIC\LCDPWMAD.ASM 528 : Found opcode in column 1. (BSF)
Warning[203] C:\USERS\ARNALDO\DROPBOX\TIAGAOPIC\LCDPWMAD.ASM 529 : Found opcode in column 1. (BTFSS)
Warning[203] C:\USERS\ARNALDO\DROPBOX\TIAGAOPIC\LCDPWMAD.ASM 530 : Found opcode in column 1. (BCF)
Warning[203] C:\USERS\ARNALDO\DROPBOX\TIAGAOPIC\LCDPWMAD.ASM 531 : Found opcode in column 1. (BTFSC)
Warning[203] C:\USERS\ARNALDO\DROPBOX\TIAGAOPIC\LCDPWMAD.ASM 532 : Found opcode in column 1. (BSF)
Warning[203] C:\USERS\ARNALDO\DROPBOX\TIAGAOPIC\LCDPWMAD.ASM 533 : Found opcode in column 1. (BTFSS)
Warning[203] C:\USERS\ARNALDO\DROPBOX\TIAGAOPIC\LCDPWMAD.ASM 534 : Found opcode in column 1. (BCF)
Warning[203] C:\USERS\ARNALDO\DROPBOX\TIAGAOPIC\LCDPWMAD.ASM 535 : Found opcode in column 1. (BTFSC)
Warning[203] C:\USERS\ARNALDO\DROPBOX\TIAGAOPIC\LCDPWMAD.ASM 536 : Found opcode in column 1. (BSF)
Warning[203] C:\USERS\ARNALDO\DROPBOX\TIAGAOPIC\LCDPWMAD.ASM 538 : Found opcode in column 1. (BCF)
Warning[203] C:\USERS\ARNALDO\DROPBOX\TIAGAOPIC\LCDPWMAD.ASM 539 : Found opcode in column 1. (BTFSC)
Warning[203] C:\USERS\ARNALDO\DROPBOX\TIAGAOPIC\LCDPWMAD.ASM 540 : Found opcode in column 1. (BSF)
Warning[203] C:\USERS\ARNALDO\DROPBOX\TIAGAOPIC\LCDPWMAD.ASM 541 : Found opcode in column 1. (BTFSS)
Warning[203] C:\USERS\ARNALDO\DROPBOX\TIAGAOPIC\LCDPWMAD.ASM 542 : Found opcode in column 1. (BCF)
Warning[203] C:\USERS\ARNALDO\DROPBOX\TIAGAOPIC\LCDPWMAD.ASM 543 : Found opcode in column 1. (BTFSC)
Warning[203] C:\USERS\ARNALDO\DROPBOX\TIAGAOPIC\LCDPWMAD.ASM 544 : Found opcode in column 1. (BSF)
Warning[203] C:\USERS\ARNALDO\DROPBOX\TIAGAOPIC\LCDPWMAD.ASM 545 : Found opcode in column 1. (BTFSS)
Warning[203] C:\USERS\ARNALDO\DROPBOX\TIAGAOPIC\LCDPWMAD.ASM 546 : Found opcode in column 1. (BCF)
Warning[203] C:\USERS\ARNALDO\DROPBOX\TIAGAOPIC\LCDPWMAD.ASM 547 : Found opcode in column 1. (CALL)
Warning[203] C:\USERS\ARNALDO\DROPBOX\TIAGAOPIC\LCDPWMAD.ASM 548 : Found opcode in column 1. (GOTO)
