Warning[205] C:\USERS\JUNIOR\DROPBOX\APLICADA2-PIC\SOFTWARE\INTERRUPTTIMER0\INTERRUPTTIMER0.ASM 2 : Found directive in column 1. (__CONFIG)
Warning[205] C:\USERS\JUNIOR\DROPBOX\APLICADA2-PIC\SOFTWARE\INTERRUPTTIMER0\INTERRUPTTIMER0.ASM 7 : Found directive in column 1. (CBLOCK)
Warning[205] C:\USERS\JUNIOR\DROPBOX\APLICADA2-PIC\SOFTWARE\INTERRUPTTIMER0\INTERRUPTTIMER0.ASM 11 : Found directive in column 1. (ENDC)
Warning[205] C:\USERS\JUNIOR\DROPBOX\APLICADA2-PIC\SOFTWARE\INTERRUPTTIMER0\INTERRUPTTIMER0.ASM 13 : Found directive in column 1. (ORG)
Warning[203] C:\USERS\JUNIOR\DROPBOX\APLICADA2-PIC\SOFTWARE\INTERRUPTTIMER0\INTERRUPTTIMER0.ASM 14 : Found opcode in column 1. (GOTO)
Warning[205] C:\USERS\JUNIOR\DROPBOX\APLICADA2-PIC\SOFTWARE\INTERRUPTTIMER0\INTERRUPTTIMER0.ASM 16 : Found directive in column 1. (ORG)
Warning[203] C:\USERS\JUNIOR\DROPBOX\APLICADA2-PIC\SOFTWARE\INTERRUPTTIMER0\INTERRUPTTIMER0.ASM 17 : Found opcode in column 1. (MOVWF)
Warning[203] C:\USERS\JUNIOR\DROPBOX\APLICADA2-PIC\SOFTWARE\INTERRUPTTIMER0\INTERRUPTTIMER0.ASM 18 : Found opcode in column 1. (SWAPF)
Warning[203] C:\USERS\JUNIOR\DROPBOX\APLICADA2-PIC\SOFTWARE\INTERRUPTTIMER0\INTERRUPTTIMER0.ASM 19 : Found opcode in column 1. (MOVWF)
Warning[203] C:\USERS\JUNIOR\DROPBOX\APLICADA2-PIC\SOFTWARE\INTERRUPTTIMER0\INTERRUPTTIMER0.ASM 20 : Found opcode in column 1. (MOVLW)
Warning[203] C:\USERS\JUNIOR\DROPBOX\APLICADA2-PIC\SOFTWARE\INTERRUPTTIMER0\INTERRUPTTIMER0.ASM 21 : Found opcode in column 1. (MOVWF)
Warning[203] C:\USERS\JUNIOR\DROPBOX\APLICADA2-PIC\SOFTWARE\INTERRUPTTIMER0\INTERRUPTTIMER0.ASM 23 : Found opcode in column 1. (INCF)
Message[305] C:\USERS\JUNIOR\DROPBOX\APLICADA2-PIC\SOFTWARE\INTERRUPTTIMER0\INTERRUPTTIMER0.ASM 23 : Using default destination of 1 (file).
Warning[203] C:\USERS\JUNIOR\DROPBOX\APLICADA2-PIC\SOFTWARE\INTERRUPTTIMER0\INTERRUPTTIMER0.ASM 24 : Found opcode in column 1. (MOVLW)
Warning[203] C:\USERS\JUNIOR\DROPBOX\APLICADA2-PIC\SOFTWARE\INTERRUPTTIMER0\INTERRUPTTIMER0.ASM 25 : Found opcode in column 1. (SUBWF)
Warning[203] C:\USERS\JUNIOR\DROPBOX\APLICADA2-PIC\SOFTWARE\INTERRUPTTIMER0\INTERRUPTTIMER0.ASM 26 : Found opcode in column 1. (BTFSS)
Warning[203] C:\USERS\JUNIOR\DROPBOX\APLICADA2-PIC\SOFTWARE\INTERRUPTTIMER0\INTERRUPTTIMER0.ASM 27 : Found opcode in column 1. (GOTO)
Warning[203] C:\USERS\JUNIOR\DROPBOX\APLICADA2-PIC\SOFTWARE\INTERRUPTTIMER0\INTERRUPTTIMER0.ASM 28 : Found opcode in column 1. (CLRF)
Warning[203] C:\USERS\JUNIOR\DROPBOX\APLICADA2-PIC\SOFTWARE\INTERRUPTTIMER0\INTERRUPTTIMER0.ASM 29 : Found opcode in column 1. (BTFSS)
Warning[203] C:\USERS\JUNIOR\DROPBOX\APLICADA2-PIC\SOFTWARE\INTERRUPTTIMER0\INTERRUPTTIMER0.ASM 30 : Found opcode in column 1. (GOTO)
Warning[203] C:\USERS\JUNIOR\DROPBOX\APLICADA2-PIC\SOFTWARE\INTERRUPTTIMER0\INTERRUPTTIMER0.ASM 31 : Found opcode in column 1. (BCF)
Warning[203] C:\USERS\JUNIOR\DROPBOX\APLICADA2-PIC\SOFTWARE\INTERRUPTTIMER0\INTERRUPTTIMER0.ASM 32 : Found opcode in column 1. (GOTO)
Warning[203] C:\USERS\JUNIOR\DROPBOX\APLICADA2-PIC\SOFTWARE\INTERRUPTTIMER0\INTERRUPTTIMER0.ASM 34 : Found opcode in column 1. (BSF)
Warning[203] C:\USERS\JUNIOR\DROPBOX\APLICADA2-PIC\SOFTWARE\INTERRUPTTIMER0\INTERRUPTTIMER0.ASM 38 : Found opcode in column 1. (SWAPF)
Warning[203] C:\USERS\JUNIOR\DROPBOX\APLICADA2-PIC\SOFTWARE\INTERRUPTTIMER0\INTERRUPTTIMER0.ASM 39 : Found opcode in column 1. (MOVWF)
Warning[203] C:\USERS\JUNIOR\DROPBOX\APLICADA2-PIC\SOFTWARE\INTERRUPTTIMER0\INTERRUPTTIMER0.ASM 40 : Found opcode in column 1. (SWAPF)
Warning[203] C:\USERS\JUNIOR\DROPBOX\APLICADA2-PIC\SOFTWARE\INTERRUPTTIMER0\INTERRUPTTIMER0.ASM 41 : Found opcode in column 1. (SWAPF)
Warning[203] C:\USERS\JUNIOR\DROPBOX\APLICADA2-PIC\SOFTWARE\INTERRUPTTIMER0\INTERRUPTTIMER0.ASM 44 : Found opcode in column 1. (BCF)
Warning[203] C:\USERS\JUNIOR\DROPBOX\APLICADA2-PIC\SOFTWARE\INTERRUPTTIMER0\INTERRUPTTIMER0.ASM 45 : Found opcode in column 1. (RETFIE)
Warning[203] C:\USERS\JUNIOR\DROPBOX\APLICADA2-PIC\SOFTWARE\INTERRUPTTIMER0\INTERRUPTTIMER0.ASM 50 : Found opcode in column 1. (BSF)
Warning[203] C:\USERS\JUNIOR\DROPBOX\APLICADA2-PIC\SOFTWARE\INTERRUPTTIMER0\INTERRUPTTIMER0.ASM 51 : Found opcode in column 1. (BCF)
Warning[203] C:\USERS\JUNIOR\DROPBOX\APLICADA2-PIC\SOFTWARE\INTERRUPTTIMER0\INTERRUPTTIMER0.ASM 52 : Found opcode in column 1. (MOVLW)
Warning[203] C:\USERS\JUNIOR\DROPBOX\APLICADA2-PIC\SOFTWARE\INTERRUPTTIMER0\INTERRUPTTIMER0.ASM 53 : Found opcode in column 1. (MOVWF)
Message[302] C:\USERS\JUNIOR\DROPBOX\APLICADA2-PIC\SOFTWARE\INTERRUPTTIMER0\INTERRUPTTIMER0.ASM 53 : Register in operand not in bank 0.  Ensure that bank bits are correct.
Warning[203] C:\USERS\JUNIOR\DROPBOX\APLICADA2-PIC\SOFTWARE\INTERRUPTTIMER0\INTERRUPTTIMER0.ASM 54 : Found opcode in column 1. (MOVLW)
Warning[203] C:\USERS\JUNIOR\DROPBOX\APLICADA2-PIC\SOFTWARE\INTERRUPTTIMER0\INTERRUPTTIMER0.ASM 55 : Found opcode in column 1. (MOVWF)
Message[302] C:\USERS\JUNIOR\DROPBOX\APLICADA2-PIC\SOFTWARE\INTERRUPTTIMER0\INTERRUPTTIMER0.ASM 55 : Register in operand not in bank 0.  Ensure that bank bits are correct.
Warning[203] C:\USERS\JUNIOR\DROPBOX\APLICADA2-PIC\SOFTWARE\INTERRUPTTIMER0\INTERRUPTTIMER0.ASM 56 : Found opcode in column 1. (MOVLW)
Warning[203] C:\USERS\JUNIOR\DROPBOX\APLICADA2-PIC\SOFTWARE\INTERRUPTTIMER0\INTERRUPTTIMER0.ASM 57 : Found opcode in column 1. (MOVWF)
Message[302] C:\USERS\JUNIOR\DROPBOX\APLICADA2-PIC\SOFTWARE\INTERRUPTTIMER0\INTERRUPTTIMER0.ASM 57 : Register in operand not in bank 0.  Ensure that bank bits are correct.
Warning[203] C:\USERS\JUNIOR\DROPBOX\APLICADA2-PIC\SOFTWARE\INTERRUPTTIMER0\INTERRUPTTIMER0.ASM 58 : Found opcode in column 1. (MOVLW)
Warning[203] C:\USERS\JUNIOR\DROPBOX\APLICADA2-PIC\SOFTWARE\INTERRUPTTIMER0\INTERRUPTTIMER0.ASM 59 : Found opcode in column 1. (MOVWF)
Message[302] C:\USERS\JUNIOR\DROPBOX\APLICADA2-PIC\SOFTWARE\INTERRUPTTIMER0\INTERRUPTTIMER0.ASM 59 : Register in operand not in bank 0.  Ensure that bank bits are correct.
Warning[203] C:\USERS\JUNIOR\DROPBOX\APLICADA2-PIC\SOFTWARE\INTERRUPTTIMER0\INTERRUPTTIMER0.ASM 60 : Found opcode in column 1. (MOVWF)
Message[302] C:\USERS\JUNIOR\DROPBOX\APLICADA2-PIC\SOFTWARE\INTERRUPTTIMER0\INTERRUPTTIMER0.ASM 60 : Register in operand not in bank 0.  Ensure that bank bits are correct.
Warning[203] C:\USERS\JUNIOR\DROPBOX\APLICADA2-PIC\SOFTWARE\INTERRUPTTIMER0\INTERRUPTTIMER0.ASM 61 : Found opcode in column 1. (MOVLW)
Warning[203] C:\USERS\JUNIOR\DROPBOX\APLICADA2-PIC\SOFTWARE\INTERRUPTTIMER0\INTERRUPTTIMER0.ASM 62 : Found opcode in column 1. (MOVWF)
Message[302] C:\USERS\JUNIOR\DROPBOX\APLICADA2-PIC\SOFTWARE\INTERRUPTTIMER0\INTERRUPTTIMER0.ASM 62 : Register in operand not in bank 0.  Ensure that bank bits are correct.
Warning[203] C:\USERS\JUNIOR\DROPBOX\APLICADA2-PIC\SOFTWARE\INTERRUPTTIMER0\INTERRUPTTIMER0.ASM 63 : Found opcode in column 1. (MOVLW)
Warning[203] C:\USERS\JUNIOR\DROPBOX\APLICADA2-PIC\SOFTWARE\INTERRUPTTIMER0\INTERRUPTTIMER0.ASM 64 : Found opcode in column 1. (MOVWF)
Warning[203] C:\USERS\JUNIOR\DROPBOX\APLICADA2-PIC\SOFTWARE\INTERRUPTTIMER0\INTERRUPTTIMER0.ASM 65 : Found opcode in column 1. (BCF)
Warning[203] C:\USERS\JUNIOR\DROPBOX\APLICADA2-PIC\SOFTWARE\INTERRUPTTIMER0\INTERRUPTTIMER0.ASM 66 : Found opcode in column 1. (MOVLW)
Warning[203] C:\USERS\JUNIOR\DROPBOX\APLICADA2-PIC\SOFTWARE\INTERRUPTTIMER0\INTERRUPTTIMER0.ASM 67 : Found opcode in column 1. (MOVWF)
Warning[203] C:\USERS\JUNIOR\DROPBOX\APLICADA2-PIC\SOFTWARE\INTERRUPTTIMER0\INTERRUPTTIMER0.ASM 68 : Found opcode in column 1. (MOVLW)
Warning[203] C:\USERS\JUNIOR\DROPBOX\APLICADA2-PIC\SOFTWARE\INTERRUPTTIMER0\INTERRUPTTIMER0.ASM 69 : Found opcode in column 1. (MOVWF)
Warning[203] C:\USERS\JUNIOR\DROPBOX\APLICADA2-PIC\SOFTWARE\INTERRUPTTIMER0\INTERRUPTTIMER0.ASM 70 : Found opcode in column 1. (MOVLW)
Warning[203] C:\USERS\JUNIOR\DROPBOX\APLICADA2-PIC\SOFTWARE\INTERRUPTTIMER0\INTERRUPTTIMER0.ASM 71 : Found opcode in column 1. (MOVWF)
Warning[203] C:\USERS\JUNIOR\DROPBOX\APLICADA2-PIC\SOFTWARE\INTERRUPTTIMER0\INTERRUPTTIMER0.ASM 74 : Found opcode in column 1. (GOTO)
Warning[205] C:\USERS\JUNIOR\DROPBOX\APLICADA2-PIC\SOFTWARE\INTERRUPTTIMER0\INTERRUPTTIMER0.ASM 75 : Found directive in column 1. (END)
