MPASM  5.44        ENDERECAMENTO_INDIRETO.ASM   3-8-2014  0:52:25         PAGE  1


LOC  OBJECT CODE     LINE SOURCE TEXT
  VALUE

                      00001 ;ENDEREÇAMENTO INDIRETO
                      00002 
                      00003  #INCLUDE<P16F877A.INC>
                      00001         LIST
                      00002 
                      00003 ;==========================================================================
                      00004 ;  MPASM PIC16F877A processor include
                      00005 ; 
                      00006 ;  (c) Copyright 1999-2012 Microchip Technology, All rights reserved
                      00007 ;==========================================================================
                      00008 
                      00566         LIST
                      00004 
                      00005 
Warning[207]: Found label after column 1. (REG1)
  00000020            00006  REG1    EQU 20H
Warning[207]: Found label after column 1. (REG2)
  00000021            00007  REG2    EQU 21H
Warning[207]: Found label after column 1. (CONT)
  00000022            00008  CONT    EQU 22H
Warning[207]: Found label after column 1. (NAPERTO)
  00000023            00009  NAPERTO  EQU 23H
Warning[207]: Found label after column 1. (TEMPO1)
  00000024            00010  TEMPO1   EQU 24H
Warning[207]: Found label after column 1. (TEMPO2)
  00000025            00011  TEMPO2   EQU 25H
                      00012 
0000                  00013  org 0x00
0000   2866           00014  GOTO INICIO
                      00015 
                      00016  
                      00017 
                      00018  
                      00019 
                      00020 
                      00021 ;------------------------SUB ROTINA DE CONFIGURAÇÃO--------------
Warning[207]: Found label after column 1. (CONFIGURA)
0001                  00022  CONFIGURA
0001   1683           00023  BSF STATUS,RP0
0002   1303           00024  BCF STATUS,RP1
0003   30FF           00025  MOVLW B'11111111'
Message[302]: Register in operand not in bank 0.  Ensure that bank bits are correct.
0004   0085           00026  MOVWF TRISA
0005   300F           00027  MOVLW B'00001111'
Message[302]: Register in operand not in bank 0.  Ensure that bank bits are correct.
0006   0086           00028  MOVWF TRISB
0007   30F9           00029  MOVLW B'11111001'
Message[302]: Register in operand not in bank 0.  Ensure that bank bits are correct.
0008   0087           00030  MOVWF TRISC
0009   3000           00031  MOVLW 0X00
Message[302]: Register in operand not in bank 0.  Ensure that bank bits are correct.
000A   0088           00032  MOVWF TRISD
Message[302]: Register in operand not in bank 0.  Ensure that bank bits are correct.
MPASM  5.44        ENDERECAMENTO_INDIRETO.ASM   3-8-2014  0:52:25         PAGE  2


LOC  OBJECT CODE     LINE SOURCE TEXT
  VALUE

000B   0089           00033  MOVWF TRISE
000C   1283           00034  BCF STATUS,RP0
000D   0008           00035   RETURN
                      00036 
                      00037 ;--------------------FIM DA CONFIGURAÇÃO -----------------------
                      00038 
                      00039 
                      00040 ;-------------------SUB ROTINAS DE ATRASOS ---------------------
                      00041 
Warning[207]: Found label after column 1. (ATRASO_1MS)
000E                  00042  ATRASO_1MS
000E   30FF           00043  MOVLW .255
000F   00A0           00044  MOVWF REG1
Warning[207]: Found label after column 1. (VOLTA)
0010                  00045  VOLTA
0010   03A0           00046  DECF REG1,F
0011   1D03           00047  BTFSS STATUS,Z
0012   2810           00048  GOTO VOLTA
0013   0008           00049  RETURN
                      00050 
Warning[207]: Found label after column 1. (ATRASO_1S)
0014                  00051  ATRASO_1S
0014   3002           00052  MOVLW .2
0015   00A2           00053  MOVWF CONT
Warning[207]: Found label after column 1. (VOLT)
0016                  00054  VOLT
0016   200E           00055  CALL ATRASO_1MS 
0017   03A2           00056  DECF CONT,F
0018   1D03           00057  BTFSS STATUS,Z
0019   2816           00058  GOTO VOLT
001A   0008           00059  RETURN
                      00060 
001B                  00061 ATRASO_100MS
Warning[203]: Found opcode in column 1. (MOVLW)
001B   3001           00062 MOVLW .1
Warning[203]: Found opcode in column 1. (MOVWF)
001C   00A4           00063 MOVWF TEMPO1
001D                  00064 TEMPO_1
Warning[203]: Found opcode in column 1. (MOVLW)
001D   30FF           00065 MOVLW .255
Warning[203]: Found opcode in column 1. (MOVWF)
001E   00A5           00066 MOVWF TEMPO2
001F                  00067 TEMPO_2
Warning[203]: Found opcode in column 1. (DECF)
001F   03A5           00068 DECF TEMPO2,F
Warning[203]: Found opcode in column 1. (BTFSS)
0020   1D03           00069 BTFSS STATUS,Z
Warning[203]: Found opcode in column 1. (GOTO)
0021   281F           00070 GOTO TEMPO_2
Warning[203]: Found opcode in column 1. (DECF)
0022   03A4           00071 DECF TEMPO1,F
Warning[203]: Found opcode in column 1. (BTFSS)
0023   1D03           00072 BTFSS STATUS,Z
MPASM  5.44        ENDERECAMENTO_INDIRETO.ASM   3-8-2014  0:52:25         PAGE  3


LOC  OBJECT CODE     LINE SOURCE TEXT
  VALUE

Warning[203]: Found opcode in column 1. (GOTO)
0024   281D           00073 GOTO TEMPO_1
Warning[203]: Found opcode in column 1. (RETURN)
0025   0008           00074 RETURN
                      00075 
                      00076 ;------------------------------FIM DOS ATRASOS--------------------------------
                      00077 
                      00078 
                      00079 ;------------TRATAMENTO BOTÃO------------------------------
                      00080 
0026                  00081 SALVA0
                      00082 
Warning[203]: Found opcode in column 1. (CALL)
0026   201B           00083 CALL ATRASO_100MS
Warning[203]: Found opcode in column 1. (BTFSC)
0027   1806           00084 BTFSC PORTB,0  ; BOT0 ESTA APERTADO?
Warning[203]: Found opcode in column 1. (RETURN)
0028   0008           00085 RETURN    ; NÃO ESTA APERTADO
Warning[203]: Found opcode in column 1. (MOVLW)
0029   303F           00086 MOVLW B'00111111' 
Warning[203]: Found opcode in column 1. (MOVWF)
002A   0080           00087 MOVWF INDF
Warning[203]: Found opcode in column 1. (INCF)
002B   0A84           00088 INCF FSR,F
Warning[203]: Found opcode in column 1. (INCF)
002C   0AA3           00089 INCF NAPERTO,F
Warning[203]: Found opcode in column 1. (MOVLW)
002D   303F           00090 MOVLW B'00111111'
Warning[203]: Found opcode in column 1. (MOVWF)
002E   0088           00091 MOVWF PORTD
Warning[203]: Found opcode in column 1. (BSF)
002F   1706           00092 BSF  PORTB,6
Warning[203]: Found opcode in column 1. (CALL)
0030   2014           00093 CALL  ATRASO_1S
Warning[203]: Found opcode in column 1. (BCF)
0031   1306           00094 BCF  PORTB,6
Warning[203]: Found opcode in column 1. (RETURN)
0032   0008           00095 RETURN
                      00096 
0033                  00097 SALVA1
Warning[203]: Found opcode in column 1. (CALL)
0033   201B           00098 CALL ATRASO_100MS
Warning[203]: Found opcode in column 1. (BTFSC)
0034   1886           00099 BTFSC PORTB,1  ; BOT0 ESTA APERTADO?
Warning[203]: Found opcode in column 1. (RETURN)
0035   0008           00100 RETURN    ; NÃO ESTA APERTADO
Warning[203]: Found opcode in column 1. (MOVLW)
0036   3006           00101 MOVLW B'00000110' 
Warning[203]: Found opcode in column 1. (MOVWF)
0037   0080           00102 MOVWF INDF
Warning[203]: Found opcode in column 1. (INCF)
0038   0A84           00103 INCF FSR,F
Warning[203]: Found opcode in column 1. (INCF)
MPASM  5.44        ENDERECAMENTO_INDIRETO.ASM   3-8-2014  0:52:25         PAGE  4


LOC  OBJECT CODE     LINE SOURCE TEXT
  VALUE

0039   0AA3           00104 INCF NAPERTO,F
Warning[203]: Found opcode in column 1. (MOVLW)
003A   3006           00105 MOVLW B'00000110'
Warning[203]: Found opcode in column 1. (MOVWF)
003B   0088           00106 MOVWF PORTD
Warning[203]: Found opcode in column 1. (BSF)
003C   1686           00107 BSF  PORTB,5
Warning[203]: Found opcode in column 1. (CALL)
003D   2014           00108 CALL  ATRASO_1S
Warning[203]: Found opcode in column 1. (BCF)
003E   1286           00109 BCF  PORTB,5
Warning[203]: Found opcode in column 1. (RETURN)
003F   0008           00110 RETURN
                      00111 
0040                  00112 SALVA2
Warning[203]: Found opcode in column 1. (CALL)
0040   201B           00113 CALL ATRASO_100MS
Warning[203]: Found opcode in column 1. (BTFSC)
0041   1906           00114 BTFSC PORTB,2  ; BOT0 ESTA APERTADO?
Warning[203]: Found opcode in column 1. (RETURN)
0042   0008           00115 RETURN    ; NÃO ESTA APERTADO
Warning[203]: Found opcode in column 1. (MOVLW)
0043   306D           00116 MOVLW B'01101101' 
Warning[203]: Found opcode in column 1. (MOVWF)
0044   0080           00117 MOVWF INDF
Warning[203]: Found opcode in column 1. (INCF)
0045   0A84           00118 INCF FSR,F
Warning[203]: Found opcode in column 1. (INCF)
0046   0AA3           00119 INCF NAPERTO,F
Warning[203]: Found opcode in column 1. (MOVLW)
0047   305B           00120 MOVLW B'01011011'
Warning[203]: Found opcode in column 1. (MOVWF)
0048   0088           00121 MOVWF PORTD
Warning[203]: Found opcode in column 1. (BSF)
0049   1606           00122 BSF  PORTB,4
Warning[203]: Found opcode in column 1. (CALL)
004A   2014           00123 CALL  ATRASO_1S
Warning[203]: Found opcode in column 1. (BCF)
004B   1206           00124 BCF  PORTB,4
Warning[203]: Found opcode in column 1. (RETURN)
004C   0008           00125 RETURN
                      00126 
004D                  00127 EXIBETUDO
Warning[203]: Found opcode in column 1. (CALL)
004D   201B           00128 CALL ATRASO_100MS
Warning[203]: Found opcode in column 1. (BTFSC)
004E   1986           00129 BTFSC PORTB,3  ; BOT0 ESTA APERTADO?
Warning[203]: Found opcode in column 1. (RETURN)
004F   0008           00130 RETURN    ; NÃO ESTA APERTADO
Warning[203]: Found opcode in column 1. (MOVLW)
0050   3040           00131 MOVLW 0X40
Warning[203]: Found opcode in column 1. (MOVWF)
0051   0084           00132 MOVWF FSR
MPASM  5.44        ENDERECAMENTO_INDIRETO.ASM   3-8-2014  0:52:25         PAGE  5


LOC  OBJECT CODE     LINE SOURCE TEXT
  VALUE

0052                  00133 LOOP
Warning[203]: Found opcode in column 1. (MOVF)
0052   0800           00134 MOVF INDF,W
Warning[203]: Found opcode in column 1. (MOVWF)
0053   0088           00135 MOVWF PORTD
Warning[203]: Found opcode in column 1. (BSF)
0054   1786           00136 BSF  PORTB,7
Warning[203]: Found opcode in column 1. (CALL)
0055   2014           00137 CALL  ATRASO_1S
Warning[203]: Found opcode in column 1. (BCF)
0056   1386           00138 BCF  PORTB,7
Warning[203]: Found opcode in column 1. (INCF)
0057   0A84           00139 INCF FSR,F
Warning[203]: Found opcode in column 1. (DECF)
0058   03A3           00140 DECF NAPERTO,F
Warning[203]: Found opcode in column 1. (MOVLW)
0059   3000           00141 MOVLW 0X00
Warning[203]: Found opcode in column 1. (SUBWF)
005A   0223           00142 SUBWF NAPERTO,W
Warning[203]: Found opcode in column 1. (BTFSS)
005B   1D03           00143 BTFSS STATUS,Z ;DEU ZERO?
Warning[203]: Found opcode in column 1. (GOTO)
005C   2852           00144 GOTO LOOP  ;NÃO, ENTÃO VOLTA
Warning[203]: Found opcode in column 1. (MOVLW)
005D   3040           00145 MOVLW 0X40  ;SIM, DEU ZERO
Warning[203]: Found opcode in column 1. (MOVWF)
005E   0084           00146 MOVWF FSR
Warning[203]: Found opcode in column 1. (CLRF)
005F   01A3           00147 CLRF NAPERTO 
Warning[203]: Found opcode in column 1. (RETURN)
0060   0008           00148 RETURN    
                      00149 
                      00150  
                      00151 
                      00152 ;------------***********************------------------------------
0061                  00153 DEBUG
Warning[203]: Found opcode in column 1. (MOVLW)
0061   30F0           00154 MOVLW   0XF0
Warning[203]: Found opcode in column 1. (MOVWF)
0062   0088           00155 MOVWF   PORTD
Warning[203]: Found opcode in column 1. (MOVLW)
0063   30F0           00156 MOVLW   0XF0
Warning[203]: Found opcode in column 1. (MOVWF)
0064   0086           00157 MOVWF   PORTB
0065                  00158 LOOP2
Warning[203]: Found opcode in column 1. (GOTO)
0065   2865           00159 GOTO LOOP2
                      00160 
                      00161 
                      00162 
                      00163 ;------------***********************------------------------------
                      00164 ;------------***********************------------------------------
                      00165 ;------------***********************------------------------------
MPASM  5.44        ENDERECAMENTO_INDIRETO.ASM   3-8-2014  0:52:25         PAGE  6


LOC  OBJECT CODE     LINE SOURCE TEXT
  VALUE

                      00166 
                      00167 ;-------------------PROGRAMA PRINCIPAL ---------------------------
                      00168 
Warning[207]: Found label after column 1. (INICIO)
0066                  00169  INICIO
Warning[203]: Found opcode in column 1. (CALL)
0066   2001           00170 CALL CONFIGURA
Warning[203]: Found opcode in column 1. (MOVLW)
0067   3040           00171 MOVLW 0X40
Warning[203]: Found opcode in column 1. (MOVWF)
0068   0084           00172 MOVWF FSR
Warning[203]: Found opcode in column 1. (CLRF)
0069   0186           00173 CLRF PORTB
Warning[203]: Found opcode in column 1. (CLRF)
006A   01A3           00174 CLRF NAPERTO
                      00175 
006B                  00176 BOT0
006B   1806           00177  BTFSC PORTB,0  ; BOT0 ESTA APERTADO?
006C   286E           00178  GOTO BOT1  ; NÃO ESTA APERTADO
006D   2026           00179  CALL SALVA0  ; ESTA APERTADO
006E                  00180 BOT1 
006E   1886           00181  BTFSC PORTB,1  ; BOT0 ESTA APERTADO?
006F   2871           00182  GOTO BOT2  ; NÃO ESTA APERTADO
0070   2033           00183  CALL SALVA1  ; ESTA APERTADO
0071                  00184 BOT2 
0071   1906           00185  BTFSC PORTB,2  ; BOT0 ESTA APERTADO?
0072   2874           00186  GOTO BOT3  ; NÃO ESTA APERTADO
0073   2040           00187  CALL SALVA2  ; ESTA APERTADO
0074                  00188 BOT3 
0074   1986           00189  BTFSC PORTB,3  ; BOT0 ESTA APERTADO?
0075   286B           00190  GOTO BOT0  ; NÃO ESTA APERTADO
0076   204D           00191  CALL EXIBETUDO ; ESTA APERTADO
0077   286B           00192  GOTO BOT0
                      00193 
Warning[205]: Found directive in column 1. (END)
                      00194 END
MPASM  5.44        ENDERECAMENTO_INDIRETO.ASM   3-8-2014  0:52:25         PAGE  7


SYMBOL TABLE
  LABEL                             VALUE 

ACKDT                             00000005
ACKEN                             00000004
ACKSTAT                           00000006
ADCON0                            0000001F
ADCON1                            0000009F
ADCS0                             00000006
ADCS1                             00000007
ADCS2                             00000006
ADDEN                             00000003
ADFM                              00000007
ADIE                              00000006
ADIF                              00000006
ADON                              00000000
ADRESH                            0000001E
ADRESL                            0000009E
ATRASO_100MS                      0000001B
ATRASO_1MS                        0000000E
ATRASO_1S                         00000014
BCLIE                             00000003
BCLIF                             00000003
BF                                00000000
BOT0                              0000006B
BOT1                              0000006E
BOT2                              00000071
BOT3                              00000074
BRGH                              00000002
C                                 00000000
C1INV                             00000004
C1OUT                             00000006
C2INV                             00000005
C2OUT                             00000007
CCP1CON                           00000017
CCP1IE                            00000002
CCP1IF                            00000002
CCP1M0                            00000000
CCP1M1                            00000001
CCP1M2                            00000002
CCP1M3                            00000003
CCP1X                             00000005
CCP1Y                             00000004
CCP2CON                           0000001D
CCP2IE                            00000000
CCP2IF                            00000000
CCP2M0                            00000000
CCP2M1                            00000001
CCP2M2                            00000002
CCP2M3                            00000003
CCP2X                             00000005
CCP2Y                             00000004
CCPR1                             00000015
CCPR1H                            00000016
CCPR1L                            00000015
CCPR2                             0000001B
MPASM  5.44        ENDERECAMENTO_INDIRETO.ASM   3-8-2014  0:52:25         PAGE  8


SYMBOL TABLE
  LABEL                             VALUE 

CCPR2H                            0000001C
CCPR2L                            0000001B
CHS0                              00000003
CHS1                              00000004
CHS2                              00000005
CIS                               00000003
CKE                               00000006
CKP                               00000004
CM0                               00000000
CM1                               00000001
CM2                               00000002
CMCON                             0000009C
CMIE                              00000006
CMIF                              00000006
CONFIGURA                         00000001
CONT                              00000022
CREN                              00000004
CSRC                              00000007
CVR0                              00000000
CVR1                              00000001
CVR2                              00000002
CVR3                              00000003
CVRCON                            0000009D
CVREN                             00000007
CVROE                             00000006
CVRR                              00000005
D                                 00000005
DATA_ADDRESS                      00000005
DC                                00000001
DEBUG                             00000061
D_A                               00000005
D_NOT_A                           00000005
EEADR                             0000010D
EEADRH                            0000010F
EECON1                            0000018C
EECON2                            0000018D
EEDATA                            0000010C
EEDATH                            0000010E
EEIE                              00000004
EEIF                              00000004
EEPGD                             00000007
EXIBETUDO                         0000004D
F                                 00000001
FERR                              00000002
FSR                               00000004
GCEN                              00000007
GIE                               00000007
GO                                00000002
GO_DONE                           00000002
GO_NOT_DONE                       00000002
I2C_DATA                          00000005
I2C_READ                          00000002
I2C_START                         00000003
MPASM  5.44        ENDERECAMENTO_INDIRETO.ASM   3-8-2014  0:52:25         PAGE  9


SYMBOL TABLE
  LABEL                             VALUE 

I2C_STOP                          00000004
IBF                               00000007
IBOV                              00000005
INDF                              00000000
INICIO                            00000066
INTCON                            0000000B
INTE                              00000004
INTEDG                            00000006
INTF                              00000001
IRP                               00000007
LOOP                              00000052
LOOP2                             00000065
NAPERTO                           00000023
NOT_A                             00000005
NOT_ADDRESS                       00000005
NOT_BO                            00000000
NOT_BOR                           00000000
NOT_DONE                          00000002
NOT_PD                            00000003
NOT_POR                           00000001
NOT_RBPU                          00000007
NOT_RC8                           00000006
NOT_T1SYNC                        00000002
NOT_TO                            00000004
NOT_TX8                           00000006
NOT_W                             00000002
NOT_WRITE                         00000002
OBF                               00000006
OERR                              00000001
OPTION_REG                        00000081
P                                 00000004
PCFG0                             00000000
PCFG1                             00000001
PCFG2                             00000002
PCFG3                             00000003
PCL                               00000002
PCLATH                            0000000A
PCON                              0000008E
PEIE                              00000006
PEN                               00000002
PIE1                              0000008C
PIE2                              0000008D
PIR1                              0000000C
PIR2                              0000000D
PORTA                             00000005
PORTB                             00000006
PORTC                             00000007
PORTD                             00000008
PORTE                             00000009
PR2                               00000092
PS0                               00000000
PS1                               00000001
PS2                               00000002
MPASM  5.44        ENDERECAMENTO_INDIRETO.ASM   3-8-2014  0:52:25         PAGE 10


SYMBOL TABLE
  LABEL                             VALUE 

PSA                               00000003
PSPIE                             00000007
PSPIF                             00000007
PSPMODE                           00000004
R                                 00000002
RA0                               00000000
RA1                               00000001
RA2                               00000002
RA3                               00000003
RA4                               00000004
RA5                               00000005
RB0                               00000000
RB1                               00000001
RB2                               00000002
RB3                               00000003
RB4                               00000004
RB5                               00000005
RB6                               00000006
RB7                               00000007
RBIE                              00000003
RBIF                              00000000
RC0                               00000000
RC1                               00000001
RC2                               00000002
RC3                               00000003
RC4                               00000004
RC5                               00000005
RC6                               00000006
RC7                               00000007
RC8_9                             00000006
RC9                               00000006
RCD8                              00000000
RCEN                              00000003
RCIE                              00000005
RCIF                              00000005
RCREG                             0000001A
RCSTA                             00000018
RD                                00000000
RD0                               00000000
RD1                               00000001
RD2                               00000002
RD3                               00000003
RD4                               00000004
RD5                               00000005
RD6                               00000006
RD7                               00000007
RE0                               00000000
RE1                               00000001
RE2                               00000002
READ_WRITE                        00000002
REG1                              00000020
REG2                              00000021
RP0                               00000005
MPASM  5.44        ENDERECAMENTO_INDIRETO.ASM   3-8-2014  0:52:25         PAGE 11


SYMBOL TABLE
  LABEL                             VALUE 

RP1                               00000006
RSEN                              00000001
RX9                               00000006
RX9D                              00000000
R_NOT_W                           00000002
R_W                               00000002
S                                 00000003
SALVA0                            00000026
SALVA1                            00000033
SALVA2                            00000040
SEN                               00000000
SMP                               00000007
SPBRG                             00000099
SPEN                              00000007
SREN                              00000005
SSPADD                            00000093
SSPBUF                            00000013
SSPCON                            00000014
SSPCON2                           00000091
SSPEN                             00000005
SSPIE                             00000003
SSPIF                             00000003
SSPM0                             00000000
SSPM1                             00000001
SSPM2                             00000002
SSPM3                             00000003
SSPOV                             00000006
SSPSTAT                           00000094
STATUS                            00000003
SYNC                              00000004
T0CS                              00000005
T0IE                              00000005
T0IF                              00000002
T0SE                              00000004
T1CKPS0                           00000004
T1CKPS1                           00000005
T1CON                             00000010
T1INSYNC                          00000002
T1OSCEN                           00000003
T1SYNC                            00000002
T2CKPS0                           00000000
T2CKPS1                           00000001
T2CON                             00000012
TEMPO1                            00000024
TEMPO2                            00000025
TEMPO_1                           0000001D
TEMPO_2                           0000001F
TMR0                              00000001
TMR0IE                            00000005
TMR0IF                            00000002
TMR1                              0000000E
TMR1CS                            00000001
TMR1H                             0000000F
MPASM  5.44        ENDERECAMENTO_INDIRETO.ASM   3-8-2014  0:52:25         PAGE 12


SYMBOL TABLE
  LABEL                             VALUE 

TMR1IE                            00000000
TMR1IF                            00000000
TMR1L                             0000000E
TMR1ON                            00000000
TMR2                              00000011
TMR2IE                            00000001
TMR2IF                            00000001
TMR2ON                            00000002
TOUTPS0                           00000003
TOUTPS1                           00000004
TOUTPS2                           00000005
TOUTPS3                           00000006
TRISA                             00000085
TRISA0                            00000000
TRISA1                            00000001
TRISA2                            00000002
TRISA3                            00000003
TRISA4                            00000004
TRISA5                            00000005
TRISB                             00000086
TRISB0                            00000000
TRISB1                            00000001
TRISB2                            00000002
TRISB3                            00000003
TRISB4                            00000004
TRISB5                            00000005
TRISB6                            00000006
TRISB7                            00000007
TRISC                             00000087
TRISC0                            00000000
TRISC1                            00000001
TRISC2                            00000002
TRISC3                            00000003
TRISC4                            00000004
TRISC5                            00000005
TRISC6                            00000006
TRISC7                            00000007
TRISD                             00000088
TRISD0                            00000000
TRISD1                            00000001
TRISD2                            00000002
TRISD3                            00000003
TRISD4                            00000004
TRISD5                            00000005
TRISD6                            00000006
TRISD7                            00000007
TRISE                             00000089
TRISE0                            00000000
TRISE1                            00000001
TRISE2                            00000002
TRMT                              00000001
TX8_9                             00000006
TX9                               00000006
MPASM  5.44        ENDERECAMENTO_INDIRETO.ASM   3-8-2014  0:52:25         PAGE 13


SYMBOL TABLE
  LABEL                             VALUE 

TX9D                              00000000
TXD8                              00000000
TXEN                              00000005
TXIE                              00000004
TXIF                              00000004
TXREG                             00000019
TXSTA                             00000098
UA                                00000001
VOLT                              00000016
VOLTA                             00000010
W                                 00000000
WCOL                              00000007
WR                                00000001
WREN                              00000002
WRERR                             00000003
Z                                 00000002
_BODEN_OFF                        00003FBF
_BODEN_ON                         00003FFF
_BOREN_OFF                        00003FBF
_BOREN_ON                         00003FFF
_CONFIG                           00002007
_CPD_OFF                          00003FFF
_CPD_ON                           00003EFF
_CP_ALL                           00001FFF
_CP_OFF                           00003FFF
_CP_ON                            00001FFF
_DEBUG_OFF                        00003FFF
_DEBUG_ON                         000037FF
_DEVID1                           00002006
_FOSC_EXTRC                       00003FFF
_FOSC_HS                          00003FFE
_FOSC_LP                          00003FFC
_FOSC_XT                          00003FFD
_HS_OSC                           00003FFE
_IDLOC0                           00002000
_IDLOC1                           00002001
_IDLOC2                           00002002
_IDLOC3                           00002003
_LP_OSC                           00003FFC
_LVP_OFF                          00003F7F
_LVP_ON                           00003FFF
_PWRTE_OFF                        00003FFF
_PWRTE_ON                         00003FF7
_RC_OSC                           00003FFF
_WDTE_OFF                         00003FFB
_WDTE_ON                          00003FFF
_WDT_OFF                          00003FFB
_WDT_ON                           00003FFF
_WRT_1FOURTH                      00003BFF
_WRT_256                          00003DFF
_WRT_HALF                         000039FF
_WRT_OFF                          00003FFF
_XT_OSC                           00003FFD
MPASM  5.44        ENDERECAMENTO_INDIRETO.ASM   3-8-2014  0:52:25         PAGE 14


SYMBOL TABLE
  LABEL                             VALUE 

__16F877A                         00000001
__DEBUG                           1


MEMORY USAGE MAP ('X' = Used,  '-' = Unused)

0000 : XXXXXXXXXXXXXXXX XXXXXXXXXXXXXXXX XXXXXXXXXXXXXXXX XXXXXXXXXXXXXXXX
0040 : XXXXXXXXXXXXXXXX XXXXXXXXXXXXXXXX XXXXXXXXXXXXXXXX XXXXXXXX--------

All other memory blocks unused.

Program Memory Words Used:   120
Program Memory Words Free:  8072


Errors   :     0
Warnings :    93 reported,     0 suppressed
Messages :     5 reported,     0 suppressed

