Warning[207] C:\USERS\JUNIOR\DROPBOX\APLICADA2-PIC\SOFTWARE\ENDERECAMENTO_INDIRETO.ASM 6 : Found label after column 1. (REG1)
Warning[207] C:\USERS\JUNIOR\DROPBOX\APLICADA2-PIC\SOFTWARE\ENDERECAMENTO_INDIRETO.ASM 7 : Found label after column 1. (REG2)
Warning[207] C:\USERS\JUNIOR\DROPBOX\APLICADA2-PIC\SOFTWARE\ENDERECAMENTO_INDIRETO.ASM 8 : Found label after column 1. (CONT)
Warning[207] C:\USERS\JUNIOR\DROPBOX\APLICADA2-PIC\SOFTWARE\ENDERECAMENTO_INDIRETO.ASM 9 : Found label after column 1. (NAPERTO)
Warning[207] C:\USERS\JUNIOR\DROPBOX\APLICADA2-PIC\SOFTWARE\ENDERECAMENTO_INDIRETO.ASM 10 : Found label after column 1. (TEMPO1)
Warning[207] C:\USERS\JUNIOR\DROPBOX\APLICADA2-PIC\SOFTWARE\ENDERECAMENTO_INDIRETO.ASM 11 : Found label after column 1. (TEMPO2)
Warning[207] C:\USERS\JUNIOR\DROPBOX\APLICADA2-PIC\SOFTWARE\ENDERECAMENTO_INDIRETO.ASM 22 : Found label after column 1. (CONFIGURA)
Message[302] C:\USERS\JUNIOR\DROPBOX\APLICADA2-PIC\SOFTWARE\ENDERECAMENTO_INDIRETO.ASM 26 : Register in operand not in bank 0.  Ensure that bank bits are correct.
Message[302] C:\USERS\JUNIOR\DROPBOX\APLICADA2-PIC\SOFTWARE\ENDERECAMENTO_INDIRETO.ASM 28 : Register in operand not in bank 0.  Ensure that bank bits are correct.
Message[302] C:\USERS\JUNIOR\DROPBOX\APLICADA2-PIC\SOFTWARE\ENDERECAMENTO_INDIRETO.ASM 30 : Register in operand not in bank 0.  Ensure that bank bits are correct.
Message[302] C:\USERS\JUNIOR\DROPBOX\APLICADA2-PIC\SOFTWARE\ENDERECAMENTO_INDIRETO.ASM 32 : Register in operand not in bank 0.  Ensure that bank bits are correct.
Message[302] C:\USERS\JUNIOR\DROPBOX\APLICADA2-PIC\SOFTWARE\ENDERECAMENTO_INDIRETO.ASM 33 : Register in operand not in bank 0.  Ensure that bank bits are correct.
Warning[207] C:\USERS\JUNIOR\DROPBOX\APLICADA2-PIC\SOFTWARE\ENDERECAMENTO_INDIRETO.ASM 42 : Found label after column 1. (ATRASO_1MS)
Warning[207] C:\USERS\JUNIOR\DROPBOX\APLICADA2-PIC\SOFTWARE\ENDERECAMENTO_INDIRETO.ASM 45 : Found label after column 1. (VOLTA)
Warning[207] C:\USERS\JUNIOR\DROPBOX\APLICADA2-PIC\SOFTWARE\ENDERECAMENTO_INDIRETO.ASM 51 : Found label after column 1. (ATRASO_1S)
Warning[207] C:\USERS\JUNIOR\DROPBOX\APLICADA2-PIC\SOFTWARE\ENDERECAMENTO_INDIRETO.ASM 54 : Found label after column 1. (VOLT)
Warning[203] C:\USERS\JUNIOR\DROPBOX\APLICADA2-PIC\SOFTWARE\ENDERECAMENTO_INDIRETO.ASM 62 : Found opcode in column 1. (MOVLW)
Warning[203] C:\USERS\JUNIOR\DROPBOX\APLICADA2-PIC\SOFTWARE\ENDERECAMENTO_INDIRETO.ASM 63 : Found opcode in column 1. (MOVWF)
Warning[203] C:\USERS\JUNIOR\DROPBOX\APLICADA2-PIC\SOFTWARE\ENDERECAMENTO_INDIRETO.ASM 65 : Found opcode in column 1. (MOVLW)
Warning[203] C:\USERS\JUNIOR\DROPBOX\APLICADA2-PIC\SOFTWARE\ENDERECAMENTO_INDIRETO.ASM 66 : Found opcode in column 1. (MOVWF)
Warning[203] C:\USERS\JUNIOR\DROPBOX\APLICADA2-PIC\SOFTWARE\ENDERECAMENTO_INDIRETO.ASM 68 : Found opcode in column 1. (DECF)
Warning[203] C:\USERS\JUNIOR\DROPBOX\APLICADA2-PIC\SOFTWARE\ENDERECAMENTO_INDIRETO.ASM 69 : Found opcode in column 1. (BTFSS)
Warning[203] C:\USERS\JUNIOR\DROPBOX\APLICADA2-PIC\SOFTWARE\ENDERECAMENTO_INDIRETO.ASM 70 : Found opcode in column 1. (GOTO)
Warning[203] C:\USERS\JUNIOR\DROPBOX\APLICADA2-PIC\SOFTWARE\ENDERECAMENTO_INDIRETO.ASM 71 : Found opcode in column 1. (DECF)
Warning[203] C:\USERS\JUNIOR\DROPBOX\APLICADA2-PIC\SOFTWARE\ENDERECAMENTO_INDIRETO.ASM 72 : Found opcode in column 1. (BTFSS)
Warning[203] C:\USERS\JUNIOR\DROPBOX\APLICADA2-PIC\SOFTWARE\ENDERECAMENTO_INDIRETO.ASM 73 : Found opcode in column 1. (GOTO)
Warning[203] C:\USERS\JUNIOR\DROPBOX\APLICADA2-PIC\SOFTWARE\ENDERECAMENTO_INDIRETO.ASM 74 : Found opcode in column 1. (RETURN)
Warning[203] C:\USERS\JUNIOR\DROPBOX\APLICADA2-PIC\SOFTWARE\ENDERECAMENTO_INDIRETO.ASM 83 : Found opcode in column 1. (CALL)
Warning[203] C:\USERS\JUNIOR\DROPBOX\APLICADA2-PIC\SOFTWARE\ENDERECAMENTO_INDIRETO.ASM 84 : Found opcode in column 1. (BTFSC)
Warning[203] C:\USERS\JUNIOR\DROPBOX\APLICADA2-PIC\SOFTWARE\ENDERECAMENTO_INDIRETO.ASM 85 : Found opcode in column 1. (RETURN)
Warning[203] C:\USERS\JUNIOR\DROPBOX\APLICADA2-PIC\SOFTWARE\ENDERECAMENTO_INDIRETO.ASM 86 : Found opcode in column 1. (MOVLW)
Warning[203] C:\USERS\JUNIOR\DROPBOX\APLICADA2-PIC\SOFTWARE\ENDERECAMENTO_INDIRETO.ASM 87 : Found opcode in column 1. (MOVWF)
Warning[203] C:\USERS\JUNIOR\DROPBOX\APLICADA2-PIC\SOFTWARE\ENDERECAMENTO_INDIRETO.ASM 88 : Found opcode in column 1. (INCF)
Warning[203] C:\USERS\JUNIOR\DROPBOX\APLICADA2-PIC\SOFTWARE\ENDERECAMENTO_INDIRETO.ASM 89 : Found opcode in column 1. (INCF)
Warning[203] C:\USERS\JUNIOR\DROPBOX\APLICADA2-PIC\SOFTWARE\ENDERECAMENTO_INDIRETO.ASM 90 : Found opcode in column 1. (MOVLW)
Warning[203] C:\USERS\JUNIOR\DROPBOX\APLICADA2-PIC\SOFTWARE\ENDERECAMENTO_INDIRETO.ASM 91 : Found opcode in column 1. (MOVWF)
Warning[203] C:\USERS\JUNIOR\DROPBOX\APLICADA2-PIC\SOFTWARE\ENDERECAMENTO_INDIRETO.ASM 92 : Found opcode in column 1. (BSF)
Warning[203] C:\USERS\JUNIOR\DROPBOX\APLICADA2-PIC\SOFTWARE\ENDERECAMENTO_INDIRETO.ASM 93 : Found opcode in column 1. (CALL)
Warning[203] C:\USERS\JUNIOR\DROPBOX\APLICADA2-PIC\SOFTWARE\ENDERECAMENTO_INDIRETO.ASM 94 : Found opcode in column 1. (BCF)
Warning[203] C:\USERS\JUNIOR\DROPBOX\APLICADA2-PIC\SOFTWARE\ENDERECAMENTO_INDIRETO.ASM 95 : Found opcode in column 1. (RETURN)
Warning[203] C:\USERS\JUNIOR\DROPBOX\APLICADA2-PIC\SOFTWARE\ENDERECAMENTO_INDIRETO.ASM 98 : Found opcode in column 1. (CALL)
Warning[203] C:\USERS\JUNIOR\DROPBOX\APLICADA2-PIC\SOFTWARE\ENDERECAMENTO_INDIRETO.ASM 99 : Found opcode in column 1. (BTFSC)
Warning[203] C:\USERS\JUNIOR\DROPBOX\APLICADA2-PIC\SOFTWARE\ENDERECAMENTO_INDIRETO.ASM 100 : Found opcode in column 1. (RETURN)
Warning[203] C:\USERS\JUNIOR\DROPBOX\APLICADA2-PIC\SOFTWARE\ENDERECAMENTO_INDIRETO.ASM 101 : Found opcode in column 1. (MOVLW)
Warning[203] C:\USERS\JUNIOR\DROPBOX\APLICADA2-PIC\SOFTWARE\ENDERECAMENTO_INDIRETO.ASM 102 : Found opcode in column 1. (MOVWF)
Warning[203] C:\USERS\JUNIOR\DROPBOX\APLICADA2-PIC\SOFTWARE\ENDERECAMENTO_INDIRETO.ASM 103 : Found opcode in column 1. (INCF)
Warning[203] C:\USERS\JUNIOR\DROPBOX\APLICADA2-PIC\SOFTWARE\ENDERECAMENTO_INDIRETO.ASM 104 : Found opcode in column 1. (INCF)
Warning[203] C:\USERS\JUNIOR\DROPBOX\APLICADA2-PIC\SOFTWARE\ENDERECAMENTO_INDIRETO.ASM 105 : Found opcode in column 1. (MOVLW)
Warning[203] C:\USERS\JUNIOR\DROPBOX\APLICADA2-PIC\SOFTWARE\ENDERECAMENTO_INDIRETO.ASM 106 : Found opcode in column 1. (MOVWF)
Warning[203] C:\USERS\JUNIOR\DROPBOX\APLICADA2-PIC\SOFTWARE\ENDERECAMENTO_INDIRETO.ASM 107 : Found opcode in column 1. (BSF)
Warning[203] C:\USERS\JUNIOR\DROPBOX\APLICADA2-PIC\SOFTWARE\ENDERECAMENTO_INDIRETO.ASM 108 : Found opcode in column 1. (CALL)
Warning[203] C:\USERS\JUNIOR\DROPBOX\APLICADA2-PIC\SOFTWARE\ENDERECAMENTO_INDIRETO.ASM 109 : Found opcode in column 1. (BCF)
Warning[203] C:\USERS\JUNIOR\DROPBOX\APLICADA2-PIC\SOFTWARE\ENDERECAMENTO_INDIRETO.ASM 110 : Found opcode in column 1. (RETURN)
Warning[203] C:\USERS\JUNIOR\DROPBOX\APLICADA2-PIC\SOFTWARE\ENDERECAMENTO_INDIRETO.ASM 113 : Found opcode in column 1. (CALL)
Warning[203] C:\USERS\JUNIOR\DROPBOX\APLICADA2-PIC\SOFTWARE\ENDERECAMENTO_INDIRETO.ASM 114 : Found opcode in column 1. (BTFSC)
Warning[203] C:\USERS\JUNIOR\DROPBOX\APLICADA2-PIC\SOFTWARE\ENDERECAMENTO_INDIRETO.ASM 115 : Found opcode in column 1. (RETURN)
Warning[203] C:\USERS\JUNIOR\DROPBOX\APLICADA2-PIC\SOFTWARE\ENDERECAMENTO_INDIRETO.ASM 116 : Found opcode in column 1. (MOVLW)
Warning[203] C:\USERS\JUNIOR\DROPBOX\APLICADA2-PIC\SOFTWARE\ENDERECAMENTO_INDIRETO.ASM 117 : Found opcode in column 1. (MOVWF)
Warning[203] C:\USERS\JUNIOR\DROPBOX\APLICADA2-PIC\SOFTWARE\ENDERECAMENTO_INDIRETO.ASM 118 : Found opcode in column 1. (INCF)
Warning[203] C:\USERS\JUNIOR\DROPBOX\APLICADA2-PIC\SOFTWARE\ENDERECAMENTO_INDIRETO.ASM 119 : Found opcode in column 1. (INCF)
Warning[203] C:\USERS\JUNIOR\DROPBOX\APLICADA2-PIC\SOFTWARE\ENDERECAMENTO_INDIRETO.ASM 120 : Found opcode in column 1. (MOVLW)
Warning[203] C:\USERS\JUNIOR\DROPBOX\APLICADA2-PIC\SOFTWARE\ENDERECAMENTO_INDIRETO.ASM 121 : Found opcode in column 1. (MOVWF)
Warning[203] C:\USERS\JUNIOR\DROPBOX\APLICADA2-PIC\SOFTWARE\ENDERECAMENTO_INDIRETO.ASM 122 : Found opcode in column 1. (BSF)
Warning[203] C:\USERS\JUNIOR\DROPBOX\APLICADA2-PIC\SOFTWARE\ENDERECAMENTO_INDIRETO.ASM 123 : Found opcode in column 1. (CALL)
Warning[203] C:\USERS\JUNIOR\DROPBOX\APLICADA2-PIC\SOFTWARE\ENDERECAMENTO_INDIRETO.ASM 124 : Found opcode in column 1. (BCF)
Warning[203] C:\USERS\JUNIOR\DROPBOX\APLICADA2-PIC\SOFTWARE\ENDERECAMENTO_INDIRETO.ASM 125 : Found opcode in column 1. (RETURN)
Warning[203] C:\USERS\JUNIOR\DROPBOX\APLICADA2-PIC\SOFTWARE\ENDERECAMENTO_INDIRETO.ASM 128 : Found opcode in column 1. (CALL)
Warning[203] C:\USERS\JUNIOR\DROPBOX\APLICADA2-PIC\SOFTWARE\ENDERECAMENTO_INDIRETO.ASM 129 : Found opcode in column 1. (BTFSC)
Warning[203] C:\USERS\JUNIOR\DROPBOX\APLICADA2-PIC\SOFTWARE\ENDERECAMENTO_INDIRETO.ASM 130 : Found opcode in column 1. (RETURN)
Warning[203] C:\USERS\JUNIOR\DROPBOX\APLICADA2-PIC\SOFTWARE\ENDERECAMENTO_INDIRETO.ASM 131 : Found opcode in column 1. (MOVLW)
Warning[203] C:\USERS\JUNIOR\DROPBOX\APLICADA2-PIC\SOFTWARE\ENDERECAMENTO_INDIRETO.ASM 132 : Found opcode in column 1. (MOVWF)
Warning[203] C:\USERS\JUNIOR\DROPBOX\APLICADA2-PIC\SOFTWARE\ENDERECAMENTO_INDIRETO.ASM 134 : Found opcode in column 1. (MOVF)
Warning[203] C:\USERS\JUNIOR\DROPBOX\APLICADA2-PIC\SOFTWARE\ENDERECAMENTO_INDIRETO.ASM 135 : Found opcode in column 1. (MOVWF)
Warning[203] C:\USERS\JUNIOR\DROPBOX\APLICADA2-PIC\SOFTWARE\ENDERECAMENTO_INDIRETO.ASM 136 : Found opcode in column 1. (BSF)
Warning[203] C:\USERS\JUNIOR\DROPBOX\APLICADA2-PIC\SOFTWARE\ENDERECAMENTO_INDIRETO.ASM 137 : Found opcode in column 1. (CALL)
Warning[203] C:\USERS\JUNIOR\DROPBOX\APLICADA2-PIC\SOFTWARE\ENDERECAMENTO_INDIRETO.ASM 138 : Found opcode in column 1. (BCF)
Warning[203] C:\USERS\JUNIOR\DROPBOX\APLICADA2-PIC\SOFTWARE\ENDERECAMENTO_INDIRETO.ASM 139 : Found opcode in column 1. (INCF)
Warning[203] C:\USERS\JUNIOR\DROPBOX\APLICADA2-PIC\SOFTWARE\ENDERECAMENTO_INDIRETO.ASM 140 : Found opcode in column 1. (DECF)
Warning[203] C:\USERS\JUNIOR\DROPBOX\APLICADA2-PIC\SOFTWARE\ENDERECAMENTO_INDIRETO.ASM 141 : Found opcode in column 1. (MOVLW)
Warning[203] C:\USERS\JUNIOR\DROPBOX\APLICADA2-PIC\SOFTWARE\ENDERECAMENTO_INDIRETO.ASM 142 : Found opcode in column 1. (SUBWF)
Warning[203] C:\USERS\JUNIOR\DROPBOX\APLICADA2-PIC\SOFTWARE\ENDERECAMENTO_INDIRETO.ASM 143 : Found opcode in column 1. (BTFSS)
Warning[203] C:\USERS\JUNIOR\DROPBOX\APLICADA2-PIC\SOFTWARE\ENDERECAMENTO_INDIRETO.ASM 144 : Found opcode in column 1. (GOTO)
Warning[203] C:\USERS\JUNIOR\DROPBOX\APLICADA2-PIC\SOFTWARE\ENDERECAMENTO_INDIRETO.ASM 145 : Found opcode in column 1. (MOVLW)
Warning[203] C:\USERS\JUNIOR\DROPBOX\APLICADA2-PIC\SOFTWARE\ENDERECAMENTO_INDIRETO.ASM 146 : Found opcode in column 1. (MOVWF)
Warning[203] C:\USERS\JUNIOR\DROPBOX\APLICADA2-PIC\SOFTWARE\ENDERECAMENTO_INDIRETO.ASM 147 : Found opcode in column 1. (CLRF)
Warning[203] C:\USERS\JUNIOR\DROPBOX\APLICADA2-PIC\SOFTWARE\ENDERECAMENTO_INDIRETO.ASM 148 : Found opcode in column 1. (RETURN)
Warning[203] C:\USERS\JUNIOR\DROPBOX\APLICADA2-PIC\SOFTWARE\ENDERECAMENTO_INDIRETO.ASM 154 : Found opcode in column 1. (MOVLW)
Warning[203] C:\USERS\JUNIOR\DROPBOX\APLICADA2-PIC\SOFTWARE\ENDERECAMENTO_INDIRETO.ASM 155 : Found opcode in column 1. (MOVWF)
Warning[203] C:\USERS\JUNIOR\DROPBOX\APLICADA2-PIC\SOFTWARE\ENDERECAMENTO_INDIRETO.ASM 156 : Found opcode in column 1. (MOVLW)
Warning[203] C:\USERS\JUNIOR\DROPBOX\APLICADA2-PIC\SOFTWARE\ENDERECAMENTO_INDIRETO.ASM 157 : Found opcode in column 1. (MOVWF)
Warning[203] C:\USERS\JUNIOR\DROPBOX\APLICADA2-PIC\SOFTWARE\ENDERECAMENTO_INDIRETO.ASM 159 : Found opcode in column 1. (GOTO)
Warning[207] C:\USERS\JUNIOR\DROPBOX\APLICADA2-PIC\SOFTWARE\ENDERECAMENTO_INDIRETO.ASM 169 : Found label after column 1. (INICIO)
Warning[203] C:\USERS\JUNIOR\DROPBOX\APLICADA2-PIC\SOFTWARE\ENDERECAMENTO_INDIRETO.ASM 170 : Found opcode in column 1. (CALL)
Warning[203] C:\USERS\JUNIOR\DROPBOX\APLICADA2-PIC\SOFTWARE\ENDERECAMENTO_INDIRETO.ASM 171 : Found opcode in column 1. (MOVLW)
Warning[203] C:\USERS\JUNIOR\DROPBOX\APLICADA2-PIC\SOFTWARE\ENDERECAMENTO_INDIRETO.ASM 172 : Found opcode in column 1. (MOVWF)
Warning[203] C:\USERS\JUNIOR\DROPBOX\APLICADA2-PIC\SOFTWARE\ENDERECAMENTO_INDIRETO.ASM 173 : Found opcode in column 1. (CLRF)
Warning[203] C:\USERS\JUNIOR\DROPBOX\APLICADA2-PIC\SOFTWARE\ENDERECAMENTO_INDIRETO.ASM 174 : Found opcode in column 1. (CLRF)
Warning[205] C:\USERS\JUNIOR\DROPBOX\APLICADA2-PIC\SOFTWARE\ENDERECAMENTO_INDIRETO.ASM 194 : Found directive in column 1. (END)
