MPASM  5.44                        EEPROM.ASM   3-15-2014  21:39:51         PAGE  1


LOC  OBJECT CODE     LINE SOURCE TEXT
  VALUE

                      00001  
                      00002 #INCLUDE<P16F877A.INC>
                      00001         LIST
                      00002 
                      00003 ;==========================================================================
                      00004 ;  MPASM PIC16F877A processor include
                      00005 ; 
                      00006 ;  (c) Copyright 1999-2012 Microchip Technology, All rights reserved
                      00007 ;==========================================================================
                      00008 
                      00566         LIST
                      00003  
  00000020            00004 ADDR EQU  20H
  00000021            00005 DADO EQU  21H
  00000022            00006 E1  EQU  22H
  00000023            00007 E2  EQU  23H
  00000024            00008 DATAL EQU  24H
  00000025            00009 DATAH EQU  25H
                      00010 
Warning[205]: Found directive in column 1. (ORG)
0000                  00011 ORG 0X00
                      00012 
Warning[203]: Found opcode in column 1. (GOTO)
0000   2801           00013 GOTO INICIO   ; PULA PARA INICIO
                      00014  
0001                  00015 INICIO
Warning[203]: Found opcode in column 1. (BSF)
0001   1683           00016 BSF  STATUS,RP0
Warning[203]: Found opcode in column 1. (BCF)
0002   1303           00017 BCF  STATUS,RP1
Warning[203]: Found opcode in column 1. (MOVLW)
0003   30FF           00018 MOVLW 0XFF       ; PORTAS
Warning[203]: Found opcode in column 1. (MOVWF)
Message[302]: Register in operand not in bank 0.  Ensure that bank bits are correct.
0004   0085           00019 MOVWF TRISA
Warning[203]: Found opcode in column 1. (MOVLW)
0005   300F           00020 MOVLW 0X0F
Warning[203]: Found opcode in column 1. (MOVWF)
Message[302]: Register in operand not in bank 0.  Ensure that bank bits are correct.
0006   0086           00021 MOVWF TRISB
Warning[203]: Found opcode in column 1. (MOVLW)
Warning[202]: Argument out of range.  Least significant bits used.
0007   3001           00022 MOVLW 0B11111001
Warning[203]: Found opcode in column 1. (MOVWF)
Message[302]: Register in operand not in bank 0.  Ensure that bank bits are correct.
0008   0087           00023 MOVWF TRISC
Warning[203]: Found opcode in column 1. (MOVLW)
0009   3000           00024 MOVLW 0X00
Warning[203]: Found opcode in column 1. (MOVWF)
Message[302]: Register in operand not in bank 0.  Ensure that bank bits are correct.
000A   0088           00025 MOVWF TRISD
Warning[203]: Found opcode in column 1. (MOVWF)
Message[302]: Register in operand not in bank 0.  Ensure that bank bits are correct.
MPASM  5.44                        EEPROM.ASM   3-15-2014  21:39:51         PAGE  2


LOC  OBJECT CODE     LINE SOURCE TEXT
  VALUE

000B   0089           00026 MOVWF TRISE
Warning[203]: Found opcode in column 1. (BCF)
000C   1283           00027 BCF  STATUS,RP0
Warning[203]: Found opcode in column 1. (MOVLW)
000D   3000           00028 MOVLW .0
Warning[203]: Found opcode in column 1. (MOVWF)
000E   00A0           00029 MOVWF ADDR
Warning[203]: Found opcode in column 1. (CALL)
000F   201B           00030 CALL LE_EEPROM   ; LENDO A EEPROM
Warning[203]: Found opcode in column 1. (MOVLW)
0010   3002           00031 MOVLW .2
Warning[203]: Found opcode in column 1. (MOVWF)
0011   00A0           00032 MOVWF ADDR
Warning[203]: Found opcode in column 1. (MOVLW)
0012   30AA           00033 MOVLW 0XAA
Warning[203]: Found opcode in column 1. (MOVWF)
0013   00A1           00034 MOVWF DADO
Warning[203]: Found opcode in column 1. (CALL)
0014   2027           00035 CALL GRAVA_EEPROM   ; GRAVANDO O VALOR AAH NO ENDEREÇO 02H DA EEPROM
Warning[203]: Found opcode in column 1. (MOVLW)
0015   3010           00036 MOVLW 0X10
Warning[203]: Found opcode in column 1. (MOVWF)
0016   00A2           00037 MOVWF E1
Warning[203]: Found opcode in column 1. (MOVLW)
0017   3000           00038 MOVLW 0X00
Warning[203]: Found opcode in column 1. (MOVWF)
0018   00A3           00039 MOVWF E2
Warning[203]: Found opcode in column 1. (CALL)
0019   2041           00040 CALL LE_PROGRAMA ; LENDO O ENDEREÇO 0X1000 DA MEM. DE PROGRAMA
                      00041  
001A                  00042 LOOP
                      00043 
Warning[203]: Found opcode in column 1. (GOTO)
001A   281A           00044 GOTO LOOP
                      00045  
                      00046  
                      00047 
001B                  00048 LE_EEPROM
Warning[203]: Found opcode in column 1. (MOVF)
001B   0820           00049 MOVF ADDR,W      ; carregando o endereço em W
Warning[203]: Found opcode in column 1. (BSF)
001C   1703           00050 BSF STATUS,RP1
Warning[203]: Found opcode in column 1. (BCF)
001D   1283           00051 BCF STATUS,RP0   ; banco 2
Warning[203]: Found opcode in column 1. (MOVWF)
Message[302]: Register in operand not in bank 0.  Ensure that bank bits are correct.
001E   008D           00052 MOVWF EEADR      ; endereçando a EEPROM
Warning[203]: Found opcode in column 1. (BSF)
001F   1683           00053 BSF STATUS,RP0   ; banco 3
Warning[203]: Found opcode in column 1. (BCF)
Message[302]: Register in operand not in bank 0.  Ensure that bank bits are correct.
0020   138C           00054 BCF EECON1,EEPGD ; selecionando a EEPROM e não
                      00055                  ; a memória de programa
MPASM  5.44                        EEPROM.ASM   3-15-2014  21:39:51         PAGE  3


LOC  OBJECT CODE     LINE SOURCE TEXT
  VALUE

Warning[203]: Found opcode in column 1. (BSF)
Message[302]: Register in operand not in bank 0.  Ensure that bank bits are correct.
0021   140C           00056 BSF EECON1,RD    ; comando para a leitura
Warning[203]: Found opcode in column 1. (BCF)
0022   1283           00057 BCF STATUS,RP0   ; banco 2
Warning[203]: Found opcode in column 1. (MOVF)
Message[302]: Register in operand not in bank 0.  Ensure that bank bits are correct.
0023   080C           00058 MOVF EEDATA,W    ; carregando o dado lido em W
Warning[203]: Found opcode in column 1. (BCF)
0024   1303           00059 BCF STATUS,RP1
Warning[203]: Found opcode in column 1. (BCF)
0025   1283           00060 BCF STATUS,RP0   ; voltando ao banco 0
Warning[203]: Found opcode in column 1. (RETURN)
0026   0008           00061 RETURN
                      00062  
0027                  00063 GRAVA_EEPROM
Warning[203]: Found opcode in column 1. (MOVF)
0027   0820           00064 MOVF ADDR,W      ; carregando o endereço em W
Warning[203]: Found opcode in column 1. (BSF)
0028   1703           00065 BSF STATUS,RP1   ; banco 3
Warning[203]: Found opcode in column 1. (BCF)
0029   1283           00066 BCF STATUS,RP0   ; banco 2
Warning[203]: Found opcode in column 1. (MOVWF)
Message[302]: Register in operand not in bank 0.  Ensure that bank bits are correct.
002A   008D           00067 MOVWF EEADR    ; endereçando a EEPROM
Warning[203]: Found opcode in column 1. (BCF)
002B   1303           00068 BCF STATUS,RP1   ; banco 0
Warning[203]: Found opcode in column 1. (MOVF)
002C   0821           00069 MOVF DADO,W      ; carregando o dado a ser gravado em W
Warning[203]: Found opcode in column 1. (BSF)
002D   1703           00070 BSF STATUS,RP1   ; banco 2
Warning[203]: Found opcode in column 1. (MOVWF)
Message[302]: Register in operand not in bank 0.  Ensure that bank bits are correct.
002E   008C           00071 MOVWF EEDATA   ; carregando W em EEDATA
Warning[203]: Found opcode in column 1. (BSF)
002F   1683           00072 BSF STATUS,RP0   ; banco 3
Warning[203]: Found opcode in column 1. (BCF)
Message[302]: Register in operand not in bank 0.  Ensure that bank bits are correct.
0030   138C           00073 BCF EECON1,EEPGD ; selecionando a EEPROM
Warning[203]: Found opcode in column 1. (BSF)
Message[302]: Register in operand not in bank 0.  Ensure that bank bits are correct.
0031   150C           00074 BSF EECON1,WREN  ; habilitando a escrita
Warning[203]: Found opcode in column 1. (BCF)
0032   138B           00075 BCF INTCON,GIE   ; desabilitando interrupções
Warning[203]: Found opcode in column 1. (MOVLW)
0033   3055           00076 MOVLW 0X55
Warning[203]: Found opcode in column 1. (MOVWF)
Message[302]: Register in operand not in bank 0.  Ensure that bank bits are correct.
0034   008D           00077 MOVWF EECON2
Warning[203]: Found opcode in column 1. (MOVLW)
0035   30AA           00078 MOVLW 0XAA
Warning[203]: Found opcode in column 1. (MOVWF)
Message[302]: Register in operand not in bank 0.  Ensure that bank bits are correct.
MPASM  5.44                        EEPROM.ASM   3-15-2014  21:39:51         PAGE  4


LOC  OBJECT CODE     LINE SOURCE TEXT
  VALUE

0036   008D           00079 MOVWF EECON2   ; comandos para a escrita em EECON2
Warning[203]: Found opcode in column 1. (BSF)
Message[302]: Register in operand not in bank 0.  Ensure that bank bits are correct.
0037   148C           00080 BSF EECON1,WR    ; iniciando a escrita
Warning[203]: Found opcode in column 1. (BSF)
0038   178B           00081 BSF INTCON,GIE ; reabilitando interrupções
Warning[203]: Found opcode in column 1. (BCF)
Message[302]: Register in operand not in bank 0.  Ensure that bank bits are correct.
0039   110C           00082 BCF EECON1,WREN  ; desabilitando a escrita
Warning[203]: Found opcode in column 1. (BSF)
003A   1683           00083 BSF STATUS,RP0
Warning[203]: Found opcode in column 1. (BSF)
003B   1703           00084 BSF STATUS,RP1   ; banco 3
Warning[203]: Found opcode in column 1. (BTFSC)
Message[302]: Register in operand not in bank 0.  Ensure that bank bits are correct.
003C   188C           00085 BTFSC EECON1,WR
Warning[203]: Found opcode in column 1. (GOTO)
003D   283C           00086 GOTO $-1         ; espera a última escrita terminar
Warning[203]: Found opcode in column 1. (BCF)
003E   1283           00087 BCF STATUS,RP0
Warning[203]: Found opcode in column 1. (BCF)
003F   1303           00088 BCF STATUS,RP1   ; banco 3
Warning[203]: Found opcode in column 1. (RETURN)
0040   0008           00089 RETURN
                      00090  
0041                  00091 LE_PROGRAMA
Warning[203]: Found opcode in column 1. (MOVF)
0041   0822           00092 MOVF E1,W
Warning[203]: Found opcode in column 1. (BSF)
0042   1703           00093 BSF STATUS,RP1
Warning[203]: Found opcode in column 1. (MOVWF)
Message[302]: Register in operand not in bank 0.  Ensure that bank bits are correct.
0043   008F           00094 MOVWF EEADRH
Warning[203]: Found opcode in column 1. (BCF)
0044   1303           00095 BCF STATUS,RP1
Warning[203]: Found opcode in column 1. (MOVF)
0045   0823           00096 MOVF E2,W
Warning[203]: Found opcode in column 1. (BSF)
0046   1703           00097 BSF STATUS,RP1
Warning[203]: Found opcode in column 1. (MOVWF)
Message[302]: Register in operand not in bank 0.  Ensure that bank bits are correct.
0047   008D           00098 MOVWF EEADR 
Warning[203]: Found opcode in column 1. (BSF)
0048   1683           00099 BSF STATUS,RP0   ; banco 3
Warning[203]: Found opcode in column 1. (BSF)
Message[302]: Register in operand not in bank 0.  Ensure that bank bits are correct.
0049   178C           00100 BSF EECON1,EEPGD ; selecionando a memória de programa
Warning[203]: Found opcode in column 1. (BSF)
Message[302]: Register in operand not in bank 0.  Ensure that bank bits are correct.
004A   140C           00101 BSF EECON1,RD    ; iniciando a leitura
Warning[203]: Found opcode in column 1. (NOP)
004B   0000           00102 NOP
Warning[203]: Found opcode in column 1. (NOP)
MPASM  5.44                        EEPROM.ASM   3-15-2014  21:39:51         PAGE  5


LOC  OBJECT CODE     LINE SOURCE TEXT
  VALUE

004C   0000           00103 NOP              ; tempo para a leitura
Warning[203]: Found opcode in column 1. (BCF)
004D   1283           00104 BCF STATUS,RP0   ; banco 2
Warning[203]: Found opcode in column 1. (MOVF)
Message[302]: Register in operand not in bank 0.  Ensure that bank bits are correct.
004E   080C           00105 MOVF EEDATA,W
Warning[203]: Found opcode in column 1. (BCF)
004F   1303           00106 BCF STATUS,RP1   ; banco 0
Warning[203]: Found opcode in column 1. (MOVWF)
0050   00A4           00107 MOVWF DATAL
Warning[203]: Found opcode in column 1. (BSF)
0051   1703           00108 BSF STATUS,RP1
Warning[203]: Found opcode in column 1. (MOVF)
Message[302]: Register in operand not in bank 0.  Ensure that bank bits are correct.
0052   080E           00109 MOVF EEDATH,W
Warning[203]: Found opcode in column 1. (BCF)
0053   1303           00110 BCF STATUS,RP1    ; banco 0
Warning[203]: Found opcode in column 1. (MOVWF)
0054   00A5           00111 MOVWF DATAH     
Warning[203]: Found opcode in column 1. (RETURN)
0055   0008           00112 RETURN
                      00113  
                      00114  
0056                  00115 GRAVA_PROGRAMA
Warning[203]: Found opcode in column 1. (MOVF)
0056   0823           00116 MOVF E2,W
Warning[203]: Found opcode in column 1. (BSF)
0057   1703           00117 BSF STATUS,RP1
Warning[203]: Found opcode in column 1. (MOVWF)
Message[302]: Register in operand not in bank 0.  Ensure that bank bits are correct.
0058   008D           00118 MOVWF EEADR      ; parte baixa do endereço
Warning[203]: Found opcode in column 1. (BCF)
0059   1303           00119 BCF STATUS,RP1
Warning[203]: Found opcode in column 1. (MOVF)
005A   0822           00120 MOVF E1,W
Warning[203]: Found opcode in column 1. (BSF)
005B   1703           00121 BSF STATUS,RP1
Warning[203]: Found opcode in column 1. (MOVWF)
Message[302]: Register in operand not in bank 0.  Ensure that bank bits are correct.
005C   008F           00122 MOVWF EEADRH     ; parte alta do endereço
Warning[203]: Found opcode in column 1. (BCF)
005D   1303           00123 BCF STATUS,RP1
Warning[203]: Found opcode in column 1. (MOVF)
005E   0824           00124 MOVF DATAL,W
Warning[203]: Found opcode in column 1. (BSF)
005F   1703           00125 BSF STATUS,RP1
Warning[203]: Found opcode in column 1. (MOVWF)
Message[302]: Register in operand not in bank 0.  Ensure that bank bits are correct.
0060   008C           00126 MOVWF EEDATA     ; parte baixa do dado
Warning[203]: Found opcode in column 1. (BCF)
0061   1303           00127 BCF STATUS,RP1
Warning[203]: Found opcode in column 1. (MOVF)
0062   0825           00128 MOVF DATAH,W
MPASM  5.44                        EEPROM.ASM   3-15-2014  21:39:51         PAGE  6


LOC  OBJECT CODE     LINE SOURCE TEXT
  VALUE

Warning[203]: Found opcode in column 1. (BSF)
0063   1703           00129 BSF STATUS,RP1
Warning[203]: Found opcode in column 1. (MOVWF)
Message[302]: Register in operand not in bank 0.  Ensure that bank bits are correct.
0064   008E           00130 MOVWF EEDATH     ; parte alta do dado
Warning[203]: Found opcode in column 1. (BSF)
0065   1683           00131 BSF STATUS,RP0   ; banco 3
Warning[203]: Found opcode in column 1. (BSF)
Message[302]: Register in operand not in bank 0.  Ensure that bank bits are correct.
0066   178C           00132 BSF EECON1,EEPGD ; selecionando a memória de programa
Warning[203]: Found opcode in column 1. (BCF)
0067   138B           00133 BCF INTCON,GIE   ; desabilitando interrupções
Warning[203]: Found opcode in column 1. (BSF)
Message[302]: Register in operand not in bank 0.  Ensure that bank bits are correct.
0068   150C           00134 BSF EECON1,WREN  ; habilitando a escrita
Warning[203]: Found opcode in column 1. (MOVLW)
0069   3055           00135 MOVLW 0X55
Warning[203]: Found opcode in column 1. (MOVWF)
Message[302]: Register in operand not in bank 0.  Ensure that bank bits are correct.
006A   008D           00136 MOVWF EECON2
Warning[203]: Found opcode in column 1. (MOVLW)
006B   30AA           00137 MOVLW 0XAA
Warning[203]: Found opcode in column 1. (MOVWF)
Message[302]: Register in operand not in bank 0.  Ensure that bank bits are correct.
006C   008D           00138 MOVWF EECON2     ; seqüência para escrita
Warning[203]: Found opcode in column 1. (BSF)
Message[302]: Register in operand not in bank 0.  Ensure that bank bits are correct.
006D   148D           00139 BSF EECON2,WR    ; iniciando a escrita
Warning[203]: Found opcode in column 1. (BSF)
006E   178B           00140 BSF INTCON,GIE   ; reabilitando interrupções
Warning[203]: Found opcode in column 1. (NOP)
006F   0000           00141 NOP
Warning[203]: Found opcode in column 1. (NOP)
0070   0000           00142 NOP
Warning[203]: Found opcode in column 1. (BCF)
Message[302]: Register in operand not in bank 0.  Ensure that bank bits are correct.
0071   110C           00143 BCF EECON1,WREN  ; desabilitando a escrita
Warning[203]: Found opcode in column 1. (BCF)
0072   1283           00144 BCF STATUS,RP0
Warning[203]: Found opcode in column 1. (BCF)
0073   1303           00145 BCF STATUS,RP1   ; banco 0
Warning[203]: Found opcode in column 1. (RETURN)
0074   0008           00146 RETURN
                      00147  
                      00148  
Warning[205]: Found directive in column 1. (ORG)
1000                  00149 ORG 0X1000   ; tabela da mem. de programa
                      00150  
Warning[205]: Found directive in column 1. (DW)
1000   34F1           00151 DW 0X34F1
Warning[205]: Found directive in column 1. (DW)
1001   3483           00152 DW 0X3483
                      00153 
MPASM  5.44                        EEPROM.ASM   3-15-2014  21:39:51         PAGE  7


LOC  OBJECT CODE     LINE SOURCE TEXT
  VALUE

Warning[205]: Found directive in column 1. (END)
                      00154 END
MPASM  5.44                        EEPROM.ASM   3-15-2014  21:39:51         PAGE  8


SYMBOL TABLE
  LABEL                             VALUE 

ACKDT                             00000005
ACKEN                             00000004
ACKSTAT                           00000006
ADCON0                            0000001F
ADCON1                            0000009F
ADCS0                             00000006
ADCS1                             00000007
ADCS2                             00000006
ADDEN                             00000003
ADDR                              00000020
ADFM                              00000007
ADIE                              00000006
ADIF                              00000006
ADON                              00000000
ADRESH                            0000001E
ADRESL                            0000009E
BCLIE                             00000003
BCLIF                             00000003
BF                                00000000
BRGH                              00000002
C                                 00000000
C1INV                             00000004
C1OUT                             00000006
C2INV                             00000005
C2OUT                             00000007
CCP1CON                           00000017
CCP1IE                            00000002
CCP1IF                            00000002
CCP1M0                            00000000
CCP1M1                            00000001
CCP1M2                            00000002
CCP1M3                            00000003
CCP1X                             00000005
CCP1Y                             00000004
CCP2CON                           0000001D
CCP2IE                            00000000
CCP2IF                            00000000
CCP2M0                            00000000
CCP2M1                            00000001
CCP2M2                            00000002
CCP2M3                            00000003
CCP2X                             00000005
CCP2Y                             00000004
CCPR1                             00000015
CCPR1H                            00000016
CCPR1L                            00000015
CCPR2                             0000001B
CCPR2H                            0000001C
CCPR2L                            0000001B
CHS0                              00000003
CHS1                              00000004
CHS2                              00000005
CIS                               00000003
MPASM  5.44                        EEPROM.ASM   3-15-2014  21:39:51         PAGE  9


SYMBOL TABLE
  LABEL                             VALUE 

CKE                               00000006
CKP                               00000004
CM0                               00000000
CM1                               00000001
CM2                               00000002
CMCON                             0000009C
CMIE                              00000006
CMIF                              00000006
CREN                              00000004
CSRC                              00000007
CVR0                              00000000
CVR1                              00000001
CVR2                              00000002
CVR3                              00000003
CVRCON                            0000009D
CVREN                             00000007
CVROE                             00000006
CVRR                              00000005
D                                 00000005
DADO                              00000021
DATAH                             00000025
DATAL                             00000024
DATA_ADDRESS                      00000005
DC                                00000001
D_A                               00000005
D_NOT_A                           00000005
E1                                00000022
E2                                00000023
EEADR                             0000010D
EEADRH                            0000010F
EECON1                            0000018C
EECON2                            0000018D
EEDATA                            0000010C
EEDATH                            0000010E
EEIE                              00000004
EEIF                              00000004
EEPGD                             00000007
F                                 00000001
FERR                              00000002
FSR                               00000004
GCEN                              00000007
GIE                               00000007
GO                                00000002
GO_DONE                           00000002
GO_NOT_DONE                       00000002
GRAVA_EEPROM                      00000027
GRAVA_PROGRAMA                    00000056
I2C_DATA                          00000005
I2C_READ                          00000002
I2C_START                         00000003
I2C_STOP                          00000004
IBF                               00000007
IBOV                              00000005
MPASM  5.44                        EEPROM.ASM   3-15-2014  21:39:51         PAGE 10


SYMBOL TABLE
  LABEL                             VALUE 

INDF                              00000000
INICIO                            00000001
INTCON                            0000000B
INTE                              00000004
INTEDG                            00000006
INTF                              00000001
IRP                               00000007
LE_EEPROM                         0000001B
LE_PROGRAMA                       00000041
LOOP                              0000001A
NOT_A                             00000005
NOT_ADDRESS                       00000005
NOT_BO                            00000000
NOT_BOR                           00000000
NOT_DONE                          00000002
NOT_PD                            00000003
NOT_POR                           00000001
NOT_RBPU                          00000007
NOT_RC8                           00000006
NOT_T1SYNC                        00000002
NOT_TO                            00000004
NOT_TX8                           00000006
NOT_W                             00000002
NOT_WRITE                         00000002
OBF                               00000006
OERR                              00000001
OPTION_REG                        00000081
P                                 00000004
PCFG0                             00000000
PCFG1                             00000001
PCFG2                             00000002
PCFG3                             00000003
PCL                               00000002
PCLATH                            0000000A
PCON                              0000008E
PEIE                              00000006
PEN                               00000002
PIE1                              0000008C
PIE2                              0000008D
PIR1                              0000000C
PIR2                              0000000D
PORTA                             00000005
PORTB                             00000006
PORTC                             00000007
PORTD                             00000008
PORTE                             00000009
PR2                               00000092
PS0                               00000000
PS1                               00000001
PS2                               00000002
PSA                               00000003
PSPIE                             00000007
PSPIF                             00000007
MPASM  5.44                        EEPROM.ASM   3-15-2014  21:39:51         PAGE 11


SYMBOL TABLE
  LABEL                             VALUE 

PSPMODE                           00000004
R                                 00000002
RA0                               00000000
RA1                               00000001
RA2                               00000002
RA3                               00000003
RA4                               00000004
RA5                               00000005
RB0                               00000000
RB1                               00000001
RB2                               00000002
RB3                               00000003
RB4                               00000004
RB5                               00000005
RB6                               00000006
RB7                               00000007
RBIE                              00000003
RBIF                              00000000
RC0                               00000000
RC1                               00000001
RC2                               00000002
RC3                               00000003
RC4                               00000004
RC5                               00000005
RC6                               00000006
RC7                               00000007
RC8_9                             00000006
RC9                               00000006
RCD8                              00000000
RCEN                              00000003
RCIE                              00000005
RCIF                              00000005
RCREG                             0000001A
RCSTA                             00000018
RD                                00000000
RD0                               00000000
RD1                               00000001
RD2                               00000002
RD3                               00000003
RD4                               00000004
RD5                               00000005
RD6                               00000006
RD7                               00000007
RE0                               00000000
RE1                               00000001
RE2                               00000002
READ_WRITE                        00000002
RP0                               00000005
RP1                               00000006
RSEN                              00000001
RX9                               00000006
RX9D                              00000000
R_NOT_W                           00000002
MPASM  5.44                        EEPROM.ASM   3-15-2014  21:39:51         PAGE 12


SYMBOL TABLE
  LABEL                             VALUE 

R_W                               00000002
S                                 00000003
SEN                               00000000
SMP                               00000007
SPBRG                             00000099
SPEN                              00000007
SREN                              00000005
SSPADD                            00000093
SSPBUF                            00000013
SSPCON                            00000014
SSPCON2                           00000091
SSPEN                             00000005
SSPIE                             00000003
SSPIF                             00000003
SSPM0                             00000000
SSPM1                             00000001
SSPM2                             00000002
SSPM3                             00000003
SSPOV                             00000006
SSPSTAT                           00000094
STATUS                            00000003
SYNC                              00000004
T0CS                              00000005
T0IE                              00000005
T0IF                              00000002
T0SE                              00000004
T1CKPS0                           00000004
T1CKPS1                           00000005
T1CON                             00000010
T1INSYNC                          00000002
T1OSCEN                           00000003
T1SYNC                            00000002
T2CKPS0                           00000000
T2CKPS1                           00000001
T2CON                             00000012
TMR0                              00000001
TMR0IE                            00000005
TMR0IF                            00000002
TMR1                              0000000E
TMR1CS                            00000001
TMR1H                             0000000F
TMR1IE                            00000000
TMR1IF                            00000000
TMR1L                             0000000E
TMR1ON                            00000000
TMR2                              00000011
TMR2IE                            00000001
TMR2IF                            00000001
TMR2ON                            00000002
TOUTPS0                           00000003
TOUTPS1                           00000004
TOUTPS2                           00000005
TOUTPS3                           00000006
MPASM  5.44                        EEPROM.ASM   3-15-2014  21:39:51         PAGE 13


SYMBOL TABLE
  LABEL                             VALUE 

TRISA                             00000085
TRISA0                            00000000
TRISA1                            00000001
TRISA2                            00000002
TRISA3                            00000003
TRISA4                            00000004
TRISA5                            00000005
TRISB                             00000086
TRISB0                            00000000
TRISB1                            00000001
TRISB2                            00000002
TRISB3                            00000003
TRISB4                            00000004
TRISB5                            00000005
TRISB6                            00000006
TRISB7                            00000007
TRISC                             00000087
TRISC0                            00000000
TRISC1                            00000001
TRISC2                            00000002
TRISC3                            00000003
TRISC4                            00000004
TRISC5                            00000005
TRISC6                            00000006
TRISC7                            00000007
TRISD                             00000088
TRISD0                            00000000
TRISD1                            00000001
TRISD2                            00000002
TRISD3                            00000003
TRISD4                            00000004
TRISD5                            00000005
TRISD6                            00000006
TRISD7                            00000007
TRISE                             00000089
TRISE0                            00000000
TRISE1                            00000001
TRISE2                            00000002
TRMT                              00000001
TX8_9                             00000006
TX9                               00000006
TX9D                              00000000
TXD8                              00000000
TXEN                              00000005
TXIE                              00000004
TXIF                              00000004
TXREG                             00000019
TXSTA                             00000098
UA                                00000001
W                                 00000000
WCOL                              00000007
WR                                00000001
WREN                              00000002
MPASM  5.44                        EEPROM.ASM   3-15-2014  21:39:51         PAGE 14


SYMBOL TABLE
  LABEL                             VALUE 

WRERR                             00000003
Z                                 00000002
_BODEN_OFF                        00003FBF
_BODEN_ON                         00003FFF
_BOREN_OFF                        00003FBF
_BOREN_ON                         00003FFF
_CONFIG                           00002007
_CPD_OFF                          00003FFF
_CPD_ON                           00003EFF
_CP_ALL                           00001FFF
_CP_OFF                           00003FFF
_CP_ON                            00001FFF
_DEBUG_OFF                        00003FFF
_DEBUG_ON                         000037FF
_DEVID1                           00002006
_FOSC_EXTRC                       00003FFF
_FOSC_HS                          00003FFE
_FOSC_LP                          00003FFC
_FOSC_XT                          00003FFD
_HS_OSC                           00003FFE
_IDLOC0                           00002000
_IDLOC1                           00002001
_IDLOC2                           00002002
_IDLOC3                           00002003
_LP_OSC                           00003FFC
_LVP_OFF                          00003F7F
_LVP_ON                           00003FFF
_PWRTE_OFF                        00003FFF
_PWRTE_ON                         00003FF7
_RC_OSC                           00003FFF
_WDTE_OFF                         00003FFB
_WDTE_ON                          00003FFF
_WDT_OFF                          00003FFB
_WDT_ON                           00003FFF
_WRT_1FOURTH                      00003BFF
_WRT_256                          00003DFF
_WRT_HALF                         000039FF
_WRT_OFF                          00003FFF
_XT_OSC                           00003FFD
__16F877A                         00000001
__DEBUG                           1
MPASM  5.44                        EEPROM.ASM   3-15-2014  21:39:51         PAGE 15


MEMORY USAGE MAP ('X' = Used,  '-' = Unused)


0000 : XXXXXXXXXXXXXXXX XXXXXXXXXXXXXXXX XXXXXXXXXXXXXXXX XXXXXXXXXXXXXXXX
0040 : XXXXXXXXXXXXXXXX XXXXXXXXXXXXXXXX XXXXXXXXXXXXXXXX XXXXX-----------
1000 : XX-------------- ---------------- ---------------- ----------------

All other memory blocks unused.

Program Memory Words Used:   119
Program Memory Words Free:  8073


Errors   :     0
Warnings :   123 reported,     0 suppressed
Messages :    34 reported,     0 suppressed

