Warning[205] C:\USERS\JUNIOR\DROPBOX\APLICADA2-PIC\SOFTWARE\EEPROM\EEPROM.ASM 11 : Found directive in column 1. (ORG)
Warning[203] C:\USERS\JUNIOR\DROPBOX\APLICADA2-PIC\SOFTWARE\EEPROM\EEPROM.ASM 13 : Found opcode in column 1. (GOTO)
Warning[203] C:\USERS\JUNIOR\DROPBOX\APLICADA2-PIC\SOFTWARE\EEPROM\EEPROM.ASM 16 : Found opcode in column 1. (BSF)
Warning[203] C:\USERS\JUNIOR\DROPBOX\APLICADA2-PIC\SOFTWARE\EEPROM\EEPROM.ASM 17 : Found opcode in column 1. (BCF)
Warning[203] C:\USERS\JUNIOR\DROPBOX\APLICADA2-PIC\SOFTWARE\EEPROM\EEPROM.ASM 18 : Found opcode in column 1. (MOVLW)
Warning[203] C:\USERS\JUNIOR\DROPBOX\APLICADA2-PIC\SOFTWARE\EEPROM\EEPROM.ASM 19 : Found opcode in column 1. (MOVWF)
Message[302] C:\USERS\JUNIOR\DROPBOX\APLICADA2-PIC\SOFTWARE\EEPROM\EEPROM.ASM 19 : Register in operand not in bank 0.  Ensure that bank bits are correct.
Warning[203] C:\USERS\JUNIOR\DROPBOX\APLICADA2-PIC\SOFTWARE\EEPROM\EEPROM.ASM 20 : Found opcode in column 1. (MOVLW)
Warning[203] C:\USERS\JUNIOR\DROPBOX\APLICADA2-PIC\SOFTWARE\EEPROM\EEPROM.ASM 21 : Found opcode in column 1. (MOVWF)
Message[302] C:\USERS\JUNIOR\DROPBOX\APLICADA2-PIC\SOFTWARE\EEPROM\EEPROM.ASM 21 : Register in operand not in bank 0.  Ensure that bank bits are correct.
Warning[203] C:\USERS\JUNIOR\DROPBOX\APLICADA2-PIC\SOFTWARE\EEPROM\EEPROM.ASM 22 : Found opcode in column 1. (MOVLW)
Warning[202] C:\USERS\JUNIOR\DROPBOX\APLICADA2-PIC\SOFTWARE\EEPROM\EEPROM.ASM 22 : Argument out of range.  Least significant bits used.
Warning[203] C:\USERS\JUNIOR\DROPBOX\APLICADA2-PIC\SOFTWARE\EEPROM\EEPROM.ASM 23 : Found opcode in column 1. (MOVWF)
Message[302] C:\USERS\JUNIOR\DROPBOX\APLICADA2-PIC\SOFTWARE\EEPROM\EEPROM.ASM 23 : Register in operand not in bank 0.  Ensure that bank bits are correct.
Warning[203] C:\USERS\JUNIOR\DROPBOX\APLICADA2-PIC\SOFTWARE\EEPROM\EEPROM.ASM 24 : Found opcode in column 1. (MOVLW)
Warning[203] C:\USERS\JUNIOR\DROPBOX\APLICADA2-PIC\SOFTWARE\EEPROM\EEPROM.ASM 25 : Found opcode in column 1. (MOVWF)
Message[302] C:\USERS\JUNIOR\DROPBOX\APLICADA2-PIC\SOFTWARE\EEPROM\EEPROM.ASM 25 : Register in operand not in bank 0.  Ensure that bank bits are correct.
Warning[203] C:\USERS\JUNIOR\DROPBOX\APLICADA2-PIC\SOFTWARE\EEPROM\EEPROM.ASM 26 : Found opcode in column 1. (MOVWF)
Message[302] C:\USERS\JUNIOR\DROPBOX\APLICADA2-PIC\SOFTWARE\EEPROM\EEPROM.ASM 26 : Register in operand not in bank 0.  Ensure that bank bits are correct.
Warning[203] C:\USERS\JUNIOR\DROPBOX\APLICADA2-PIC\SOFTWARE\EEPROM\EEPROM.ASM 27 : Found opcode in column 1. (BCF)
Warning[203] C:\USERS\JUNIOR\DROPBOX\APLICADA2-PIC\SOFTWARE\EEPROM\EEPROM.ASM 28 : Found opcode in column 1. (MOVLW)
Warning[203] C:\USERS\JUNIOR\DROPBOX\APLICADA2-PIC\SOFTWARE\EEPROM\EEPROM.ASM 29 : Found opcode in column 1. (MOVWF)
Warning[203] C:\USERS\JUNIOR\DROPBOX\APLICADA2-PIC\SOFTWARE\EEPROM\EEPROM.ASM 30 : Found opcode in column 1. (CALL)
Warning[203] C:\USERS\JUNIOR\DROPBOX\APLICADA2-PIC\SOFTWARE\EEPROM\EEPROM.ASM 31 : Found opcode in column 1. (MOVLW)
Warning[203] C:\USERS\JUNIOR\DROPBOX\APLICADA2-PIC\SOFTWARE\EEPROM\EEPROM.ASM 32 : Found opcode in column 1. (MOVWF)
Warning[203] C:\USERS\JUNIOR\DROPBOX\APLICADA2-PIC\SOFTWARE\EEPROM\EEPROM.ASM 33 : Found opcode in column 1. (MOVLW)
Warning[203] C:\USERS\JUNIOR\DROPBOX\APLICADA2-PIC\SOFTWARE\EEPROM\EEPROM.ASM 34 : Found opcode in column 1. (MOVWF)
Warning[203] C:\USERS\JUNIOR\DROPBOX\APLICADA2-PIC\SOFTWARE\EEPROM\EEPROM.ASM 35 : Found opcode in column 1. (CALL)
Warning[203] C:\USERS\JUNIOR\DROPBOX\APLICADA2-PIC\SOFTWARE\EEPROM\EEPROM.ASM 36 : Found opcode in column 1. (MOVLW)
Warning[203] C:\USERS\JUNIOR\DROPBOX\APLICADA2-PIC\SOFTWARE\EEPROM\EEPROM.ASM 37 : Found opcode in column 1. (MOVWF)
Warning[203] C:\USERS\JUNIOR\DROPBOX\APLICADA2-PIC\SOFTWARE\EEPROM\EEPROM.ASM 38 : Found opcode in column 1. (MOVLW)
Warning[203] C:\USERS\JUNIOR\DROPBOX\APLICADA2-PIC\SOFTWARE\EEPROM\EEPROM.ASM 39 : Found opcode in column 1. (MOVWF)
Warning[203] C:\USERS\JUNIOR\DROPBOX\APLICADA2-PIC\SOFTWARE\EEPROM\EEPROM.ASM 40 : Found opcode in column 1. (CALL)
Warning[203] C:\USERS\JUNIOR\DROPBOX\APLICADA2-PIC\SOFTWARE\EEPROM\EEPROM.ASM 44 : Found opcode in column 1. (GOTO)
Warning[203] C:\USERS\JUNIOR\DROPBOX\APLICADA2-PIC\SOFTWARE\EEPROM\EEPROM.ASM 49 : Found opcode in column 1. (MOVF)
Warning[203] C:\USERS\JUNIOR\DROPBOX\APLICADA2-PIC\SOFTWARE\EEPROM\EEPROM.ASM 50 : Found opcode in column 1. (BSF)
Warning[203] C:\USERS\JUNIOR\DROPBOX\APLICADA2-PIC\SOFTWARE\EEPROM\EEPROM.ASM 51 : Found opcode in column 1. (BCF)
Warning[203] C:\USERS\JUNIOR\DROPBOX\APLICADA2-PIC\SOFTWARE\EEPROM\EEPROM.ASM 52 : Found opcode in column 1. (MOVWF)
Message[302] C:\USERS\JUNIOR\DROPBOX\APLICADA2-PIC\SOFTWARE\EEPROM\EEPROM.ASM 52 : Register in operand not in bank 0.  Ensure that bank bits are correct.
Warning[203] C:\USERS\JUNIOR\DROPBOX\APLICADA2-PIC\SOFTWARE\EEPROM\EEPROM.ASM 53 : Found opcode in column 1. (BSF)
Warning[203] C:\USERS\JUNIOR\DROPBOX\APLICADA2-PIC\SOFTWARE\EEPROM\EEPROM.ASM 54 : Found opcode in column 1. (BCF)
Message[302] C:\USERS\JUNIOR\DROPBOX\APLICADA2-PIC\SOFTWARE\EEPROM\EEPROM.ASM 54 : Register in operand not in bank 0.  Ensure that bank bits are correct.
Warning[203] C:\USERS\JUNIOR\DROPBOX\APLICADA2-PIC\SOFTWARE\EEPROM\EEPROM.ASM 56 : Found opcode in column 1. (BSF)
Message[302] C:\USERS\JUNIOR\DROPBOX\APLICADA2-PIC\SOFTWARE\EEPROM\EEPROM.ASM 56 : Register in operand not in bank 0.  Ensure that bank bits are correct.
Warning[203] C:\USERS\JUNIOR\DROPBOX\APLICADA2-PIC\SOFTWARE\EEPROM\EEPROM.ASM 57 : Found opcode in column 1. (BCF)
Warning[203] C:\USERS\JUNIOR\DROPBOX\APLICADA2-PIC\SOFTWARE\EEPROM\EEPROM.ASM 58 : Found opcode in column 1. (MOVF)
Message[302] C:\USERS\JUNIOR\DROPBOX\APLICADA2-PIC\SOFTWARE\EEPROM\EEPROM.ASM 58 : Register in operand not in bank 0.  Ensure that bank bits are correct.
Warning[203] C:\USERS\JUNIOR\DROPBOX\APLICADA2-PIC\SOFTWARE\EEPROM\EEPROM.ASM 59 : Found opcode in column 1. (BCF)
Warning[203] C:\USERS\JUNIOR\DROPBOX\APLICADA2-PIC\SOFTWARE\EEPROM\EEPROM.ASM 60 : Found opcode in column 1. (BCF)
Warning[203] C:\USERS\JUNIOR\DROPBOX\APLICADA2-PIC\SOFTWARE\EEPROM\EEPROM.ASM 61 : Found opcode in column 1. (RETURN)
Warning[203] C:\USERS\JUNIOR\DROPBOX\APLICADA2-PIC\SOFTWARE\EEPROM\EEPROM.ASM 64 : Found opcode in column 1. (MOVF)
Warning[203] C:\USERS\JUNIOR\DROPBOX\APLICADA2-PIC\SOFTWARE\EEPROM\EEPROM.ASM 65 : Found opcode in column 1. (BSF)
Warning[203] C:\USERS\JUNIOR\DROPBOX\APLICADA2-PIC\SOFTWARE\EEPROM\EEPROM.ASM 66 : Found opcode in column 1. (BCF)
Warning[203] C:\USERS\JUNIOR\DROPBOX\APLICADA2-PIC\SOFTWARE\EEPROM\EEPROM.ASM 67 : Found opcode in column 1. (MOVWF)
Message[302] C:\USERS\JUNIOR\DROPBOX\APLICADA2-PIC\SOFTWARE\EEPROM\EEPROM.ASM 67 : Register in operand not in bank 0.  Ensure that bank bits are correct.
Warning[203] C:\USERS\JUNIOR\DROPBOX\APLICADA2-PIC\SOFTWARE\EEPROM\EEPROM.ASM 68 : Found opcode in column 1. (BCF)
Warning[203] C:\USERS\JUNIOR\DROPBOX\APLICADA2-PIC\SOFTWARE\EEPROM\EEPROM.ASM 69 : Found opcode in column 1. (MOVF)
Warning[203] C:\USERS\JUNIOR\DROPBOX\APLICADA2-PIC\SOFTWARE\EEPROM\EEPROM.ASM 70 : Found opcode in column 1. (BSF)
Warning[203] C:\USERS\JUNIOR\DROPBOX\APLICADA2-PIC\SOFTWARE\EEPROM\EEPROM.ASM 71 : Found opcode in column 1. (MOVWF)
Message[302] C:\USERS\JUNIOR\DROPBOX\APLICADA2-PIC\SOFTWARE\EEPROM\EEPROM.ASM 71 : Register in operand not in bank 0.  Ensure that bank bits are correct.
Warning[203] C:\USERS\JUNIOR\DROPBOX\APLICADA2-PIC\SOFTWARE\EEPROM\EEPROM.ASM 72 : Found opcode in column 1. (BSF)
Warning[203] C:\USERS\JUNIOR\DROPBOX\APLICADA2-PIC\SOFTWARE\EEPROM\EEPROM.ASM 73 : Found opcode in column 1. (BCF)
Message[302] C:\USERS\JUNIOR\DROPBOX\APLICADA2-PIC\SOFTWARE\EEPROM\EEPROM.ASM 73 : Register in operand not in bank 0.  Ensure that bank bits are correct.
Warning[203] C:\USERS\JUNIOR\DROPBOX\APLICADA2-PIC\SOFTWARE\EEPROM\EEPROM.ASM 74 : Found opcode in column 1. (BSF)
Message[302] C:\USERS\JUNIOR\DROPBOX\APLICADA2-PIC\SOFTWARE\EEPROM\EEPROM.ASM 74 : Register in operand not in bank 0.  Ensure that bank bits are correct.
Warning[203] C:\USERS\JUNIOR\DROPBOX\APLICADA2-PIC\SOFTWARE\EEPROM\EEPROM.ASM 75 : Found opcode in column 1. (BCF)
Warning[203] C:\USERS\JUNIOR\DROPBOX\APLICADA2-PIC\SOFTWARE\EEPROM\EEPROM.ASM 76 : Found opcode in column 1. (MOVLW)
Warning[203] C:\USERS\JUNIOR\DROPBOX\APLICADA2-PIC\SOFTWARE\EEPROM\EEPROM.ASM 77 : Found opcode in column 1. (MOVWF)
Message[302] C:\USERS\JUNIOR\DROPBOX\APLICADA2-PIC\SOFTWARE\EEPROM\EEPROM.ASM 77 : Register in operand not in bank 0.  Ensure that bank bits are correct.
Warning[203] C:\USERS\JUNIOR\DROPBOX\APLICADA2-PIC\SOFTWARE\EEPROM\EEPROM.ASM 78 : Found opcode in column 1. (MOVLW)
Warning[203] C:\USERS\JUNIOR\DROPBOX\APLICADA2-PIC\SOFTWARE\EEPROM\EEPROM.ASM 79 : Found opcode in column 1. (MOVWF)
Message[302] C:\USERS\JUNIOR\DROPBOX\APLICADA2-PIC\SOFTWARE\EEPROM\EEPROM.ASM 79 : Register in operand not in bank 0.  Ensure that bank bits are correct.
Warning[203] C:\USERS\JUNIOR\DROPBOX\APLICADA2-PIC\SOFTWARE\EEPROM\EEPROM.ASM 80 : Found opcode in column 1. (BSF)
Message[302] C:\USERS\JUNIOR\DROPBOX\APLICADA2-PIC\SOFTWARE\EEPROM\EEPROM.ASM 80 : Register in operand not in bank 0.  Ensure that bank bits are correct.
Warning[203] C:\USERS\JUNIOR\DROPBOX\APLICADA2-PIC\SOFTWARE\EEPROM\EEPROM.ASM 81 : Found opcode in column 1. (BSF)
Warning[203] C:\USERS\JUNIOR\DROPBOX\APLICADA2-PIC\SOFTWARE\EEPROM\EEPROM.ASM 82 : Found opcode in column 1. (BCF)
Message[302] C:\USERS\JUNIOR\DROPBOX\APLICADA2-PIC\SOFTWARE\EEPROM\EEPROM.ASM 82 : Register in operand not in bank 0.  Ensure that bank bits are correct.
Warning[203] C:\USERS\JUNIOR\DROPBOX\APLICADA2-PIC\SOFTWARE\EEPROM\EEPROM.ASM 83 : Found opcode in column 1. (BSF)
Warning[203] C:\USERS\JUNIOR\DROPBOX\APLICADA2-PIC\SOFTWARE\EEPROM\EEPROM.ASM 84 : Found opcode in column 1. (BSF)
Warning[203] C:\USERS\JUNIOR\DROPBOX\APLICADA2-PIC\SOFTWARE\EEPROM\EEPROM.ASM 85 : Found opcode in column 1. (BTFSC)
Message[302] C:\USERS\JUNIOR\DROPBOX\APLICADA2-PIC\SOFTWARE\EEPROM\EEPROM.ASM 85 : Register in operand not in bank 0.  Ensure that bank bits are correct.
Warning[203] C:\USERS\JUNIOR\DROPBOX\APLICADA2-PIC\SOFTWARE\EEPROM\EEPROM.ASM 86 : Found opcode in column 1. (GOTO)
Warning[203] C:\USERS\JUNIOR\DROPBOX\APLICADA2-PIC\SOFTWARE\EEPROM\EEPROM.ASM 87 : Found opcode in column 1. (BCF)
Warning[203] C:\USERS\JUNIOR\DROPBOX\APLICADA2-PIC\SOFTWARE\EEPROM\EEPROM.ASM 88 : Found opcode in column 1. (BCF)
Warning[203] C:\USERS\JUNIOR\DROPBOX\APLICADA2-PIC\SOFTWARE\EEPROM\EEPROM.ASM 89 : Found opcode in column 1. (RETURN)
Warning[203] C:\USERS\JUNIOR\DROPBOX\APLICADA2-PIC\SOFTWARE\EEPROM\EEPROM.ASM 92 : Found opcode in column 1. (MOVF)
Warning[203] C:\USERS\JUNIOR\DROPBOX\APLICADA2-PIC\SOFTWARE\EEPROM\EEPROM.ASM 93 : Found opcode in column 1. (BSF)
Warning[203] C:\USERS\JUNIOR\DROPBOX\APLICADA2-PIC\SOFTWARE\EEPROM\EEPROM.ASM 94 : Found opcode in column 1. (MOVWF)
Message[302] C:\USERS\JUNIOR\DROPBOX\APLICADA2-PIC\SOFTWARE\EEPROM\EEPROM.ASM 94 : Register in operand not in bank 0.  Ensure that bank bits are correct.
Warning[203] C:\USERS\JUNIOR\DROPBOX\APLICADA2-PIC\SOFTWARE\EEPROM\EEPROM.ASM 95 : Found opcode in column 1. (BCF)
Warning[203] C:\USERS\JUNIOR\DROPBOX\APLICADA2-PIC\SOFTWARE\EEPROM\EEPROM.ASM 96 : Found opcode in column 1. (MOVF)
Warning[203] C:\USERS\JUNIOR\DROPBOX\APLICADA2-PIC\SOFTWARE\EEPROM\EEPROM.ASM 97 : Found opcode in column 1. (BSF)
Warning[203] C:\USERS\JUNIOR\DROPBOX\APLICADA2-PIC\SOFTWARE\EEPROM\EEPROM.ASM 98 : Found opcode in column 1. (MOVWF)
Message[302] C:\USERS\JUNIOR\DROPBOX\APLICADA2-PIC\SOFTWARE\EEPROM\EEPROM.ASM 98 : Register in operand not in bank 0.  Ensure that bank bits are correct.
Warning[203] C:\USERS\JUNIOR\DROPBOX\APLICADA2-PIC\SOFTWARE\EEPROM\EEPROM.ASM 99 : Found opcode in column 1. (BSF)
Warning[203] C:\USERS\JUNIOR\DROPBOX\APLICADA2-PIC\SOFTWARE\EEPROM\EEPROM.ASM 100 : Found opcode in column 1. (BSF)
Message[302] C:\USERS\JUNIOR\DROPBOX\APLICADA2-PIC\SOFTWARE\EEPROM\EEPROM.ASM 100 : Register in operand not in bank 0.  Ensure that bank bits are correct.
Warning[203] C:\USERS\JUNIOR\DROPBOX\APLICADA2-PIC\SOFTWARE\EEPROM\EEPROM.ASM 101 : Found opcode in column 1. (BSF)
Message[302] C:\USERS\JUNIOR\DROPBOX\APLICADA2-PIC\SOFTWARE\EEPROM\EEPROM.ASM 101 : Register in operand not in bank 0.  Ensure that bank bits are correct.
Warning[203] C:\USERS\JUNIOR\DROPBOX\APLICADA2-PIC\SOFTWARE\EEPROM\EEPROM.ASM 102 : Found opcode in column 1. (NOP)
Warning[203] C:\USERS\JUNIOR\DROPBOX\APLICADA2-PIC\SOFTWARE\EEPROM\EEPROM.ASM 103 : Found opcode in column 1. (NOP)
Warning[203] C:\USERS\JUNIOR\DROPBOX\APLICADA2-PIC\SOFTWARE\EEPROM\EEPROM.ASM 104 : Found opcode in column 1. (BCF)
Warning[203] C:\USERS\JUNIOR\DROPBOX\APLICADA2-PIC\SOFTWARE\EEPROM\EEPROM.ASM 105 : Found opcode in column 1. (MOVF)
Message[302] C:\USERS\JUNIOR\DROPBOX\APLICADA2-PIC\SOFTWARE\EEPROM\EEPROM.ASM 105 : Register in operand not in bank 0.  Ensure that bank bits are correct.
Warning[203] C:\USERS\JUNIOR\DROPBOX\APLICADA2-PIC\SOFTWARE\EEPROM\EEPROM.ASM 106 : Found opcode in column 1. (BCF)
Warning[203] C:\USERS\JUNIOR\DROPBOX\APLICADA2-PIC\SOFTWARE\EEPROM\EEPROM.ASM 107 : Found opcode in column 1. (MOVWF)
Warning[203] C:\USERS\JUNIOR\DROPBOX\APLICADA2-PIC\SOFTWARE\EEPROM\EEPROM.ASM 108 : Found opcode in column 1. (BSF)
Warning[203] C:\USERS\JUNIOR\DROPBOX\APLICADA2-PIC\SOFTWARE\EEPROM\EEPROM.ASM 109 : Found opcode in column 1. (MOVF)
Message[302] C:\USERS\JUNIOR\DROPBOX\APLICADA2-PIC\SOFTWARE\EEPROM\EEPROM.ASM 109 : Register in operand not in bank 0.  Ensure that bank bits are correct.
Warning[203] C:\USERS\JUNIOR\DROPBOX\APLICADA2-PIC\SOFTWARE\EEPROM\EEPROM.ASM 110 : Found opcode in column 1. (BCF)
Warning[203] C:\USERS\JUNIOR\DROPBOX\APLICADA2-PIC\SOFTWARE\EEPROM\EEPROM.ASM 111 : Found opcode in column 1. (MOVWF)
Warning[203] C:\USERS\JUNIOR\DROPBOX\APLICADA2-PIC\SOFTWARE\EEPROM\EEPROM.ASM 112 : Found opcode in column 1. (RETURN)
Warning[203] C:\USERS\JUNIOR\DROPBOX\APLICADA2-PIC\SOFTWARE\EEPROM\EEPROM.ASM 116 : Found opcode in column 1. (MOVF)
Warning[203] C:\USERS\JUNIOR\DROPBOX\APLICADA2-PIC\SOFTWARE\EEPROM\EEPROM.ASM 117 : Found opcode in column 1. (BSF)
Warning[203] C:\USERS\JUNIOR\DROPBOX\APLICADA2-PIC\SOFTWARE\EEPROM\EEPROM.ASM 118 : Found opcode in column 1. (MOVWF)
Message[302] C:\USERS\JUNIOR\DROPBOX\APLICADA2-PIC\SOFTWARE\EEPROM\EEPROM.ASM 118 : Register in operand not in bank 0.  Ensure that bank bits are correct.
Warning[203] C:\USERS\JUNIOR\DROPBOX\APLICADA2-PIC\SOFTWARE\EEPROM\EEPROM.ASM 119 : Found opcode in column 1. (BCF)
Warning[203] C:\USERS\JUNIOR\DROPBOX\APLICADA2-PIC\SOFTWARE\EEPROM\EEPROM.ASM 120 : Found opcode in column 1. (MOVF)
Warning[203] C:\USERS\JUNIOR\DROPBOX\APLICADA2-PIC\SOFTWARE\EEPROM\EEPROM.ASM 121 : Found opcode in column 1. (BSF)
Warning[203] C:\USERS\JUNIOR\DROPBOX\APLICADA2-PIC\SOFTWARE\EEPROM\EEPROM.ASM 122 : Found opcode in column 1. (MOVWF)
Message[302] C:\USERS\JUNIOR\DROPBOX\APLICADA2-PIC\SOFTWARE\EEPROM\EEPROM.ASM 122 : Register in operand not in bank 0.  Ensure that bank bits are correct.
Warning[203] C:\USERS\JUNIOR\DROPBOX\APLICADA2-PIC\SOFTWARE\EEPROM\EEPROM.ASM 123 : Found opcode in column 1. (BCF)
Warning[203] C:\USERS\JUNIOR\DROPBOX\APLICADA2-PIC\SOFTWARE\EEPROM\EEPROM.ASM 124 : Found opcode in column 1. (MOVF)
Warning[203] C:\USERS\JUNIOR\DROPBOX\APLICADA2-PIC\SOFTWARE\EEPROM\EEPROM.ASM 125 : Found opcode in column 1. (BSF)
Warning[203] C:\USERS\JUNIOR\DROPBOX\APLICADA2-PIC\SOFTWARE\EEPROM\EEPROM.ASM 126 : Found opcode in column 1. (MOVWF)
Message[302] C:\USERS\JUNIOR\DROPBOX\APLICADA2-PIC\SOFTWARE\EEPROM\EEPROM.ASM 126 : Register in operand not in bank 0.  Ensure that bank bits are correct.
Warning[203] C:\USERS\JUNIOR\DROPBOX\APLICADA2-PIC\SOFTWARE\EEPROM\EEPROM.ASM 127 : Found opcode in column 1. (BCF)
Warning[203] C:\USERS\JUNIOR\DROPBOX\APLICADA2-PIC\SOFTWARE\EEPROM\EEPROM.ASM 128 : Found opcode in column 1. (MOVF)
Warning[203] C:\USERS\JUNIOR\DROPBOX\APLICADA2-PIC\SOFTWARE\EEPROM\EEPROM.ASM 129 : Found opcode in column 1. (BSF)
Warning[203] C:\USERS\JUNIOR\DROPBOX\APLICADA2-PIC\SOFTWARE\EEPROM\EEPROM.ASM 130 : Found opcode in column 1. (MOVWF)
Message[302] C:\USERS\JUNIOR\DROPBOX\APLICADA2-PIC\SOFTWARE\EEPROM\EEPROM.ASM 130 : Register in operand not in bank 0.  Ensure that bank bits are correct.
Warning[203] C:\USERS\JUNIOR\DROPBOX\APLICADA2-PIC\SOFTWARE\EEPROM\EEPROM.ASM 131 : Found opcode in column 1. (BSF)
Warning[203] C:\USERS\JUNIOR\DROPBOX\APLICADA2-PIC\SOFTWARE\EEPROM\EEPROM.ASM 132 : Found opcode in column 1. (BSF)
Message[302] C:\USERS\JUNIOR\DROPBOX\APLICADA2-PIC\SOFTWARE\EEPROM\EEPROM.ASM 132 : Register in operand not in bank 0.  Ensure that bank bits are correct.
Warning[203] C:\USERS\JUNIOR\DROPBOX\APLICADA2-PIC\SOFTWARE\EEPROM\EEPROM.ASM 133 : Found opcode in column 1. (BCF)
Warning[203] C:\USERS\JUNIOR\DROPBOX\APLICADA2-PIC\SOFTWARE\EEPROM\EEPROM.ASM 134 : Found opcode in column 1. (BSF)
Message[302] C:\USERS\JUNIOR\DROPBOX\APLICADA2-PIC\SOFTWARE\EEPROM\EEPROM.ASM 134 : Register in operand not in bank 0.  Ensure that bank bits are correct.
Warning[203] C:\USERS\JUNIOR\DROPBOX\APLICADA2-PIC\SOFTWARE\EEPROM\EEPROM.ASM 135 : Found opcode in column 1. (MOVLW)
Warning[203] C:\USERS\JUNIOR\DROPBOX\APLICADA2-PIC\SOFTWARE\EEPROM\EEPROM.ASM 136 : Found opcode in column 1. (MOVWF)
Message[302] C:\USERS\JUNIOR\DROPBOX\APLICADA2-PIC\SOFTWARE\EEPROM\EEPROM.ASM 136 : Register in operand not in bank 0.  Ensure that bank bits are correct.
Warning[203] C:\USERS\JUNIOR\DROPBOX\APLICADA2-PIC\SOFTWARE\EEPROM\EEPROM.ASM 137 : Found opcode in column 1. (MOVLW)
Warning[203] C:\USERS\JUNIOR\DROPBOX\APLICADA2-PIC\SOFTWARE\EEPROM\EEPROM.ASM 138 : Found opcode in column 1. (MOVWF)
Message[302] C:\USERS\JUNIOR\DROPBOX\APLICADA2-PIC\SOFTWARE\EEPROM\EEPROM.ASM 138 : Register in operand not in bank 0.  Ensure that bank bits are correct.
Warning[203] C:\USERS\JUNIOR\DROPBOX\APLICADA2-PIC\SOFTWARE\EEPROM\EEPROM.ASM 139 : Found opcode in column 1. (BSF)
Message[302] C:\USERS\JUNIOR\DROPBOX\APLICADA2-PIC\SOFTWARE\EEPROM\EEPROM.ASM 139 : Register in operand not in bank 0.  Ensure that bank bits are correct.
Warning[203] C:\USERS\JUNIOR\DROPBOX\APLICADA2-PIC\SOFTWARE\EEPROM\EEPROM.ASM 140 : Found opcode in column 1. (BSF)
Warning[203] C:\USERS\JUNIOR\DROPBOX\APLICADA2-PIC\SOFTWARE\EEPROM\EEPROM.ASM 141 : Found opcode in column 1. (NOP)
Warning[203] C:\USERS\JUNIOR\DROPBOX\APLICADA2-PIC\SOFTWARE\EEPROM\EEPROM.ASM 142 : Found opcode in column 1. (NOP)
Warning[203] C:\USERS\JUNIOR\DROPBOX\APLICADA2-PIC\SOFTWARE\EEPROM\EEPROM.ASM 143 : Found opcode in column 1. (BCF)
Message[302] C:\USERS\JUNIOR\DROPBOX\APLICADA2-PIC\SOFTWARE\EEPROM\EEPROM.ASM 143 : Register in operand not in bank 0.  Ensure that bank bits are correct.
Warning[203] C:\USERS\JUNIOR\DROPBOX\APLICADA2-PIC\SOFTWARE\EEPROM\EEPROM.ASM 144 : Found opcode in column 1. (BCF)
Warning[203] C:\USERS\JUNIOR\DROPBOX\APLICADA2-PIC\SOFTWARE\EEPROM\EEPROM.ASM 145 : Found opcode in column 1. (BCF)
Warning[203] C:\USERS\JUNIOR\DROPBOX\APLICADA2-PIC\SOFTWARE\EEPROM\EEPROM.ASM 146 : Found opcode in column 1. (RETURN)
Warning[205] C:\USERS\JUNIOR\DROPBOX\APLICADA2-PIC\SOFTWARE\EEPROM\EEPROM.ASM 149 : Found directive in column 1. (ORG)
Warning[205] C:\USERS\JUNIOR\DROPBOX\APLICADA2-PIC\SOFTWARE\EEPROM\EEPROM.ASM 151 : Found directive in column 1. (DW)
Warning[205] C:\USERS\JUNIOR\DROPBOX\APLICADA2-PIC\SOFTWARE\EEPROM\EEPROM.ASM 152 : Found directive in column 1. (DW)
Warning[205] C:\USERS\JUNIOR\DROPBOX\APLICADA2-PIC\SOFTWARE\EEPROM\EEPROM.ASM 154 : Found directive in column 1. (END)
