Warning[205] C:\USERS\JUNIOR\DROPBOX\APLICADA2-PIC\SOFTWARE\RELOGIO+EEPROM\RELOGIO+EEPROM.ASM 3 : Found directive in column 1. (__CONFIG)
Warning[205] C:\USERS\JUNIOR\DROPBOX\APLICADA2-PIC\SOFTWARE\RELOGIO+EEPROM\RELOGIO+EEPROM.ASM 8 : Found directive in column 1. (CBLOCK)
Warning[205] C:\USERS\JUNIOR\DROPBOX\APLICADA2-PIC\SOFTWARE\RELOGIO+EEPROM\RELOGIO+EEPROM.ASM 28 : Found directive in column 1. (ENDC)
Warning[205] C:\USERS\JUNIOR\DROPBOX\APLICADA2-PIC\SOFTWARE\RELOGIO+EEPROM\RELOGIO+EEPROM.ASM 30 : Found directive in column 1. (ORG)
Warning[203] C:\USERS\JUNIOR\DROPBOX\APLICADA2-PIC\SOFTWARE\RELOGIO+EEPROM\RELOGIO+EEPROM.ASM 31 : Found opcode in column 1. (GOTO)
Warning[205] C:\USERS\JUNIOR\DROPBOX\APLICADA2-PIC\SOFTWARE\RELOGIO+EEPROM\RELOGIO+EEPROM.ASM 33 : Found directive in column 1. (ORG)
Warning[203] C:\USERS\JUNIOR\DROPBOX\APLICADA2-PIC\SOFTWARE\RELOGIO+EEPROM\RELOGIO+EEPROM.ASM 34 : Found opcode in column 1. (MOVWF)
Warning[203] C:\USERS\JUNIOR\DROPBOX\APLICADA2-PIC\SOFTWARE\RELOGIO+EEPROM\RELOGIO+EEPROM.ASM 35 : Found opcode in column 1. (SWAPF)
Warning[203] C:\USERS\JUNIOR\DROPBOX\APLICADA2-PIC\SOFTWARE\RELOGIO+EEPROM\RELOGIO+EEPROM.ASM 36 : Found opcode in column 1. (MOVWF)
Warning[203] C:\USERS\JUNIOR\DROPBOX\APLICADA2-PIC\SOFTWARE\RELOGIO+EEPROM\RELOGIO+EEPROM.ASM 37 : Found opcode in column 1. (MOVLW)
Warning[203] C:\USERS\JUNIOR\DROPBOX\APLICADA2-PIC\SOFTWARE\RELOGIO+EEPROM\RELOGIO+EEPROM.ASM 38 : Found opcode in column 1. (MOVWF)
Warning[203] C:\USERS\JUNIOR\DROPBOX\APLICADA2-PIC\SOFTWARE\RELOGIO+EEPROM\RELOGIO+EEPROM.ASM 40 : Found opcode in column 1. (INCF)
Warning[203] C:\USERS\JUNIOR\DROPBOX\APLICADA2-PIC\SOFTWARE\RELOGIO+EEPROM\RELOGIO+EEPROM.ASM 41 : Found opcode in column 1. (MOVLW)
Warning[203] C:\USERS\JUNIOR\DROPBOX\APLICADA2-PIC\SOFTWARE\RELOGIO+EEPROM\RELOGIO+EEPROM.ASM 42 : Found opcode in column 1. (SUBWF)
Warning[203] C:\USERS\JUNIOR\DROPBOX\APLICADA2-PIC\SOFTWARE\RELOGIO+EEPROM\RELOGIO+EEPROM.ASM 43 : Found opcode in column 1. (BTFSS)
Warning[203] C:\USERS\JUNIOR\DROPBOX\APLICADA2-PIC\SOFTWARE\RELOGIO+EEPROM\RELOGIO+EEPROM.ASM 44 : Found opcode in column 1. (GOTO)
Warning[203] C:\USERS\JUNIOR\DROPBOX\APLICADA2-PIC\SOFTWARE\RELOGIO+EEPROM\RELOGIO+EEPROM.ASM 45 : Found opcode in column 1. (CLRF)
Warning[203] C:\USERS\JUNIOR\DROPBOX\APLICADA2-PIC\SOFTWARE\RELOGIO+EEPROM\RELOGIO+EEPROM.ASM 47 : Found opcode in column 1. (INCF)
Warning[203] C:\USERS\JUNIOR\DROPBOX\APLICADA2-PIC\SOFTWARE\RELOGIO+EEPROM\RELOGIO+EEPROM.ASM 48 : Found opcode in column 1. (MOVLW)
Warning[203] C:\USERS\JUNIOR\DROPBOX\APLICADA2-PIC\SOFTWARE\RELOGIO+EEPROM\RELOGIO+EEPROM.ASM 49 : Found opcode in column 1. (SUBWF)
Warning[203] C:\USERS\JUNIOR\DROPBOX\APLICADA2-PIC\SOFTWARE\RELOGIO+EEPROM\RELOGIO+EEPROM.ASM 50 : Found opcode in column 1. (BTFSS)
Warning[203] C:\USERS\JUNIOR\DROPBOX\APLICADA2-PIC\SOFTWARE\RELOGIO+EEPROM\RELOGIO+EEPROM.ASM 51 : Found opcode in column 1. (GOTO)
Warning[203] C:\USERS\JUNIOR\DROPBOX\APLICADA2-PIC\SOFTWARE\RELOGIO+EEPROM\RELOGIO+EEPROM.ASM 52 : Found opcode in column 1. (CLRF)
Warning[203] C:\USERS\JUNIOR\DROPBOX\APLICADA2-PIC\SOFTWARE\RELOGIO+EEPROM\RELOGIO+EEPROM.ASM 55 : Found opcode in column 1. (INCF)
Warning[203] C:\USERS\JUNIOR\DROPBOX\APLICADA2-PIC\SOFTWARE\RELOGIO+EEPROM\RELOGIO+EEPROM.ASM 56 : Found opcode in column 1. (MOVLW)
Warning[203] C:\USERS\JUNIOR\DROPBOX\APLICADA2-PIC\SOFTWARE\RELOGIO+EEPROM\RELOGIO+EEPROM.ASM 57 : Found opcode in column 1. (SUBWF)
Warning[203] C:\USERS\JUNIOR\DROPBOX\APLICADA2-PIC\SOFTWARE\RELOGIO+EEPROM\RELOGIO+EEPROM.ASM 58 : Found opcode in column 1. (BTFSS)
Warning[203] C:\USERS\JUNIOR\DROPBOX\APLICADA2-PIC\SOFTWARE\RELOGIO+EEPROM\RELOGIO+EEPROM.ASM 59 : Found opcode in column 1. (GOTO)
Warning[203] C:\USERS\JUNIOR\DROPBOX\APLICADA2-PIC\SOFTWARE\RELOGIO+EEPROM\RELOGIO+EEPROM.ASM 60 : Found opcode in column 1. (CLRF)
Warning[203] C:\USERS\JUNIOR\DROPBOX\APLICADA2-PIC\SOFTWARE\RELOGIO+EEPROM\RELOGIO+EEPROM.ASM 63 : Found opcode in column 1. (INCF)
Warning[203] C:\USERS\JUNIOR\DROPBOX\APLICADA2-PIC\SOFTWARE\RELOGIO+EEPROM\RELOGIO+EEPROM.ASM 64 : Found opcode in column 1. (MOVLW)
Warning[203] C:\USERS\JUNIOR\DROPBOX\APLICADA2-PIC\SOFTWARE\RELOGIO+EEPROM\RELOGIO+EEPROM.ASM 65 : Found opcode in column 1. (SUBWF)
Warning[203] C:\USERS\JUNIOR\DROPBOX\APLICADA2-PIC\SOFTWARE\RELOGIO+EEPROM\RELOGIO+EEPROM.ASM 66 : Found opcode in column 1. (BTFSS)
Warning[203] C:\USERS\JUNIOR\DROPBOX\APLICADA2-PIC\SOFTWARE\RELOGIO+EEPROM\RELOGIO+EEPROM.ASM 67 : Found opcode in column 1. (GOTO)
Warning[203] C:\USERS\JUNIOR\DROPBOX\APLICADA2-PIC\SOFTWARE\RELOGIO+EEPROM\RELOGIO+EEPROM.ASM 68 : Found opcode in column 1. (CLRF)
Warning[203] C:\USERS\JUNIOR\DROPBOX\APLICADA2-PIC\SOFTWARE\RELOGIO+EEPROM\RELOGIO+EEPROM.ASM 71 : Found opcode in column 1. (INCF)
Warning[203] C:\USERS\JUNIOR\DROPBOX\APLICADA2-PIC\SOFTWARE\RELOGIO+EEPROM\RELOGIO+EEPROM.ASM 72 : Found opcode in column 1. (MOVLW)
Warning[203] C:\USERS\JUNIOR\DROPBOX\APLICADA2-PIC\SOFTWARE\RELOGIO+EEPROM\RELOGIO+EEPROM.ASM 73 : Found opcode in column 1. (SUBWF)
Warning[203] C:\USERS\JUNIOR\DROPBOX\APLICADA2-PIC\SOFTWARE\RELOGIO+EEPROM\RELOGIO+EEPROM.ASM 74 : Found opcode in column 1. (BTFSS)
Warning[203] C:\USERS\JUNIOR\DROPBOX\APLICADA2-PIC\SOFTWARE\RELOGIO+EEPROM\RELOGIO+EEPROM.ASM 75 : Found opcode in column 1. (GOTO)
Warning[203] C:\USERS\JUNIOR\DROPBOX\APLICADA2-PIC\SOFTWARE\RELOGIO+EEPROM\RELOGIO+EEPROM.ASM 76 : Found opcode in column 1. (CLRF)
Warning[203] C:\USERS\JUNIOR\DROPBOX\APLICADA2-PIC\SOFTWARE\RELOGIO+EEPROM\RELOGIO+EEPROM.ASM 80 : Found opcode in column 1. (MOVLW)
Warning[203] C:\USERS\JUNIOR\DROPBOX\APLICADA2-PIC\SOFTWARE\RELOGIO+EEPROM\RELOGIO+EEPROM.ASM 81 : Found opcode in column 1. (SUBWF)
Warning[203] C:\USERS\JUNIOR\DROPBOX\APLICADA2-PIC\SOFTWARE\RELOGIO+EEPROM\RELOGIO+EEPROM.ASM 82 : Found opcode in column 1. (BTFSC)
Warning[203] C:\USERS\JUNIOR\DROPBOX\APLICADA2-PIC\SOFTWARE\RELOGIO+EEPROM\RELOGIO+EEPROM.ASM 83 : Found opcode in column 1. (GOTO)
Warning[203] C:\USERS\JUNIOR\DROPBOX\APLICADA2-PIC\SOFTWARE\RELOGIO+EEPROM\RELOGIO+EEPROM.ASM 84 : Found opcode in column 1. (INCF)
Warning[203] C:\USERS\JUNIOR\DROPBOX\APLICADA2-PIC\SOFTWARE\RELOGIO+EEPROM\RELOGIO+EEPROM.ASM 85 : Found opcode in column 1. (MOVLW)
Warning[203] C:\USERS\JUNIOR\DROPBOX\APLICADA2-PIC\SOFTWARE\RELOGIO+EEPROM\RELOGIO+EEPROM.ASM 86 : Found opcode in column 1. (SUBWF)
Warning[203] C:\USERS\JUNIOR\DROPBOX\APLICADA2-PIC\SOFTWARE\RELOGIO+EEPROM\RELOGIO+EEPROM.ASM 87 : Found opcode in column 1. (BTFSS)
Warning[203] C:\USERS\JUNIOR\DROPBOX\APLICADA2-PIC\SOFTWARE\RELOGIO+EEPROM\RELOGIO+EEPROM.ASM 88 : Found opcode in column 1. (GOTO)
Warning[203] C:\USERS\JUNIOR\DROPBOX\APLICADA2-PIC\SOFTWARE\RELOGIO+EEPROM\RELOGIO+EEPROM.ASM 89 : Found opcode in column 1. (CLRF)
Warning[203] C:\USERS\JUNIOR\DROPBOX\APLICADA2-PIC\SOFTWARE\RELOGIO+EEPROM\RELOGIO+EEPROM.ASM 92 : Found opcode in column 1. (INCF)
Warning[203] C:\USERS\JUNIOR\DROPBOX\APLICADA2-PIC\SOFTWARE\RELOGIO+EEPROM\RELOGIO+EEPROM.ASM 94 : Found opcode in column 1. (GOTO)
Warning[203] C:\USERS\JUNIOR\DROPBOX\APLICADA2-PIC\SOFTWARE\RELOGIO+EEPROM\RELOGIO+EEPROM.ASM 116 : Found opcode in column 1. (SWAPF)
Warning[203] C:\USERS\JUNIOR\DROPBOX\APLICADA2-PIC\SOFTWARE\RELOGIO+EEPROM\RELOGIO+EEPROM.ASM 117 : Found opcode in column 1. (MOVWF)
Warning[203] C:\USERS\JUNIOR\DROPBOX\APLICADA2-PIC\SOFTWARE\RELOGIO+EEPROM\RELOGIO+EEPROM.ASM 118 : Found opcode in column 1. (SWAPF)
Warning[203] C:\USERS\JUNIOR\DROPBOX\APLICADA2-PIC\SOFTWARE\RELOGIO+EEPROM\RELOGIO+EEPROM.ASM 119 : Found opcode in column 1. (SWAPF)
Warning[203] C:\USERS\JUNIOR\DROPBOX\APLICADA2-PIC\SOFTWARE\RELOGIO+EEPROM\RELOGIO+EEPROM.ASM 121 : Found opcode in column 1. (BCF)
Warning[203] C:\USERS\JUNIOR\DROPBOX\APLICADA2-PIC\SOFTWARE\RELOGIO+EEPROM\RELOGIO+EEPROM.ASM 122 : Found opcode in column 1. (RETFIE)
Warning[207] C:\USERS\JUNIOR\DROPBOX\APLICADA2-PIC\SOFTWARE\RELOGIO+EEPROM\RELOGIO+EEPROM.ASM 129 : Found label after column 1. (DECODER)
Warning[203] C:\USERS\JUNIOR\DROPBOX\APLICADA2-PIC\SOFTWARE\RELOGIO+EEPROM\RELOGIO+EEPROM.ASM 143 : Found opcode in column 1. (BSF)
Warning[203] C:\USERS\JUNIOR\DROPBOX\APLICADA2-PIC\SOFTWARE\RELOGIO+EEPROM\RELOGIO+EEPROM.ASM 144 : Found opcode in column 1. (BCF)
Warning[203] C:\USERS\JUNIOR\DROPBOX\APLICADA2-PIC\SOFTWARE\RELOGIO+EEPROM\RELOGIO+EEPROM.ASM 145 : Found opcode in column 1. (MOVLW)
Warning[203] C:\USERS\JUNIOR\DROPBOX\APLICADA2-PIC\SOFTWARE\RELOGIO+EEPROM\RELOGIO+EEPROM.ASM 146 : Found opcode in column 1. (MOVWF)
Message[302] C:\USERS\JUNIOR\DROPBOX\APLICADA2-PIC\SOFTWARE\RELOGIO+EEPROM\RELOGIO+EEPROM.ASM 146 : Register in operand not in bank 0.  Ensure that bank bits are correct.
Warning[203] C:\USERS\JUNIOR\DROPBOX\APLICADA2-PIC\SOFTWARE\RELOGIO+EEPROM\RELOGIO+EEPROM.ASM 147 : Found opcode in column 1. (MOVLW)
Warning[203] C:\USERS\JUNIOR\DROPBOX\APLICADA2-PIC\SOFTWARE\RELOGIO+EEPROM\RELOGIO+EEPROM.ASM 148 : Found opcode in column 1. (MOVWF)
Message[302] C:\USERS\JUNIOR\DROPBOX\APLICADA2-PIC\SOFTWARE\RELOGIO+EEPROM\RELOGIO+EEPROM.ASM 148 : Register in operand not in bank 0.  Ensure that bank bits are correct.
Warning[203] C:\USERS\JUNIOR\DROPBOX\APLICADA2-PIC\SOFTWARE\RELOGIO+EEPROM\RELOGIO+EEPROM.ASM 149 : Found opcode in column 1. (MOVLW)
Warning[203] C:\USERS\JUNIOR\DROPBOX\APLICADA2-PIC\SOFTWARE\RELOGIO+EEPROM\RELOGIO+EEPROM.ASM 150 : Found opcode in column 1. (MOVWF)
Message[302] C:\USERS\JUNIOR\DROPBOX\APLICADA2-PIC\SOFTWARE\RELOGIO+EEPROM\RELOGIO+EEPROM.ASM 150 : Register in operand not in bank 0.  Ensure that bank bits are correct.
Warning[203] C:\USERS\JUNIOR\DROPBOX\APLICADA2-PIC\SOFTWARE\RELOGIO+EEPROM\RELOGIO+EEPROM.ASM 151 : Found opcode in column 1. (MOVLW)
Warning[203] C:\USERS\JUNIOR\DROPBOX\APLICADA2-PIC\SOFTWARE\RELOGIO+EEPROM\RELOGIO+EEPROM.ASM 152 : Found opcode in column 1. (MOVWF)
Message[302] C:\USERS\JUNIOR\DROPBOX\APLICADA2-PIC\SOFTWARE\RELOGIO+EEPROM\RELOGIO+EEPROM.ASM 152 : Register in operand not in bank 0.  Ensure that bank bits are correct.
Warning[203] C:\USERS\JUNIOR\DROPBOX\APLICADA2-PIC\SOFTWARE\RELOGIO+EEPROM\RELOGIO+EEPROM.ASM 153 : Found opcode in column 1. (MOVWF)
Message[302] C:\USERS\JUNIOR\DROPBOX\APLICADA2-PIC\SOFTWARE\RELOGIO+EEPROM\RELOGIO+EEPROM.ASM 153 : Register in operand not in bank 0.  Ensure that bank bits are correct.
Warning[203] C:\USERS\JUNIOR\DROPBOX\APLICADA2-PIC\SOFTWARE\RELOGIO+EEPROM\RELOGIO+EEPROM.ASM 154 : Found opcode in column 1. (MOVLW)
Warning[203] C:\USERS\JUNIOR\DROPBOX\APLICADA2-PIC\SOFTWARE\RELOGIO+EEPROM\RELOGIO+EEPROM.ASM 155 : Found opcode in column 1. (MOVWF)
Message[302] C:\USERS\JUNIOR\DROPBOX\APLICADA2-PIC\SOFTWARE\RELOGIO+EEPROM\RELOGIO+EEPROM.ASM 155 : Register in operand not in bank 0.  Ensure that bank bits are correct.
Warning[203] C:\USERS\JUNIOR\DROPBOX\APLICADA2-PIC\SOFTWARE\RELOGIO+EEPROM\RELOGIO+EEPROM.ASM 156 : Found opcode in column 1. (MOVLW)
Warning[203] C:\USERS\JUNIOR\DROPBOX\APLICADA2-PIC\SOFTWARE\RELOGIO+EEPROM\RELOGIO+EEPROM.ASM 157 : Found opcode in column 1. (MOVWF)
Message[302] C:\USERS\JUNIOR\DROPBOX\APLICADA2-PIC\SOFTWARE\RELOGIO+EEPROM\RELOGIO+EEPROM.ASM 157 : Register in operand not in bank 0.  Ensure that bank bits are correct.
Warning[203] C:\USERS\JUNIOR\DROPBOX\APLICADA2-PIC\SOFTWARE\RELOGIO+EEPROM\RELOGIO+EEPROM.ASM 158 : Found opcode in column 1. (MOVWF)
Message[302] C:\USERS\JUNIOR\DROPBOX\APLICADA2-PIC\SOFTWARE\RELOGIO+EEPROM\RELOGIO+EEPROM.ASM 158 : Register in operand not in bank 0.  Ensure that bank bits are correct.
Warning[203] C:\USERS\JUNIOR\DROPBOX\APLICADA2-PIC\SOFTWARE\RELOGIO+EEPROM\RELOGIO+EEPROM.ASM 159 : Found opcode in column 1. (MOVLW)
Warning[203] C:\USERS\JUNIOR\DROPBOX\APLICADA2-PIC\SOFTWARE\RELOGIO+EEPROM\RELOGIO+EEPROM.ASM 160 : Found opcode in column 1. (MOVWF)
Warning[203] C:\USERS\JUNIOR\DROPBOX\APLICADA2-PIC\SOFTWARE\RELOGIO+EEPROM\RELOGIO+EEPROM.ASM 161 : Found opcode in column 1. (BCF)
Warning[203] C:\USERS\JUNIOR\DROPBOX\APLICADA2-PIC\SOFTWARE\RELOGIO+EEPROM\RELOGIO+EEPROM.ASM 162 : Found opcode in column 1. (MOVLW)
Warning[203] C:\USERS\JUNIOR\DROPBOX\APLICADA2-PIC\SOFTWARE\RELOGIO+EEPROM\RELOGIO+EEPROM.ASM 163 : Found opcode in column 1. (MOVWF)
Warning[203] C:\USERS\JUNIOR\DROPBOX\APLICADA2-PIC\SOFTWARE\RELOGIO+EEPROM\RELOGIO+EEPROM.ASM 164 : Found opcode in column 1. (RETURN)
Warning[207] C:\USERS\JUNIOR\DROPBOX\APLICADA2-PIC\SOFTWARE\RELOGIO+EEPROM\RELOGIO+EEPROM.ASM 168 : Found label after column 1. (ATRASO_1MS)
Warning[207] C:\USERS\JUNIOR\DROPBOX\APLICADA2-PIC\SOFTWARE\RELOGIO+EEPROM\RELOGIO+EEPROM.ASM 171 : Found label after column 1. (VOLTA1)
Warning[207] C:\USERS\JUNIOR\DROPBOX\APLICADA2-PIC\SOFTWARE\RELOGIO+EEPROM\RELOGIO+EEPROM.ASM 177 : Found label after column 1. (ATRASO_1S)
Warning[207] C:\USERS\JUNIOR\DROPBOX\APLICADA2-PIC\SOFTWARE\RELOGIO+EEPROM\RELOGIO+EEPROM.ASM 180 : Found label after column 1. (VOLT)
Warning[203] C:\USERS\JUNIOR\DROPBOX\APLICADA2-PIC\SOFTWARE\RELOGIO+EEPROM\RELOGIO+EEPROM.ASM 188 : Found opcode in column 1. (MOVLW)
Warning[203] C:\USERS\JUNIOR\DROPBOX\APLICADA2-PIC\SOFTWARE\RELOGIO+EEPROM\RELOGIO+EEPROM.ASM 189 : Found opcode in column 1. (MOVWF)
Warning[203] C:\USERS\JUNIOR\DROPBOX\APLICADA2-PIC\SOFTWARE\RELOGIO+EEPROM\RELOGIO+EEPROM.ASM 191 : Found opcode in column 1. (MOVLW)
Warning[203] C:\USERS\JUNIOR\DROPBOX\APLICADA2-PIC\SOFTWARE\RELOGIO+EEPROM\RELOGIO+EEPROM.ASM 192 : Found opcode in column 1. (MOVWF)
Warning[203] C:\USERS\JUNIOR\DROPBOX\APLICADA2-PIC\SOFTWARE\RELOGIO+EEPROM\RELOGIO+EEPROM.ASM 194 : Found opcode in column 1. (DECF)
Warning[203] C:\USERS\JUNIOR\DROPBOX\APLICADA2-PIC\SOFTWARE\RELOGIO+EEPROM\RELOGIO+EEPROM.ASM 195 : Found opcode in column 1. (BTFSS)
Warning[203] C:\USERS\JUNIOR\DROPBOX\APLICADA2-PIC\SOFTWARE\RELOGIO+EEPROM\RELOGIO+EEPROM.ASM 196 : Found opcode in column 1. (GOTO)
Warning[203] C:\USERS\JUNIOR\DROPBOX\APLICADA2-PIC\SOFTWARE\RELOGIO+EEPROM\RELOGIO+EEPROM.ASM 197 : Found opcode in column 1. (DECF)
Warning[203] C:\USERS\JUNIOR\DROPBOX\APLICADA2-PIC\SOFTWARE\RELOGIO+EEPROM\RELOGIO+EEPROM.ASM 198 : Found opcode in column 1. (BTFSS)
Warning[203] C:\USERS\JUNIOR\DROPBOX\APLICADA2-PIC\SOFTWARE\RELOGIO+EEPROM\RELOGIO+EEPROM.ASM 199 : Found opcode in column 1. (GOTO)
Warning[203] C:\USERS\JUNIOR\DROPBOX\APLICADA2-PIC\SOFTWARE\RELOGIO+EEPROM\RELOGIO+EEPROM.ASM 200 : Found opcode in column 1. (RETURN)
Warning[207] C:\USERS\JUNIOR\DROPBOX\APLICADA2-PIC\SOFTWARE\RELOGIO+EEPROM\RELOGIO+EEPROM.ASM 205 : Found label after column 1. (INICIA_LCD)
Warning[207] C:\USERS\JUNIOR\DROPBOX\APLICADA2-PIC\SOFTWARE\RELOGIO+EEPROM\RELOGIO+EEPROM.ASM 222 : Found label after column 1. (ESCREVE_DADO)
Warning[207] C:\USERS\JUNIOR\DROPBOX\APLICADA2-PIC\SOFTWARE\RELOGIO+EEPROM\RELOGIO+EEPROM.ASM 235 : Found label after column 1. (ESCREVE_COMANDO)
Warning[203] C:\USERS\JUNIOR\DROPBOX\APLICADA2-PIC\SOFTWARE\RELOGIO+EEPROM\RELOGIO+EEPROM.ASM 251 : Found opcode in column 1. (MOVLW)
Warning[203] C:\USERS\JUNIOR\DROPBOX\APLICADA2-PIC\SOFTWARE\RELOGIO+EEPROM\RELOGIO+EEPROM.ASM 252 : Found opcode in column 1. (CALL)
Warning[203] C:\USERS\JUNIOR\DROPBOX\APLICADA2-PIC\SOFTWARE\RELOGIO+EEPROM\RELOGIO+EEPROM.ASM 253 : Found opcode in column 1. (MOVF)
Warning[203] C:\USERS\JUNIOR\DROPBOX\APLICADA2-PIC\SOFTWARE\RELOGIO+EEPROM\RELOGIO+EEPROM.ASM 254 : Found opcode in column 1. (CALL)
Warning[203] C:\USERS\JUNIOR\DROPBOX\APLICADA2-PIC\SOFTWARE\RELOGIO+EEPROM\RELOGIO+EEPROM.ASM 255 : Found opcode in column 1. (CALL)
Warning[203] C:\USERS\JUNIOR\DROPBOX\APLICADA2-PIC\SOFTWARE\RELOGIO+EEPROM\RELOGIO+EEPROM.ASM 256 : Found opcode in column 1. (RETURN)
Warning[203] C:\USERS\JUNIOR\DROPBOX\APLICADA2-PIC\SOFTWARE\RELOGIO+EEPROM\RELOGIO+EEPROM.ASM 260 : Found opcode in column 1. (MOVLW)
Warning[203] C:\USERS\JUNIOR\DROPBOX\APLICADA2-PIC\SOFTWARE\RELOGIO+EEPROM\RELOGIO+EEPROM.ASM 261 : Found opcode in column 1. (CALL)
Warning[203] C:\USERS\JUNIOR\DROPBOX\APLICADA2-PIC\SOFTWARE\RELOGIO+EEPROM\RELOGIO+EEPROM.ASM 262 : Found opcode in column 1. (MOVF)
Warning[203] C:\USERS\JUNIOR\DROPBOX\APLICADA2-PIC\SOFTWARE\RELOGIO+EEPROM\RELOGIO+EEPROM.ASM 263 : Found opcode in column 1. (CALL)
Warning[203] C:\USERS\JUNIOR\DROPBOX\APLICADA2-PIC\SOFTWARE\RELOGIO+EEPROM\RELOGIO+EEPROM.ASM 264 : Found opcode in column 1. (CALL)
Warning[203] C:\USERS\JUNIOR\DROPBOX\APLICADA2-PIC\SOFTWARE\RELOGIO+EEPROM\RELOGIO+EEPROM.ASM 265 : Found opcode in column 1. (RETURN)
Warning[203] C:\USERS\JUNIOR\DROPBOX\APLICADA2-PIC\SOFTWARE\RELOGIO+EEPROM\RELOGIO+EEPROM.ASM 269 : Found opcode in column 1. (MOVLW)
Warning[203] C:\USERS\JUNIOR\DROPBOX\APLICADA2-PIC\SOFTWARE\RELOGIO+EEPROM\RELOGIO+EEPROM.ASM 270 : Found opcode in column 1. (CALL)
Warning[203] C:\USERS\JUNIOR\DROPBOX\APLICADA2-PIC\SOFTWARE\RELOGIO+EEPROM\RELOGIO+EEPROM.ASM 271 : Found opcode in column 1. (MOVF)
Warning[203] C:\USERS\JUNIOR\DROPBOX\APLICADA2-PIC\SOFTWARE\RELOGIO+EEPROM\RELOGIO+EEPROM.ASM 272 : Found opcode in column 1. (CALL)
Warning[203] C:\USERS\JUNIOR\DROPBOX\APLICADA2-PIC\SOFTWARE\RELOGIO+EEPROM\RELOGIO+EEPROM.ASM 273 : Found opcode in column 1. (CALL)
Warning[203] C:\USERS\JUNIOR\DROPBOX\APLICADA2-PIC\SOFTWARE\RELOGIO+EEPROM\RELOGIO+EEPROM.ASM 274 : Found opcode in column 1. (RETURN)
Warning[203] C:\USERS\JUNIOR\DROPBOX\APLICADA2-PIC\SOFTWARE\RELOGIO+EEPROM\RELOGIO+EEPROM.ASM 278 : Found opcode in column 1. (MOVLW)
Warning[203] C:\USERS\JUNIOR\DROPBOX\APLICADA2-PIC\SOFTWARE\RELOGIO+EEPROM\RELOGIO+EEPROM.ASM 279 : Found opcode in column 1. (CALL)
Warning[203] C:\USERS\JUNIOR\DROPBOX\APLICADA2-PIC\SOFTWARE\RELOGIO+EEPROM\RELOGIO+EEPROM.ASM 280 : Found opcode in column 1. (MOVF)
Warning[203] C:\USERS\JUNIOR\DROPBOX\APLICADA2-PIC\SOFTWARE\RELOGIO+EEPROM\RELOGIO+EEPROM.ASM 281 : Found opcode in column 1. (CALL)
Warning[203] C:\USERS\JUNIOR\DROPBOX\APLICADA2-PIC\SOFTWARE\RELOGIO+EEPROM\RELOGIO+EEPROM.ASM 282 : Found opcode in column 1. (CALL)
Warning[203] C:\USERS\JUNIOR\DROPBOX\APLICADA2-PIC\SOFTWARE\RELOGIO+EEPROM\RELOGIO+EEPROM.ASM 283 : Found opcode in column 1. (RETURN)
Warning[203] C:\USERS\JUNIOR\DROPBOX\APLICADA2-PIC\SOFTWARE\RELOGIO+EEPROM\RELOGIO+EEPROM.ASM 287 : Found opcode in column 1. (MOVLW)
Warning[203] C:\USERS\JUNIOR\DROPBOX\APLICADA2-PIC\SOFTWARE\RELOGIO+EEPROM\RELOGIO+EEPROM.ASM 288 : Found opcode in column 1. (CALL)
Warning[203] C:\USERS\JUNIOR\DROPBOX\APLICADA2-PIC\SOFTWARE\RELOGIO+EEPROM\RELOGIO+EEPROM.ASM 289 : Found opcode in column 1. (MOVF)
Warning[203] C:\USERS\JUNIOR\DROPBOX\APLICADA2-PIC\SOFTWARE\RELOGIO+EEPROM\RELOGIO+EEPROM.ASM 290 : Found opcode in column 1. (CALL)
Warning[203] C:\USERS\JUNIOR\DROPBOX\APLICADA2-PIC\SOFTWARE\RELOGIO+EEPROM\RELOGIO+EEPROM.ASM 291 : Found opcode in column 1. (CALL)
Warning[203] C:\USERS\JUNIOR\DROPBOX\APLICADA2-PIC\SOFTWARE\RELOGIO+EEPROM\RELOGIO+EEPROM.ASM 292 : Found opcode in column 1. (RETURN)
Warning[203] C:\USERS\JUNIOR\DROPBOX\APLICADA2-PIC\SOFTWARE\RELOGIO+EEPROM\RELOGIO+EEPROM.ASM 296 : Found opcode in column 1. (MOVLW)
Warning[203] C:\USERS\JUNIOR\DROPBOX\APLICADA2-PIC\SOFTWARE\RELOGIO+EEPROM\RELOGIO+EEPROM.ASM 297 : Found opcode in column 1. (CALL)
Warning[203] C:\USERS\JUNIOR\DROPBOX\APLICADA2-PIC\SOFTWARE\RELOGIO+EEPROM\RELOGIO+EEPROM.ASM 298 : Found opcode in column 1. (MOVF)
Warning[203] C:\USERS\JUNIOR\DROPBOX\APLICADA2-PIC\SOFTWARE\RELOGIO+EEPROM\RELOGIO+EEPROM.ASM 299 : Found opcode in column 1. (CALL)
Warning[203] C:\USERS\JUNIOR\DROPBOX\APLICADA2-PIC\SOFTWARE\RELOGIO+EEPROM\RELOGIO+EEPROM.ASM 300 : Found opcode in column 1. (CALL)
Warning[203] C:\USERS\JUNIOR\DROPBOX\APLICADA2-PIC\SOFTWARE\RELOGIO+EEPROM\RELOGIO+EEPROM.ASM 301 : Found opcode in column 1. (RETURN)
Warning[203] C:\USERS\JUNIOR\DROPBOX\APLICADA2-PIC\SOFTWARE\RELOGIO+EEPROM\RELOGIO+EEPROM.ASM 306 : Found opcode in column 1. (CALL)
Warning[203] C:\USERS\JUNIOR\DROPBOX\APLICADA2-PIC\SOFTWARE\RELOGIO+EEPROM\RELOGIO+EEPROM.ASM 307 : Found opcode in column 1. (BTFSC)
Warning[203] C:\USERS\JUNIOR\DROPBOX\APLICADA2-PIC\SOFTWARE\RELOGIO+EEPROM\RELOGIO+EEPROM.ASM 308 : Found opcode in column 1. (RETURN)
Warning[203] C:\USERS\JUNIOR\DROPBOX\APLICADA2-PIC\SOFTWARE\RELOGIO+EEPROM\RELOGIO+EEPROM.ASM 309 : Found opcode in column 1. (BCF)
Warning[203] C:\USERS\JUNIOR\DROPBOX\APLICADA2-PIC\SOFTWARE\RELOGIO+EEPROM\RELOGIO+EEPROM.ASM 310 : Found opcode in column 1. (CLRF)
Warning[203] C:\USERS\JUNIOR\DROPBOX\APLICADA2-PIC\SOFTWARE\RELOGIO+EEPROM\RELOGIO+EEPROM.ASM 311 : Found opcode in column 1. (CLRF)
Warning[203] C:\USERS\JUNIOR\DROPBOX\APLICADA2-PIC\SOFTWARE\RELOGIO+EEPROM\RELOGIO+EEPROM.ASM 312 : Found opcode in column 1. (BSF)
Warning[203] C:\USERS\JUNIOR\DROPBOX\APLICADA2-PIC\SOFTWARE\RELOGIO+EEPROM\RELOGIO+EEPROM.ASM 313 : Found opcode in column 1. (RETURN)
Warning[203] C:\USERS\JUNIOR\DROPBOX\APLICADA2-PIC\SOFTWARE\RELOGIO+EEPROM\RELOGIO+EEPROM.ASM 316 : Found opcode in column 1. (CALL)
Warning[203] C:\USERS\JUNIOR\DROPBOX\APLICADA2-PIC\SOFTWARE\RELOGIO+EEPROM\RELOGIO+EEPROM.ASM 317 : Found opcode in column 1. (BTFSC)
Warning[203] C:\USERS\JUNIOR\DROPBOX\APLICADA2-PIC\SOFTWARE\RELOGIO+EEPROM\RELOGIO+EEPROM.ASM 318 : Found opcode in column 1. (RETURN)
Warning[203] C:\USERS\JUNIOR\DROPBOX\APLICADA2-PIC\SOFTWARE\RELOGIO+EEPROM\RELOGIO+EEPROM.ASM 320 : Found opcode in column 1. (BCF)
Warning[203] C:\USERS\JUNIOR\DROPBOX\APLICADA2-PIC\SOFTWARE\RELOGIO+EEPROM\RELOGIO+EEPROM.ASM 321 : Found opcode in column 1. (SWAPF)
Warning[203] C:\USERS\JUNIOR\DROPBOX\APLICADA2-PIC\SOFTWARE\RELOGIO+EEPROM\RELOGIO+EEPROM.ASM 322 : Found opcode in column 1. (IORWF)
Warning[203] C:\USERS\JUNIOR\DROPBOX\APLICADA2-PIC\SOFTWARE\RELOGIO+EEPROM\RELOGIO+EEPROM.ASM 323 : Found opcode in column 1. (SUBLW)
Warning[203] C:\USERS\JUNIOR\DROPBOX\APLICADA2-PIC\SOFTWARE\RELOGIO+EEPROM\RELOGIO+EEPROM.ASM 324 : Found opcode in column 1. (BTFSS)
Warning[203] C:\USERS\JUNIOR\DROPBOX\APLICADA2-PIC\SOFTWARE\RELOGIO+EEPROM\RELOGIO+EEPROM.ASM 325 : Found opcode in column 1. (GOTO)
Warning[203] C:\USERS\JUNIOR\DROPBOX\APLICADA2-PIC\SOFTWARE\RELOGIO+EEPROM\RELOGIO+EEPROM.ASM 326 : Found opcode in column 1. (CLRF)
Warning[203] C:\USERS\JUNIOR\DROPBOX\APLICADA2-PIC\SOFTWARE\RELOGIO+EEPROM\RELOGIO+EEPROM.ASM 327 : Found opcode in column 1. (CLRF)
Warning[203] C:\USERS\JUNIOR\DROPBOX\APLICADA2-PIC\SOFTWARE\RELOGIO+EEPROM\RELOGIO+EEPROM.ASM 328 : Found opcode in column 1. (BSF)
Warning[203] C:\USERS\JUNIOR\DROPBOX\APLICADA2-PIC\SOFTWARE\RELOGIO+EEPROM\RELOGIO+EEPROM.ASM 329 : Found opcode in column 1. (RETURN)
Warning[203] C:\USERS\JUNIOR\DROPBOX\APLICADA2-PIC\SOFTWARE\RELOGIO+EEPROM\RELOGIO+EEPROM.ASM 331 : Found opcode in column 1. (INCF)
Warning[203] C:\USERS\JUNIOR\DROPBOX\APLICADA2-PIC\SOFTWARE\RELOGIO+EEPROM\RELOGIO+EEPROM.ASM 332 : Found opcode in column 1. (MOVLW)
Warning[203] C:\USERS\JUNIOR\DROPBOX\APLICADA2-PIC\SOFTWARE\RELOGIO+EEPROM\RELOGIO+EEPROM.ASM 333 : Found opcode in column 1. (SUBWF)
Warning[203] C:\USERS\JUNIOR\DROPBOX\APLICADA2-PIC\SOFTWARE\RELOGIO+EEPROM\RELOGIO+EEPROM.ASM 334 : Found opcode in column 1. (BTFSS)
Warning[203] C:\USERS\JUNIOR\DROPBOX\APLICADA2-PIC\SOFTWARE\RELOGIO+EEPROM\RELOGIO+EEPROM.ASM 335 : Found opcode in column 1. (GOTO)
Warning[203] C:\USERS\JUNIOR\DROPBOX\APLICADA2-PIC\SOFTWARE\RELOGIO+EEPROM\RELOGIO+EEPROM.ASM 336 : Found opcode in column 1. (CLRF)
Warning[203] C:\USERS\JUNIOR\DROPBOX\APLICADA2-PIC\SOFTWARE\RELOGIO+EEPROM\RELOGIO+EEPROM.ASM 337 : Found opcode in column 1. (INCF)
Warning[203] C:\USERS\JUNIOR\DROPBOX\APLICADA2-PIC\SOFTWARE\RELOGIO+EEPROM\RELOGIO+EEPROM.ASM 338 : Found opcode in column 1. (BSF)
Warning[203] C:\USERS\JUNIOR\DROPBOX\APLICADA2-PIC\SOFTWARE\RELOGIO+EEPROM\RELOGIO+EEPROM.ASM 339 : Found opcode in column 1. (RETURN)
Warning[203] C:\USERS\JUNIOR\DROPBOX\APLICADA2-PIC\SOFTWARE\RELOGIO+EEPROM\RELOGIO+EEPROM.ASM 342 : Found opcode in column 1. (CALL)
Warning[203] C:\USERS\JUNIOR\DROPBOX\APLICADA2-PIC\SOFTWARE\RELOGIO+EEPROM\RELOGIO+EEPROM.ASM 343 : Found opcode in column 1. (BTFSC)
Warning[203] C:\USERS\JUNIOR\DROPBOX\APLICADA2-PIC\SOFTWARE\RELOGIO+EEPROM\RELOGIO+EEPROM.ASM 344 : Found opcode in column 1. (RETURN)
Warning[203] C:\USERS\JUNIOR\DROPBOX\APLICADA2-PIC\SOFTWARE\RELOGIO+EEPROM\RELOGIO+EEPROM.ASM 345 : Found opcode in column 1. (BCF)
Warning[203] C:\USERS\JUNIOR\DROPBOX\APLICADA2-PIC\SOFTWARE\RELOGIO+EEPROM\RELOGIO+EEPROM.ASM 346 : Found opcode in column 1. (INCF)
Warning[203] C:\USERS\JUNIOR\DROPBOX\APLICADA2-PIC\SOFTWARE\RELOGIO+EEPROM\RELOGIO+EEPROM.ASM 347 : Found opcode in column 1. (MOVLW)
Warning[203] C:\USERS\JUNIOR\DROPBOX\APLICADA2-PIC\SOFTWARE\RELOGIO+EEPROM\RELOGIO+EEPROM.ASM 348 : Found opcode in column 1. (SUBWF)
Warning[203] C:\USERS\JUNIOR\DROPBOX\APLICADA2-PIC\SOFTWARE\RELOGIO+EEPROM\RELOGIO+EEPROM.ASM 349 : Found opcode in column 1. (BTFSS)
Warning[203] C:\USERS\JUNIOR\DROPBOX\APLICADA2-PIC\SOFTWARE\RELOGIO+EEPROM\RELOGIO+EEPROM.ASM 350 : Found opcode in column 1. (GOTO)
Warning[203] C:\USERS\JUNIOR\DROPBOX\APLICADA2-PIC\SOFTWARE\RELOGIO+EEPROM\RELOGIO+EEPROM.ASM 351 : Found opcode in column 1. (CLRF)
Warning[203] C:\USERS\JUNIOR\DROPBOX\APLICADA2-PIC\SOFTWARE\RELOGIO+EEPROM\RELOGIO+EEPROM.ASM 352 : Found opcode in column 1. (BSF)
Warning[203] C:\USERS\JUNIOR\DROPBOX\APLICADA2-PIC\SOFTWARE\RELOGIO+EEPROM\RELOGIO+EEPROM.ASM 353 : Found opcode in column 1. (RETURN)
Warning[203] C:\USERS\JUNIOR\DROPBOX\APLICADA2-PIC\SOFTWARE\RELOGIO+EEPROM\RELOGIO+EEPROM.ASM 356 : Found opcode in column 1. (CALL)
Warning[203] C:\USERS\JUNIOR\DROPBOX\APLICADA2-PIC\SOFTWARE\RELOGIO+EEPROM\RELOGIO+EEPROM.ASM 357 : Found opcode in column 1. (BTFSC)
Warning[203] C:\USERS\JUNIOR\DROPBOX\APLICADA2-PIC\SOFTWARE\RELOGIO+EEPROM\RELOGIO+EEPROM.ASM 358 : Found opcode in column 1. (RETURN)
Warning[203] C:\USERS\JUNIOR\DROPBOX\APLICADA2-PIC\SOFTWARE\RELOGIO+EEPROM\RELOGIO+EEPROM.ASM 359 : Found opcode in column 1. (BCF)
Warning[203] C:\USERS\JUNIOR\DROPBOX\APLICADA2-PIC\SOFTWARE\RELOGIO+EEPROM\RELOGIO+EEPROM.ASM 360 : Found opcode in column 1. (INCF)
Warning[203] C:\USERS\JUNIOR\DROPBOX\APLICADA2-PIC\SOFTWARE\RELOGIO+EEPROM\RELOGIO+EEPROM.ASM 361 : Found opcode in column 1. (MOVLW)
Warning[203] C:\USERS\JUNIOR\DROPBOX\APLICADA2-PIC\SOFTWARE\RELOGIO+EEPROM\RELOGIO+EEPROM.ASM 362 : Found opcode in column 1. (SUBWF)
Warning[203] C:\USERS\JUNIOR\DROPBOX\APLICADA2-PIC\SOFTWARE\RELOGIO+EEPROM\RELOGIO+EEPROM.ASM 363 : Found opcode in column 1. (BTFSS)
Warning[203] C:\USERS\JUNIOR\DROPBOX\APLICADA2-PIC\SOFTWARE\RELOGIO+EEPROM\RELOGIO+EEPROM.ASM 364 : Found opcode in column 1. (GOTO)
Warning[203] C:\USERS\JUNIOR\DROPBOX\APLICADA2-PIC\SOFTWARE\RELOGIO+EEPROM\RELOGIO+EEPROM.ASM 365 : Found opcode in column 1. (CLRF)
Warning[203] C:\USERS\JUNIOR\DROPBOX\APLICADA2-PIC\SOFTWARE\RELOGIO+EEPROM\RELOGIO+EEPROM.ASM 366 : Found opcode in column 1. (BSF)
Warning[203] C:\USERS\JUNIOR\DROPBOX\APLICADA2-PIC\SOFTWARE\RELOGIO+EEPROM\RELOGIO+EEPROM.ASM 367 : Found opcode in column 1. (RETURN)
Warning[203] C:\USERS\JUNIOR\DROPBOX\APLICADA2-PIC\SOFTWARE\RELOGIO+EEPROM\RELOGIO+EEPROM.ASM 374 : Found opcode in column 1. (MOVF)
Warning[203] C:\USERS\JUNIOR\DROPBOX\APLICADA2-PIC\SOFTWARE\RELOGIO+EEPROM\RELOGIO+EEPROM.ASM 375 : Found opcode in column 1. (BSF)
Warning[203] C:\USERS\JUNIOR\DROPBOX\APLICADA2-PIC\SOFTWARE\RELOGIO+EEPROM\RELOGIO+EEPROM.ASM 376 : Found opcode in column 1. (BCF)
Warning[203] C:\USERS\JUNIOR\DROPBOX\APLICADA2-PIC\SOFTWARE\RELOGIO+EEPROM\RELOGIO+EEPROM.ASM 377 : Found opcode in column 1. (MOVWF)
Message[302] C:\USERS\JUNIOR\DROPBOX\APLICADA2-PIC\SOFTWARE\RELOGIO+EEPROM\RELOGIO+EEPROM.ASM 377 : Register in operand not in bank 0.  Ensure that bank bits are correct.
Warning[203] C:\USERS\JUNIOR\DROPBOX\APLICADA2-PIC\SOFTWARE\RELOGIO+EEPROM\RELOGIO+EEPROM.ASM 378 : Found opcode in column 1. (BSF)
Warning[203] C:\USERS\JUNIOR\DROPBOX\APLICADA2-PIC\SOFTWARE\RELOGIO+EEPROM\RELOGIO+EEPROM.ASM 379 : Found opcode in column 1. (BCF)
Message[302] C:\USERS\JUNIOR\DROPBOX\APLICADA2-PIC\SOFTWARE\RELOGIO+EEPROM\RELOGIO+EEPROM.ASM 379 : Register in operand not in bank 0.  Ensure that bank bits are correct.
Warning[203] C:\USERS\JUNIOR\DROPBOX\APLICADA2-PIC\SOFTWARE\RELOGIO+EEPROM\RELOGIO+EEPROM.ASM 381 : Found opcode in column 1. (BSF)
Message[302] C:\USERS\JUNIOR\DROPBOX\APLICADA2-PIC\SOFTWARE\RELOGIO+EEPROM\RELOGIO+EEPROM.ASM 381 : Register in operand not in bank 0.  Ensure that bank bits are correct.
Warning[203] C:\USERS\JUNIOR\DROPBOX\APLICADA2-PIC\SOFTWARE\RELOGIO+EEPROM\RELOGIO+EEPROM.ASM 382 : Found opcode in column 1. (BCF)
Warning[203] C:\USERS\JUNIOR\DROPBOX\APLICADA2-PIC\SOFTWARE\RELOGIO+EEPROM\RELOGIO+EEPROM.ASM 383 : Found opcode in column 1. (MOVF)
Message[302] C:\USERS\JUNIOR\DROPBOX\APLICADA2-PIC\SOFTWARE\RELOGIO+EEPROM\RELOGIO+EEPROM.ASM 383 : Register in operand not in bank 0.  Ensure that bank bits are correct.
Warning[203] C:\USERS\JUNIOR\DROPBOX\APLICADA2-PIC\SOFTWARE\RELOGIO+EEPROM\RELOGIO+EEPROM.ASM 384 : Found opcode in column 1. (BCF)
Warning[203] C:\USERS\JUNIOR\DROPBOX\APLICADA2-PIC\SOFTWARE\RELOGIO+EEPROM\RELOGIO+EEPROM.ASM 385 : Found opcode in column 1. (BCF)
Warning[203] C:\USERS\JUNIOR\DROPBOX\APLICADA2-PIC\SOFTWARE\RELOGIO+EEPROM\RELOGIO+EEPROM.ASM 386 : Found opcode in column 1. (RETURN)
Warning[203] C:\USERS\JUNIOR\DROPBOX\APLICADA2-PIC\SOFTWARE\RELOGIO+EEPROM\RELOGIO+EEPROM.ASM 389 : Found opcode in column 1. (BCF)
Warning[203] C:\USERS\JUNIOR\DROPBOX\APLICADA2-PIC\SOFTWARE\RELOGIO+EEPROM\RELOGIO+EEPROM.ASM 390 : Found opcode in column 1. (MOVF)
Warning[203] C:\USERS\JUNIOR\DROPBOX\APLICADA2-PIC\SOFTWARE\RELOGIO+EEPROM\RELOGIO+EEPROM.ASM 391 : Found opcode in column 1. (BSF)
Warning[203] C:\USERS\JUNIOR\DROPBOX\APLICADA2-PIC\SOFTWARE\RELOGIO+EEPROM\RELOGIO+EEPROM.ASM 392 : Found opcode in column 1. (BCF)
Warning[203] C:\USERS\JUNIOR\DROPBOX\APLICADA2-PIC\SOFTWARE\RELOGIO+EEPROM\RELOGIO+EEPROM.ASM 393 : Found opcode in column 1. (MOVWF)
Message[302] C:\USERS\JUNIOR\DROPBOX\APLICADA2-PIC\SOFTWARE\RELOGIO+EEPROM\RELOGIO+EEPROM.ASM 393 : Register in operand not in bank 0.  Ensure that bank bits are correct.
Warning[203] C:\USERS\JUNIOR\DROPBOX\APLICADA2-PIC\SOFTWARE\RELOGIO+EEPROM\RELOGIO+EEPROM.ASM 394 : Found opcode in column 1. (BCF)
Warning[203] C:\USERS\JUNIOR\DROPBOX\APLICADA2-PIC\SOFTWARE\RELOGIO+EEPROM\RELOGIO+EEPROM.ASM 395 : Found opcode in column 1. (MOVF)
Warning[203] C:\USERS\JUNIOR\DROPBOX\APLICADA2-PIC\SOFTWARE\RELOGIO+EEPROM\RELOGIO+EEPROM.ASM 396 : Found opcode in column 1. (BSF)
Warning[203] C:\USERS\JUNIOR\DROPBOX\APLICADA2-PIC\SOFTWARE\RELOGIO+EEPROM\RELOGIO+EEPROM.ASM 397 : Found opcode in column 1. (MOVWF)
Message[302] C:\USERS\JUNIOR\DROPBOX\APLICADA2-PIC\SOFTWARE\RELOGIO+EEPROM\RELOGIO+EEPROM.ASM 397 : Register in operand not in bank 0.  Ensure that bank bits are correct.
Warning[203] C:\USERS\JUNIOR\DROPBOX\APLICADA2-PIC\SOFTWARE\RELOGIO+EEPROM\RELOGIO+EEPROM.ASM 398 : Found opcode in column 1. (BSF)
Warning[203] C:\USERS\JUNIOR\DROPBOX\APLICADA2-PIC\SOFTWARE\RELOGIO+EEPROM\RELOGIO+EEPROM.ASM 399 : Found opcode in column 1. (BCF)
Message[302] C:\USERS\JUNIOR\DROPBOX\APLICADA2-PIC\SOFTWARE\RELOGIO+EEPROM\RELOGIO+EEPROM.ASM 399 : Register in operand not in bank 0.  Ensure that bank bits are correct.
Warning[203] C:\USERS\JUNIOR\DROPBOX\APLICADA2-PIC\SOFTWARE\RELOGIO+EEPROM\RELOGIO+EEPROM.ASM 400 : Found opcode in column 1. (BSF)
Message[302] C:\USERS\JUNIOR\DROPBOX\APLICADA2-PIC\SOFTWARE\RELOGIO+EEPROM\RELOGIO+EEPROM.ASM 400 : Register in operand not in bank 0.  Ensure that bank bits are correct.
Warning[203] C:\USERS\JUNIOR\DROPBOX\APLICADA2-PIC\SOFTWARE\RELOGIO+EEPROM\RELOGIO+EEPROM.ASM 401 : Found opcode in column 1. (MOVLW)
Warning[203] C:\USERS\JUNIOR\DROPBOX\APLICADA2-PIC\SOFTWARE\RELOGIO+EEPROM\RELOGIO+EEPROM.ASM 402 : Found opcode in column 1. (MOVWF)
Message[302] C:\USERS\JUNIOR\DROPBOX\APLICADA2-PIC\SOFTWARE\RELOGIO+EEPROM\RELOGIO+EEPROM.ASM 402 : Register in operand not in bank 0.  Ensure that bank bits are correct.
Warning[203] C:\USERS\JUNIOR\DROPBOX\APLICADA2-PIC\SOFTWARE\RELOGIO+EEPROM\RELOGIO+EEPROM.ASM 403 : Found opcode in column 1. (MOVLW)
Warning[203] C:\USERS\JUNIOR\DROPBOX\APLICADA2-PIC\SOFTWARE\RELOGIO+EEPROM\RELOGIO+EEPROM.ASM 404 : Found opcode in column 1. (MOVWF)
Message[302] C:\USERS\JUNIOR\DROPBOX\APLICADA2-PIC\SOFTWARE\RELOGIO+EEPROM\RELOGIO+EEPROM.ASM 404 : Register in operand not in bank 0.  Ensure that bank bits are correct.
Warning[203] C:\USERS\JUNIOR\DROPBOX\APLICADA2-PIC\SOFTWARE\RELOGIO+EEPROM\RELOGIO+EEPROM.ASM 405 : Found opcode in column 1. (BSF)
Message[302] C:\USERS\JUNIOR\DROPBOX\APLICADA2-PIC\SOFTWARE\RELOGIO+EEPROM\RELOGIO+EEPROM.ASM 405 : Register in operand not in bank 0.  Ensure that bank bits are correct.
Warning[203] C:\USERS\JUNIOR\DROPBOX\APLICADA2-PIC\SOFTWARE\RELOGIO+EEPROM\RELOGIO+EEPROM.ASM 406 : Found opcode in column 1. (BCF)
Message[302] C:\USERS\JUNIOR\DROPBOX\APLICADA2-PIC\SOFTWARE\RELOGIO+EEPROM\RELOGIO+EEPROM.ASM 406 : Register in operand not in bank 0.  Ensure that bank bits are correct.
Warning[203] C:\USERS\JUNIOR\DROPBOX\APLICADA2-PIC\SOFTWARE\RELOGIO+EEPROM\RELOGIO+EEPROM.ASM 407 : Found opcode in column 1. (BCF)
Warning[203] C:\USERS\JUNIOR\DROPBOX\APLICADA2-PIC\SOFTWARE\RELOGIO+EEPROM\RELOGIO+EEPROM.ASM 408 : Found opcode in column 1. (BCF)
Warning[203] C:\USERS\JUNIOR\DROPBOX\APLICADA2-PIC\SOFTWARE\RELOGIO+EEPROM\RELOGIO+EEPROM.ASM 409 : Found opcode in column 1. (BSF)
Warning[203] C:\USERS\JUNIOR\DROPBOX\APLICADA2-PIC\SOFTWARE\RELOGIO+EEPROM\RELOGIO+EEPROM.ASM 410 : Found opcode in column 1. (CALL)
Warning[203] C:\USERS\JUNIOR\DROPBOX\APLICADA2-PIC\SOFTWARE\RELOGIO+EEPROM\RELOGIO+EEPROM.ASM 411 : Found opcode in column 1. (CALL)
Warning[203] C:\USERS\JUNIOR\DROPBOX\APLICADA2-PIC\SOFTWARE\RELOGIO+EEPROM\RELOGIO+EEPROM.ASM 412 : Found opcode in column 1. (CALL)
Warning[203] C:\USERS\JUNIOR\DROPBOX\APLICADA2-PIC\SOFTWARE\RELOGIO+EEPROM\RELOGIO+EEPROM.ASM 413 : Found opcode in column 1. (CALL)
Warning[203] C:\USERS\JUNIOR\DROPBOX\APLICADA2-PIC\SOFTWARE\RELOGIO+EEPROM\RELOGIO+EEPROM.ASM 414 : Found opcode in column 1. (CALL)
Warning[203] C:\USERS\JUNIOR\DROPBOX\APLICADA2-PIC\SOFTWARE\RELOGIO+EEPROM\RELOGIO+EEPROM.ASM 415 : Found opcode in column 1. (RETURN)
Warning[203] C:\USERS\JUNIOR\DROPBOX\APLICADA2-PIC\SOFTWARE\RELOGIO+EEPROM\RELOGIO+EEPROM.ASM 418 : Found opcode in column 1. (MOVF)
Warning[203] C:\USERS\JUNIOR\DROPBOX\APLICADA2-PIC\SOFTWARE\RELOGIO+EEPROM\RELOGIO+EEPROM.ASM 419 : Found opcode in column 1. (BSF)
Warning[203] C:\USERS\JUNIOR\DROPBOX\APLICADA2-PIC\SOFTWARE\RELOGIO+EEPROM\RELOGIO+EEPROM.ASM 420 : Found opcode in column 1. (MOVWF)
Message[302] C:\USERS\JUNIOR\DROPBOX\APLICADA2-PIC\SOFTWARE\RELOGIO+EEPROM\RELOGIO+EEPROM.ASM 420 : Register in operand not in bank 0.  Ensure that bank bits are correct.
Warning[203] C:\USERS\JUNIOR\DROPBOX\APLICADA2-PIC\SOFTWARE\RELOGIO+EEPROM\RELOGIO+EEPROM.ASM 421 : Found opcode in column 1. (BCF)
Warning[203] C:\USERS\JUNIOR\DROPBOX\APLICADA2-PIC\SOFTWARE\RELOGIO+EEPROM\RELOGIO+EEPROM.ASM 422 : Found opcode in column 1. (MOVF)
Warning[203] C:\USERS\JUNIOR\DROPBOX\APLICADA2-PIC\SOFTWARE\RELOGIO+EEPROM\RELOGIO+EEPROM.ASM 423 : Found opcode in column 1. (BSF)
Warning[203] C:\USERS\JUNIOR\DROPBOX\APLICADA2-PIC\SOFTWARE\RELOGIO+EEPROM\RELOGIO+EEPROM.ASM 424 : Found opcode in column 1. (MOVWF)
Message[302] C:\USERS\JUNIOR\DROPBOX\APLICADA2-PIC\SOFTWARE\RELOGIO+EEPROM\RELOGIO+EEPROM.ASM 424 : Register in operand not in bank 0.  Ensure that bank bits are correct.
Warning[203] C:\USERS\JUNIOR\DROPBOX\APLICADA2-PIC\SOFTWARE\RELOGIO+EEPROM\RELOGIO+EEPROM.ASM 425 : Found opcode in column 1. (BSF)
Warning[203] C:\USERS\JUNIOR\DROPBOX\APLICADA2-PIC\SOFTWARE\RELOGIO+EEPROM\RELOGIO+EEPROM.ASM 426 : Found opcode in column 1. (BSF)
Message[302] C:\USERS\JUNIOR\DROPBOX\APLICADA2-PIC\SOFTWARE\RELOGIO+EEPROM\RELOGIO+EEPROM.ASM 426 : Register in operand not in bank 0.  Ensure that bank bits are correct.
Warning[203] C:\USERS\JUNIOR\DROPBOX\APLICADA2-PIC\SOFTWARE\RELOGIO+EEPROM\RELOGIO+EEPROM.ASM 427 : Found opcode in column 1. (BSF)
Message[302] C:\USERS\JUNIOR\DROPBOX\APLICADA2-PIC\SOFTWARE\RELOGIO+EEPROM\RELOGIO+EEPROM.ASM 427 : Register in operand not in bank 0.  Ensure that bank bits are correct.
Warning[203] C:\USERS\JUNIOR\DROPBOX\APLICADA2-PIC\SOFTWARE\RELOGIO+EEPROM\RELOGIO+EEPROM.ASM 428 : Found opcode in column 1. (NOP)
Warning[203] C:\USERS\JUNIOR\DROPBOX\APLICADA2-PIC\SOFTWARE\RELOGIO+EEPROM\RELOGIO+EEPROM.ASM 429 : Found opcode in column 1. (NOP)
Warning[203] C:\USERS\JUNIOR\DROPBOX\APLICADA2-PIC\SOFTWARE\RELOGIO+EEPROM\RELOGIO+EEPROM.ASM 430 : Found opcode in column 1. (BCF)
Warning[203] C:\USERS\JUNIOR\DROPBOX\APLICADA2-PIC\SOFTWARE\RELOGIO+EEPROM\RELOGIO+EEPROM.ASM 431 : Found opcode in column 1. (MOVF)
Message[302] C:\USERS\JUNIOR\DROPBOX\APLICADA2-PIC\SOFTWARE\RELOGIO+EEPROM\RELOGIO+EEPROM.ASM 431 : Register in operand not in bank 0.  Ensure that bank bits are correct.
Warning[203] C:\USERS\JUNIOR\DROPBOX\APLICADA2-PIC\SOFTWARE\RELOGIO+EEPROM\RELOGIO+EEPROM.ASM 432 : Found opcode in column 1. (BCF)
Warning[203] C:\USERS\JUNIOR\DROPBOX\APLICADA2-PIC\SOFTWARE\RELOGIO+EEPROM\RELOGIO+EEPROM.ASM 433 : Found opcode in column 1. (MOVWF)
Warning[203] C:\USERS\JUNIOR\DROPBOX\APLICADA2-PIC\SOFTWARE\RELOGIO+EEPROM\RELOGIO+EEPROM.ASM 434 : Found opcode in column 1. (BSF)
Warning[203] C:\USERS\JUNIOR\DROPBOX\APLICADA2-PIC\SOFTWARE\RELOGIO+EEPROM\RELOGIO+EEPROM.ASM 435 : Found opcode in column 1. (MOVF)
Message[302] C:\USERS\JUNIOR\DROPBOX\APLICADA2-PIC\SOFTWARE\RELOGIO+EEPROM\RELOGIO+EEPROM.ASM 435 : Register in operand not in bank 0.  Ensure that bank bits are correct.
Warning[203] C:\USERS\JUNIOR\DROPBOX\APLICADA2-PIC\SOFTWARE\RELOGIO+EEPROM\RELOGIO+EEPROM.ASM 436 : Found opcode in column 1. (BCF)
Warning[203] C:\USERS\JUNIOR\DROPBOX\APLICADA2-PIC\SOFTWARE\RELOGIO+EEPROM\RELOGIO+EEPROM.ASM 437 : Found opcode in column 1. (MOVWF)
Warning[203] C:\USERS\JUNIOR\DROPBOX\APLICADA2-PIC\SOFTWARE\RELOGIO+EEPROM\RELOGIO+EEPROM.ASM 438 : Found opcode in column 1. (RETURN)
Warning[203] C:\USERS\JUNIOR\DROPBOX\APLICADA2-PIC\SOFTWARE\RELOGIO+EEPROM\RELOGIO+EEPROM.ASM 442 : Found opcode in column 1. (MOVF)
Warning[203] C:\USERS\JUNIOR\DROPBOX\APLICADA2-PIC\SOFTWARE\RELOGIO+EEPROM\RELOGIO+EEPROM.ASM 443 : Found opcode in column 1. (BSF)
Warning[203] C:\USERS\JUNIOR\DROPBOX\APLICADA2-PIC\SOFTWARE\RELOGIO+EEPROM\RELOGIO+EEPROM.ASM 444 : Found opcode in column 1. (MOVWF)
Message[302] C:\USERS\JUNIOR\DROPBOX\APLICADA2-PIC\SOFTWARE\RELOGIO+EEPROM\RELOGIO+EEPROM.ASM 444 : Register in operand not in bank 0.  Ensure that bank bits are correct.
Warning[203] C:\USERS\JUNIOR\DROPBOX\APLICADA2-PIC\SOFTWARE\RELOGIO+EEPROM\RELOGIO+EEPROM.ASM 445 : Found opcode in column 1. (BCF)
Warning[203] C:\USERS\JUNIOR\DROPBOX\APLICADA2-PIC\SOFTWARE\RELOGIO+EEPROM\RELOGIO+EEPROM.ASM 446 : Found opcode in column 1. (MOVF)
Warning[203] C:\USERS\JUNIOR\DROPBOX\APLICADA2-PIC\SOFTWARE\RELOGIO+EEPROM\RELOGIO+EEPROM.ASM 447 : Found opcode in column 1. (BSF)
Warning[203] C:\USERS\JUNIOR\DROPBOX\APLICADA2-PIC\SOFTWARE\RELOGIO+EEPROM\RELOGIO+EEPROM.ASM 448 : Found opcode in column 1. (MOVWF)
Message[302] C:\USERS\JUNIOR\DROPBOX\APLICADA2-PIC\SOFTWARE\RELOGIO+EEPROM\RELOGIO+EEPROM.ASM 448 : Register in operand not in bank 0.  Ensure that bank bits are correct.
Warning[203] C:\USERS\JUNIOR\DROPBOX\APLICADA2-PIC\SOFTWARE\RELOGIO+EEPROM\RELOGIO+EEPROM.ASM 449 : Found opcode in column 1. (BCF)
Warning[203] C:\USERS\JUNIOR\DROPBOX\APLICADA2-PIC\SOFTWARE\RELOGIO+EEPROM\RELOGIO+EEPROM.ASM 450 : Found opcode in column 1. (MOVF)
Warning[203] C:\USERS\JUNIOR\DROPBOX\APLICADA2-PIC\SOFTWARE\RELOGIO+EEPROM\RELOGIO+EEPROM.ASM 451 : Found opcode in column 1. (BSF)
Warning[203] C:\USERS\JUNIOR\DROPBOX\APLICADA2-PIC\SOFTWARE\RELOGIO+EEPROM\RELOGIO+EEPROM.ASM 452 : Found opcode in column 1. (MOVWF)
Message[302] C:\USERS\JUNIOR\DROPBOX\APLICADA2-PIC\SOFTWARE\RELOGIO+EEPROM\RELOGIO+EEPROM.ASM 452 : Register in operand not in bank 0.  Ensure that bank bits are correct.
Warning[203] C:\USERS\JUNIOR\DROPBOX\APLICADA2-PIC\SOFTWARE\RELOGIO+EEPROM\RELOGIO+EEPROM.ASM 453 : Found opcode in column 1. (BCF)
Warning[203] C:\USERS\JUNIOR\DROPBOX\APLICADA2-PIC\SOFTWARE\RELOGIO+EEPROM\RELOGIO+EEPROM.ASM 454 : Found opcode in column 1. (MOVF)
Warning[203] C:\USERS\JUNIOR\DROPBOX\APLICADA2-PIC\SOFTWARE\RELOGIO+EEPROM\RELOGIO+EEPROM.ASM 455 : Found opcode in column 1. (BSF)
Warning[203] C:\USERS\JUNIOR\DROPBOX\APLICADA2-PIC\SOFTWARE\RELOGIO+EEPROM\RELOGIO+EEPROM.ASM 456 : Found opcode in column 1. (MOVWF)
Message[302] C:\USERS\JUNIOR\DROPBOX\APLICADA2-PIC\SOFTWARE\RELOGIO+EEPROM\RELOGIO+EEPROM.ASM 456 : Register in operand not in bank 0.  Ensure that bank bits are correct.
Warning[203] C:\USERS\JUNIOR\DROPBOX\APLICADA2-PIC\SOFTWARE\RELOGIO+EEPROM\RELOGIO+EEPROM.ASM 457 : Found opcode in column 1. (BSF)
Warning[203] C:\USERS\JUNIOR\DROPBOX\APLICADA2-PIC\SOFTWARE\RELOGIO+EEPROM\RELOGIO+EEPROM.ASM 458 : Found opcode in column 1. (BSF)
Message[302] C:\USERS\JUNIOR\DROPBOX\APLICADA2-PIC\SOFTWARE\RELOGIO+EEPROM\RELOGIO+EEPROM.ASM 458 : Register in operand not in bank 0.  Ensure that bank bits are correct.
Warning[203] C:\USERS\JUNIOR\DROPBOX\APLICADA2-PIC\SOFTWARE\RELOGIO+EEPROM\RELOGIO+EEPROM.ASM 459 : Found opcode in column 1. (BCF)
Warning[203] C:\USERS\JUNIOR\DROPBOX\APLICADA2-PIC\SOFTWARE\RELOGIO+EEPROM\RELOGIO+EEPROM.ASM 460 : Found opcode in column 1. (BSF)
Message[302] C:\USERS\JUNIOR\DROPBOX\APLICADA2-PIC\SOFTWARE\RELOGIO+EEPROM\RELOGIO+EEPROM.ASM 460 : Register in operand not in bank 0.  Ensure that bank bits are correct.
Warning[203] C:\USERS\JUNIOR\DROPBOX\APLICADA2-PIC\SOFTWARE\RELOGIO+EEPROM\RELOGIO+EEPROM.ASM 461 : Found opcode in column 1. (MOVLW)
Warning[203] C:\USERS\JUNIOR\DROPBOX\APLICADA2-PIC\SOFTWARE\RELOGIO+EEPROM\RELOGIO+EEPROM.ASM 462 : Found opcode in column 1. (MOVWF)
Message[302] C:\USERS\JUNIOR\DROPBOX\APLICADA2-PIC\SOFTWARE\RELOGIO+EEPROM\RELOGIO+EEPROM.ASM 462 : Register in operand not in bank 0.  Ensure that bank bits are correct.
Warning[203] C:\USERS\JUNIOR\DROPBOX\APLICADA2-PIC\SOFTWARE\RELOGIO+EEPROM\RELOGIO+EEPROM.ASM 463 : Found opcode in column 1. (MOVLW)
Warning[203] C:\USERS\JUNIOR\DROPBOX\APLICADA2-PIC\SOFTWARE\RELOGIO+EEPROM\RELOGIO+EEPROM.ASM 464 : Found opcode in column 1. (MOVWF)
Message[302] C:\USERS\JUNIOR\DROPBOX\APLICADA2-PIC\SOFTWARE\RELOGIO+EEPROM\RELOGIO+EEPROM.ASM 464 : Register in operand not in bank 0.  Ensure that bank bits are correct.
Warning[203] C:\USERS\JUNIOR\DROPBOX\APLICADA2-PIC\SOFTWARE\RELOGIO+EEPROM\RELOGIO+EEPROM.ASM 465 : Found opcode in column 1. (BSF)
Message[302] C:\USERS\JUNIOR\DROPBOX\APLICADA2-PIC\SOFTWARE\RELOGIO+EEPROM\RELOGIO+EEPROM.ASM 465 : Register in operand not in bank 0.  Ensure that bank bits are correct.
Warning[203] C:\USERS\JUNIOR\DROPBOX\APLICADA2-PIC\SOFTWARE\RELOGIO+EEPROM\RELOGIO+EEPROM.ASM 466 : Found opcode in column 1. (BSF)
Warning[203] C:\USERS\JUNIOR\DROPBOX\APLICADA2-PIC\SOFTWARE\RELOGIO+EEPROM\RELOGIO+EEPROM.ASM 467 : Found opcode in column 1. (NOP)
Warning[203] C:\USERS\JUNIOR\DROPBOX\APLICADA2-PIC\SOFTWARE\RELOGIO+EEPROM\RELOGIO+EEPROM.ASM 468 : Found opcode in column 1. (NOP)
Warning[203] C:\USERS\JUNIOR\DROPBOX\APLICADA2-PIC\SOFTWARE\RELOGIO+EEPROM\RELOGIO+EEPROM.ASM 469 : Found opcode in column 1. (BCF)
Message[302] C:\USERS\JUNIOR\DROPBOX\APLICADA2-PIC\SOFTWARE\RELOGIO+EEPROM\RELOGIO+EEPROM.ASM 469 : Register in operand not in bank 0.  Ensure that bank bits are correct.
Warning[203] C:\USERS\JUNIOR\DROPBOX\APLICADA2-PIC\SOFTWARE\RELOGIO+EEPROM\RELOGIO+EEPROM.ASM 470 : Found opcode in column 1. (BCF)
Warning[203] C:\USERS\JUNIOR\DROPBOX\APLICADA2-PIC\SOFTWARE\RELOGIO+EEPROM\RELOGIO+EEPROM.ASM 471 : Found opcode in column 1. (BCF)
Warning[203] C:\USERS\JUNIOR\DROPBOX\APLICADA2-PIC\SOFTWARE\RELOGIO+EEPROM\RELOGIO+EEPROM.ASM 472 : Found opcode in column 1. (RETURN)
Warning[203] C:\USERS\JUNIOR\DROPBOX\APLICADA2-PIC\SOFTWARE\RELOGIO+EEPROM\RELOGIO+EEPROM.ASM 486 : Found opcode in column 1. (MOVLW)
Warning[203] C:\USERS\JUNIOR\DROPBOX\APLICADA2-PIC\SOFTWARE\RELOGIO+EEPROM\RELOGIO+EEPROM.ASM 487 : Found opcode in column 1. (MOVWF)
Warning[203] C:\USERS\JUNIOR\DROPBOX\APLICADA2-PIC\SOFTWARE\RELOGIO+EEPROM\RELOGIO+EEPROM.ASM 488 : Found opcode in column 1. (CALL)
Warning[203] C:\USERS\JUNIOR\DROPBOX\APLICADA2-PIC\SOFTWARE\RELOGIO+EEPROM\RELOGIO+EEPROM.ASM 489 : Found opcode in column 1. (MOVWF)
Warning[203] C:\USERS\JUNIOR\DROPBOX\APLICADA2-PIC\SOFTWARE\RELOGIO+EEPROM\RELOGIO+EEPROM.ASM 491 : Found opcode in column 1. (MOVLW)
Warning[203] C:\USERS\JUNIOR\DROPBOX\APLICADA2-PIC\SOFTWARE\RELOGIO+EEPROM\RELOGIO+EEPROM.ASM 492 : Found opcode in column 1. (MOVWF)
Warning[203] C:\USERS\JUNIOR\DROPBOX\APLICADA2-PIC\SOFTWARE\RELOGIO+EEPROM\RELOGIO+EEPROM.ASM 493 : Found opcode in column 1. (CALL)
Warning[203] C:\USERS\JUNIOR\DROPBOX\APLICADA2-PIC\SOFTWARE\RELOGIO+EEPROM\RELOGIO+EEPROM.ASM 494 : Found opcode in column 1. (MOVWF)
Warning[203] C:\USERS\JUNIOR\DROPBOX\APLICADA2-PIC\SOFTWARE\RELOGIO+EEPROM\RELOGIO+EEPROM.ASM 496 : Found opcode in column 1. (MOVLW)
Warning[203] C:\USERS\JUNIOR\DROPBOX\APLICADA2-PIC\SOFTWARE\RELOGIO+EEPROM\RELOGIO+EEPROM.ASM 497 : Found opcode in column 1. (MOVWF)
Warning[203] C:\USERS\JUNIOR\DROPBOX\APLICADA2-PIC\SOFTWARE\RELOGIO+EEPROM\RELOGIO+EEPROM.ASM 498 : Found opcode in column 1. (CALL)
Warning[203] C:\USERS\JUNIOR\DROPBOX\APLICADA2-PIC\SOFTWARE\RELOGIO+EEPROM\RELOGIO+EEPROM.ASM 499 : Found opcode in column 1. (MOVWF)
Warning[203] C:\USERS\JUNIOR\DROPBOX\APLICADA2-PIC\SOFTWARE\RELOGIO+EEPROM\RELOGIO+EEPROM.ASM 501 : Found opcode in column 1. (MOVLW)
Warning[203] C:\USERS\JUNIOR\DROPBOX\APLICADA2-PIC\SOFTWARE\RELOGIO+EEPROM\RELOGIO+EEPROM.ASM 502 : Found opcode in column 1. (MOVWF)
Warning[203] C:\USERS\JUNIOR\DROPBOX\APLICADA2-PIC\SOFTWARE\RELOGIO+EEPROM\RELOGIO+EEPROM.ASM 503 : Found opcode in column 1. (CALL)
Warning[203] C:\USERS\JUNIOR\DROPBOX\APLICADA2-PIC\SOFTWARE\RELOGIO+EEPROM\RELOGIO+EEPROM.ASM 504 : Found opcode in column 1. (MOVWF)
Warning[203] C:\USERS\JUNIOR\DROPBOX\APLICADA2-PIC\SOFTWARE\RELOGIO+EEPROM\RELOGIO+EEPROM.ASM 506 : Found opcode in column 1. (MOVLW)
Warning[203] C:\USERS\JUNIOR\DROPBOX\APLICADA2-PIC\SOFTWARE\RELOGIO+EEPROM\RELOGIO+EEPROM.ASM 507 : Found opcode in column 1. (MOVWF)
Warning[203] C:\USERS\JUNIOR\DROPBOX\APLICADA2-PIC\SOFTWARE\RELOGIO+EEPROM\RELOGIO+EEPROM.ASM 508 : Found opcode in column 1. (CALL)
Warning[203] C:\USERS\JUNIOR\DROPBOX\APLICADA2-PIC\SOFTWARE\RELOGIO+EEPROM\RELOGIO+EEPROM.ASM 509 : Found opcode in column 1. (MOVWF)
Warning[203] C:\USERS\JUNIOR\DROPBOX\APLICADA2-PIC\SOFTWARE\RELOGIO+EEPROM\RELOGIO+EEPROM.ASM 511 : Found opcode in column 1. (MOVLW)
Warning[203] C:\USERS\JUNIOR\DROPBOX\APLICADA2-PIC\SOFTWARE\RELOGIO+EEPROM\RELOGIO+EEPROM.ASM 512 : Found opcode in column 1. (MOVWF)
Warning[203] C:\USERS\JUNIOR\DROPBOX\APLICADA2-PIC\SOFTWARE\RELOGIO+EEPROM\RELOGIO+EEPROM.ASM 513 : Found opcode in column 1. (CALL)
Warning[203] C:\USERS\JUNIOR\DROPBOX\APLICADA2-PIC\SOFTWARE\RELOGIO+EEPROM\RELOGIO+EEPROM.ASM 514 : Found opcode in column 1. (MOVWF)
Warning[203] C:\USERS\JUNIOR\DROPBOX\APLICADA2-PIC\SOFTWARE\RELOGIO+EEPROM\RELOGIO+EEPROM.ASM 541 : Found opcode in column 1. (CALL)
Warning[203] C:\USERS\JUNIOR\DROPBOX\APLICADA2-PIC\SOFTWARE\RELOGIO+EEPROM\RELOGIO+EEPROM.ASM 542 : Found opcode in column 1. (CALL)
Warning[203] C:\USERS\JUNIOR\DROPBOX\APLICADA2-PIC\SOFTWARE\RELOGIO+EEPROM\RELOGIO+EEPROM.ASM 543 : Found opcode in column 1. (CALL)
Warning[203] C:\USERS\JUNIOR\DROPBOX\APLICADA2-PIC\SOFTWARE\RELOGIO+EEPROM\RELOGIO+EEPROM.ASM 544 : Found opcode in column 1. (CALL)
Warning[203] C:\USERS\JUNIOR\DROPBOX\APLICADA2-PIC\SOFTWARE\RELOGIO+EEPROM\RELOGIO+EEPROM.ASM 545 : Found opcode in column 1. (CALL)
Warning[203] C:\USERS\JUNIOR\DROPBOX\APLICADA2-PIC\SOFTWARE\RELOGIO+EEPROM\RELOGIO+EEPROM.ASM 546 : Found opcode in column 1. (CALL)
Warning[203] C:\USERS\JUNIOR\DROPBOX\APLICADA2-PIC\SOFTWARE\RELOGIO+EEPROM\RELOGIO+EEPROM.ASM 547 : Found opcode in column 1. (MOVLW)
Warning[203] C:\USERS\JUNIOR\DROPBOX\APLICADA2-PIC\SOFTWARE\RELOGIO+EEPROM\RELOGIO+EEPROM.ASM 548 : Found opcode in column 1. (CALL)
Warning[203] C:\USERS\JUNIOR\DROPBOX\APLICADA2-PIC\SOFTWARE\RELOGIO+EEPROM\RELOGIO+EEPROM.ASM 549 : Found opcode in column 1. (MOVLW)
Warning[203] C:\USERS\JUNIOR\DROPBOX\APLICADA2-PIC\SOFTWARE\RELOGIO+EEPROM\RELOGIO+EEPROM.ASM 550 : Found opcode in column 1. (CALL)
Warning[203] C:\USERS\JUNIOR\DROPBOX\APLICADA2-PIC\SOFTWARE\RELOGIO+EEPROM\RELOGIO+EEPROM.ASM 551 : Found opcode in column 1. (MOVLW)
Warning[203] C:\USERS\JUNIOR\DROPBOX\APLICADA2-PIC\SOFTWARE\RELOGIO+EEPROM\RELOGIO+EEPROM.ASM 552 : Found opcode in column 1. (CALL)
Warning[203] C:\USERS\JUNIOR\DROPBOX\APLICADA2-PIC\SOFTWARE\RELOGIO+EEPROM\RELOGIO+EEPROM.ASM 553 : Found opcode in column 1. (MOVLW)
Warning[203] C:\USERS\JUNIOR\DROPBOX\APLICADA2-PIC\SOFTWARE\RELOGIO+EEPROM\RELOGIO+EEPROM.ASM 554 : Found opcode in column 1. (CALL)
Warning[203] C:\USERS\JUNIOR\DROPBOX\APLICADA2-PIC\SOFTWARE\RELOGIO+EEPROM\RELOGIO+EEPROM.ASM 555 : Found opcode in column 1. (MOVLW)
Warning[203] C:\USERS\JUNIOR\DROPBOX\APLICADA2-PIC\SOFTWARE\RELOGIO+EEPROM\RELOGIO+EEPROM.ASM 556 : Found opcode in column 1. (MOVWF)
Warning[203] C:\USERS\JUNIOR\DROPBOX\APLICADA2-PIC\SOFTWARE\RELOGIO+EEPROM\RELOGIO+EEPROM.ASM 557 : Found opcode in column 1. (MOVF)
Warning[203] C:\USERS\JUNIOR\DROPBOX\APLICADA2-PIC\SOFTWARE\RELOGIO+EEPROM\RELOGIO+EEPROM.ASM 558 : Found opcode in column 1. (MOVWF)
Warning[203] C:\USERS\JUNIOR\DROPBOX\APLICADA2-PIC\SOFTWARE\RELOGIO+EEPROM\RELOGIO+EEPROM.ASM 559 : Found opcode in column 1. (CALL)
Warning[203] C:\USERS\JUNIOR\DROPBOX\APLICADA2-PIC\SOFTWARE\RELOGIO+EEPROM\RELOGIO+EEPROM.ASM 560 : Found opcode in column 1. (MOVLW)
Warning[203] C:\USERS\JUNIOR\DROPBOX\APLICADA2-PIC\SOFTWARE\RELOGIO+EEPROM\RELOGIO+EEPROM.ASM 561 : Found opcode in column 1. (MOVWF)
Warning[203] C:\USERS\JUNIOR\DROPBOX\APLICADA2-PIC\SOFTWARE\RELOGIO+EEPROM\RELOGIO+EEPROM.ASM 562 : Found opcode in column 1. (MOVF)
Warning[203] C:\USERS\JUNIOR\DROPBOX\APLICADA2-PIC\SOFTWARE\RELOGIO+EEPROM\RELOGIO+EEPROM.ASM 563 : Found opcode in column 1. (MOVWF)
Warning[203] C:\USERS\JUNIOR\DROPBOX\APLICADA2-PIC\SOFTWARE\RELOGIO+EEPROM\RELOGIO+EEPROM.ASM 564 : Found opcode in column 1. (CALL)
Warning[203] C:\USERS\JUNIOR\DROPBOX\APLICADA2-PIC\SOFTWARE\RELOGIO+EEPROM\RELOGIO+EEPROM.ASM 565 : Found opcode in column 1. (MOVLW)
Warning[203] C:\USERS\JUNIOR\DROPBOX\APLICADA2-PIC\SOFTWARE\RELOGIO+EEPROM\RELOGIO+EEPROM.ASM 566 : Found opcode in column 1. (MOVWF)
Warning[203] C:\USERS\JUNIOR\DROPBOX\APLICADA2-PIC\SOFTWARE\RELOGIO+EEPROM\RELOGIO+EEPROM.ASM 567 : Found opcode in column 1. (MOVF)
Warning[203] C:\USERS\JUNIOR\DROPBOX\APLICADA2-PIC\SOFTWARE\RELOGIO+EEPROM\RELOGIO+EEPROM.ASM 568 : Found opcode in column 1. (MOVWF)
Warning[203] C:\USERS\JUNIOR\DROPBOX\APLICADA2-PIC\SOFTWARE\RELOGIO+EEPROM\RELOGIO+EEPROM.ASM 569 : Found opcode in column 1. (CALL)
Warning[203] C:\USERS\JUNIOR\DROPBOX\APLICADA2-PIC\SOFTWARE\RELOGIO+EEPROM\RELOGIO+EEPROM.ASM 570 : Found opcode in column 1. (MOVLW)
Warning[203] C:\USERS\JUNIOR\DROPBOX\APLICADA2-PIC\SOFTWARE\RELOGIO+EEPROM\RELOGIO+EEPROM.ASM 571 : Found opcode in column 1. (MOVWF)
Warning[203] C:\USERS\JUNIOR\DROPBOX\APLICADA2-PIC\SOFTWARE\RELOGIO+EEPROM\RELOGIO+EEPROM.ASM 572 : Found opcode in column 1. (MOVF)
Warning[203] C:\USERS\JUNIOR\DROPBOX\APLICADA2-PIC\SOFTWARE\RELOGIO+EEPROM\RELOGIO+EEPROM.ASM 573 : Found opcode in column 1. (MOVWF)
Warning[203] C:\USERS\JUNIOR\DROPBOX\APLICADA2-PIC\SOFTWARE\RELOGIO+EEPROM\RELOGIO+EEPROM.ASM 574 : Found opcode in column 1. (CALL)
Warning[203] C:\USERS\JUNIOR\DROPBOX\APLICADA2-PIC\SOFTWARE\RELOGIO+EEPROM\RELOGIO+EEPROM.ASM 575 : Found opcode in column 1. (MOVLW)
Warning[203] C:\USERS\JUNIOR\DROPBOX\APLICADA2-PIC\SOFTWARE\RELOGIO+EEPROM\RELOGIO+EEPROM.ASM 576 : Found opcode in column 1. (MOVWF)
Warning[203] C:\USERS\JUNIOR\DROPBOX\APLICADA2-PIC\SOFTWARE\RELOGIO+EEPROM\RELOGIO+EEPROM.ASM 577 : Found opcode in column 1. (MOVF)
Warning[203] C:\USERS\JUNIOR\DROPBOX\APLICADA2-PIC\SOFTWARE\RELOGIO+EEPROM\RELOGIO+EEPROM.ASM 578 : Found opcode in column 1. (MOVWF)
Warning[203] C:\USERS\JUNIOR\DROPBOX\APLICADA2-PIC\SOFTWARE\RELOGIO+EEPROM\RELOGIO+EEPROM.ASM 579 : Found opcode in column 1. (CALL)
Warning[203] C:\USERS\JUNIOR\DROPBOX\APLICADA2-PIC\SOFTWARE\RELOGIO+EEPROM\RELOGIO+EEPROM.ASM 580 : Found opcode in column 1. (MOVLW)
Warning[203] C:\USERS\JUNIOR\DROPBOX\APLICADA2-PIC\SOFTWARE\RELOGIO+EEPROM\RELOGIO+EEPROM.ASM 581 : Found opcode in column 1. (MOVWF)
Warning[203] C:\USERS\JUNIOR\DROPBOX\APLICADA2-PIC\SOFTWARE\RELOGIO+EEPROM\RELOGIO+EEPROM.ASM 582 : Found opcode in column 1. (MOVF)
Warning[203] C:\USERS\JUNIOR\DROPBOX\APLICADA2-PIC\SOFTWARE\RELOGIO+EEPROM\RELOGIO+EEPROM.ASM 583 : Found opcode in column 1. (MOVWF)
Warning[203] C:\USERS\JUNIOR\DROPBOX\APLICADA2-PIC\SOFTWARE\RELOGIO+EEPROM\RELOGIO+EEPROM.ASM 584 : Found opcode in column 1. (CALL)
Warning[205] C:\USERS\JUNIOR\DROPBOX\APLICADA2-PIC\SOFTWARE\RELOGIO+EEPROM\RELOGIO+EEPROM.ASM 610 : Found directive in column 1. (END)
