Warning[207] C:\USERS\JUNIOR\DROPBOX\APLICADA2-PIC\SOFTWARE\TEMPAUTOCONTROL\TEMPAUTOCONTROL.ASM 6 : Found label after column 1. (REG1)
Warning[207] C:\USERS\JUNIOR\DROPBOX\APLICADA2-PIC\SOFTWARE\TEMPAUTOCONTROL\TEMPAUTOCONTROL.ASM 7 : Found label after column 1. (REG2)
Warning[207] C:\USERS\JUNIOR\DROPBOX\APLICADA2-PIC\SOFTWARE\TEMPAUTOCONTROL\TEMPAUTOCONTROL.ASM 8 : Found label after column 1. (CONT)
Warning[207] C:\USERS\JUNIOR\DROPBOX\APLICADA2-PIC\SOFTWARE\TEMPAUTOCONTROL\TEMPAUTOCONTROL.ASM 9 : Found label after column 1. (CH0L)
Warning[207] C:\USERS\JUNIOR\DROPBOX\APLICADA2-PIC\SOFTWARE\TEMPAUTOCONTROL\TEMPAUTOCONTROL.ASM 10 : Found label after column 1. (CH0H)
Warning[207] C:\USERS\JUNIOR\DROPBOX\APLICADA2-PIC\SOFTWARE\TEMPAUTOCONTROL\TEMPAUTOCONTROL.ASM 11 : Found label after column 1. (VAR1)
Warning[207] C:\USERS\JUNIOR\DROPBOX\APLICADA2-PIC\SOFTWARE\TEMPAUTOCONTROL\TEMPAUTOCONTROL.ASM 12 : Found label after column 1. (VAR2)
Warning[207] C:\USERS\JUNIOR\DROPBOX\APLICADA2-PIC\SOFTWARE\TEMPAUTOCONTROL\TEMPAUTOCONTROL.ASM 13 : Found label after column 1. (UNI)
Warning[207] C:\USERS\JUNIOR\DROPBOX\APLICADA2-PIC\SOFTWARE\TEMPAUTOCONTROL\TEMPAUTOCONTROL.ASM 14 : Found label after column 1. (DEC)
Warning[207] C:\USERS\JUNIOR\DROPBOX\APLICADA2-PIC\SOFTWARE\TEMPAUTOCONTROL\TEMPAUTOCONTROL.ASM 15 : Found label after column 1. (CEN)
Warning[207] C:\USERS\JUNIOR\DROPBOX\APLICADA2-PIC\SOFTWARE\TEMPAUTOCONTROL\TEMPAUTOCONTROL.ASM 16 : Found label after column 1. (X)
Warning[207] C:\USERS\JUNIOR\DROPBOX\APLICADA2-PIC\SOFTWARE\TEMPAUTOCONTROL\TEMPAUTOCONTROL.ASM 17 : Found label after column 1. (CH)
Warning[207] C:\USERS\JUNIOR\DROPBOX\APLICADA2-PIC\SOFTWARE\TEMPAUTOCONTROL\TEMPAUTOCONTROL.ASM 18 : Found label after column 1. (TEMPERATURA)
Warning[207] C:\USERS\JUNIOR\DROPBOX\APLICADA2-PIC\SOFTWARE\TEMPAUTOCONTROL\TEMPAUTOCONTROL.ASM 19 : Found label after column 1. (POTENCIOMETRO)
Warning[207] C:\USERS\JUNIOR\DROPBOX\APLICADA2-PIC\SOFTWARE\TEMPAUTOCONTROL\TEMPAUTOCONTROL.ASM 20 : Found label after column 1. (LOOP3)
Warning[207] C:\USERS\JUNIOR\DROPBOX\APLICADA2-PIC\SOFTWARE\TEMPAUTOCONTROL\TEMPAUTOCONTROL.ASM 31 : Found label after column 1. (CONFIGURA)
Message[302] C:\USERS\JUNIOR\DROPBOX\APLICADA2-PIC\SOFTWARE\TEMPAUTOCONTROL\TEMPAUTOCONTROL.ASM 35 : Register in operand not in bank 0.  Ensure that bank bits are correct.
Message[302] C:\USERS\JUNIOR\DROPBOX\APLICADA2-PIC\SOFTWARE\TEMPAUTOCONTROL\TEMPAUTOCONTROL.ASM 37 : Register in operand not in bank 0.  Ensure that bank bits are correct.
Message[302] C:\USERS\JUNIOR\DROPBOX\APLICADA2-PIC\SOFTWARE\TEMPAUTOCONTROL\TEMPAUTOCONTROL.ASM 39 : Register in operand not in bank 0.  Ensure that bank bits are correct.
Message[302] C:\USERS\JUNIOR\DROPBOX\APLICADA2-PIC\SOFTWARE\TEMPAUTOCONTROL\TEMPAUTOCONTROL.ASM 41 : Register in operand not in bank 0.  Ensure that bank bits are correct.
Message[302] C:\USERS\JUNIOR\DROPBOX\APLICADA2-PIC\SOFTWARE\TEMPAUTOCONTROL\TEMPAUTOCONTROL.ASM 42 : Register in operand not in bank 0.  Ensure that bank bits are correct.
Message[302] C:\USERS\JUNIOR\DROPBOX\APLICADA2-PIC\SOFTWARE\TEMPAUTOCONTROL\TEMPAUTOCONTROL.ASM 44 : Register in operand not in bank 0.  Ensure that bank bits are correct.
Message[302] C:\USERS\JUNIOR\DROPBOX\APLICADA2-PIC\SOFTWARE\TEMPAUTOCONTROL\TEMPAUTOCONTROL.ASM 46 : Register in operand not in bank 0.  Ensure that bank bits are correct.
Warning[207] C:\USERS\JUNIOR\DROPBOX\APLICADA2-PIC\SOFTWARE\TEMPAUTOCONTROL\TEMPAUTOCONTROL.ASM 64 : Found label after column 1. (ATRASO_1MS)
Warning[207] C:\USERS\JUNIOR\DROPBOX\APLICADA2-PIC\SOFTWARE\TEMPAUTOCONTROL\TEMPAUTOCONTROL.ASM 67 : Found label after column 1. (VOLTA)
Warning[207] C:\USERS\JUNIOR\DROPBOX\APLICADA2-PIC\SOFTWARE\TEMPAUTOCONTROL\TEMPAUTOCONTROL.ASM 73 : Found label after column 1. (ATRASO_1S)
Warning[207] C:\USERS\JUNIOR\DROPBOX\APLICADA2-PIC\SOFTWARE\TEMPAUTOCONTROL\TEMPAUTOCONTROL.ASM 76 : Found label after column 1. (VOLT)
Warning[207] C:\USERS\JUNIOR\DROPBOX\APLICADA2-PIC\SOFTWARE\TEMPAUTOCONTROL\TEMPAUTOCONTROL.ASM 88 : Found label after column 1. (LER_ADC)
Message[302] C:\USERS\JUNIOR\DROPBOX\APLICADA2-PIC\SOFTWARE\TEMPAUTOCONTROL\TEMPAUTOCONTROL.ASM 93 : Register in operand not in bank 0.  Ensure that bank bits are correct.
Warning[207] C:\USERS\JUNIOR\DROPBOX\APLICADA2-PIC\SOFTWARE\TEMPAUTOCONTROL\TEMPAUTOCONTROL.ASM 101 : Found label after column 1. (CONVERSAO_BIT_DEC)
Warning[207] C:\USERS\JUNIOR\DROPBOX\APLICADA2-PIC\SOFTWARE\TEMPAUTOCONTROL\TEMPAUTOCONTROL.ASM 151 : Found label after column 1. (TESTA1)
Warning[207] C:\USERS\JUNIOR\DROPBOX\APLICADA2-PIC\SOFTWARE\TEMPAUTOCONTROL\TEMPAUTOCONTROL.ASM 173 : Found label after column 1. (TESTA_POT)
Warning[207] C:\USERS\JUNIOR\DROPBOX\APLICADA2-PIC\SOFTWARE\TEMPAUTOCONTROL\TEMPAUTOCONTROL.ASM 202 : Found label after column 1. (CHANGE_CHANNEL)
Warning[207] C:\USERS\JUNIOR\DROPBOX\APLICADA2-PIC\SOFTWARE\TEMPAUTOCONTROL\TEMPAUTOCONTROL.ASM 207 : Found label after column 1. (RETORNAR)
Warning[207] C:\USERS\JUNIOR\DROPBOX\APLICADA2-PIC\SOFTWARE\TEMPAUTOCONTROL\TEMPAUTOCONTROL.ASM 210 : Found label after column 1. (CHANNEL_0)
Warning[207] C:\USERS\JUNIOR\DROPBOX\APLICADA2-PIC\SOFTWARE\TEMPAUTOCONTROL\TEMPAUTOCONTROL.ASM 217 : Found label after column 1. (CHANNEL_1)
Warning[207] C:\USERS\JUNIOR\DROPBOX\APLICADA2-PIC\SOFTWARE\TEMPAUTOCONTROL\TEMPAUTOCONTROL.ASM 228 : Found label after column 1. (INICIA_LCD)
Warning[207] C:\USERS\JUNIOR\DROPBOX\APLICADA2-PIC\SOFTWARE\TEMPAUTOCONTROL\TEMPAUTOCONTROL.ASM 245 : Found label after column 1. (ESCREVE_DADO)
Warning[207] C:\USERS\JUNIOR\DROPBOX\APLICADA2-PIC\SOFTWARE\TEMPAUTOCONTROL\TEMPAUTOCONTROL.ASM 259 : Found label after column 1. (DECODER)
Warning[207] C:\USERS\JUNIOR\DROPBOX\APLICADA2-PIC\SOFTWARE\TEMPAUTOCONTROL\TEMPAUTOCONTROL.ASM 272 : Found label after column 1. (ESCREVE_COMANDO)
Warning[207] C:\USERS\JUNIOR\DROPBOX\APLICADA2-PIC\SOFTWARE\TEMPAUTOCONTROL\TEMPAUTOCONTROL.ASM 285 : Found label after column 1. (EXIBE_TEMP)
Warning[207] C:\USERS\JUNIOR\DROPBOX\APLICADA2-PIC\SOFTWARE\TEMPAUTOCONTROL\TEMPAUTOCONTROL.ASM 311 : Found label after column 1. (EXIBE_POT)
Warning[203] C:\USERS\JUNIOR\DROPBOX\APLICADA2-PIC\SOFTWARE\TEMPAUTOCONTROL\TEMPAUTOCONTROL.ASM 364 : Found opcode in column 1. (BTFSC)
Warning[203] C:\USERS\JUNIOR\DROPBOX\APLICADA2-PIC\SOFTWARE\TEMPAUTOCONTROL\TEMPAUTOCONTROL.ASM 365 : Found opcode in column 1. (GOTO)
Warning[203] C:\USERS\JUNIOR\DROPBOX\APLICADA2-PIC\SOFTWARE\TEMPAUTOCONTROL\TEMPAUTOCONTROL.ASM 369 : Found opcode in column 1. (MOVLW)
Warning[203] C:\USERS\JUNIOR\DROPBOX\APLICADA2-PIC\SOFTWARE\TEMPAUTOCONTROL\TEMPAUTOCONTROL.ASM 370 : Found opcode in column 1. (MOVWF)
Warning[203] C:\USERS\JUNIOR\DROPBOX\APLICADA2-PIC\SOFTWARE\TEMPAUTOCONTROL\TEMPAUTOCONTROL.ASM 371 : Found opcode in column 1. (MOVLW)
Warning[203] C:\USERS\JUNIOR\DROPBOX\APLICADA2-PIC\SOFTWARE\TEMPAUTOCONTROL\TEMPAUTOCONTROL.ASM 372 : Found opcode in column 1. (MOVWF)
Warning[203] C:\USERS\JUNIOR\DROPBOX\APLICADA2-PIC\SOFTWARE\TEMPAUTOCONTROL\TEMPAUTOCONTROL.ASM 374 : Found opcode in column 1. (RETURN)
Warning[203] C:\USERS\JUNIOR\DROPBOX\APLICADA2-PIC\SOFTWARE\TEMPAUTOCONTROL\TEMPAUTOCONTROL.ASM 402 : Found opcode in column 1. (RETURN)
Message[305] C:\USERS\JUNIOR\DROPBOX\APLICADA2-PIC\SOFTWARE\TEMPAUTOCONTROL\TEMPAUTOCONTROL.ASM 405 : Using default destination of 1 (file).
Warning[203] C:\USERS\JUNIOR\DROPBOX\APLICADA2-PIC\SOFTWARE\TEMPAUTOCONTROL\TEMPAUTOCONTROL.ASM 407 : Found opcode in column 1. (RETURN)
Warning[207] C:\USERS\JUNIOR\DROPBOX\APLICADA2-PIC\SOFTWARE\TEMPAUTOCONTROL\TEMPAUTOCONTROL.ASM 417 : Found label after column 1. (ATUALIZA_PWM1)
Warning[207] C:\USERS\JUNIOR\DROPBOX\APLICADA2-PIC\SOFTWARE\TEMPAUTOCONTROL\TEMPAUTOCONTROL.ASM 469 : Found label after column 1. (HABILITA_PWM)
Message[302] C:\USERS\JUNIOR\DROPBOX\APLICADA2-PIC\SOFTWARE\TEMPAUTOCONTROL\TEMPAUTOCONTROL.ASM 478 : Register in operand not in bank 0.  Ensure that bank bits are correct.
Warning[207] C:\USERS\JUNIOR\DROPBOX\APLICADA2-PIC\SOFTWARE\TEMPAUTOCONTROL\TEMPAUTOCONTROL.ASM 498 : Found label after column 1. (INICIO)
Warning[207] C:\USERS\JUNIOR\DROPBOX\APLICADA2-PIC\SOFTWARE\TEMPAUTOCONTROL\TEMPAUTOCONTROL.ASM 503 : Found label after column 1. (LOOP)
Warning[203] C:\USERS\JUNIOR\DROPBOX\APLICADA2-PIC\SOFTWARE\TEMPAUTOCONTROL\TEMPAUTOCONTROL.ASM 520 : Found opcode in column 1. (CALL)
Warning[203] C:\USERS\JUNIOR\DROPBOX\APLICADA2-PIC\SOFTWARE\TEMPAUTOCONTROL\TEMPAUTOCONTROL.ASM 521 : Found opcode in column 1. (CALL)
Warning[203] C:\USERS\JUNIOR\DROPBOX\APLICADA2-PIC\SOFTWARE\TEMPAUTOCONTROL\TEMPAUTOCONTROL.ASM 522 : Found opcode in column 1. (GOTO)
Warning[203] C:\USERS\JUNIOR\DROPBOX\APLICADA2-PIC\SOFTWARE\TEMPAUTOCONTROL\TEMPAUTOCONTROL.ASM 525 : Found opcode in column 1. (CALL)
Warning[203] C:\USERS\JUNIOR\DROPBOX\APLICADA2-PIC\SOFTWARE\TEMPAUTOCONTROL\TEMPAUTOCONTROL.ASM 526 : Found opcode in column 1. (CALL)
Warning[203] C:\USERS\JUNIOR\DROPBOX\APLICADA2-PIC\SOFTWARE\TEMPAUTOCONTROL\TEMPAUTOCONTROL.ASM 527 : Found opcode in column 1. (GOTO)
Warning[205] C:\USERS\JUNIOR\DROPBOX\APLICADA2-PIC\SOFTWARE\TEMPAUTOCONTROL\TEMPAUTOCONTROL.ASM 529 : Found directive in column 1. (END)
