Warning[205] C:\USERS\JUNIOR\DROPBOX\APLICADA2-PIC\SOFTWARE\RELOGIOTIMER0BOTAO\RELOGIOTIMER0BOTAO.ASM 3 : Found directive in column 1. (__CONFIG)
Warning[205] C:\USERS\JUNIOR\DROPBOX\APLICADA2-PIC\SOFTWARE\RELOGIOTIMER0BOTAO\RELOGIOTIMER0BOTAO.ASM 8 : Found directive in column 1. (CBLOCK)
Warning[205] C:\USERS\JUNIOR\DROPBOX\APLICADA2-PIC\SOFTWARE\RELOGIOTIMER0BOTAO\RELOGIOTIMER0BOTAO.ASM 22 : Found directive in column 1. (ENDC)
Warning[205] C:\USERS\JUNIOR\DROPBOX\APLICADA2-PIC\SOFTWARE\RELOGIOTIMER0BOTAO\RELOGIOTIMER0BOTAO.ASM 24 : Found directive in column 1. (ORG)
Warning[203] C:\USERS\JUNIOR\DROPBOX\APLICADA2-PIC\SOFTWARE\RELOGIOTIMER0BOTAO\RELOGIOTIMER0BOTAO.ASM 25 : Found opcode in column 1. (GOTO)
Warning[205] C:\USERS\JUNIOR\DROPBOX\APLICADA2-PIC\SOFTWARE\RELOGIOTIMER0BOTAO\RELOGIOTIMER0BOTAO.ASM 27 : Found directive in column 1. (ORG)
Warning[203] C:\USERS\JUNIOR\DROPBOX\APLICADA2-PIC\SOFTWARE\RELOGIOTIMER0BOTAO\RELOGIOTIMER0BOTAO.ASM 28 : Found opcode in column 1. (MOVWF)
Warning[203] C:\USERS\JUNIOR\DROPBOX\APLICADA2-PIC\SOFTWARE\RELOGIOTIMER0BOTAO\RELOGIOTIMER0BOTAO.ASM 29 : Found opcode in column 1. (SWAPF)
Warning[203] C:\USERS\JUNIOR\DROPBOX\APLICADA2-PIC\SOFTWARE\RELOGIOTIMER0BOTAO\RELOGIOTIMER0BOTAO.ASM 30 : Found opcode in column 1. (MOVWF)
Warning[203] C:\USERS\JUNIOR\DROPBOX\APLICADA2-PIC\SOFTWARE\RELOGIOTIMER0BOTAO\RELOGIOTIMER0BOTAO.ASM 31 : Found opcode in column 1. (MOVLW)
Warning[203] C:\USERS\JUNIOR\DROPBOX\APLICADA2-PIC\SOFTWARE\RELOGIOTIMER0BOTAO\RELOGIOTIMER0BOTAO.ASM 32 : Found opcode in column 1. (MOVWF)
Warning[203] C:\USERS\JUNIOR\DROPBOX\APLICADA2-PIC\SOFTWARE\RELOGIOTIMER0BOTAO\RELOGIOTIMER0BOTAO.ASM 34 : Found opcode in column 1. (INCF)
Warning[203] C:\USERS\JUNIOR\DROPBOX\APLICADA2-PIC\SOFTWARE\RELOGIOTIMER0BOTAO\RELOGIOTIMER0BOTAO.ASM 35 : Found opcode in column 1. (MOVLW)
Warning[203] C:\USERS\JUNIOR\DROPBOX\APLICADA2-PIC\SOFTWARE\RELOGIOTIMER0BOTAO\RELOGIOTIMER0BOTAO.ASM 36 : Found opcode in column 1. (SUBWF)
Warning[203] C:\USERS\JUNIOR\DROPBOX\APLICADA2-PIC\SOFTWARE\RELOGIOTIMER0BOTAO\RELOGIOTIMER0BOTAO.ASM 37 : Found opcode in column 1. (BTFSS)
Warning[203] C:\USERS\JUNIOR\DROPBOX\APLICADA2-PIC\SOFTWARE\RELOGIOTIMER0BOTAO\RELOGIOTIMER0BOTAO.ASM 38 : Found opcode in column 1. (GOTO)
Warning[203] C:\USERS\JUNIOR\DROPBOX\APLICADA2-PIC\SOFTWARE\RELOGIOTIMER0BOTAO\RELOGIOTIMER0BOTAO.ASM 39 : Found opcode in column 1. (CLRF)
Warning[203] C:\USERS\JUNIOR\DROPBOX\APLICADA2-PIC\SOFTWARE\RELOGIOTIMER0BOTAO\RELOGIOTIMER0BOTAO.ASM 41 : Found opcode in column 1. (INCF)
Warning[203] C:\USERS\JUNIOR\DROPBOX\APLICADA2-PIC\SOFTWARE\RELOGIOTIMER0BOTAO\RELOGIOTIMER0BOTAO.ASM 42 : Found opcode in column 1. (MOVLW)
Warning[203] C:\USERS\JUNIOR\DROPBOX\APLICADA2-PIC\SOFTWARE\RELOGIOTIMER0BOTAO\RELOGIOTIMER0BOTAO.ASM 43 : Found opcode in column 1. (SUBWF)
Warning[203] C:\USERS\JUNIOR\DROPBOX\APLICADA2-PIC\SOFTWARE\RELOGIOTIMER0BOTAO\RELOGIOTIMER0BOTAO.ASM 44 : Found opcode in column 1. (BTFSS)
Warning[203] C:\USERS\JUNIOR\DROPBOX\APLICADA2-PIC\SOFTWARE\RELOGIOTIMER0BOTAO\RELOGIOTIMER0BOTAO.ASM 45 : Found opcode in column 1. (GOTO)
Warning[203] C:\USERS\JUNIOR\DROPBOX\APLICADA2-PIC\SOFTWARE\RELOGIOTIMER0BOTAO\RELOGIOTIMER0BOTAO.ASM 46 : Found opcode in column 1. (CLRF)
Warning[203] C:\USERS\JUNIOR\DROPBOX\APLICADA2-PIC\SOFTWARE\RELOGIOTIMER0BOTAO\RELOGIOTIMER0BOTAO.ASM 47 : Found opcode in column 1. (CALL)
Warning[203] C:\USERS\JUNIOR\DROPBOX\APLICADA2-PIC\SOFTWARE\RELOGIOTIMER0BOTAO\RELOGIOTIMER0BOTAO.ASM 49 : Found opcode in column 1. (INCF)
Warning[203] C:\USERS\JUNIOR\DROPBOX\APLICADA2-PIC\SOFTWARE\RELOGIOTIMER0BOTAO\RELOGIOTIMER0BOTAO.ASM 50 : Found opcode in column 1. (MOVLW)
Warning[203] C:\USERS\JUNIOR\DROPBOX\APLICADA2-PIC\SOFTWARE\RELOGIOTIMER0BOTAO\RELOGIOTIMER0BOTAO.ASM 51 : Found opcode in column 1. (SUBWF)
Warning[203] C:\USERS\JUNIOR\DROPBOX\APLICADA2-PIC\SOFTWARE\RELOGIOTIMER0BOTAO\RELOGIOTIMER0BOTAO.ASM 52 : Found opcode in column 1. (BTFSS)
Warning[203] C:\USERS\JUNIOR\DROPBOX\APLICADA2-PIC\SOFTWARE\RELOGIOTIMER0BOTAO\RELOGIOTIMER0BOTAO.ASM 53 : Found opcode in column 1. (GOTO)
Warning[203] C:\USERS\JUNIOR\DROPBOX\APLICADA2-PIC\SOFTWARE\RELOGIOTIMER0BOTAO\RELOGIOTIMER0BOTAO.ASM 54 : Found opcode in column 1. (CLRF)
Warning[203] C:\USERS\JUNIOR\DROPBOX\APLICADA2-PIC\SOFTWARE\RELOGIOTIMER0BOTAO\RELOGIOTIMER0BOTAO.ASM 55 : Found opcode in column 1. (CALL)
Warning[203] C:\USERS\JUNIOR\DROPBOX\APLICADA2-PIC\SOFTWARE\RELOGIOTIMER0BOTAO\RELOGIOTIMER0BOTAO.ASM 57 : Found opcode in column 1. (INCF)
Warning[203] C:\USERS\JUNIOR\DROPBOX\APLICADA2-PIC\SOFTWARE\RELOGIOTIMER0BOTAO\RELOGIOTIMER0BOTAO.ASM 58 : Found opcode in column 1. (MOVLW)
Warning[203] C:\USERS\JUNIOR\DROPBOX\APLICADA2-PIC\SOFTWARE\RELOGIOTIMER0BOTAO\RELOGIOTIMER0BOTAO.ASM 59 : Found opcode in column 1. (SUBWF)
Warning[203] C:\USERS\JUNIOR\DROPBOX\APLICADA2-PIC\SOFTWARE\RELOGIOTIMER0BOTAO\RELOGIOTIMER0BOTAO.ASM 60 : Found opcode in column 1. (BTFSS)
Warning[203] C:\USERS\JUNIOR\DROPBOX\APLICADA2-PIC\SOFTWARE\RELOGIOTIMER0BOTAO\RELOGIOTIMER0BOTAO.ASM 61 : Found opcode in column 1. (GOTO)
Warning[203] C:\USERS\JUNIOR\DROPBOX\APLICADA2-PIC\SOFTWARE\RELOGIOTIMER0BOTAO\RELOGIOTIMER0BOTAO.ASM 62 : Found opcode in column 1. (CLRF)
Warning[203] C:\USERS\JUNIOR\DROPBOX\APLICADA2-PIC\SOFTWARE\RELOGIOTIMER0BOTAO\RELOGIOTIMER0BOTAO.ASM 63 : Found opcode in column 1. (CALL)
Warning[203] C:\USERS\JUNIOR\DROPBOX\APLICADA2-PIC\SOFTWARE\RELOGIOTIMER0BOTAO\RELOGIOTIMER0BOTAO.ASM 65 : Found opcode in column 1. (INCF)
Warning[203] C:\USERS\JUNIOR\DROPBOX\APLICADA2-PIC\SOFTWARE\RELOGIOTIMER0BOTAO\RELOGIOTIMER0BOTAO.ASM 66 : Found opcode in column 1. (MOVLW)
Warning[203] C:\USERS\JUNIOR\DROPBOX\APLICADA2-PIC\SOFTWARE\RELOGIOTIMER0BOTAO\RELOGIOTIMER0BOTAO.ASM 67 : Found opcode in column 1. (SUBWF)
Warning[203] C:\USERS\JUNIOR\DROPBOX\APLICADA2-PIC\SOFTWARE\RELOGIOTIMER0BOTAO\RELOGIOTIMER0BOTAO.ASM 68 : Found opcode in column 1. (BTFSS)
Warning[203] C:\USERS\JUNIOR\DROPBOX\APLICADA2-PIC\SOFTWARE\RELOGIOTIMER0BOTAO\RELOGIOTIMER0BOTAO.ASM 69 : Found opcode in column 1. (GOTO)
Warning[203] C:\USERS\JUNIOR\DROPBOX\APLICADA2-PIC\SOFTWARE\RELOGIOTIMER0BOTAO\RELOGIOTIMER0BOTAO.ASM 70 : Found opcode in column 1. (CLRF)
Warning[203] C:\USERS\JUNIOR\DROPBOX\APLICADA2-PIC\SOFTWARE\RELOGIOTIMER0BOTAO\RELOGIOTIMER0BOTAO.ASM 71 : Found opcode in column 1. (CALL)
Warning[203] C:\USERS\JUNIOR\DROPBOX\APLICADA2-PIC\SOFTWARE\RELOGIOTIMER0BOTAO\RELOGIOTIMER0BOTAO.ASM 74 : Found opcode in column 1. (MOVLW)
Warning[203] C:\USERS\JUNIOR\DROPBOX\APLICADA2-PIC\SOFTWARE\RELOGIOTIMER0BOTAO\RELOGIOTIMER0BOTAO.ASM 75 : Found opcode in column 1. (SUBWF)
Warning[203] C:\USERS\JUNIOR\DROPBOX\APLICADA2-PIC\SOFTWARE\RELOGIOTIMER0BOTAO\RELOGIOTIMER0BOTAO.ASM 76 : Found opcode in column 1. (BTFSC)
Warning[203] C:\USERS\JUNIOR\DROPBOX\APLICADA2-PIC\SOFTWARE\RELOGIOTIMER0BOTAO\RELOGIOTIMER0BOTAO.ASM 77 : Found opcode in column 1. (GOTO)
Warning[203] C:\USERS\JUNIOR\DROPBOX\APLICADA2-PIC\SOFTWARE\RELOGIOTIMER0BOTAO\RELOGIOTIMER0BOTAO.ASM 78 : Found opcode in column 1. (INCF)
Warning[203] C:\USERS\JUNIOR\DROPBOX\APLICADA2-PIC\SOFTWARE\RELOGIOTIMER0BOTAO\RELOGIOTIMER0BOTAO.ASM 79 : Found opcode in column 1. (MOVLW)
Warning[203] C:\USERS\JUNIOR\DROPBOX\APLICADA2-PIC\SOFTWARE\RELOGIOTIMER0BOTAO\RELOGIOTIMER0BOTAO.ASM 80 : Found opcode in column 1. (SUBWF)
Warning[203] C:\USERS\JUNIOR\DROPBOX\APLICADA2-PIC\SOFTWARE\RELOGIOTIMER0BOTAO\RELOGIOTIMER0BOTAO.ASM 81 : Found opcode in column 1. (BTFSS)
Warning[203] C:\USERS\JUNIOR\DROPBOX\APLICADA2-PIC\SOFTWARE\RELOGIOTIMER0BOTAO\RELOGIOTIMER0BOTAO.ASM 82 : Found opcode in column 1. (GOTO)
Warning[203] C:\USERS\JUNIOR\DROPBOX\APLICADA2-PIC\SOFTWARE\RELOGIOTIMER0BOTAO\RELOGIOTIMER0BOTAO.ASM 83 : Found opcode in column 1. (CLRF)
Warning[203] C:\USERS\JUNIOR\DROPBOX\APLICADA2-PIC\SOFTWARE\RELOGIOTIMER0BOTAO\RELOGIOTIMER0BOTAO.ASM 84 : Found opcode in column 1. (CALL)
Warning[203] C:\USERS\JUNIOR\DROPBOX\APLICADA2-PIC\SOFTWARE\RELOGIOTIMER0BOTAO\RELOGIOTIMER0BOTAO.ASM 86 : Found opcode in column 1. (INCF)
Warning[203] C:\USERS\JUNIOR\DROPBOX\APLICADA2-PIC\SOFTWARE\RELOGIOTIMER0BOTAO\RELOGIOTIMER0BOTAO.ASM 87 : Found opcode in column 1. (CALL)
Warning[203] C:\USERS\JUNIOR\DROPBOX\APLICADA2-PIC\SOFTWARE\RELOGIOTIMER0BOTAO\RELOGIOTIMER0BOTAO.ASM 88 : Found opcode in column 1. (GOTO)
Warning[203] C:\USERS\JUNIOR\DROPBOX\APLICADA2-PIC\SOFTWARE\RELOGIOTIMER0BOTAO\RELOGIOTIMER0BOTAO.ASM 118 : Found opcode in column 1. (SWAPF)
Warning[203] C:\USERS\JUNIOR\DROPBOX\APLICADA2-PIC\SOFTWARE\RELOGIOTIMER0BOTAO\RELOGIOTIMER0BOTAO.ASM 119 : Found opcode in column 1. (MOVWF)
Warning[203] C:\USERS\JUNIOR\DROPBOX\APLICADA2-PIC\SOFTWARE\RELOGIOTIMER0BOTAO\RELOGIOTIMER0BOTAO.ASM 120 : Found opcode in column 1. (SWAPF)
Warning[203] C:\USERS\JUNIOR\DROPBOX\APLICADA2-PIC\SOFTWARE\RELOGIOTIMER0BOTAO\RELOGIOTIMER0BOTAO.ASM 121 : Found opcode in column 1. (SWAPF)
Warning[203] C:\USERS\JUNIOR\DROPBOX\APLICADA2-PIC\SOFTWARE\RELOGIOTIMER0BOTAO\RELOGIOTIMER0BOTAO.ASM 124 : Found opcode in column 1. (BCF)
Warning[203] C:\USERS\JUNIOR\DROPBOX\APLICADA2-PIC\SOFTWARE\RELOGIOTIMER0BOTAO\RELOGIOTIMER0BOTAO.ASM 125 : Found opcode in column 1. (RETFIE)
Warning[203] C:\USERS\JUNIOR\DROPBOX\APLICADA2-PIC\SOFTWARE\RELOGIOTIMER0BOTAO\RELOGIOTIMER0BOTAO.ASM 133 : Found opcode in column 1. (BSF)
Warning[203] C:\USERS\JUNIOR\DROPBOX\APLICADA2-PIC\SOFTWARE\RELOGIOTIMER0BOTAO\RELOGIOTIMER0BOTAO.ASM 134 : Found opcode in column 1. (BCF)
Warning[203] C:\USERS\JUNIOR\DROPBOX\APLICADA2-PIC\SOFTWARE\RELOGIOTIMER0BOTAO\RELOGIOTIMER0BOTAO.ASM 135 : Found opcode in column 1. (MOVLW)
Warning[203] C:\USERS\JUNIOR\DROPBOX\APLICADA2-PIC\SOFTWARE\RELOGIOTIMER0BOTAO\RELOGIOTIMER0BOTAO.ASM 136 : Found opcode in column 1. (MOVWF)
Message[302] C:\USERS\JUNIOR\DROPBOX\APLICADA2-PIC\SOFTWARE\RELOGIOTIMER0BOTAO\RELOGIOTIMER0BOTAO.ASM 136 : Register in operand not in bank 0.  Ensure that bank bits are correct.
Warning[203] C:\USERS\JUNIOR\DROPBOX\APLICADA2-PIC\SOFTWARE\RELOGIOTIMER0BOTAO\RELOGIOTIMER0BOTAO.ASM 137 : Found opcode in column 1. (MOVLW)
Warning[203] C:\USERS\JUNIOR\DROPBOX\APLICADA2-PIC\SOFTWARE\RELOGIOTIMER0BOTAO\RELOGIOTIMER0BOTAO.ASM 138 : Found opcode in column 1. (MOVWF)
Message[302] C:\USERS\JUNIOR\DROPBOX\APLICADA2-PIC\SOFTWARE\RELOGIOTIMER0BOTAO\RELOGIOTIMER0BOTAO.ASM 138 : Register in operand not in bank 0.  Ensure that bank bits are correct.
Warning[203] C:\USERS\JUNIOR\DROPBOX\APLICADA2-PIC\SOFTWARE\RELOGIOTIMER0BOTAO\RELOGIOTIMER0BOTAO.ASM 139 : Found opcode in column 1. (MOVLW)
Warning[203] C:\USERS\JUNIOR\DROPBOX\APLICADA2-PIC\SOFTWARE\RELOGIOTIMER0BOTAO\RELOGIOTIMER0BOTAO.ASM 140 : Found opcode in column 1. (MOVWF)
Message[302] C:\USERS\JUNIOR\DROPBOX\APLICADA2-PIC\SOFTWARE\RELOGIOTIMER0BOTAO\RELOGIOTIMER0BOTAO.ASM 140 : Register in operand not in bank 0.  Ensure that bank bits are correct.
Warning[203] C:\USERS\JUNIOR\DROPBOX\APLICADA2-PIC\SOFTWARE\RELOGIOTIMER0BOTAO\RELOGIOTIMER0BOTAO.ASM 141 : Found opcode in column 1. (MOVLW)
Warning[203] C:\USERS\JUNIOR\DROPBOX\APLICADA2-PIC\SOFTWARE\RELOGIOTIMER0BOTAO\RELOGIOTIMER0BOTAO.ASM 142 : Found opcode in column 1. (MOVWF)
Message[302] C:\USERS\JUNIOR\DROPBOX\APLICADA2-PIC\SOFTWARE\RELOGIOTIMER0BOTAO\RELOGIOTIMER0BOTAO.ASM 142 : Register in operand not in bank 0.  Ensure that bank bits are correct.
Warning[203] C:\USERS\JUNIOR\DROPBOX\APLICADA2-PIC\SOFTWARE\RELOGIOTIMER0BOTAO\RELOGIOTIMER0BOTAO.ASM 143 : Found opcode in column 1. (MOVWF)
Message[302] C:\USERS\JUNIOR\DROPBOX\APLICADA2-PIC\SOFTWARE\RELOGIOTIMER0BOTAO\RELOGIOTIMER0BOTAO.ASM 143 : Register in operand not in bank 0.  Ensure that bank bits are correct.
Warning[203] C:\USERS\JUNIOR\DROPBOX\APLICADA2-PIC\SOFTWARE\RELOGIOTIMER0BOTAO\RELOGIOTIMER0BOTAO.ASM 144 : Found opcode in column 1. (MOVLW)
Warning[203] C:\USERS\JUNIOR\DROPBOX\APLICADA2-PIC\SOFTWARE\RELOGIOTIMER0BOTAO\RELOGIOTIMER0BOTAO.ASM 145 : Found opcode in column 1. (MOVWF)
Message[302] C:\USERS\JUNIOR\DROPBOX\APLICADA2-PIC\SOFTWARE\RELOGIOTIMER0BOTAO\RELOGIOTIMER0BOTAO.ASM 145 : Register in operand not in bank 0.  Ensure that bank bits are correct.
Warning[203] C:\USERS\JUNIOR\DROPBOX\APLICADA2-PIC\SOFTWARE\RELOGIOTIMER0BOTAO\RELOGIOTIMER0BOTAO.ASM 146 : Found opcode in column 1. (MOVLW)
Warning[203] C:\USERS\JUNIOR\DROPBOX\APLICADA2-PIC\SOFTWARE\RELOGIOTIMER0BOTAO\RELOGIOTIMER0BOTAO.ASM 147 : Found opcode in column 1. (MOVWF)
Message[302] C:\USERS\JUNIOR\DROPBOX\APLICADA2-PIC\SOFTWARE\RELOGIOTIMER0BOTAO\RELOGIOTIMER0BOTAO.ASM 147 : Register in operand not in bank 0.  Ensure that bank bits are correct.
Warning[203] C:\USERS\JUNIOR\DROPBOX\APLICADA2-PIC\SOFTWARE\RELOGIOTIMER0BOTAO\RELOGIOTIMER0BOTAO.ASM 148 : Found opcode in column 1. (MOVWF)
Message[302] C:\USERS\JUNIOR\DROPBOX\APLICADA2-PIC\SOFTWARE\RELOGIOTIMER0BOTAO\RELOGIOTIMER0BOTAO.ASM 148 : Register in operand not in bank 0.  Ensure that bank bits are correct.
Warning[203] C:\USERS\JUNIOR\DROPBOX\APLICADA2-PIC\SOFTWARE\RELOGIOTIMER0BOTAO\RELOGIOTIMER0BOTAO.ASM 149 : Found opcode in column 1. (MOVLW)
Warning[203] C:\USERS\JUNIOR\DROPBOX\APLICADA2-PIC\SOFTWARE\RELOGIOTIMER0BOTAO\RELOGIOTIMER0BOTAO.ASM 150 : Found opcode in column 1. (MOVWF)
Warning[203] C:\USERS\JUNIOR\DROPBOX\APLICADA2-PIC\SOFTWARE\RELOGIOTIMER0BOTAO\RELOGIOTIMER0BOTAO.ASM 151 : Found opcode in column 1. (BCF)
Warning[203] C:\USERS\JUNIOR\DROPBOX\APLICADA2-PIC\SOFTWARE\RELOGIOTIMER0BOTAO\RELOGIOTIMER0BOTAO.ASM 152 : Found opcode in column 1. (MOVLW)
Warning[203] C:\USERS\JUNIOR\DROPBOX\APLICADA2-PIC\SOFTWARE\RELOGIOTIMER0BOTAO\RELOGIOTIMER0BOTAO.ASM 153 : Found opcode in column 1. (MOVWF)
Warning[203] C:\USERS\JUNIOR\DROPBOX\APLICADA2-PIC\SOFTWARE\RELOGIOTIMER0BOTAO\RELOGIOTIMER0BOTAO.ASM 154 : Found opcode in column 1. (RETURN)
Warning[207] C:\USERS\JUNIOR\DROPBOX\APLICADA2-PIC\SOFTWARE\RELOGIOTIMER0BOTAO\RELOGIOTIMER0BOTAO.ASM 158 : Found label after column 1. (ATRASO_1MS)
Warning[207] C:\USERS\JUNIOR\DROPBOX\APLICADA2-PIC\SOFTWARE\RELOGIOTIMER0BOTAO\RELOGIOTIMER0BOTAO.ASM 161 : Found label after column 1. (VOLTA1)
Warning[207] C:\USERS\JUNIOR\DROPBOX\APLICADA2-PIC\SOFTWARE\RELOGIOTIMER0BOTAO\RELOGIOTIMER0BOTAO.ASM 167 : Found label after column 1. (ATRASO_1S)
Warning[207] C:\USERS\JUNIOR\DROPBOX\APLICADA2-PIC\SOFTWARE\RELOGIOTIMER0BOTAO\RELOGIOTIMER0BOTAO.ASM 170 : Found label after column 1. (VOLT)
Warning[203] C:\USERS\JUNIOR\DROPBOX\APLICADA2-PIC\SOFTWARE\RELOGIOTIMER0BOTAO\RELOGIOTIMER0BOTAO.ASM 178 : Found opcode in column 1. (MOVLW)
Warning[203] C:\USERS\JUNIOR\DROPBOX\APLICADA2-PIC\SOFTWARE\RELOGIOTIMER0BOTAO\RELOGIOTIMER0BOTAO.ASM 179 : Found opcode in column 1. (MOVWF)
Warning[203] C:\USERS\JUNIOR\DROPBOX\APLICADA2-PIC\SOFTWARE\RELOGIOTIMER0BOTAO\RELOGIOTIMER0BOTAO.ASM 181 : Found opcode in column 1. (MOVLW)
Warning[203] C:\USERS\JUNIOR\DROPBOX\APLICADA2-PIC\SOFTWARE\RELOGIOTIMER0BOTAO\RELOGIOTIMER0BOTAO.ASM 182 : Found opcode in column 1. (MOVWF)
Warning[203] C:\USERS\JUNIOR\DROPBOX\APLICADA2-PIC\SOFTWARE\RELOGIOTIMER0BOTAO\RELOGIOTIMER0BOTAO.ASM 184 : Found opcode in column 1. (DECF)
Warning[203] C:\USERS\JUNIOR\DROPBOX\APLICADA2-PIC\SOFTWARE\RELOGIOTIMER0BOTAO\RELOGIOTIMER0BOTAO.ASM 185 : Found opcode in column 1. (BTFSS)
Warning[203] C:\USERS\JUNIOR\DROPBOX\APLICADA2-PIC\SOFTWARE\RELOGIOTIMER0BOTAO\RELOGIOTIMER0BOTAO.ASM 186 : Found opcode in column 1. (GOTO)
Warning[203] C:\USERS\JUNIOR\DROPBOX\APLICADA2-PIC\SOFTWARE\RELOGIOTIMER0BOTAO\RELOGIOTIMER0BOTAO.ASM 187 : Found opcode in column 1. (DECF)
Warning[203] C:\USERS\JUNIOR\DROPBOX\APLICADA2-PIC\SOFTWARE\RELOGIOTIMER0BOTAO\RELOGIOTIMER0BOTAO.ASM 188 : Found opcode in column 1. (BTFSS)
Warning[203] C:\USERS\JUNIOR\DROPBOX\APLICADA2-PIC\SOFTWARE\RELOGIOTIMER0BOTAO\RELOGIOTIMER0BOTAO.ASM 189 : Found opcode in column 1. (GOTO)
Warning[203] C:\USERS\JUNIOR\DROPBOX\APLICADA2-PIC\SOFTWARE\RELOGIOTIMER0BOTAO\RELOGIOTIMER0BOTAO.ASM 190 : Found opcode in column 1. (RETURN)
Warning[207] C:\USERS\JUNIOR\DROPBOX\APLICADA2-PIC\SOFTWARE\RELOGIOTIMER0BOTAO\RELOGIOTIMER0BOTAO.ASM 195 : Found label after column 1. (INICIA_LCD)
Warning[207] C:\USERS\JUNIOR\DROPBOX\APLICADA2-PIC\SOFTWARE\RELOGIOTIMER0BOTAO\RELOGIOTIMER0BOTAO.ASM 212 : Found label after column 1. (ESCREVE_DADO)
Warning[207] C:\USERS\JUNIOR\DROPBOX\APLICADA2-PIC\SOFTWARE\RELOGIOTIMER0BOTAO\RELOGIOTIMER0BOTAO.ASM 225 : Found label after column 1. (DECODER)
Warning[207] C:\USERS\JUNIOR\DROPBOX\APLICADA2-PIC\SOFTWARE\RELOGIOTIMER0BOTAO\RELOGIOTIMER0BOTAO.ASM 238 : Found label after column 1. (ESCREVE_COMANDO)
Warning[203] C:\USERS\JUNIOR\DROPBOX\APLICADA2-PIC\SOFTWARE\RELOGIOTIMER0BOTAO\RELOGIOTIMER0BOTAO.ASM 254 : Found opcode in column 1. (MOVLW)
Warning[203] C:\USERS\JUNIOR\DROPBOX\APLICADA2-PIC\SOFTWARE\RELOGIOTIMER0BOTAO\RELOGIOTIMER0BOTAO.ASM 255 : Found opcode in column 1. (CALL)
Warning[203] C:\USERS\JUNIOR\DROPBOX\APLICADA2-PIC\SOFTWARE\RELOGIOTIMER0BOTAO\RELOGIOTIMER0BOTAO.ASM 256 : Found opcode in column 1. (MOVF)
Warning[203] C:\USERS\JUNIOR\DROPBOX\APLICADA2-PIC\SOFTWARE\RELOGIOTIMER0BOTAO\RELOGIOTIMER0BOTAO.ASM 257 : Found opcode in column 1. (CALL)
Warning[203] C:\USERS\JUNIOR\DROPBOX\APLICADA2-PIC\SOFTWARE\RELOGIOTIMER0BOTAO\RELOGIOTIMER0BOTAO.ASM 258 : Found opcode in column 1. (CALL)
Warning[203] C:\USERS\JUNIOR\DROPBOX\APLICADA2-PIC\SOFTWARE\RELOGIOTIMER0BOTAO\RELOGIOTIMER0BOTAO.ASM 259 : Found opcode in column 1. (RETURN)
Warning[203] C:\USERS\JUNIOR\DROPBOX\APLICADA2-PIC\SOFTWARE\RELOGIOTIMER0BOTAO\RELOGIOTIMER0BOTAO.ASM 263 : Found opcode in column 1. (MOVLW)
Warning[203] C:\USERS\JUNIOR\DROPBOX\APLICADA2-PIC\SOFTWARE\RELOGIOTIMER0BOTAO\RELOGIOTIMER0BOTAO.ASM 264 : Found opcode in column 1. (CALL)
Warning[203] C:\USERS\JUNIOR\DROPBOX\APLICADA2-PIC\SOFTWARE\RELOGIOTIMER0BOTAO\RELOGIOTIMER0BOTAO.ASM 265 : Found opcode in column 1. (MOVF)
Warning[203] C:\USERS\JUNIOR\DROPBOX\APLICADA2-PIC\SOFTWARE\RELOGIOTIMER0BOTAO\RELOGIOTIMER0BOTAO.ASM 266 : Found opcode in column 1. (CALL)
Warning[203] C:\USERS\JUNIOR\DROPBOX\APLICADA2-PIC\SOFTWARE\RELOGIOTIMER0BOTAO\RELOGIOTIMER0BOTAO.ASM 267 : Found opcode in column 1. (CALL)
Warning[203] C:\USERS\JUNIOR\DROPBOX\APLICADA2-PIC\SOFTWARE\RELOGIOTIMER0BOTAO\RELOGIOTIMER0BOTAO.ASM 268 : Found opcode in column 1. (RETURN)
Warning[203] C:\USERS\JUNIOR\DROPBOX\APLICADA2-PIC\SOFTWARE\RELOGIOTIMER0BOTAO\RELOGIOTIMER0BOTAO.ASM 272 : Found opcode in column 1. (MOVLW)
Warning[203] C:\USERS\JUNIOR\DROPBOX\APLICADA2-PIC\SOFTWARE\RELOGIOTIMER0BOTAO\RELOGIOTIMER0BOTAO.ASM 273 : Found opcode in column 1. (CALL)
Warning[203] C:\USERS\JUNIOR\DROPBOX\APLICADA2-PIC\SOFTWARE\RELOGIOTIMER0BOTAO\RELOGIOTIMER0BOTAO.ASM 274 : Found opcode in column 1. (MOVF)
Warning[203] C:\USERS\JUNIOR\DROPBOX\APLICADA2-PIC\SOFTWARE\RELOGIOTIMER0BOTAO\RELOGIOTIMER0BOTAO.ASM 275 : Found opcode in column 1. (CALL)
Warning[203] C:\USERS\JUNIOR\DROPBOX\APLICADA2-PIC\SOFTWARE\RELOGIOTIMER0BOTAO\RELOGIOTIMER0BOTAO.ASM 276 : Found opcode in column 1. (CALL)
Warning[203] C:\USERS\JUNIOR\DROPBOX\APLICADA2-PIC\SOFTWARE\RELOGIOTIMER0BOTAO\RELOGIOTIMER0BOTAO.ASM 277 : Found opcode in column 1. (RETURN)
Warning[203] C:\USERS\JUNIOR\DROPBOX\APLICADA2-PIC\SOFTWARE\RELOGIOTIMER0BOTAO\RELOGIOTIMER0BOTAO.ASM 281 : Found opcode in column 1. (MOVLW)
Warning[203] C:\USERS\JUNIOR\DROPBOX\APLICADA2-PIC\SOFTWARE\RELOGIOTIMER0BOTAO\RELOGIOTIMER0BOTAO.ASM 282 : Found opcode in column 1. (CALL)
Warning[203] C:\USERS\JUNIOR\DROPBOX\APLICADA2-PIC\SOFTWARE\RELOGIOTIMER0BOTAO\RELOGIOTIMER0BOTAO.ASM 283 : Found opcode in column 1. (MOVF)
Warning[203] C:\USERS\JUNIOR\DROPBOX\APLICADA2-PIC\SOFTWARE\RELOGIOTIMER0BOTAO\RELOGIOTIMER0BOTAO.ASM 284 : Found opcode in column 1. (CALL)
Warning[203] C:\USERS\JUNIOR\DROPBOX\APLICADA2-PIC\SOFTWARE\RELOGIOTIMER0BOTAO\RELOGIOTIMER0BOTAO.ASM 285 : Found opcode in column 1. (CALL)
Warning[203] C:\USERS\JUNIOR\DROPBOX\APLICADA2-PIC\SOFTWARE\RELOGIOTIMER0BOTAO\RELOGIOTIMER0BOTAO.ASM 286 : Found opcode in column 1. (RETURN)
Warning[203] C:\USERS\JUNIOR\DROPBOX\APLICADA2-PIC\SOFTWARE\RELOGIOTIMER0BOTAO\RELOGIOTIMER0BOTAO.ASM 290 : Found opcode in column 1. (MOVLW)
Warning[203] C:\USERS\JUNIOR\DROPBOX\APLICADA2-PIC\SOFTWARE\RELOGIOTIMER0BOTAO\RELOGIOTIMER0BOTAO.ASM 291 : Found opcode in column 1. (CALL)
Warning[203] C:\USERS\JUNIOR\DROPBOX\APLICADA2-PIC\SOFTWARE\RELOGIOTIMER0BOTAO\RELOGIOTIMER0BOTAO.ASM 292 : Found opcode in column 1. (MOVF)
Warning[203] C:\USERS\JUNIOR\DROPBOX\APLICADA2-PIC\SOFTWARE\RELOGIOTIMER0BOTAO\RELOGIOTIMER0BOTAO.ASM 293 : Found opcode in column 1. (CALL)
Warning[203] C:\USERS\JUNIOR\DROPBOX\APLICADA2-PIC\SOFTWARE\RELOGIOTIMER0BOTAO\RELOGIOTIMER0BOTAO.ASM 294 : Found opcode in column 1. (CALL)
Warning[203] C:\USERS\JUNIOR\DROPBOX\APLICADA2-PIC\SOFTWARE\RELOGIOTIMER0BOTAO\RELOGIOTIMER0BOTAO.ASM 295 : Found opcode in column 1. (RETURN)
Warning[203] C:\USERS\JUNIOR\DROPBOX\APLICADA2-PIC\SOFTWARE\RELOGIOTIMER0BOTAO\RELOGIOTIMER0BOTAO.ASM 299 : Found opcode in column 1. (MOVLW)
Warning[203] C:\USERS\JUNIOR\DROPBOX\APLICADA2-PIC\SOFTWARE\RELOGIOTIMER0BOTAO\RELOGIOTIMER0BOTAO.ASM 300 : Found opcode in column 1. (CALL)
Warning[203] C:\USERS\JUNIOR\DROPBOX\APLICADA2-PIC\SOFTWARE\RELOGIOTIMER0BOTAO\RELOGIOTIMER0BOTAO.ASM 301 : Found opcode in column 1. (MOVF)
Warning[203] C:\USERS\JUNIOR\DROPBOX\APLICADA2-PIC\SOFTWARE\RELOGIOTIMER0BOTAO\RELOGIOTIMER0BOTAO.ASM 302 : Found opcode in column 1. (CALL)
Warning[203] C:\USERS\JUNIOR\DROPBOX\APLICADA2-PIC\SOFTWARE\RELOGIOTIMER0BOTAO\RELOGIOTIMER0BOTAO.ASM 303 : Found opcode in column 1. (CALL)
Warning[203] C:\USERS\JUNIOR\DROPBOX\APLICADA2-PIC\SOFTWARE\RELOGIOTIMER0BOTAO\RELOGIOTIMER0BOTAO.ASM 304 : Found opcode in column 1. (RETURN)
Warning[203] C:\USERS\JUNIOR\DROPBOX\APLICADA2-PIC\SOFTWARE\RELOGIOTIMER0BOTAO\RELOGIOTIMER0BOTAO.ASM 309 : Found opcode in column 1. (CALL)
Warning[203] C:\USERS\JUNIOR\DROPBOX\APLICADA2-PIC\SOFTWARE\RELOGIOTIMER0BOTAO\RELOGIOTIMER0BOTAO.ASM 310 : Found opcode in column 1. (BTFSC)
Warning[203] C:\USERS\JUNIOR\DROPBOX\APLICADA2-PIC\SOFTWARE\RELOGIOTIMER0BOTAO\RELOGIOTIMER0BOTAO.ASM 311 : Found opcode in column 1. (RETURN)
Warning[203] C:\USERS\JUNIOR\DROPBOX\APLICADA2-PIC\SOFTWARE\RELOGIOTIMER0BOTAO\RELOGIOTIMER0BOTAO.ASM 312 : Found opcode in column 1. (MOVLW)
Warning[203] C:\USERS\JUNIOR\DROPBOX\APLICADA2-PIC\SOFTWARE\RELOGIOTIMER0BOTAO\RELOGIOTIMER0BOTAO.ASM 313 : Found opcode in column 1. (SUBWF)
Warning[203] C:\USERS\JUNIOR\DROPBOX\APLICADA2-PIC\SOFTWARE\RELOGIOTIMER0BOTAO\RELOGIOTIMER0BOTAO.ASM 314 : Found opcode in column 1. (BTFSS)
Warning[203] C:\USERS\JUNIOR\DROPBOX\APLICADA2-PIC\SOFTWARE\RELOGIOTIMER0BOTAO\RELOGIOTIMER0BOTAO.ASM 315 : Found opcode in column 1. (GOTO)
Warning[203] C:\USERS\JUNIOR\DROPBOX\APLICADA2-PIC\SOFTWARE\RELOGIOTIMER0BOTAO\RELOGIOTIMER0BOTAO.ASM 316 : Found opcode in column 1. (INCF)
Warning[203] C:\USERS\JUNIOR\DROPBOX\APLICADA2-PIC\SOFTWARE\RELOGIOTIMER0BOTAO\RELOGIOTIMER0BOTAO.ASM 317 : Found opcode in column 1. (RETURN)
Warning[203] C:\USERS\JUNIOR\DROPBOX\APLICADA2-PIC\SOFTWARE\RELOGIOTIMER0BOTAO\RELOGIOTIMER0BOTAO.ASM 320 : Found opcode in column 1. (INCF)
Warning[203] C:\USERS\JUNIOR\DROPBOX\APLICADA2-PIC\SOFTWARE\RELOGIOTIMER0BOTAO\RELOGIOTIMER0BOTAO.ASM 321 : Found opcode in column 1. (MOVLW)
Warning[203] C:\USERS\JUNIOR\DROPBOX\APLICADA2-PIC\SOFTWARE\RELOGIOTIMER0BOTAO\RELOGIOTIMER0BOTAO.ASM 322 : Found opcode in column 1. (SUBWF)
Warning[203] C:\USERS\JUNIOR\DROPBOX\APLICADA2-PIC\SOFTWARE\RELOGIOTIMER0BOTAO\RELOGIOTIMER0BOTAO.ASM 323 : Found opcode in column 1. (BTFSS)
Warning[203] C:\USERS\JUNIOR\DROPBOX\APLICADA2-PIC\SOFTWARE\RELOGIOTIMER0BOTAO\RELOGIOTIMER0BOTAO.ASM 324 : Found opcode in column 1. (RETURN)
Warning[203] C:\USERS\JUNIOR\DROPBOX\APLICADA2-PIC\SOFTWARE\RELOGIOTIMER0BOTAO\RELOGIOTIMER0BOTAO.ASM 325 : Found opcode in column 1. (CLRF)
Warning[203] C:\USERS\JUNIOR\DROPBOX\APLICADA2-PIC\SOFTWARE\RELOGIOTIMER0BOTAO\RELOGIOTIMER0BOTAO.ASM 326 : Found opcode in column 1. (RETURN)
Warning[203] C:\USERS\JUNIOR\DROPBOX\APLICADA2-PIC\SOFTWARE\RELOGIOTIMER0BOTAO\RELOGIOTIMER0BOTAO.ASM 329 : Found opcode in column 1. (CALL)
Warning[203] C:\USERS\JUNIOR\DROPBOX\APLICADA2-PIC\SOFTWARE\RELOGIOTIMER0BOTAO\RELOGIOTIMER0BOTAO.ASM 330 : Found opcode in column 1. (BTFSC)
Warning[203] C:\USERS\JUNIOR\DROPBOX\APLICADA2-PIC\SOFTWARE\RELOGIOTIMER0BOTAO\RELOGIOTIMER0BOTAO.ASM 331 : Found opcode in column 1. (RETURN)
Warning[203] C:\USERS\JUNIOR\DROPBOX\APLICADA2-PIC\SOFTWARE\RELOGIOTIMER0BOTAO\RELOGIOTIMER0BOTAO.ASM 333 : Found opcode in column 1. (MOVLW)
Warning[203] C:\USERS\JUNIOR\DROPBOX\APLICADA2-PIC\SOFTWARE\RELOGIOTIMER0BOTAO\RELOGIOTIMER0BOTAO.ASM 334 : Found opcode in column 1. (SUBWF)
Warning[203] C:\USERS\JUNIOR\DROPBOX\APLICADA2-PIC\SOFTWARE\RELOGIOTIMER0BOTAO\RELOGIOTIMER0BOTAO.ASM 335 : Found opcode in column 1. (BTFSS)
Warning[203] C:\USERS\JUNIOR\DROPBOX\APLICADA2-PIC\SOFTWARE\RELOGIOTIMER0BOTAO\RELOGIOTIMER0BOTAO.ASM 336 : Found opcode in column 1. (GOTO)
Warning[203] C:\USERS\JUNIOR\DROPBOX\APLICADA2-PIC\SOFTWARE\RELOGIOTIMER0BOTAO\RELOGIOTIMER0BOTAO.ASM 337 : Found opcode in column 1. (MOVLW)
Warning[203] C:\USERS\JUNIOR\DROPBOX\APLICADA2-PIC\SOFTWARE\RELOGIOTIMER0BOTAO\RELOGIOTIMER0BOTAO.ASM 338 : Found opcode in column 1. (SUBWF)
Warning[203] C:\USERS\JUNIOR\DROPBOX\APLICADA2-PIC\SOFTWARE\RELOGIOTIMER0BOTAO\RELOGIOTIMER0BOTAO.ASM 339 : Found opcode in column 1. (BTFSS)
Warning[203] C:\USERS\JUNIOR\DROPBOX\APLICADA2-PIC\SOFTWARE\RELOGIOTIMER0BOTAO\RELOGIOTIMER0BOTAO.ASM 340 : Found opcode in column 1. (GOTO)
Warning[203] C:\USERS\JUNIOR\DROPBOX\APLICADA2-PIC\SOFTWARE\RELOGIOTIMER0BOTAO\RELOGIOTIMER0BOTAO.ASM 341 : Found opcode in column 1. (CLRF)
Warning[203] C:\USERS\JUNIOR\DROPBOX\APLICADA2-PIC\SOFTWARE\RELOGIOTIMER0BOTAO\RELOGIOTIMER0BOTAO.ASM 342 : Found opcode in column 1. (RETURN)
Warning[203] C:\USERS\JUNIOR\DROPBOX\APLICADA2-PIC\SOFTWARE\RELOGIOTIMER0BOTAO\RELOGIOTIMER0BOTAO.ASM 345 : Found opcode in column 1. (INCF)
Warning[203] C:\USERS\JUNIOR\DROPBOX\APLICADA2-PIC\SOFTWARE\RELOGIOTIMER0BOTAO\RELOGIOTIMER0BOTAO.ASM 346 : Found opcode in column 1. (MOVLW)
Warning[203] C:\USERS\JUNIOR\DROPBOX\APLICADA2-PIC\SOFTWARE\RELOGIOTIMER0BOTAO\RELOGIOTIMER0BOTAO.ASM 347 : Found opcode in column 1. (SUBWF)
Warning[203] C:\USERS\JUNIOR\DROPBOX\APLICADA2-PIC\SOFTWARE\RELOGIOTIMER0BOTAO\RELOGIOTIMER0BOTAO.ASM 348 : Found opcode in column 1. (BTFSS)
Warning[203] C:\USERS\JUNIOR\DROPBOX\APLICADA2-PIC\SOFTWARE\RELOGIOTIMER0BOTAO\RELOGIOTIMER0BOTAO.ASM 349 : Found opcode in column 1. (RETURN)
Warning[203] C:\USERS\JUNIOR\DROPBOX\APLICADA2-PIC\SOFTWARE\RELOGIOTIMER0BOTAO\RELOGIOTIMER0BOTAO.ASM 350 : Found opcode in column 1. (CLRF)
Warning[203] C:\USERS\JUNIOR\DROPBOX\APLICADA2-PIC\SOFTWARE\RELOGIOTIMER0BOTAO\RELOGIOTIMER0BOTAO.ASM 351 : Found opcode in column 1. (RETURN)
Warning[203] C:\USERS\JUNIOR\DROPBOX\APLICADA2-PIC\SOFTWARE\RELOGIOTIMER0BOTAO\RELOGIOTIMER0BOTAO.ASM 354 : Found opcode in column 1. (CALL)
Warning[203] C:\USERS\JUNIOR\DROPBOX\APLICADA2-PIC\SOFTWARE\RELOGIOTIMER0BOTAO\RELOGIOTIMER0BOTAO.ASM 355 : Found opcode in column 1. (BTFSC)
Warning[203] C:\USERS\JUNIOR\DROPBOX\APLICADA2-PIC\SOFTWARE\RELOGIOTIMER0BOTAO\RELOGIOTIMER0BOTAO.ASM 356 : Found opcode in column 1. (RETURN)
Warning[203] C:\USERS\JUNIOR\DROPBOX\APLICADA2-PIC\SOFTWARE\RELOGIOTIMER0BOTAO\RELOGIOTIMER0BOTAO.ASM 357 : Found opcode in column 1. (INCF)
Warning[203] C:\USERS\JUNIOR\DROPBOX\APLICADA2-PIC\SOFTWARE\RELOGIOTIMER0BOTAO\RELOGIOTIMER0BOTAO.ASM 358 : Found opcode in column 1. (MOVLW)
Warning[203] C:\USERS\JUNIOR\DROPBOX\APLICADA2-PIC\SOFTWARE\RELOGIOTIMER0BOTAO\RELOGIOTIMER0BOTAO.ASM 359 : Found opcode in column 1. (SUBWF)
Warning[203] C:\USERS\JUNIOR\DROPBOX\APLICADA2-PIC\SOFTWARE\RELOGIOTIMER0BOTAO\RELOGIOTIMER0BOTAO.ASM 360 : Found opcode in column 1. (BTFSS)
Warning[203] C:\USERS\JUNIOR\DROPBOX\APLICADA2-PIC\SOFTWARE\RELOGIOTIMER0BOTAO\RELOGIOTIMER0BOTAO.ASM 361 : Found opcode in column 1. (RETURN)
Warning[203] C:\USERS\JUNIOR\DROPBOX\APLICADA2-PIC\SOFTWARE\RELOGIOTIMER0BOTAO\RELOGIOTIMER0BOTAO.ASM 362 : Found opcode in column 1. (CLRF)
Warning[203] C:\USERS\JUNIOR\DROPBOX\APLICADA2-PIC\SOFTWARE\RELOGIOTIMER0BOTAO\RELOGIOTIMER0BOTAO.ASM 363 : Found opcode in column 1. (RETURN)
Warning[203] C:\USERS\JUNIOR\DROPBOX\APLICADA2-PIC\SOFTWARE\RELOGIOTIMER0BOTAO\RELOGIOTIMER0BOTAO.ASM 366 : Found opcode in column 1. (CALL)
Warning[203] C:\USERS\JUNIOR\DROPBOX\APLICADA2-PIC\SOFTWARE\RELOGIOTIMER0BOTAO\RELOGIOTIMER0BOTAO.ASM 367 : Found opcode in column 1. (BTFSC)
Warning[203] C:\USERS\JUNIOR\DROPBOX\APLICADA2-PIC\SOFTWARE\RELOGIOTIMER0BOTAO\RELOGIOTIMER0BOTAO.ASM 368 : Found opcode in column 1. (RETURN)
Warning[203] C:\USERS\JUNIOR\DROPBOX\APLICADA2-PIC\SOFTWARE\RELOGIOTIMER0BOTAO\RELOGIOTIMER0BOTAO.ASM 369 : Found opcode in column 1. (INCF)
Warning[203] C:\USERS\JUNIOR\DROPBOX\APLICADA2-PIC\SOFTWARE\RELOGIOTIMER0BOTAO\RELOGIOTIMER0BOTAO.ASM 370 : Found opcode in column 1. (MOVLW)
Warning[203] C:\USERS\JUNIOR\DROPBOX\APLICADA2-PIC\SOFTWARE\RELOGIOTIMER0BOTAO\RELOGIOTIMER0BOTAO.ASM 371 : Found opcode in column 1. (SUBWF)
Warning[203] C:\USERS\JUNIOR\DROPBOX\APLICADA2-PIC\SOFTWARE\RELOGIOTIMER0BOTAO\RELOGIOTIMER0BOTAO.ASM 372 : Found opcode in column 1. (BTFSS)
Warning[203] C:\USERS\JUNIOR\DROPBOX\APLICADA2-PIC\SOFTWARE\RELOGIOTIMER0BOTAO\RELOGIOTIMER0BOTAO.ASM 373 : Found opcode in column 1. (RETURN)
Warning[203] C:\USERS\JUNIOR\DROPBOX\APLICADA2-PIC\SOFTWARE\RELOGIOTIMER0BOTAO\RELOGIOTIMER0BOTAO.ASM 374 : Found opcode in column 1. (CLRF)
Warning[203] C:\USERS\JUNIOR\DROPBOX\APLICADA2-PIC\SOFTWARE\RELOGIOTIMER0BOTAO\RELOGIOTIMER0BOTAO.ASM 375 : Found opcode in column 1. (RETURN)
Warning[203] C:\USERS\JUNIOR\DROPBOX\APLICADA2-PIC\SOFTWARE\RELOGIOTIMER0BOTAO\RELOGIOTIMER0BOTAO.ASM 427 : Found opcode in column 1. (CALL)
Warning[203] C:\USERS\JUNIOR\DROPBOX\APLICADA2-PIC\SOFTWARE\RELOGIOTIMER0BOTAO\RELOGIOTIMER0BOTAO.ASM 428 : Found opcode in column 1. (CALL)
Warning[203] C:\USERS\JUNIOR\DROPBOX\APLICADA2-PIC\SOFTWARE\RELOGIOTIMER0BOTAO\RELOGIOTIMER0BOTAO.ASM 429 : Found opcode in column 1. (CALL)
Warning[203] C:\USERS\JUNIOR\DROPBOX\APLICADA2-PIC\SOFTWARE\RELOGIOTIMER0BOTAO\RELOGIOTIMER0BOTAO.ASM 430 : Found opcode in column 1. (CALL)
Warning[203] C:\USERS\JUNIOR\DROPBOX\APLICADA2-PIC\SOFTWARE\RELOGIOTIMER0BOTAO\RELOGIOTIMER0BOTAO.ASM 431 : Found opcode in column 1. (CALL)
Warning[203] C:\USERS\JUNIOR\DROPBOX\APLICADA2-PIC\SOFTWARE\RELOGIOTIMER0BOTAO\RELOGIOTIMER0BOTAO.ASM 432 : Found opcode in column 1. (CALL)
Warning[203] C:\USERS\JUNIOR\DROPBOX\APLICADA2-PIC\SOFTWARE\RELOGIOTIMER0BOTAO\RELOGIOTIMER0BOTAO.ASM 433 : Found opcode in column 1. (MOVLW)
Warning[203] C:\USERS\JUNIOR\DROPBOX\APLICADA2-PIC\SOFTWARE\RELOGIOTIMER0BOTAO\RELOGIOTIMER0BOTAO.ASM 434 : Found opcode in column 1. (CALL)
Warning[203] C:\USERS\JUNIOR\DROPBOX\APLICADA2-PIC\SOFTWARE\RELOGIOTIMER0BOTAO\RELOGIOTIMER0BOTAO.ASM 435 : Found opcode in column 1. (MOVLW)
Warning[203] C:\USERS\JUNIOR\DROPBOX\APLICADA2-PIC\SOFTWARE\RELOGIOTIMER0BOTAO\RELOGIOTIMER0BOTAO.ASM 436 : Found opcode in column 1. (CALL)
Warning[203] C:\USERS\JUNIOR\DROPBOX\APLICADA2-PIC\SOFTWARE\RELOGIOTIMER0BOTAO\RELOGIOTIMER0BOTAO.ASM 437 : Found opcode in column 1. (MOVLW)
Warning[203] C:\USERS\JUNIOR\DROPBOX\APLICADA2-PIC\SOFTWARE\RELOGIOTIMER0BOTAO\RELOGIOTIMER0BOTAO.ASM 438 : Found opcode in column 1. (CALL)
Warning[203] C:\USERS\JUNIOR\DROPBOX\APLICADA2-PIC\SOFTWARE\RELOGIOTIMER0BOTAO\RELOGIOTIMER0BOTAO.ASM 439 : Found opcode in column 1. (MOVLW)
Warning[203] C:\USERS\JUNIOR\DROPBOX\APLICADA2-PIC\SOFTWARE\RELOGIOTIMER0BOTAO\RELOGIOTIMER0BOTAO.ASM 440 : Found opcode in column 1. (CALL)
Warning[203] C:\USERS\JUNIOR\DROPBOX\APLICADA2-PIC\SOFTWARE\RELOGIOTIMER0BOTAO\RELOGIOTIMER0BOTAO.ASM 463 : Found opcode in column 1. (GOTO)
Warning[205] C:\USERS\JUNIOR\DROPBOX\APLICADA2-PIC\SOFTWARE\RELOGIOTIMER0BOTAO\RELOGIOTIMER0BOTAO.ASM 464 : Found directive in column 1. (END)
